In file included from [01m[K/opt/ros/humble/include/rclcpp/rclcpp/logging.hpp:24[m[K,
                 from [01m[K/opt/ros/humble/include/rclcpp/rclcpp/client.hpp:40[m[K,
                 from [01m[K/opt/ros/humble/include/rclcpp/rclcpp/callback_group.hpp:23[m[K,
                 from [01m[K/opt/ros/humble/include/rclcpp/rclcpp/any_executable.hpp:20[m[K,
                 from [01m[K/opt/ros/humble/include/rclcpp/rclcpp/memory_strategy.hpp:25[m[K,
                 from [01m[K/opt/ros/humble/include/rclcpp/rclcpp/memory_strategies.hpp:18[m[K,
                 from [01m[K/opt/ros/humble/include/rclcpp/rclcpp/executor_options.hpp:20[m[K,
                 from [01m[K/opt/ros/humble/include/rclcpp/rclcpp/executor.hpp:37[m[K,
                 from [01m[K/opt/ros/humble/include/rclcpp/rclcpp/executors/multi_threaded_executor.hpp:25[m[K,
                 from [01m[K/opt/ros/humble/include/rclcpp/rclcpp/executors.hpp:21[m[K,
                 from [01m[K/opt/ros/humble/include/rclcpp/rclcpp/rclcpp.hpp:155[m[K,
                 from [01m[K/home/ros2/ws01_plumbing/src/cpp04_param/src/demo01_param_server.cpp:15[m[K:
[01m[K/home/ros2/ws01_plumbing/src/cpp04_param/src/demo01_param_server.cpp:[m[K In member function ‘[01m[Kvoid ParamServer::update_param()[m[K’:
[01m[K/home/ros2/ws01_plumbing/src/cpp04_param/src/demo01_param_server.cpp:54:78:[m[K [01;31m[Kerror: [m[Kcannot convert ‘[01m[Kdouble[m[K’ to ‘[01m[Kconst char*[m[K’
   54 |         RCLCPP_INFO(this->get_logger(),[01;31m[Kthis->get_parameter("width").as_double()[m[K);
      |                                        [01;31m[K~~~~~~~~~~~~~~~~~~~~~~~~~~~~~~~~~~~~~~^~[m[K
      |                                                                              [01;31m[K|[m[K
      |                                                                              [01;31m[Kdouble[m[K
In file included from [01m[K/opt/ros/humble/include/rmw/rmw/types.h:28[m[K,
                 from [01m[K/opt/ros/humble/include/rcl/rcl/types.h:20[m[K,
                 from [01m[K/opt/ros/humble/include/rcl/rcl/log_level.h:22[m[K,
                 from [01m[K/opt/ros/humble/include/rcl/rcl/arguments.h:21[m[K,
                 from [01m[K/opt/ros/humble/include/rcl/rcl/context.h:28[m[K,
                 from [01m[K/opt/ros/humble/include/rcl/rcl/guard_condition.h:26[m[K,
                 from [01m[K/opt/ros/humble/include/rclcpp/rclcpp/executor.hpp:30[m[K,
                 from [01m[K/opt/ros/humble/include/rclcpp/rclcpp/executors/multi_threaded_executor.hpp:25[m[K,
                 from [01m[K/opt/ros/humble/include/rclcpp/rclcpp/executors.hpp:21[m[K,
                 from [01m[K/opt/ros/humble/include/rclcpp/rclcpp/rclcpp.hpp:155[m[K,
                 from [01m[K/home/ros2/ws01_plumbing/src/cpp04_param/src/demo01_param_server.cpp:15[m[K:
[01m[K/opt/ros/humble/include/rcutils/rcutils/logging.h:479:16:[m[K [01;36m[Knote: [m[K  initializing argument 4 of ‘[01m[Kvoid rcutils_log(const rcutils_log_location_t*, int, const char*, const char*, ...)[m[K’
  479 |   [01;36m[Kconst char * format[m[K,
      |   [01;36m[K~~~~~~~~~~~~~^~~~~~[m[K
gmake[2]: *** [CMakeFiles/demo01_param_server.dir/build.make:76：CMakeFiles/demo01_param_server.dir/src/demo01_param_server.cpp.o] 错误 1
gmake[1]: *** [CMakeFiles/Makefile2:167：CMakeFiles/demo01_param_server.dir/all] 错误 2
gmake: *** [Makefile:146：all] 错误 2
