[0.300s] Invoking command in '/home/ros2/ws01_plumbing/build/cpp01_topic': CMAKE_PREFIX_PATH=/home/ros2/ws01_plumbing/install/base_interfaces_demo:/home/ros2/ws01_plumbing/install/cpp01_topic:/home/ros2/ws01_plumbing/install/py01_topic:/opt/ros/humble /usr/bin/cmake --build /home/ros2/ws01_plumbing/build/cpp01_topic -- -j4 -l4
[0.591s] [35m[1mConsolidate compiler generated dependencies of target demo03_talker_stu[0m
[0.591s] [35m[1mConsolidate compiler generated dependencies of target demo04_listener_stu[0m
[0.653s] [ 25%] Built target demo02_listener_str
[0.660s] [ 50%] Built target demo01_talker_str
[0.685s] [ 75%] Built target demo04_listener_stu
[0.714s] [ 87%] [32mBuilding CXX object CMakeFiles/demo03_talker_stu.dir/src/demo03_talker_stu.cpp.o[0m
[18.889s] [100%] [32m[1mLinking CXX executable demo03_talker_stu[0m
[19.768s] [100%] Built target demo03_talker_stu
[19.834s] Invoked command in '/home/ros2/ws01_plumbing/build/cpp01_topic' returned '0': CMAKE_PREFIX_PATH=/home/ros2/ws01_plumbing/install/base_interfaces_demo:/home/ros2/ws01_plumbing/install/cpp01_topic:/home/ros2/ws01_plumbing/install/py01_topic:/opt/ros/humble /usr/bin/cmake --build /home/ros2/ws01_plumbing/build/cpp01_topic -- -j4 -l4
[20.094s] Invoking command in '/home/ros2/ws01_plumbing/build/cpp01_topic': CMAKE_PREFIX_PATH=/home/ros2/ws01_plumbing/install/base_interfaces_demo:/home/ros2/ws01_plumbing/install/cpp01_topic:/home/ros2/ws01_plumbing/install/py01_topic:/opt/ros/humble /usr/bin/cmake --install /home/ros2/ws01_plumbing/build/cpp01_topic
[20.121s] -- Install configuration: ""
[20.123s] -- Up-to-date: /home/ros2/ws01_plumbing/install/cpp01_topic/lib/cpp01_topic/demo01_talker_str
[20.123s] -- Up-to-date: /home/ros2/ws01_plumbing/install/cpp01_topic/lib/cpp01_topic/demo02_listener_str
[20.127s] -- Installing: /home/ros2/ws01_plumbing/install/cpp01_topic/lib/cpp01_topic/demo03_talker_stu
[20.129s] -- Set runtime path of "/home/ros2/ws01_plumbing/install/cpp01_topic/lib/cpp01_topic/demo03_talker_stu" to ""
[20.129s] -- Up-to-date: /home/ros2/ws01_plumbing/install/cpp01_topic/lib/cpp01_topic/demo04_listener_stu
[20.133s] -- Up-to-date: /home/ros2/ws01_plumbing/install/cpp01_topic/share/ament_index/resource_index/package_run_dependencies/cpp01_topic
[20.133s] -- Up-to-date: /home/ros2/ws01_plumbing/install/cpp01_topic/share/ament_index/resource_index/parent_prefix_path/cpp01_topic
[20.133s] -- Up-to-date: /home/ros2/ws01_plumbing/install/cpp01_topic/share/cpp01_topic/environment/ament_prefix_path.sh
[20.134s] -- Up-to-date: /home/ros2/ws01_plumbing/install/cpp01_topic/share/cpp01_topic/environment/ament_prefix_path.dsv
[20.135s] -- Up-to-date: /home/ros2/ws01_plumbing/install/cpp01_topic/share/cpp01_topic/environment/path.sh
[20.135s] -- Up-to-date: /home/ros2/ws01_plumbing/install/cpp01_topic/share/cpp01_topic/environment/path.dsv
[20.136s] -- Up-to-date: /home/ros2/ws01_plumbing/install/cpp01_topic/share/cpp01_topic/local_setup.bash
[20.136s] -- Up-to-date: /home/ros2/ws01_plumbing/install/cpp01_topic/share/cpp01_topic/local_setup.sh
[20.136s] -- Up-to-date: /home/ros2/ws01_plumbing/install/cpp01_topic/share/cpp01_topic/local_setup.zsh
[20.137s] -- Up-to-date: /home/ros2/ws01_plumbing/install/cpp01_topic/share/cpp01_topic/local_setup.dsv
[20.138s] -- Installing: /home/ros2/ws01_plumbing/install/cpp01_topic/share/cpp01_topic/package.dsv
[20.139s] -- Up-to-date: /home/ros2/ws01_plumbing/install/cpp01_topic/share/ament_index/resource_index/packages/cpp01_topic
[20.139s] -- Up-to-date: /home/ros2/ws01_plumbing/install/cpp01_topic/share/cpp01_topic/cmake/cpp01_topicConfig.cmake
[20.139s] -- Up-to-date: /home/ros2/ws01_plumbing/install/cpp01_topic/share/cpp01_topic/cmake/cpp01_topicConfig-version.cmake
[20.140s] -- Up-to-date: /home/ros2/ws01_plumbing/install/cpp01_topic/share/cpp01_topic/package.xml
[20.163s] Invoked command in '/home/ros2/ws01_plumbing/build/cpp01_topic' returned '0': CMAKE_PREFIX_PATH=/home/ros2/ws01_plumbing/install/base_interfaces_demo:/home/ros2/ws01_plumbing/install/cpp01_topic:/home/ros2/ws01_plumbing/install/py01_topic:/opt/ros/humble /usr/bin/cmake --install /home/ros2/ws01_plumbing/build/cpp01_topic
