[0.039s] Invoking command in '/home/ros2/ws01_plumbing/build/xixi': CMAKE_PREFIX_PATH=/home/ros2/ws01_plumbing/install/haha:/home/ros2/ws01_plumbing/install/xixi:/home/ros2/ws01_plumbing/install/cpp02_service:/home/ros2/ws01_plumbing/install/cpp01_topic:/home/ros2/ws01_plumbing/install/base_interfaces_demo:/home/ros2/ws01_plumbing/install/py02_service:/home/ros2/ws01_plumbing/install/py01_topic:/opt/ros/humble /usr/bin/cmake --build /home/ros2/ws01_plumbing/build/xixi -- -j4 -l4
[0.091s] [35m[1mConsolidate compiler generated dependencies of target demo01_action_server[0m
[0.121s] [ 50%] [32mBuilding CXX object CMakeFiles/demo01_action_server.dir/src/demo01_action_server.cpp.o[0m
[6.532s] [01m[K/home/ros2/ws01_plumbing/src/xixi/src/demo01_action_server.cpp:[m[K In member function ‘[01m[Kvoid MinimalActionServer::handle_accepted(std::shared_ptr<rclcpp_action::ServerGoalHandle<haha::action::Progress> >)[m[K’:
[6.532s] [01m[K/home/ros2/ws01_plumbing/src/xixi/src/demo01_action_server.cpp:99:66:[m[K [01;35m[Kwarning: [m[Kunused parameter ‘[01m[Kgoal_handle[m[K’ [[01;35m[K]8;;https://gcc.gnu.org/onlinedocs/gcc/Warning-Options.html#index-Wunused-parameter-Wunused-parameter]8;;[m[K]
[6.532s]    99 |   void handle_accepted([01;35m[Kconst std::shared_ptr<GoalHandleProgress> goal_handle[m[K)
[6.532s]       |                        [01;35m[K~~~~~~~~~~~~~~~~~~~~~~~~~~~~~~~~~~~~~~~~~~^~~~~~~~~~~[m[K
[10.085s] [100%] [32m[1mLinking CXX executable demo01_action_server[0m
[10.540s] [100%] Built target demo01_action_server
[10.577s] Invoked command in '/home/ros2/ws01_plumbing/build/xixi' returned '0': CMAKE_PREFIX_PATH=/home/ros2/ws01_plumbing/install/haha:/home/ros2/ws01_plumbing/install/xixi:/home/ros2/ws01_plumbing/install/cpp02_service:/home/ros2/ws01_plumbing/install/cpp01_topic:/home/ros2/ws01_plumbing/install/base_interfaces_demo:/home/ros2/ws01_plumbing/install/py02_service:/home/ros2/ws01_plumbing/install/py01_topic:/opt/ros/humble /usr/bin/cmake --build /home/ros2/ws01_plumbing/build/xixi -- -j4 -l4
[10.728s] Invoking command in '/home/ros2/ws01_plumbing/build/xixi': CMAKE_PREFIX_PATH=/home/ros2/ws01_plumbing/install/haha:/home/ros2/ws01_plumbing/install/xixi:/home/ros2/ws01_plumbing/install/cpp02_service:/home/ros2/ws01_plumbing/install/cpp01_topic:/home/ros2/ws01_plumbing/install/base_interfaces_demo:/home/ros2/ws01_plumbing/install/py02_service:/home/ros2/ws01_plumbing/install/py01_topic:/opt/ros/humble /usr/bin/cmake --install /home/ros2/ws01_plumbing/build/xixi
[10.753s] -- Install configuration: ""
[10.754s] -- Installing: /home/ros2/ws01_plumbing/install/xixi/lib/xixi/demo01_action_server
[10.757s] -- Set runtime path of "/home/ros2/ws01_plumbing/install/xixi/lib/xixi/demo01_action_server" to ""
[10.757s] -- Up-to-date: /home/ros2/ws01_plumbing/install/xixi/share/ament_index/resource_index/package_run_dependencies/xixi
[10.758s] -- Up-to-date: /home/ros2/ws01_plumbing/install/xixi/share/ament_index/resource_index/parent_prefix_path/xixi
[10.758s] -- Up-to-date: /home/ros2/ws01_plumbing/install/xixi/share/xixi/environment/ament_prefix_path.sh
[10.760s] -- Up-to-date: /home/ros2/ws01_plumbing/install/xixi/share/xixi/environment/ament_prefix_path.dsv
[10.763s] -- Up-to-date: /home/ros2/ws01_plumbing/install/xixi/share/xixi/environment/path.sh
[10.768s] -- Up-to-date: /home/ros2/ws01_plumbing/install/xixi/share/xixi/environment/path.dsv
[10.769s] -- Up-to-date: /home/ros2/ws01_plumbing/install/xixi/share/xixi/local_setup.bash
[10.769s] -- Up-to-date: /home/ros2/ws01_plumbing/install/xixi/share/xixi/local_setup.sh
[10.770s] -- Up-to-date: /home/ros2/ws01_plumbing/install/xixi/share/xixi/local_setup.zsh
[10.770s] -- Up-to-date: /home/ros2/ws01_plumbing/install/xixi/share/xixi/local_setup.dsv
[10.770s] -- Installing: /home/ros2/ws01_plumbing/install/xixi/share/xixi/package.dsv
[10.771s] -- Up-to-date: /home/ros2/ws01_plumbing/install/xixi/share/ament_index/resource_index/packages/xixi
[10.771s] -- Up-to-date: /home/ros2/ws01_plumbing/install/xixi/share/xixi/cmake/xixiConfig.cmake
[10.772s] -- Up-to-date: /home/ros2/ws01_plumbing/install/xixi/share/xixi/cmake/xixiConfig-version.cmake
[10.772s] -- Up-to-date: /home/ros2/ws01_plumbing/install/xixi/share/xixi/package.xml
[10.786s] Invoked command in '/home/ros2/ws01_plumbing/build/xixi' returned '0': CMAKE_PREFIX_PATH=/home/ros2/ws01_plumbing/install/haha:/home/ros2/ws01_plumbing/install/xixi:/home/ros2/ws01_plumbing/install/cpp02_service:/home/ros2/ws01_plumbing/install/cpp01_topic:/home/ros2/ws01_plumbing/install/base_interfaces_demo:/home/ros2/ws01_plumbing/install/py02_service:/home/ros2/ws01_plumbing/install/py01_topic:/opt/ros/humble /usr/bin/cmake --install /home/ros2/ws01_plumbing/build/xixi
