[7.866s] DEBUG:colcon:Command line arguments: ['/usr/bin/colcon', 'build', '--packages-select', 'haha']
[7.866s] DEBUG:colcon:Parsed command line arguments: Namespace(log_base=None, log_level=None, verb_name='build', build_base='build', install_base='install', merge_install=False, symlink_install=False, test_result_base=None, continue_on_error=False, executor='parallel', parallel_workers=4, event_handlers=None, ignore_user_meta=False, metas=['./colcon.meta'], base_paths=['.'], packages_ignore=None, packages_ignore_regex=None, paths=None, packages_up_to=None, packages_up_to_regex=None, packages_above=None, packages_above_and_dependencies=None, packages_above_depth=None, packages_select_by_dep=None, packages_skip_by_dep=None, packages_skip_up_to=None, packages_select_build_failed=False, packages_skip_build_finished=False, packages_select_test_failures=False, packages_skip_test_passed=False, packages_select=['haha'], packages_skip=None, packages_select_regex=None, packages_skip_regex=None, packages_start=None, packages_end=None, allow_overriding=[], cmake_args=None, cmake_target=None, cmake_target_skip_unavailable=False, cmake_clean_cache=False, cmake_clean_first=False, cmake_force_configure=False, ament_cmake_args=None, catkin_cmake_args=None, catkin_skip_building_tests=False, verb_parser=<colcon_defaults.argument_parser.defaults.DefaultArgumentsDecorator object at 0x7fad4b78cbe0>, verb_extension=<colcon_core.verb.build.BuildVerb object at 0x7fad4c130a00>, main=<bound method BuildVerb.main of <colcon_core.verb.build.BuildVerb object at 0x7fad4c130a00>>)
[8.791s] Level 1:colcon.colcon_core.package_discovery:discover_packages(colcon_meta) check parameters
[8.791s] Level 1:colcon.colcon_core.package_discovery:discover_packages(recursive) check parameters
[8.792s] Level 1:colcon.colcon_core.package_discovery:discover_packages(ignore) check parameters
[8.792s] Level 1:colcon.colcon_core.package_discovery:discover_packages(path) check parameters
[8.792s] Level 1:colcon.colcon_core.package_discovery:discover_packages(colcon_meta) discover
[8.792s] Level 1:colcon.colcon_core.package_discovery:discover_packages(recursive) discover
[8.792s] INFO:colcon.colcon_core.package_discovery:Crawling recursively for packages in '/home/ros2/ws01_plumbing'
[8.792s] Level 1:colcon.colcon_core.package_identification:_identify(.) by extensions ['ignore', 'ignore_ament_install']
[8.793s] Level 1:colcon.colcon_core.package_identification:_identify(.) by extension 'ignore'
[8.793s] Level 1:colcon.colcon_core.package_identification:_identify(.) by extension 'ignore_ament_install'
[8.793s] Level 1:colcon.colcon_core.package_identification:_identify(.) by extensions ['colcon_pkg']
[8.793s] Level 1:colcon.colcon_core.package_identification:_identify(.) by extension 'colcon_pkg'
[8.793s] Level 1:colcon.colcon_core.package_identification:_identify(.) by extensions ['colcon_meta']
[8.793s] Level 1:colcon.colcon_core.package_identification:_identify(.) by extension 'colcon_meta'
[8.793s] Level 1:colcon.colcon_core.package_identification:_identify(.) by extensions ['ros']
[8.794s] Level 1:colcon.colcon_core.package_identification:_identify(.) by extension 'ros'
[8.902s] Level 1:colcon.colcon_core.package_identification:_identify(.) by extensions ['cmake', 'python']
[8.902s] Level 1:colcon.colcon_core.package_identification:_identify(.) by extension 'cmake'
[8.903s] Level 1:colcon.colcon_core.package_identification:_identify(.) by extension 'python'
[8.903s] Level 1:colcon.colcon_core.package_identification:_identify(.) by extensions ['python_setup_py']
[8.903s] Level 1:colcon.colcon_core.package_identification:_identify(.) by extension 'python_setup_py'
[8.903s] Level 1:colcon.colcon_core.package_identification:_identify(build) by extensions ['ignore', 'ignore_ament_install']
[8.904s] Level 1:colcon.colcon_core.package_identification:_identify(build) by extension 'ignore'
[8.904s] Level 1:colcon.colcon_core.package_identification:_identify(build) ignored
[8.904s] Level 1:colcon.colcon_core.package_identification:_identify(install) by extensions ['ignore', 'ignore_ament_install']
[8.904s] Level 1:colcon.colcon_core.package_identification:_identify(install) by extension 'ignore'
[8.904s] Level 1:colcon.colcon_core.package_identification:_identify(install) ignored
[8.905s] Level 1:colcon.colcon_core.package_identification:_identify(log) by extensions ['ignore', 'ignore_ament_install']
[8.905s] Level 1:colcon.colcon_core.package_identification:_identify(log) by extension 'ignore'
[8.905s] Level 1:colcon.colcon_core.package_identification:_identify(log) ignored
[8.906s] Level 1:colcon.colcon_core.package_identification:_identify(src) by extensions ['ignore', 'ignore_ament_install']
[8.906s] Level 1:colcon.colcon_core.package_identification:_identify(src) by extension 'ignore'
[8.906s] Level 1:colcon.colcon_core.package_identification:_identify(src) by extension 'ignore_ament_install'
[8.906s] Level 1:colcon.colcon_core.package_identification:_identify(src) by extensions ['colcon_pkg']
[8.907s] Level 1:colcon.colcon_core.package_identification:_identify(src) by extension 'colcon_pkg'
[8.907s] Level 1:colcon.colcon_core.package_identification:_identify(src) by extensions ['colcon_meta']
[8.907s] Level 1:colcon.colcon_core.package_identification:_identify(src) by extension 'colcon_meta'
[8.907s] Level 1:colcon.colcon_core.package_identification:_identify(src) by extensions ['ros']
[8.908s] Level 1:colcon.colcon_core.package_identification:_identify(src) by extension 'ros'
[8.908s] Level 1:colcon.colcon_core.package_identification:_identify(src) by extensions ['cmake', 'python']
[8.908s] Level 1:colcon.colcon_core.package_identification:_identify(src) by extension 'cmake'
[8.908s] Level 1:colcon.colcon_core.package_identification:_identify(src) by extension 'python'
[8.908s] Level 1:colcon.colcon_core.package_identification:_identify(src) by extensions ['python_setup_py']
[8.908s] Level 1:colcon.colcon_core.package_identification:_identify(src) by extension 'python_setup_py'
[8.908s] Level 1:colcon.colcon_core.package_identification:_identify(src/base_interfaces_demo) by extensions ['ignore', 'ignore_ament_install']
[8.909s] Level 1:colcon.colcon_core.package_identification:_identify(src/base_interfaces_demo) by extension 'ignore'
[8.909s] Level 1:colcon.colcon_core.package_identification:_identify(src/base_interfaces_demo) by extension 'ignore_ament_install'
[8.909s] Level 1:colcon.colcon_core.package_identification:_identify(src/base_interfaces_demo) by extensions ['colcon_pkg']
[8.909s] Level 1:colcon.colcon_core.package_identification:_identify(src/base_interfaces_demo) by extension 'colcon_pkg'
[8.909s] Level 1:colcon.colcon_core.package_identification:_identify(src/base_interfaces_demo) by extensions ['colcon_meta']
[8.909s] Level 1:colcon.colcon_core.package_identification:_identify(src/base_interfaces_demo) by extension 'colcon_meta'
[8.909s] Level 1:colcon.colcon_core.package_identification:_identify(src/base_interfaces_demo) by extensions ['ros']
[8.910s] Level 1:colcon.colcon_core.package_identification:_identify(src/base_interfaces_demo) by extension 'ros'
[8.966s] DEBUG:colcon.colcon_core.package_identification:Package 'src/base_interfaces_demo' with type 'ros.ament_cmake' and name 'base_interfaces_demo'
[8.966s] Level 1:colcon.colcon_core.package_identification:_identify(src/cpp01_topic) by extensions ['ignore', 'ignore_ament_install']
[8.992s] Level 1:colcon.colcon_core.package_identification:_identify(src/cpp01_topic) by extension 'ignore'
[8.993s] Level 1:colcon.colcon_core.package_identification:_identify(src/cpp01_topic) by extension 'ignore_ament_install'
[8.993s] Level 1:colcon.colcon_core.package_identification:_identify(src/cpp01_topic) by extensions ['colcon_pkg']
[8.993s] Level 1:colcon.colcon_core.package_identification:_identify(src/cpp01_topic) by extension 'colcon_pkg'
[8.993s] Level 1:colcon.colcon_core.package_identification:_identify(src/cpp01_topic) by extensions ['colcon_meta']
[8.993s] Level 1:colcon.colcon_core.package_identification:_identify(src/cpp01_topic) by extension 'colcon_meta'
[8.993s] Level 1:colcon.colcon_core.package_identification:_identify(src/cpp01_topic) by extensions ['ros']
[8.994s] Level 1:colcon.colcon_core.package_identification:_identify(src/cpp01_topic) by extension 'ros'
[9.013s] DEBUG:colcon.colcon_core.package_identification:Package 'src/cpp01_topic' with type 'ros.ament_cmake' and name 'cpp01_topic'
[9.014s] Level 1:colcon.colcon_core.package_identification:_identify(src/cpp02_service) by extensions ['ignore', 'ignore_ament_install']
[9.014s] Level 1:colcon.colcon_core.package_identification:_identify(src/cpp02_service) by extension 'ignore'
[9.014s] Level 1:colcon.colcon_core.package_identification:_identify(src/cpp02_service) by extension 'ignore_ament_install'
[9.015s] Level 1:colcon.colcon_core.package_identification:_identify(src/cpp02_service) by extensions ['colcon_pkg']
[9.015s] Level 1:colcon.colcon_core.package_identification:_identify(src/cpp02_service) by extension 'colcon_pkg'
[9.016s] Level 1:colcon.colcon_core.package_identification:_identify(src/cpp02_service) by extensions ['colcon_meta']
[9.016s] Level 1:colcon.colcon_core.package_identification:_identify(src/cpp02_service) by extension 'colcon_meta'
[9.016s] Level 1:colcon.colcon_core.package_identification:_identify(src/cpp02_service) by extensions ['ros']
[9.016s] Level 1:colcon.colcon_core.package_identification:_identify(src/cpp02_service) by extension 'ros'
[9.032s] DEBUG:colcon.colcon_core.package_identification:Package 'src/cpp02_service' with type 'ros.ament_cmake' and name 'cpp02_service'
[9.032s] Level 1:colcon.colcon_core.package_identification:_identify(src/haha) by extensions ['ignore', 'ignore_ament_install']
[9.033s] Level 1:colcon.colcon_core.package_identification:_identify(src/haha) by extension 'ignore'
[9.033s] Level 1:colcon.colcon_core.package_identification:_identify(src/haha) by extension 'ignore_ament_install'
[9.033s] Level 1:colcon.colcon_core.package_identification:_identify(src/haha) by extensions ['colcon_pkg']
[9.033s] Level 1:colcon.colcon_core.package_identification:_identify(src/haha) by extension 'colcon_pkg'
[9.033s] Level 1:colcon.colcon_core.package_identification:_identify(src/haha) by extensions ['colcon_meta']
[9.034s] Level 1:colcon.colcon_core.package_identification:_identify(src/haha) by extension 'colcon_meta'
[9.034s] Level 1:colcon.colcon_core.package_identification:_identify(src/haha) by extensions ['ros']
[9.034s] Level 1:colcon.colcon_core.package_identification:_identify(src/haha) by extension 'ros'
[9.036s] DEBUG:colcon.colcon_core.package_identification:Package 'src/haha' with type 'ros.ament_cmake' and name 'haha'
[9.036s] Level 1:colcon.colcon_core.package_identification:_identify(src/py01_topic) by extensions ['ignore', 'ignore_ament_install']
[9.036s] Level 1:colcon.colcon_core.package_identification:_identify(src/py01_topic) by extension 'ignore'
[9.036s] Level 1:colcon.colcon_core.package_identification:_identify(src/py01_topic) by extension 'ignore_ament_install'
[9.037s] Level 1:colcon.colcon_core.package_identification:_identify(src/py01_topic) by extensions ['colcon_pkg']
[9.037s] Level 1:colcon.colcon_core.package_identification:_identify(src/py01_topic) by extension 'colcon_pkg'
[9.037s] Level 1:colcon.colcon_core.package_identification:_identify(src/py01_topic) by extensions ['colcon_meta']
[9.037s] Level 1:colcon.colcon_core.package_identification:_identify(src/py01_topic) by extension 'colcon_meta'
[9.037s] Level 1:colcon.colcon_core.package_identification:_identify(src/py01_topic) by extensions ['ros']
[9.037s] Level 1:colcon.colcon_core.package_identification:_identify(src/py01_topic) by extension 'ros'
[9.041s] DEBUG:colcon.colcon_core.package_identification:Package 'src/py01_topic' with type 'ros.ament_python' and name 'py01_topic'
[9.042s] Level 1:colcon.colcon_core.package_identification:_identify(src/py02_service) by extensions ['ignore', 'ignore_ament_install']
[9.042s] Level 1:colcon.colcon_core.package_identification:_identify(src/py02_service) by extension 'ignore'
[9.042s] Level 1:colcon.colcon_core.package_identification:_identify(src/py02_service) by extension 'ignore_ament_install'
[9.042s] Level 1:colcon.colcon_core.package_identification:_identify(src/py02_service) by extensions ['colcon_pkg']
[9.042s] Level 1:colcon.colcon_core.package_identification:_identify(src/py02_service) by extension 'colcon_pkg'
[9.043s] Level 1:colcon.colcon_core.package_identification:_identify(src/py02_service) by extensions ['colcon_meta']
[9.043s] Level 1:colcon.colcon_core.package_identification:_identify(src/py02_service) by extension 'colcon_meta'
[9.043s] Level 1:colcon.colcon_core.package_identification:_identify(src/py02_service) by extensions ['ros']
[9.043s] Level 1:colcon.colcon_core.package_identification:_identify(src/py02_service) by extension 'ros'
[9.047s] DEBUG:colcon.colcon_core.package_identification:Package 'src/py02_service' with type 'ros.ament_python' and name 'py02_service'
[9.047s] Level 1:colcon.colcon_core.package_discovery:discover_packages(recursive) using defaults
[9.048s] Level 1:colcon.colcon_core.package_discovery:discover_packages(ignore) discover
[9.048s] Level 1:colcon.colcon_core.package_discovery:discover_packages(ignore) using defaults
[9.048s] Level 1:colcon.colcon_core.package_discovery:discover_packages(path) discover
[9.048s] Level 1:colcon.colcon_core.package_discovery:discover_packages(path) using defaults
[9.550s] INFO:colcon.colcon_core.package_selection:Skipping not selected package 'base_interfaces_demo' in 'src/base_interfaces_demo'
[9.550s] INFO:colcon.colcon_core.package_selection:Skipping not selected package 'py02_service' in 'src/py02_service'
[9.552s] INFO:colcon.colcon_core.package_selection:Skipping not selected package 'cpp01_topic' in 'src/cpp01_topic'
[9.553s] INFO:colcon.colcon_core.package_selection:Skipping not selected package 'cpp02_service' in 'src/cpp02_service'
[9.553s] INFO:colcon.colcon_core.package_selection:Skipping not selected package 'py01_topic' in 'src/py01_topic'
[9.580s] Level 1:colcon.colcon_core.package_discovery:discover_packages(prefix_path) check parameters
[9.580s] Level 1:colcon.colcon_core.package_discovery:discover_packages(prefix_path) discover
[9.666s] DEBUG:colcon.colcon_installed_package_information.package_discovery:Found 277 installed packages in /opt/ros/humble
[9.669s] Level 1:colcon.colcon_core.package_discovery:discover_packages(prefix_path) using defaults
[11.556s] Level 5:colcon.colcon_core.verb:set package 'haha' build argument 'cmake_args' from command line to 'None'
[11.557s] Level 5:colcon.colcon_core.verb:set package 'haha' build argument 'cmake_target' from command line to 'None'
[11.557s] Level 5:colcon.colcon_core.verb:set package 'haha' build argument 'cmake_target_skip_unavailable' from command line to 'False'
[11.557s] Level 5:colcon.colcon_core.verb:set package 'haha' build argument 'cmake_clean_cache' from command line to 'False'
[11.557s] Level 5:colcon.colcon_core.verb:set package 'haha' build argument 'cmake_clean_first' from command line to 'False'
[11.557s] Level 5:colcon.colcon_core.verb:set package 'haha' build argument 'cmake_force_configure' from command line to 'False'
[11.557s] Level 5:colcon.colcon_core.verb:set package 'haha' build argument 'ament_cmake_args' from command line to 'None'
[11.557s] Level 5:colcon.colcon_core.verb:set package 'haha' build argument 'catkin_cmake_args' from command line to 'None'
[11.557s] Level 5:colcon.colcon_core.verb:set package 'haha' build argument 'catkin_skip_building_tests' from command line to 'False'
[11.557s] DEBUG:colcon.colcon_core.verb:Building package 'haha' with the following arguments: {'ament_cmake_args': None, 'build_base': '/home/ros2/ws01_plumbing/build/haha', 'catkin_cmake_args': None, 'catkin_skip_building_tests': False, 'cmake_args': None, 'cmake_clean_cache': False, 'cmake_clean_first': False, 'cmake_force_configure': False, 'cmake_target': None, 'cmake_target_skip_unavailable': False, 'install_base': '/home/ros2/ws01_plumbing/install/haha', 'merge_install': False, 'path': '/home/ros2/ws01_plumbing/src/haha', 'symlink_install': False, 'test_result_base': None}
[11.558s] INFO:colcon.colcon_core.executor:Executing jobs using 'parallel' executor
[11.562s] DEBUG:colcon.colcon_parallel_executor.executor.parallel:run_until_complete
[11.562s] INFO:colcon.colcon_ros.task.ament_cmake.build:Building ROS package in '/home/ros2/ws01_plumbing/src/haha' with build type 'ament_cmake'
[11.563s] INFO:colcon.colcon_cmake.task.cmake.build:Building CMake package in '/home/ros2/ws01_plumbing/src/haha'
[11.893s] INFO:colcon.colcon_core.plugin_system:Skipping extension 'colcon_core.shell.bat': Not used on non-Windows systems
[11.893s] INFO:colcon.colcon_core.shell:Skip shell extension 'powershell' for command environment: Not usable outside of PowerShell
[11.893s] DEBUG:colcon.colcon_core.shell:Skip shell extension 'dsv' for command environment
[11.977s] DEBUG:colcon.colcon_core.event_handler.log_command:Invoking command in '/home/ros2/ws01_plumbing/build/haha': CMAKE_PREFIX_PATH=/opt/ros/humble /usr/bin/cmake --build /home/ros2/ws01_plumbing/build/haha -- -j4 -l4
[21.600s] DEBUG:colcon.colcon_core.event_handler.log_command:Invoked command in '/home/ros2/ws01_plumbing/build/haha' returned '2': CMAKE_PREFIX_PATH=/opt/ros/humble /usr/bin/cmake --build /home/ros2/ws01_plumbing/build/haha -- -j4 -l4
[21.930s] Level 1:colcon.colcon_core.environment:create_environment_scripts_only(haha)
[22.358s] Level 1:colcon.colcon_core.environment:checking '/home/ros2/ws01_plumbing/install/haha' for CMake module files
[22.360s] Level 1:colcon.colcon_core.environment:checking '/home/ros2/ws01_plumbing/install/haha' for CMake config files
[22.361s] Level 1:colcon.colcon_core.shell:create_environment_hook('haha', 'cmake_prefix_path')
[22.364s] INFO:colcon.colcon_core.shell:Creating environment hook '/home/ros2/ws01_plumbing/install/haha/share/haha/hook/cmake_prefix_path.ps1'
[22.385s] INFO:colcon.colcon_core.shell:Creating environment descriptor '/home/ros2/ws01_plumbing/install/haha/share/haha/hook/cmake_prefix_path.dsv'
[22.397s] INFO:colcon.colcon_core.shell:Creating environment hook '/home/ros2/ws01_plumbing/install/haha/share/haha/hook/cmake_prefix_path.sh'
[22.403s] Level 1:colcon.colcon_core.environment:checking '/home/ros2/ws01_plumbing/install/haha/lib'
[22.403s] Level 1:colcon.colcon_core.shell:create_environment_hook('haha', 'ld_library_path_lib')
[22.406s] INFO:colcon.colcon_core.shell:Creating environment hook '/home/ros2/ws01_plumbing/install/haha/share/haha/hook/ld_library_path_lib.ps1'
[22.408s] INFO:colcon.colcon_core.shell:Creating environment descriptor '/home/ros2/ws01_plumbing/install/haha/share/haha/hook/ld_library_path_lib.dsv'
[22.409s] INFO:colcon.colcon_core.shell:Creating environment hook '/home/ros2/ws01_plumbing/install/haha/share/haha/hook/ld_library_path_lib.sh'
[22.411s] Level 1:colcon.colcon_core.environment:checking '/home/ros2/ws01_plumbing/install/haha/bin'
[22.411s] Level 1:colcon.colcon_core.environment:checking '/home/ros2/ws01_plumbing/install/haha/lib/pkgconfig/haha.pc'
[22.412s] Level 1:colcon.colcon_core.environment:checking '/home/ros2/ws01_plumbing/install/haha/lib/python3.10/site-packages'
[22.412s] Level 1:colcon.colcon_core.environment:checking '/home/ros2/ws01_plumbing/install/haha/bin'
[22.417s] INFO:colcon.colcon_core.shell:Creating package script '/home/ros2/ws01_plumbing/install/haha/share/haha/package.ps1'
[22.421s] INFO:colcon.colcon_core.shell:Creating package descriptor '/home/ros2/ws01_plumbing/install/haha/share/haha/package.dsv'
[22.425s] INFO:colcon.colcon_core.shell:Creating package script '/home/ros2/ws01_plumbing/install/haha/share/haha/package.sh'
[22.432s] INFO:colcon.colcon_core.shell:Creating package script '/home/ros2/ws01_plumbing/install/haha/share/haha/package.bash'
[22.461s] INFO:colcon.colcon_core.shell:Creating package script '/home/ros2/ws01_plumbing/install/haha/share/haha/package.zsh'
[22.475s] Level 1:colcon.colcon_core.environment:create_file_with_runtime_dependencies(/home/ros2/ws01_plumbing/install/haha/share/colcon-core/packages/haha)
[22.478s] DEBUG:colcon.colcon_parallel_executor.executor.parallel:closing loop
[22.478s] DEBUG:colcon.colcon_parallel_executor.executor.parallel:loop closed
[22.478s] DEBUG:colcon.colcon_parallel_executor.executor.parallel:run_until_complete finished with '2'
[22.478s] DEBUG:colcon.colcon_core.event_reactor:joining thread
[22.651s] INFO:colcon.colcon_core.plugin_system:Skipping extension 'colcon_notification.desktop_notification.terminal_notifier': Not used on non-Darwin systems
[22.652s] INFO:colcon.colcon_core.plugin_system:Skipping extension 'colcon_notification.desktop_notification.win32': Not used on non-Windows systems
[22.652s] INFO:colcon.colcon_notification.desktop_notification:Sending desktop notification using 'notify2'
[22.932s] DEBUG:colcon.colcon_core.event_reactor:joined thread
[22.936s] INFO:colcon.colcon_core.shell:Creating prefix script '/home/ros2/ws01_plumbing/install/local_setup.ps1'
[22.946s] INFO:colcon.colcon_core.shell:Creating prefix util module '/home/ros2/ws01_plumbing/install/_local_setup_util_ps1.py'
[22.959s] INFO:colcon.colcon_core.shell:Creating prefix chain script '/home/ros2/ws01_plumbing/install/setup.ps1'
[22.973s] INFO:colcon.colcon_core.shell:Creating prefix script '/home/ros2/ws01_plumbing/install/local_setup.sh'
[23.009s] INFO:colcon.colcon_core.shell:Creating prefix util module '/home/ros2/ws01_plumbing/install/_local_setup_util_sh.py'
[23.010s] INFO:colcon.colcon_core.shell:Creating prefix chain script '/home/ros2/ws01_plumbing/install/setup.sh'
[23.030s] INFO:colcon.colcon_core.shell:Creating prefix script '/home/ros2/ws01_plumbing/install/local_setup.bash'
[23.033s] INFO:colcon.colcon_core.shell:Creating prefix chain script '/home/ros2/ws01_plumbing/install/setup.bash'
[23.040s] INFO:colcon.colcon_core.shell:Creating prefix script '/home/ros2/ws01_plumbing/install/local_setup.zsh'
[23.053s] INFO:colcon.colcon_core.shell:Creating prefix chain script '/home/ros2/ws01_plumbing/install/setup.zsh'
