[0.071s] Invoking command in '/home/ros2/ws01_plumbing/build/cpp02_service': CMAKE_PREFIX_PATH=/home/ros2/ws01_plumbing/install/base_interfaces_demo:/home/ros2/ws01_plumbing/install/cpp02_service:/home/ros2/ws01_plumbing/install/cpp01_topic:/home/ros2/ws01_plumbing/install/py01_topic:/opt/ros/humble /usr/bin/cmake --build /home/ros2/ws01_plumbing/build/cpp02_service -- -j4 -l4
[0.254s] [35m[1mConsolidate compiler generated dependencies of target demo01_server[0m
[0.313s] [ 50%] [32mBuilding CXX object CMakeFiles/demo01_server.dir/src/demo01_server.cpp.o[0m
[9.123s] [100%] [32m[1mLinking CXX executable demo01_server[0m
[9.481s] [100%] Built target demo01_server
[9.509s] Invoked command in '/home/ros2/ws01_plumbing/build/cpp02_service' returned '0': CMAKE_PREFIX_PATH=/home/ros2/ws01_plumbing/install/base_interfaces_demo:/home/ros2/ws01_plumbing/install/cpp02_service:/home/ros2/ws01_plumbing/install/cpp01_topic:/home/ros2/ws01_plumbing/install/py01_topic:/opt/ros/humble /usr/bin/cmake --build /home/ros2/ws01_plumbing/build/cpp02_service -- -j4 -l4
[9.647s] Invoking command in '/home/ros2/ws01_plumbing/build/cpp02_service': CMAKE_PREFIX_PATH=/home/ros2/ws01_plumbing/install/base_interfaces_demo:/home/ros2/ws01_plumbing/install/cpp02_service:/home/ros2/ws01_plumbing/install/cpp01_topic:/home/ros2/ws01_plumbing/install/py01_topic:/opt/ros/humble /usr/bin/cmake --install /home/ros2/ws01_plumbing/build/cpp02_service
[9.665s] -- Install configuration: ""
[9.667s] -- Installing: /home/ros2/ws01_plumbing/install/cpp02_service/lib/cpp02_service/demo01_server
[9.668s] -- Set runtime path of "/home/ros2/ws01_plumbing/install/cpp02_service/lib/cpp02_service/demo01_server" to ""
[9.669s] -- Up-to-date: /home/ros2/ws01_plumbing/install/cpp02_service/share/ament_index/resource_index/package_run_dependencies/cpp02_service
[9.672s] -- Up-to-date: /home/ros2/ws01_plumbing/install/cpp02_service/share/ament_index/resource_index/parent_prefix_path/cpp02_service
[9.673s] -- Up-to-date: /home/ros2/ws01_plumbing/install/cpp02_service/share/cpp02_service/environment/ament_prefix_path.sh
[9.674s] -- Up-to-date: /home/ros2/ws01_plumbing/install/cpp02_service/share/cpp02_service/environment/ament_prefix_path.dsv
[9.675s] -- Up-to-date: /home/ros2/ws01_plumbing/install/cpp02_service/share/cpp02_service/environment/path.sh
[9.675s] -- Up-to-date: /home/ros2/ws01_plumbing/install/cpp02_service/share/cpp02_service/environment/path.dsv
[9.675s] -- Up-to-date: /home/ros2/ws01_plumbing/install/cpp02_service/share/cpp02_service/local_setup.bash
[9.676s] -- Up-to-date: /home/ros2/ws01_plumbing/install/cpp02_service/share/cpp02_service/local_setup.sh
[9.677s] -- Up-to-date: /home/ros2/ws01_plumbing/install/cpp02_service/share/cpp02_service/local_setup.zsh
[9.679s] -- Up-to-date: /home/ros2/ws01_plumbing/install/cpp02_service/share/cpp02_service/local_setup.dsv
[9.683s] -- Installing: /home/ros2/ws01_plumbing/install/cpp02_service/share/cpp02_service/package.dsv
[9.689s] -- Up-to-date: /home/ros2/ws01_plumbing/install/cpp02_service/share/ament_index/resource_index/packages/cpp02_service
[9.690s] -- Up-to-date: /home/ros2/ws01_plumbing/install/cpp02_service/share/cpp02_service/cmake/cpp02_serviceConfig.cmake
[9.691s] -- Up-to-date: /home/ros2/ws01_plumbing/install/cpp02_service/share/cpp02_service/cmake/cpp02_serviceConfig-version.cmake
[9.692s] -- Up-to-date: /home/ros2/ws01_plumbing/install/cpp02_service/share/cpp02_service/package.xml
[9.692s] Invoked command in '/home/ros2/ws01_plumbing/build/cpp02_service' returned '0': CMAKE_PREFIX_PATH=/home/ros2/ws01_plumbing/install/base_interfaces_demo:/home/ros2/ws01_plumbing/install/cpp02_service:/home/ros2/ws01_plumbing/install/cpp01_topic:/home/ros2/ws01_plumbing/install/py01_topic:/opt/ros/humble /usr/bin/cmake --install /home/ros2/ws01_plumbing/build/cpp02_service
