[0.072s] Invoking command in '/home/ros2/ws01_plumbing/build/cpp06_time': CMAKE_PREFIX_PATH=${CMAKE_PREFIX_PATH}:/home/ros2/ws01_plumbing/install/py06_time:/home/ros2/ws01_plumbing/install/py05_names:/home/ros2/ws01_plumbing/install/py04_param:/home/ros2/ws01_plumbing/install/py03_action:/home/ros2/ws01_plumbing/install/py02_service:/home/ros2/ws01_plumbing/install/py01_topic:/opt/ros/humble /usr/bin/cmake --build /home/ros2/ws01_plumbing/build/cpp06_time -- -j4 -l4
[0.236s] [35m[1mConsolidate compiler generated dependencies of target demo01_time[0m
[0.300s] [ 50%] [32mBuilding CXX object CMakeFiles/demo01_time.dir/src/demo01_time.cpp.o[0m
[12.882s] [100%] [32m[1mLinking CXX executable demo01_time[0m
[13.505s] [100%] Built target demo01_time
[13.545s] Invoked command in '/home/ros2/ws01_plumbing/build/cpp06_time' returned '0': CMAKE_PREFIX_PATH=${CMAKE_PREFIX_PATH}:/home/ros2/ws01_plumbing/install/py06_time:/home/ros2/ws01_plumbing/install/py05_names:/home/ros2/ws01_plumbing/install/py04_param:/home/ros2/ws01_plumbing/install/py03_action:/home/ros2/ws01_plumbing/install/py02_service:/home/ros2/ws01_plumbing/install/py01_topic:/opt/ros/humble /usr/bin/cmake --build /home/ros2/ws01_plumbing/build/cpp06_time -- -j4 -l4
[13.744s] Invoking command in '/home/ros2/ws01_plumbing/build/cpp06_time': CMAKE_PREFIX_PATH=${CMAKE_PREFIX_PATH}:/home/ros2/ws01_plumbing/install/py06_time:/home/ros2/ws01_plumbing/install/py05_names:/home/ros2/ws01_plumbing/install/py04_param:/home/ros2/ws01_plumbing/install/py03_action:/home/ros2/ws01_plumbing/install/py02_service:/home/ros2/ws01_plumbing/install/py01_topic:/opt/ros/humble /usr/bin/cmake --install /home/ros2/ws01_plumbing/build/cpp06_time
[13.766s] -- Install configuration: ""
[13.768s] -- Installing: /home/ros2/ws01_plumbing/install/cpp06_time/lib/cpp06_time/demo01_time
[13.770s] -- Set runtime path of "/home/ros2/ws01_plumbing/install/cpp06_time/lib/cpp06_time/demo01_time" to ""
[13.774s] -- Up-to-date: /home/ros2/ws01_plumbing/install/cpp06_time/share/ament_index/resource_index/package_run_dependencies/cpp06_time
[13.776s] -- Up-to-date: /home/ros2/ws01_plumbing/install/cpp06_time/share/ament_index/resource_index/parent_prefix_path/cpp06_time
[13.776s] -- Up-to-date: /home/ros2/ws01_plumbing/install/cpp06_time/share/cpp06_time/environment/ament_prefix_path.sh
[13.777s] -- Up-to-date: /home/ros2/ws01_plumbing/install/cpp06_time/share/cpp06_time/environment/ament_prefix_path.dsv
[13.778s] -- Up-to-date: /home/ros2/ws01_plumbing/install/cpp06_time/share/cpp06_time/environment/path.sh
[13.778s] -- Up-to-date: /home/ros2/ws01_plumbing/install/cpp06_time/share/cpp06_time/environment/path.dsv
[13.779s] -- Up-to-date: /home/ros2/ws01_plumbing/install/cpp06_time/share/cpp06_time/local_setup.bash
[13.780s] -- Up-to-date: /home/ros2/ws01_plumbing/install/cpp06_time/share/cpp06_time/local_setup.sh
[13.780s] -- Up-to-date: /home/ros2/ws01_plumbing/install/cpp06_time/share/cpp06_time/local_setup.zsh
[13.780s] -- Up-to-date: /home/ros2/ws01_plumbing/install/cpp06_time/share/cpp06_time/local_setup.dsv
[13.780s] -- Installing: /home/ros2/ws01_plumbing/install/cpp06_time/share/cpp06_time/package.dsv
[13.780s] -- Up-to-date: /home/ros2/ws01_plumbing/install/cpp06_time/share/ament_index/resource_index/packages/cpp06_time
[13.780s] -- Up-to-date: /home/ros2/ws01_plumbing/install/cpp06_time/share/cpp06_time/cmake/cpp06_timeConfig.cmake
[13.780s] -- Up-to-date: /home/ros2/ws01_plumbing/install/cpp06_time/share/cpp06_time/cmake/cpp06_timeConfig-version.cmake
[13.781s] -- Up-to-date: /home/ros2/ws01_plumbing/install/cpp06_time/share/cpp06_time/package.xml
[13.792s] Invoked command in '/home/ros2/ws01_plumbing/build/cpp06_time' returned '0': CMAKE_PREFIX_PATH=${CMAKE_PREFIX_PATH}:/home/ros2/ws01_plumbing/install/py06_time:/home/ros2/ws01_plumbing/install/py05_names:/home/ros2/ws01_plumbing/install/py04_param:/home/ros2/ws01_plumbing/install/py03_action:/home/ros2/ws01_plumbing/install/py02_service:/home/ros2/ws01_plumbing/install/py01_topic:/opt/ros/humble /usr/bin/cmake --install /home/ros2/ws01_plumbing/build/cpp06_time
