[1.001s] DEBUG:colcon:Command line arguments: ['/usr/bin/colcon', 'build', '--packages-select', 'py01_topic']
[1.001s] DEBUG:colcon:Parsed command line arguments: Namespace(log_base=None, log_level=None, verb_name='build', build_base='build', install_base='install', merge_install=False, symlink_install=False, test_result_base=None, continue_on_error=False, executor='parallel', parallel_workers=4, event_handlers=None, ignore_user_meta=False, metas=['./colcon.meta'], base_paths=['.'], packages_ignore=None, packages_ignore_regex=None, paths=None, packages_up_to=None, packages_up_to_regex=None, packages_above=None, packages_above_and_dependencies=None, packages_above_depth=None, packages_select_by_dep=None, packages_skip_by_dep=None, packages_skip_up_to=None, packages_select_build_failed=False, packages_skip_build_finished=False, packages_select_test_failures=False, packages_skip_test_passed=False, packages_select=['py01_topic'], packages_skip=None, packages_select_regex=None, packages_skip_regex=None, packages_start=None, packages_end=None, allow_overriding=[], cmake_args=None, cmake_target=None, cmake_target_skip_unavailable=False, cmake_clean_cache=False, cmake_clean_first=False, cmake_force_configure=False, ament_cmake_args=None, catkin_cmake_args=None, catkin_skip_building_tests=False, verb_parser=<colcon_defaults.argument_parser.defaults.DefaultArgumentsDecorator object at 0x7f7d05aa4df0>, verb_extension=<colcon_core.verb.build.BuildVerb object at 0x7f7d06449ba0>, main=<bound method BuildVerb.main of <colcon_core.verb.build.BuildVerb object at 0x7f7d06449ba0>>)
[1.097s] Level 1:colcon.colcon_core.package_discovery:discover_packages(colcon_meta) check parameters
[1.097s] Level 1:colcon.colcon_core.package_discovery:discover_packages(recursive) check parameters
[1.097s] Level 1:colcon.colcon_core.package_discovery:discover_packages(ignore) check parameters
[1.098s] Level 1:colcon.colcon_core.package_discovery:discover_packages(path) check parameters
[1.098s] Level 1:colcon.colcon_core.package_discovery:discover_packages(colcon_meta) discover
[1.098s] Level 1:colcon.colcon_core.package_discovery:discover_packages(recursive) discover
[1.099s] INFO:colcon.colcon_core.package_discovery:Crawling recursively for packages in '/home/ros2/ws01_plumbing'
[1.099s] Level 1:colcon.colcon_core.package_identification:_identify(.) by extensions ['ignore', 'ignore_ament_install']
[1.099s] Level 1:colcon.colcon_core.package_identification:_identify(.) by extension 'ignore'
[1.100s] Level 1:colcon.colcon_core.package_identification:_identify(.) by extension 'ignore_ament_install'
[1.100s] Level 1:colcon.colcon_core.package_identification:_identify(.) by extensions ['colcon_pkg']
[1.100s] Level 1:colcon.colcon_core.package_identification:_identify(.) by extension 'colcon_pkg'
[1.101s] Level 1:colcon.colcon_core.package_identification:_identify(.) by extensions ['colcon_meta']
[1.101s] Level 1:colcon.colcon_core.package_identification:_identify(.) by extension 'colcon_meta'
[1.101s] Level 1:colcon.colcon_core.package_identification:_identify(.) by extensions ['ros']
[1.101s] Level 1:colcon.colcon_core.package_identification:_identify(.) by extension 'ros'
[1.157s] Level 1:colcon.colcon_core.package_identification:_identify(.) by extensions ['cmake', 'python']
[1.157s] Level 1:colcon.colcon_core.package_identification:_identify(.) by extension 'cmake'
[1.157s] Level 1:colcon.colcon_core.package_identification:_identify(.) by extension 'python'
[1.157s] Level 1:colcon.colcon_core.package_identification:_identify(.) by extensions ['python_setup_py']
[1.157s] Level 1:colcon.colcon_core.package_identification:_identify(.) by extension 'python_setup_py'
[1.158s] Level 1:colcon.colcon_core.package_identification:_identify(build) by extensions ['ignore', 'ignore_ament_install']
[1.159s] Level 1:colcon.colcon_core.package_identification:_identify(build) by extension 'ignore'
[1.160s] Level 1:colcon.colcon_core.package_identification:_identify(build) ignored
[1.163s] Level 1:colcon.colcon_core.package_identification:_identify(install) by extensions ['ignore', 'ignore_ament_install']
[1.163s] Level 1:colcon.colcon_core.package_identification:_identify(install) by extension 'ignore'
[1.163s] Level 1:colcon.colcon_core.package_identification:_identify(install) ignored
[1.163s] Level 1:colcon.colcon_core.package_identification:_identify(log) by extensions ['ignore', 'ignore_ament_install']
[1.164s] Level 1:colcon.colcon_core.package_identification:_identify(log) by extension 'ignore'
[1.164s] Level 1:colcon.colcon_core.package_identification:_identify(log) ignored
[1.164s] Level 1:colcon.colcon_core.package_identification:_identify(src) by extensions ['ignore', 'ignore_ament_install']
[1.164s] Level 1:colcon.colcon_core.package_identification:_identify(src) by extension 'ignore'
[1.165s] Level 1:colcon.colcon_core.package_identification:_identify(src) by extension 'ignore_ament_install'
[1.165s] Level 1:colcon.colcon_core.package_identification:_identify(src) by extensions ['colcon_pkg']
[1.165s] Level 1:colcon.colcon_core.package_identification:_identify(src) by extension 'colcon_pkg'
[1.165s] Level 1:colcon.colcon_core.package_identification:_identify(src) by extensions ['colcon_meta']
[1.165s] Level 1:colcon.colcon_core.package_identification:_identify(src) by extension 'colcon_meta'
[1.165s] Level 1:colcon.colcon_core.package_identification:_identify(src) by extensions ['ros']
[1.165s] Level 1:colcon.colcon_core.package_identification:_identify(src) by extension 'ros'
[1.167s] Level 1:colcon.colcon_core.package_identification:_identify(src) by extensions ['cmake', 'python']
[1.167s] Level 1:colcon.colcon_core.package_identification:_identify(src) by extension 'cmake'
[1.168s] Level 1:colcon.colcon_core.package_identification:_identify(src) by extension 'python'
[1.168s] Level 1:colcon.colcon_core.package_identification:_identify(src) by extensions ['python_setup_py']
[1.168s] Level 1:colcon.colcon_core.package_identification:_identify(src) by extension 'python_setup_py'
[1.168s] Level 1:colcon.colcon_core.package_identification:_identify(src/base_interfaces_demo) by extensions ['ignore', 'ignore_ament_install']
[1.169s] Level 1:colcon.colcon_core.package_identification:_identify(src/base_interfaces_demo) by extension 'ignore'
[1.169s] Level 1:colcon.colcon_core.package_identification:_identify(src/base_interfaces_demo) by extension 'ignore_ament_install'
[1.169s] Level 1:colcon.colcon_core.package_identification:_identify(src/base_interfaces_demo) by extensions ['colcon_pkg']
[1.169s] Level 1:colcon.colcon_core.package_identification:_identify(src/base_interfaces_demo) by extension 'colcon_pkg'
[1.169s] Level 1:colcon.colcon_core.package_identification:_identify(src/base_interfaces_demo) by extensions ['colcon_meta']
[1.169s] Level 1:colcon.colcon_core.package_identification:_identify(src/base_interfaces_demo) by extension 'colcon_meta'
[1.169s] Level 1:colcon.colcon_core.package_identification:_identify(src/base_interfaces_demo) by extensions ['ros']
[1.170s] Level 1:colcon.colcon_core.package_identification:_identify(src/base_interfaces_demo) by extension 'ros'
[1.179s] DEBUG:colcon.colcon_core.package_identification:Package 'src/base_interfaces_demo' with type 'ros.ament_cmake' and name 'base_interfaces_demo'
[1.179s] Level 1:colcon.colcon_core.package_identification:_identify(src/cpp01_topic) by extensions ['ignore', 'ignore_ament_install']
[1.180s] Level 1:colcon.colcon_core.package_identification:_identify(src/cpp01_topic) by extension 'ignore'
[1.180s] Level 1:colcon.colcon_core.package_identification:_identify(src/cpp01_topic) by extension 'ignore_ament_install'
[1.180s] Level 1:colcon.colcon_core.package_identification:_identify(src/cpp01_topic) by extensions ['colcon_pkg']
[1.180s] Level 1:colcon.colcon_core.package_identification:_identify(src/cpp01_topic) by extension 'colcon_pkg'
[1.180s] Level 1:colcon.colcon_core.package_identification:_identify(src/cpp01_topic) by extensions ['colcon_meta']
[1.180s] Level 1:colcon.colcon_core.package_identification:_identify(src/cpp01_topic) by extension 'colcon_meta'
[1.181s] Level 1:colcon.colcon_core.package_identification:_identify(src/cpp01_topic) by extensions ['ros']
[1.181s] Level 1:colcon.colcon_core.package_identification:_identify(src/cpp01_topic) by extension 'ros'
[1.224s] DEBUG:colcon.colcon_core.package_identification:Package 'src/cpp01_topic' with type 'ros.ament_cmake' and name 'cpp01_topic'
[1.225s] Level 1:colcon.colcon_core.package_identification:_identify(src/py01_topic) by extensions ['ignore', 'ignore_ament_install']
[1.225s] Level 1:colcon.colcon_core.package_identification:_identify(src/py01_topic) by extension 'ignore'
[1.225s] Level 1:colcon.colcon_core.package_identification:_identify(src/py01_topic) by extension 'ignore_ament_install'
[1.225s] Level 1:colcon.colcon_core.package_identification:_identify(src/py01_topic) by extensions ['colcon_pkg']
[1.225s] Level 1:colcon.colcon_core.package_identification:_identify(src/py01_topic) by extension 'colcon_pkg'
[1.226s] Level 1:colcon.colcon_core.package_identification:_identify(src/py01_topic) by extensions ['colcon_meta']
[1.227s] Level 1:colcon.colcon_core.package_identification:_identify(src/py01_topic) by extension 'colcon_meta'
[1.227s] Level 1:colcon.colcon_core.package_identification:_identify(src/py01_topic) by extensions ['ros']
[1.227s] Level 1:colcon.colcon_core.package_identification:_identify(src/py01_topic) by extension 'ros'
[1.229s] DEBUG:colcon.colcon_core.package_identification:Package 'src/py01_topic' with type 'ros.ament_python' and name 'py01_topic'
[1.229s] Level 1:colcon.colcon_core.package_discovery:discover_packages(recursive) using defaults
[1.231s] Level 1:colcon.colcon_core.package_discovery:discover_packages(ignore) discover
[1.231s] Level 1:colcon.colcon_core.package_discovery:discover_packages(ignore) using defaults
[1.231s] Level 1:colcon.colcon_core.package_discovery:discover_packages(path) discover
[1.231s] Level 1:colcon.colcon_core.package_discovery:discover_packages(path) using defaults
[1.322s] INFO:colcon.colcon_core.package_selection:Skipping not selected package 'base_interfaces_demo' in 'src/base_interfaces_demo'
[1.323s] INFO:colcon.colcon_core.package_selection:Skipping not selected package 'cpp01_topic' in 'src/cpp01_topic'
[1.327s] Level 1:colcon.colcon_core.package_discovery:discover_packages(prefix_path) check parameters
[1.327s] Level 1:colcon.colcon_core.package_discovery:discover_packages(prefix_path) discover
[1.339s] DEBUG:colcon.colcon_installed_package_information.package_discovery:Found 277 installed packages in /opt/ros/humble
[1.343s] Level 1:colcon.colcon_core.package_discovery:discover_packages(prefix_path) using defaults
[1.581s] Level 5:colcon.colcon_core.verb:set package 'py01_topic' build argument 'cmake_args' from command line to 'None'
[1.581s] Level 5:colcon.colcon_core.verb:set package 'py01_topic' build argument 'cmake_target' from command line to 'None'
[1.581s] Level 5:colcon.colcon_core.verb:set package 'py01_topic' build argument 'cmake_target_skip_unavailable' from command line to 'False'
[1.581s] Level 5:colcon.colcon_core.verb:set package 'py01_topic' build argument 'cmake_clean_cache' from command line to 'False'
[1.581s] Level 5:colcon.colcon_core.verb:set package 'py01_topic' build argument 'cmake_clean_first' from command line to 'False'
[1.581s] Level 5:colcon.colcon_core.verb:set package 'py01_topic' build argument 'cmake_force_configure' from command line to 'False'
[1.581s] Level 5:colcon.colcon_core.verb:set package 'py01_topic' build argument 'ament_cmake_args' from command line to 'None'
[1.581s] Level 5:colcon.colcon_core.verb:set package 'py01_topic' build argument 'catkin_cmake_args' from command line to 'None'
[1.581s] Level 5:colcon.colcon_core.verb:set package 'py01_topic' build argument 'catkin_skip_building_tests' from command line to 'False'
[1.582s] DEBUG:colcon.colcon_core.verb:Building package 'py01_topic' with the following arguments: {'ament_cmake_args': None, 'build_base': '/home/ros2/ws01_plumbing/build/py01_topic', 'catkin_cmake_args': None, 'catkin_skip_building_tests': False, 'cmake_args': None, 'cmake_clean_cache': False, 'cmake_clean_first': False, 'cmake_force_configure': False, 'cmake_target': None, 'cmake_target_skip_unavailable': False, 'install_base': '/home/ros2/ws01_plumbing/install/py01_topic', 'merge_install': False, 'path': '/home/ros2/ws01_plumbing/src/py01_topic', 'symlink_install': False, 'test_result_base': None}
[1.584s] INFO:colcon.colcon_core.executor:Executing jobs using 'parallel' executor
[1.596s] DEBUG:colcon.colcon_parallel_executor.executor.parallel:run_until_complete
[1.596s] INFO:colcon.colcon_ros.task.ament_python.build:Building ROS package in '/home/ros2/ws01_plumbing/src/py01_topic' with build type 'ament_python'
[1.597s] Level 1:colcon.colcon_core.shell:create_environment_hook('py01_topic', 'ament_prefix_path')
[1.613s] INFO:colcon.colcon_core.plugin_system:Skipping extension 'colcon_core.shell.bat': Not used on non-Windows systems
[1.615s] INFO:colcon.colcon_core.shell:Creating environment hook '/home/ros2/ws01_plumbing/install/py01_topic/share/py01_topic/hook/ament_prefix_path.ps1'
[1.617s] INFO:colcon.colcon_core.shell:Creating environment descriptor '/home/ros2/ws01_plumbing/install/py01_topic/share/py01_topic/hook/ament_prefix_path.dsv'
[1.619s] INFO:colcon.colcon_core.shell:Creating environment hook '/home/ros2/ws01_plumbing/install/py01_topic/share/py01_topic/hook/ament_prefix_path.sh'
[1.628s] INFO:colcon.colcon_core.shell:Skip shell extension 'powershell' for command environment: Not usable outside of PowerShell
[1.628s] DEBUG:colcon.colcon_core.shell:Skip shell extension 'dsv' for command environment
[2.723s] INFO:colcon.colcon_core.task.python.build:Building Python package in '/home/ros2/ws01_plumbing/src/py01_topic'
[2.735s] INFO:colcon.colcon_core.shell:Skip shell extension 'powershell' for command environment: Not usable outside of PowerShell
[2.735s] DEBUG:colcon.colcon_core.shell:Skip shell extension 'dsv' for command environment
[3.965s] DEBUG:colcon.colcon_core.event_handler.log_command:Invoking command in '/home/ros2/ws01_plumbing/src/py01_topic': AMENT_PREFIX_PATH=/home/ros2/ws01_plumbing/install/base_interfaces_demo:${AMENT_PREFIX_PATH} CMAKE_PREFIX_PATH=/home/ros2/ws01_plumbing/install/base_interfaces_demo PYTHONPATH=/home/ros2/ws01_plumbing/install/py01_topic/lib/python3.10/site-packages:${PYTHONPATH} /usr/bin/python3 setup.py egg_info --egg-base ../../build/py01_topic build --build-base /home/ros2/ws01_plumbing/build/py01_topic/build install --prefix /home/ros2/ws01_plumbing/install/py01_topic --record /home/ros2/ws01_plumbing/build/py01_topic/install.log --single-version-externally-managed
[5.095s] DEBUG:colcon.colcon_core.event_handler.log_command:Invoked command in '/home/ros2/ws01_plumbing/src/py01_topic' returned '0': AMENT_PREFIX_PATH=/home/ros2/ws01_plumbing/install/base_interfaces_demo:${AMENT_PREFIX_PATH} CMAKE_PREFIX_PATH=/home/ros2/ws01_plumbing/install/base_interfaces_demo PYTHONPATH=/home/ros2/ws01_plumbing/install/py01_topic/lib/python3.10/site-packages:${PYTHONPATH} /usr/bin/python3 setup.py egg_info --egg-base ../../build/py01_topic build --build-base /home/ros2/ws01_plumbing/build/py01_topic/build install --prefix /home/ros2/ws01_plumbing/install/py01_topic --record /home/ros2/ws01_plumbing/build/py01_topic/install.log --single-version-externally-managed
[5.126s] Level 1:colcon.colcon_core.environment:checking '/home/ros2/ws01_plumbing/install/py01_topic' for CMake module files
[5.129s] Level 1:colcon.colcon_core.environment:checking '/home/ros2/ws01_plumbing/install/py01_topic' for CMake config files
[5.133s] Level 1:colcon.colcon_core.environment:checking '/home/ros2/ws01_plumbing/install/py01_topic/lib'
[5.139s] Level 1:colcon.colcon_core.environment:checking '/home/ros2/ws01_plumbing/install/py01_topic/bin'
[5.140s] Level 1:colcon.colcon_core.environment:checking '/home/ros2/ws01_plumbing/install/py01_topic/lib/pkgconfig/py01_topic.pc'
[5.142s] Level 1:colcon.colcon_core.environment:checking '/home/ros2/ws01_plumbing/install/py01_topic/lib/python3.10/site-packages'
[5.142s] Level 1:colcon.colcon_core.shell:create_environment_hook('py01_topic', 'pythonpath')
[5.147s] INFO:colcon.colcon_core.shell:Creating environment hook '/home/ros2/ws01_plumbing/install/py01_topic/share/py01_topic/hook/pythonpath.ps1'
[5.151s] INFO:colcon.colcon_core.shell:Creating environment descriptor '/home/ros2/ws01_plumbing/install/py01_topic/share/py01_topic/hook/pythonpath.dsv'
[5.153s] INFO:colcon.colcon_core.shell:Creating environment hook '/home/ros2/ws01_plumbing/install/py01_topic/share/py01_topic/hook/pythonpath.sh'
[5.159s] Level 1:colcon.colcon_core.environment:checking '/home/ros2/ws01_plumbing/install/py01_topic/bin'
[5.160s] Level 1:colcon.colcon_core.environment:create_environment_scripts_only(py01_topic)
[5.165s] INFO:colcon.colcon_core.shell:Creating package script '/home/ros2/ws01_plumbing/install/py01_topic/share/py01_topic/package.ps1'
[5.168s] INFO:colcon.colcon_core.shell:Creating package descriptor '/home/ros2/ws01_plumbing/install/py01_topic/share/py01_topic/package.dsv'
[5.171s] INFO:colcon.colcon_core.shell:Creating package script '/home/ros2/ws01_plumbing/install/py01_topic/share/py01_topic/package.sh'
[5.173s] INFO:colcon.colcon_core.shell:Creating package script '/home/ros2/ws01_plumbing/install/py01_topic/share/py01_topic/package.bash'
[5.186s] INFO:colcon.colcon_core.shell:Creating package script '/home/ros2/ws01_plumbing/install/py01_topic/share/py01_topic/package.zsh'
[5.189s] Level 1:colcon.colcon_core.environment:create_file_with_runtime_dependencies(/home/ros2/ws01_plumbing/install/py01_topic/share/colcon-core/packages/py01_topic)
[5.191s] DEBUG:colcon.colcon_parallel_executor.executor.parallel:closing loop
[5.191s] DEBUG:colcon.colcon_parallel_executor.executor.parallel:loop closed
[5.195s] DEBUG:colcon.colcon_parallel_executor.executor.parallel:run_until_complete finished with '0'
[5.195s] DEBUG:colcon.colcon_core.event_reactor:joining thread
[5.229s] INFO:colcon.colcon_core.plugin_system:Skipping extension 'colcon_notification.desktop_notification.terminal_notifier': Not used on non-Darwin systems
[5.233s] INFO:colcon.colcon_core.plugin_system:Skipping extension 'colcon_notification.desktop_notification.win32': Not used on non-Windows systems
[5.234s] INFO:colcon.colcon_notification.desktop_notification:Sending desktop notification using 'notify2'
[5.337s] DEBUG:colcon.colcon_core.event_reactor:joined thread
[5.343s] INFO:colcon.colcon_core.shell:Creating prefix script '/home/ros2/ws01_plumbing/install/local_setup.ps1'
[5.347s] INFO:colcon.colcon_core.shell:Creating prefix util module '/home/ros2/ws01_plumbing/install/_local_setup_util_ps1.py'
[5.356s] INFO:colcon.colcon_core.shell:Creating prefix chain script '/home/ros2/ws01_plumbing/install/setup.ps1'
[5.363s] INFO:colcon.colcon_core.shell:Creating prefix script '/home/ros2/ws01_plumbing/install/local_setup.sh'
[5.365s] INFO:colcon.colcon_core.shell:Creating prefix util module '/home/ros2/ws01_plumbing/install/_local_setup_util_sh.py'
[5.368s] INFO:colcon.colcon_core.shell:Creating prefix chain script '/home/ros2/ws01_plumbing/install/setup.sh'
[5.377s] INFO:colcon.colcon_core.shell:Creating prefix script '/home/ros2/ws01_plumbing/install/local_setup.bash'
[5.379s] INFO:colcon.colcon_core.shell:Creating prefix chain script '/home/ros2/ws01_plumbing/install/setup.bash'
[5.388s] INFO:colcon.colcon_core.shell:Creating prefix script '/home/ros2/ws01_plumbing/install/local_setup.zsh'
[5.391s] INFO:colcon.colcon_core.shell:Creating prefix chain script '/home/ros2/ws01_plumbing/install/setup.zsh'
