[0.035s] Invoking command in '/home/ros2/ws01_plumbing/build/cpp01_topic': CMAKE_PREFIX_PATH=/home/ros2/ws01_plumbing/install/base_interfaces_demo:/home/ros2/ws01_plumbing/install/cpp01_topic:/home/ros2/ws01_plumbing/install/py01_topic:/opt/ros/humble /usr/bin/cmake --build /home/ros2/ws01_plumbing/build/cpp01_topic -- -j4 -l4
[0.134s] [35m[1mConsolidate compiler generated dependencies of target demo01_talker_str[0m
[0.182s] [ 50%] Built target demo01_talker_str
[0.188s] [100%] Built target demo02_listener_str
[0.465s] Invoked command in '/home/ros2/ws01_plumbing/build/cpp01_topic' returned '0': CMAKE_PREFIX_PATH=/home/ros2/ws01_plumbing/install/base_interfaces_demo:/home/ros2/ws01_plumbing/install/cpp01_topic:/home/ros2/ws01_plumbing/install/py01_topic:/opt/ros/humble /usr/bin/cmake --build /home/ros2/ws01_plumbing/build/cpp01_topic -- -j4 -l4
[0.636s] Invoking command in '/home/ros2/ws01_plumbing/build/cpp01_topic': CMAKE_PREFIX_PATH=/home/ros2/ws01_plumbing/install/base_interfaces_demo:/home/ros2/ws01_plumbing/install/cpp01_topic:/home/ros2/ws01_plumbing/install/py01_topic:/opt/ros/humble /usr/bin/cmake --install /home/ros2/ws01_plumbing/build/cpp01_topic
[0.670s] -- Install configuration: ""
[0.675s] -- Up-to-date: /home/ros2/ws01_plumbing/install/cpp01_topic/lib/cpp01_topic/demo01_talker_str
[0.677s] -- Up-to-date: /home/ros2/ws01_plumbing/install/cpp01_topic/lib/cpp01_topic/demo02_listener_str
[0.678s] -- Up-to-date: /home/ros2/ws01_plumbing/install/cpp01_topic/share/ament_index/resource_index/package_run_dependencies/cpp01_topic
[0.680s] -- Up-to-date: /home/ros2/ws01_plumbing/install/cpp01_topic/share/ament_index/resource_index/parent_prefix_path/cpp01_topic
[0.680s] -- Up-to-date: /home/ros2/ws01_plumbing/install/cpp01_topic/share/cpp01_topic/environment/ament_prefix_path.sh
[0.680s] -- Up-to-date: /home/ros2/ws01_plumbing/install/cpp01_topic/share/cpp01_topic/environment/ament_prefix_path.dsv
[0.680s] -- Up-to-date: /home/ros2/ws01_plumbing/install/cpp01_topic/share/cpp01_topic/environment/path.sh
[0.681s] -- Up-to-date: /home/ros2/ws01_plumbing/install/cpp01_topic/share/cpp01_topic/environment/path.dsv
[0.681s] -- Up-to-date: /home/ros2/ws01_plumbing/install/cpp01_topic/share/cpp01_topic/local_setup.bash
[0.681s] -- Up-to-date: /home/ros2/ws01_plumbing/install/cpp01_topic/share/cpp01_topic/local_setup.sh
[0.681s] -- Up-to-date: /home/ros2/ws01_plumbing/install/cpp01_topic/share/cpp01_topic/local_setup.zsh
[0.681s] -- Up-to-date: /home/ros2/ws01_plumbing/install/cpp01_topic/share/cpp01_topic/local_setup.dsv
[0.681s] -- Installing: /home/ros2/ws01_plumbing/install/cpp01_topic/share/cpp01_topic/package.dsv
[0.689s] -- Up-to-date: /home/ros2/ws01_plumbing/install/cpp01_topic/share/ament_index/resource_index/packages/cpp01_topic
[0.689s] -- Up-to-date: /home/ros2/ws01_plumbing/install/cpp01_topic/share/cpp01_topic/cmake/cpp01_topicConfig.cmake
[0.689s] -- Up-to-date: /home/ros2/ws01_plumbing/install/cpp01_topic/share/cpp01_topic/cmake/cpp01_topicConfig-version.cmake
[0.689s] -- Up-to-date: /home/ros2/ws01_plumbing/install/cpp01_topic/share/cpp01_topic/package.xml
[0.699s] Invoked command in '/home/ros2/ws01_plumbing/build/cpp01_topic' returned '0': CMAKE_PREFIX_PATH=/home/ros2/ws01_plumbing/install/base_interfaces_demo:/home/ros2/ws01_plumbing/install/cpp01_topic:/home/ros2/ws01_plumbing/install/py01_topic:/opt/ros/humble /usr/bin/cmake --install /home/ros2/ws01_plumbing/build/cpp01_topic
