[0.063s] Invoking command in '/home/ros2/ws01_plumbing/build/xixi': CMAKE_PREFIX_PATH=/home/ros2/ws01_plumbing/install/haha:/home/ros2/ws01_plumbing/install/xixi:/home/ros2/ws01_plumbing/install/cpp02_service:/home/ros2/ws01_plumbing/install/cpp01_topic:/home/ros2/ws01_plumbing/install/base_interfaces_demo:/home/ros2/ws01_plumbing/install/py02_service:/home/ros2/ws01_plumbing/install/py01_topic:/opt/ros/humble /usr/bin/cmake --build /home/ros2/ws01_plumbing/build/xixi -- -j4 -l4
[0.233s] [35m[1mConsolidate compiler generated dependencies of target demo02_action_client[0m
[0.305s] [ 25%] [32mBuilding CXX object CMakeFiles/demo02_action_client.dir/src/demo02_action_client.cpp.o[0m
[0.315s] [ 75%] Built target demo01_action_server
[11.408s] [100%] [32m[1mLinking CXX executable demo02_action_client[0m
[11.882s] [100%] Built target demo02_action_client
[11.916s] Invoked command in '/home/ros2/ws01_plumbing/build/xixi' returned '0': CMAKE_PREFIX_PATH=/home/ros2/ws01_plumbing/install/haha:/home/ros2/ws01_plumbing/install/xixi:/home/ros2/ws01_plumbing/install/cpp02_service:/home/ros2/ws01_plumbing/install/cpp01_topic:/home/ros2/ws01_plumbing/install/base_interfaces_demo:/home/ros2/ws01_plumbing/install/py02_service:/home/ros2/ws01_plumbing/install/py01_topic:/opt/ros/humble /usr/bin/cmake --build /home/ros2/ws01_plumbing/build/xixi -- -j4 -l4
[12.067s] Invoking command in '/home/ros2/ws01_plumbing/build/xixi': CMAKE_PREFIX_PATH=/home/ros2/ws01_plumbing/install/haha:/home/ros2/ws01_plumbing/install/xixi:/home/ros2/ws01_plumbing/install/cpp02_service:/home/ros2/ws01_plumbing/install/cpp01_topic:/home/ros2/ws01_plumbing/install/base_interfaces_demo:/home/ros2/ws01_plumbing/install/py02_service:/home/ros2/ws01_plumbing/install/py01_topic:/opt/ros/humble /usr/bin/cmake --install /home/ros2/ws01_plumbing/build/xixi
[12.083s] -- Install configuration: ""
[12.084s] -- Up-to-date: /home/ros2/ws01_plumbing/install/xixi/lib/xixi/demo01_action_server
[12.084s] -- Installing: /home/ros2/ws01_plumbing/install/xixi/lib/xixi/demo02_action_client
[12.086s] -- Set runtime path of "/home/ros2/ws01_plumbing/install/xixi/lib/xixi/demo02_action_client" to ""
[12.086s] -- Up-to-date: /home/ros2/ws01_plumbing/install/xixi/share/ament_index/resource_index/package_run_dependencies/xixi
[12.086s] -- Up-to-date: /home/ros2/ws01_plumbing/install/xixi/share/ament_index/resource_index/parent_prefix_path/xixi
[12.089s] -- Up-to-date: /home/ros2/ws01_plumbing/install/xixi/share/xixi/environment/ament_prefix_path.sh
[12.089s] -- Up-to-date: /home/ros2/ws01_plumbing/install/xixi/share/xixi/environment/ament_prefix_path.dsv
[12.089s] -- Up-to-date: /home/ros2/ws01_plumbing/install/xixi/share/xixi/environment/path.sh
[12.089s] -- Up-to-date: /home/ros2/ws01_plumbing/install/xixi/share/xixi/environment/path.dsv
[12.090s] -- Up-to-date: /home/ros2/ws01_plumbing/install/xixi/share/xixi/local_setup.bash
[12.090s] -- Up-to-date: /home/ros2/ws01_plumbing/install/xixi/share/xixi/local_setup.sh
[12.090s] -- Up-to-date: /home/ros2/ws01_plumbing/install/xixi/share/xixi/local_setup.zsh
[12.092s] -- Up-to-date: /home/ros2/ws01_plumbing/install/xixi/share/xixi/local_setup.dsv
[12.092s] -- Installing: /home/ros2/ws01_plumbing/install/xixi/share/xixi/package.dsv
[12.092s] -- Up-to-date: /home/ros2/ws01_plumbing/install/xixi/share/ament_index/resource_index/packages/xixi
[12.093s] -- Up-to-date: /home/ros2/ws01_plumbing/install/xixi/share/xixi/cmake/xixiConfig.cmake
[12.093s] -- Up-to-date: /home/ros2/ws01_plumbing/install/xixi/share/xixi/cmake/xixiConfig-version.cmake
[12.093s] -- Up-to-date: /home/ros2/ws01_plumbing/install/xixi/share/xixi/package.xml
[12.097s] Invoked command in '/home/ros2/ws01_plumbing/build/xixi' returned '0': CMAKE_PREFIX_PATH=/home/ros2/ws01_plumbing/install/haha:/home/ros2/ws01_plumbing/install/xixi:/home/ros2/ws01_plumbing/install/cpp02_service:/home/ros2/ws01_plumbing/install/cpp01_topic:/home/ros2/ws01_plumbing/install/base_interfaces_demo:/home/ros2/ws01_plumbing/install/py02_service:/home/ros2/ws01_plumbing/install/py01_topic:/opt/ros/humble /usr/bin/cmake --install /home/ros2/ws01_plumbing/build/xixi
