[0.192s] Invoking command in '/home/ros2/ws01_plumbing/build/turtlesim': CMAKE_PREFIX_PATH=/opt/ros/humble /usr/bin/cmake /home/ros2/ws01_plumbing/src/turtlesim -DCMAKE_INSTALL_PREFIX=/home/ros2/ws01_plumbing/install/turtlesim
[1.493s] -- The C compiler identification is GNU 11.2.0
[2.153s] -- The CXX compiler identification is GNU 11.2.0
[2.236s] -- Detecting C compiler ABI info
[2.716s] -- Detecting C compiler ABI info - done
[2.742s] -- Check for working C compiler: /usr/bin/cc - skipped
[2.744s] -- Detecting C compile features
[2.759s] -- Detecting C compile features - done
[2.784s] -- Detecting CXX compiler ABI info
[3.171s] -- Detecting CXX compiler ABI info - done
[3.215s] -- Check for working CXX compiler: /usr/bin/c++ - skipped
[3.216s] -- Detecting CXX compile features
[3.219s] -- Detecting CXX compile features - done
[4.105s] -- Found ament_cmake: 1.3.2 (/opt/ros/humble/share/ament_cmake/cmake)
[5.079s] -- Found Python3: /usr/bin/python3.10 (found version "3.10.4") found components: Interpreter 
[5.679s] -- Found ament_lint_auto: 0.12.4 (/opt/ros/humble/share/ament_lint_auto/cmake)
[6.084s] -- Added test 'cppcheck' to perform static code analysis on C / C++ code
[6.084s] -- Configured cppcheck include dirs: $<BUILD_INTERFACE:/home/ros2/ws01_plumbing/src/turtlesim/include>
[6.085s] -- Configured cppcheck exclude dirs and/or files: 
[6.089s] -- Added test 'lint_cmake' to check CMake code style
[6.097s] -- Added test 'uncrustify' to check C / C++ code style
[6.097s] -- Configured uncrustify additional arguments: 
[6.099s] -- Added test 'xmllint' to check XML markup files
[6.142s] -- Configuring done
[6.169s] -- Generating done
[6.175s] -- Build files have been written to: /home/ros2/ws01_plumbing/build/turtlesim
[6.200s] Invoked command in '/home/ros2/ws01_plumbing/build/turtlesim' returned '0': CMAKE_PREFIX_PATH=/opt/ros/humble /usr/bin/cmake /home/ros2/ws01_plumbing/src/turtlesim -DCMAKE_INSTALL_PREFIX=/home/ros2/ws01_plumbing/install/turtlesim
[6.203s] Invoking command in '/home/ros2/ws01_plumbing/build/turtlesim': CMAKE_PREFIX_PATH=/opt/ros/humble /usr/bin/cmake --build /home/ros2/ws01_plumbing/build/turtlesim -- -j4 -l4
[6.389s] [ 50%] [32mBuilding CXX object CMakeFiles/turtlesim_node.dir/src/turtlesim_node.cpp.o[0m
[7.187s] [100%] [32m[1mLinking CXX executable turtlesim_node[0m
[7.372s] [100%] Built target turtlesim_node
[7.415s] Invoked command in '/home/ros2/ws01_plumbing/build/turtlesim' returned '0': CMAKE_PREFIX_PATH=/opt/ros/humble /usr/bin/cmake --build /home/ros2/ws01_plumbing/build/turtlesim -- -j4 -l4
[7.573s] Invoking command in '/home/ros2/ws01_plumbing/build/turtlesim': CMAKE_PREFIX_PATH=/opt/ros/humble /usr/bin/cmake --install /home/ros2/ws01_plumbing/build/turtlesim
[7.599s] -- Install configuration: ""
[7.601s] -- Installing: /home/ros2/ws01_plumbing/install/turtlesim/lib/turtlesim/turtlesim_node
[7.602s] -- Installing: /home/ros2/ws01_plumbing/install/turtlesim/share/ament_index/resource_index/package_run_dependencies/turtlesim
[7.603s] -- Installing: /home/ros2/ws01_plumbing/install/turtlesim/share/ament_index/resource_index/parent_prefix_path/turtlesim
[7.604s] -- Installing: /home/ros2/ws01_plumbing/install/turtlesim/share/turtlesim/environment/ament_prefix_path.sh
[7.605s] -- Installing: /home/ros2/ws01_plumbing/install/turtlesim/share/turtlesim/environment/ament_prefix_path.dsv
[7.607s] -- Installing: /home/ros2/ws01_plumbing/install/turtlesim/share/turtlesim/environment/path.sh
[7.607s] -- Installing: /home/ros2/ws01_plumbing/install/turtlesim/share/turtlesim/environment/path.dsv
[7.607s] -- Installing: /home/ros2/ws01_plumbing/install/turtlesim/share/turtlesim/local_setup.bash
[7.607s] -- Installing: /home/ros2/ws01_plumbing/install/turtlesim/share/turtlesim/local_setup.sh
[7.607s] -- Installing: /home/ros2/ws01_plumbing/install/turtlesim/share/turtlesim/local_setup.zsh
[7.608s] -- Installing: /home/ros2/ws01_plumbing/install/turtlesim/share/turtlesim/local_setup.dsv
[7.610s] -- Installing: /home/ros2/ws01_plumbing/install/turtlesim/share/turtlesim/package.dsv
[7.611s] -- Installing: /home/ros2/ws01_plumbing/install/turtlesim/share/ament_index/resource_index/packages/turtlesim
[7.612s] -- Installing: /home/ros2/ws01_plumbing/install/turtlesim/share/turtlesim/cmake/turtlesimConfig.cmake
[7.612s] -- Installing: /home/ros2/ws01_plumbing/install/turtlesim/share/turtlesim/cmake/turtlesimConfig-version.cmake
[7.613s] -- Installing: /home/ros2/ws01_plumbing/install/turtlesim/share/turtlesim/package.xml
[7.618s] Invoked command in '/home/ros2/ws01_plumbing/build/turtlesim' returned '0': CMAKE_PREFIX_PATH=/opt/ros/humble /usr/bin/cmake --install /home/ros2/ws01_plumbing/build/turtlesim
