[2.876s] Invoking command in '/home/ros2/ws01_plumbing/src/py01_topic': CMAKE_PREFIX_PATH=/home/ros2/ws01_plumbing/install/base_interfaces_demo:/home/ros2/ws01_plumbing/install/cpp02_service:/home/ros2/ws01_plumbing/install/cpp01_topic PYTHONPATH=/home/ros2/ws01_plumbing/install/py01_topic/lib/python3.10/site-packages:${PYTHONPATH} /usr/bin/python3 setup.py egg_info --egg-base ../../build/py01_topic build --build-base /home/ros2/ws01_plumbing/build/py01_topic/build install --prefix /home/ros2/ws01_plumbing/install/py01_topic --record /home/ros2/ws01_plumbing/build/py01_topic/install.log --single-version-externally-managed
[3.665s] running egg_info
[3.668s] writing ../../build/py01_topic/py01_topic.egg-info/PKG-INFO
[3.673s] writing dependency_links to ../../build/py01_topic/py01_topic.egg-info/dependency_links.txt
[3.674s] writing entry points to ../../build/py01_topic/py01_topic.egg-info/entry_points.txt
[3.675s] writing requirements to ../../build/py01_topic/py01_topic.egg-info/requires.txt
[3.676s] writing top-level names to ../../build/py01_topic/py01_topic.egg-info/top_level.txt
[3.683s] reading manifest file '../../build/py01_topic/py01_topic.egg-info/SOURCES.txt'
[3.691s] writing manifest file '../../build/py01_topic/py01_topic.egg-info/SOURCES.txt'
[3.691s] running build
[3.692s] running build_py
[3.692s] running install
[3.696s] /usr/lib/python3/dist-packages/setuptools/command/install.py:34: SetuptoolsDeprecationWarning: setup.py install is deprecated. Use build and pip and other standards-based tools.
[3.696s]   warnings.warn(
[3.696s] running install_lib
[3.697s] running install_data
[3.703s] running install_egg_info
[3.704s] removing '/home/ros2/ws01_plumbing/install/py01_topic/lib/python3.10/site-packages/py01_topic-0.0.0-py3.10.egg-info' (and everything under it)
[3.704s] Copying ../../build/py01_topic/py01_topic.egg-info to /home/ros2/ws01_plumbing/install/py01_topic/lib/python3.10/site-packages/py01_topic-0.0.0-py3.10.egg-info
[3.707s] running install_scripts
[3.773s] Installing demo01_talker_str_py script to /home/ros2/ws01_plumbing/install/py01_topic/lib/py01_topic
[3.774s] Installing demo02_listener_str_py script to /home/ros2/ws01_plumbing/install/py01_topic/lib/py01_topic
[3.775s] Installing demo03_talker_stu_py script to /home/ros2/ws01_plumbing/install/py01_topic/lib/py01_topic
[3.775s] Installing demo04_listener_stu_py script to /home/ros2/ws01_plumbing/install/py01_topic/lib/py01_topic
[3.776s] writing list of installed files to '/home/ros2/ws01_plumbing/build/py01_topic/install.log'
[3.874s] Invoked command in '/home/ros2/ws01_plumbing/src/py01_topic' returned '0': CMAKE_PREFIX_PATH=/home/ros2/ws01_plumbing/install/base_interfaces_demo:/home/ros2/ws01_plumbing/install/cpp02_service:/home/ros2/ws01_plumbing/install/cpp01_topic PYTHONPATH=/home/ros2/ws01_plumbing/install/py01_topic/lib/python3.10/site-packages:${PYTHONPATH} /usr/bin/python3 setup.py egg_info --egg-base ../../build/py01_topic build --build-base /home/ros2/ws01_plumbing/build/py01_topic/build install --prefix /home/ros2/ws01_plumbing/install/py01_topic --record /home/ros2/ws01_plumbing/build/py01_topic/install.log --single-version-externally-managed
