[3.107s] DEBUG:colcon:Command line arguments: ['/usr/bin/colcon', 'build', '--packages-select', 'haha']
[3.107s] DEBUG:colcon:Parsed command line arguments: Namespace(log_base=None, log_level=None, verb_name='build', build_base='build', install_base='install', merge_install=False, symlink_install=False, test_result_base=None, continue_on_error=False, executor='parallel', parallel_workers=4, event_handlers=None, ignore_user_meta=False, metas=['./colcon.meta'], base_paths=['.'], packages_ignore=None, packages_ignore_regex=None, paths=None, packages_up_to=None, packages_up_to_regex=None, packages_above=None, packages_above_and_dependencies=None, packages_above_depth=None, packages_select_by_dep=None, packages_skip_by_dep=None, packages_skip_up_to=None, packages_select_build_failed=False, packages_skip_build_finished=False, packages_select_test_failures=False, packages_skip_test_passed=False, packages_select=['haha'], packages_skip=None, packages_select_regex=None, packages_skip_regex=None, packages_start=None, packages_end=None, allow_overriding=[], cmake_args=None, cmake_target=None, cmake_target_skip_unavailable=False, cmake_clean_cache=False, cmake_clean_first=False, cmake_force_configure=False, ament_cmake_args=None, catkin_cmake_args=None, catkin_skip_building_tests=False, verb_parser=<colcon_defaults.argument_parser.defaults.DefaultArgumentsDecorator object at 0x7fa2bf5c0bb0>, verb_extension=<colcon_core.verb.build.BuildVerb object at 0x7fa2bff598a0>, main=<bound method BuildVerb.main of <colcon_core.verb.build.BuildVerb object at 0x7fa2bff598a0>>)
[3.596s] Level 1:colcon.colcon_core.package_discovery:discover_packages(colcon_meta) check parameters
[3.596s] Level 1:colcon.colcon_core.package_discovery:discover_packages(recursive) check parameters
[3.596s] Level 1:colcon.colcon_core.package_discovery:discover_packages(ignore) check parameters
[3.596s] Level 1:colcon.colcon_core.package_discovery:discover_packages(path) check parameters
[3.596s] Level 1:colcon.colcon_core.package_discovery:discover_packages(colcon_meta) discover
[3.597s] Level 1:colcon.colcon_core.package_discovery:discover_packages(recursive) discover
[3.597s] INFO:colcon.colcon_core.package_discovery:Crawling recursively for packages in '/home/ros2/ws01_plumbing'
[3.597s] Level 1:colcon.colcon_core.package_identification:_identify(.) by extensions ['ignore', 'ignore_ament_install']
[3.597s] Level 1:colcon.colcon_core.package_identification:_identify(.) by extension 'ignore'
[3.597s] Level 1:colcon.colcon_core.package_identification:_identify(.) by extension 'ignore_ament_install'
[3.597s] Level 1:colcon.colcon_core.package_identification:_identify(.) by extensions ['colcon_pkg']
[3.597s] Level 1:colcon.colcon_core.package_identification:_identify(.) by extension 'colcon_pkg'
[3.597s] Level 1:colcon.colcon_core.package_identification:_identify(.) by extensions ['colcon_meta']
[3.597s] Level 1:colcon.colcon_core.package_identification:_identify(.) by extension 'colcon_meta'
[3.597s] Level 1:colcon.colcon_core.package_identification:_identify(.) by extensions ['ros']
[3.597s] Level 1:colcon.colcon_core.package_identification:_identify(.) by extension 'ros'
[3.609s] Level 1:colcon.colcon_core.package_identification:_identify(.) by extensions ['cmake', 'python']
[3.609s] Level 1:colcon.colcon_core.package_identification:_identify(.) by extension 'cmake'
[3.609s] Level 1:colcon.colcon_core.package_identification:_identify(.) by extension 'python'
[3.609s] Level 1:colcon.colcon_core.package_identification:_identify(.) by extensions ['python_setup_py']
[3.609s] Level 1:colcon.colcon_core.package_identification:_identify(.) by extension 'python_setup_py'
[3.609s] Level 1:colcon.colcon_core.package_identification:_identify(build) by extensions ['ignore', 'ignore_ament_install']
[3.609s] Level 1:colcon.colcon_core.package_identification:_identify(build) by extension 'ignore'
[3.610s] Level 1:colcon.colcon_core.package_identification:_identify(build) ignored
[3.610s] Level 1:colcon.colcon_core.package_identification:_identify(install) by extensions ['ignore', 'ignore_ament_install']
[3.610s] Level 1:colcon.colcon_core.package_identification:_identify(install) by extension 'ignore'
[3.610s] Level 1:colcon.colcon_core.package_identification:_identify(install) ignored
[3.610s] Level 1:colcon.colcon_core.package_identification:_identify(log) by extensions ['ignore', 'ignore_ament_install']
[3.610s] Level 1:colcon.colcon_core.package_identification:_identify(log) by extension 'ignore'
[3.610s] Level 1:colcon.colcon_core.package_identification:_identify(log) ignored
[3.610s] Level 1:colcon.colcon_core.package_identification:_identify(src) by extensions ['ignore', 'ignore_ament_install']
[3.611s] Level 1:colcon.colcon_core.package_identification:_identify(src) by extension 'ignore'
[3.611s] Level 1:colcon.colcon_core.package_identification:_identify(src) by extension 'ignore_ament_install'
[3.611s] Level 1:colcon.colcon_core.package_identification:_identify(src) by extensions ['colcon_pkg']
[3.611s] Level 1:colcon.colcon_core.package_identification:_identify(src) by extension 'colcon_pkg'
[3.611s] Level 1:colcon.colcon_core.package_identification:_identify(src) by extensions ['colcon_meta']
[3.611s] Level 1:colcon.colcon_core.package_identification:_identify(src) by extension 'colcon_meta'
[3.611s] Level 1:colcon.colcon_core.package_identification:_identify(src) by extensions ['ros']
[3.611s] Level 1:colcon.colcon_core.package_identification:_identify(src) by extension 'ros'
[3.611s] Level 1:colcon.colcon_core.package_identification:_identify(src) by extensions ['cmake', 'python']
[3.611s] Level 1:colcon.colcon_core.package_identification:_identify(src) by extension 'cmake'
[3.611s] Level 1:colcon.colcon_core.package_identification:_identify(src) by extension 'python'
[3.611s] Level 1:colcon.colcon_core.package_identification:_identify(src) by extensions ['python_setup_py']
[3.611s] Level 1:colcon.colcon_core.package_identification:_identify(src) by extension 'python_setup_py'
[3.611s] Level 1:colcon.colcon_core.package_identification:_identify(src/base_interfaces_demo) by extensions ['ignore', 'ignore_ament_install']
[3.612s] Level 1:colcon.colcon_core.package_identification:_identify(src/base_interfaces_demo) by extension 'ignore'
[3.612s] Level 1:colcon.colcon_core.package_identification:_identify(src/base_interfaces_demo) by extension 'ignore_ament_install'
[3.612s] Level 1:colcon.colcon_core.package_identification:_identify(src/base_interfaces_demo) by extensions ['colcon_pkg']
[3.612s] Level 1:colcon.colcon_core.package_identification:_identify(src/base_interfaces_demo) by extension 'colcon_pkg'
[3.612s] Level 1:colcon.colcon_core.package_identification:_identify(src/base_interfaces_demo) by extensions ['colcon_meta']
[3.612s] Level 1:colcon.colcon_core.package_identification:_identify(src/base_interfaces_demo) by extension 'colcon_meta'
[3.612s] Level 1:colcon.colcon_core.package_identification:_identify(src/base_interfaces_demo) by extensions ['ros']
[3.612s] Level 1:colcon.colcon_core.package_identification:_identify(src/base_interfaces_demo) by extension 'ros'
[3.659s] DEBUG:colcon.colcon_core.package_identification:Package 'src/base_interfaces_demo' with type 'ros.ament_cmake' and name 'base_interfaces_demo'
[3.659s] Level 1:colcon.colcon_core.package_identification:_identify(src/cpp01_topic) by extensions ['ignore', 'ignore_ament_install']
[3.673s] Level 1:colcon.colcon_core.package_identification:_identify(src/cpp01_topic) by extension 'ignore'
[3.673s] Level 1:colcon.colcon_core.package_identification:_identify(src/cpp01_topic) by extension 'ignore_ament_install'
[3.673s] Level 1:colcon.colcon_core.package_identification:_identify(src/cpp01_topic) by extensions ['colcon_pkg']
[3.673s] Level 1:colcon.colcon_core.package_identification:_identify(src/cpp01_topic) by extension 'colcon_pkg'
[3.673s] Level 1:colcon.colcon_core.package_identification:_identify(src/cpp01_topic) by extensions ['colcon_meta']
[3.673s] Level 1:colcon.colcon_core.package_identification:_identify(src/cpp01_topic) by extension 'colcon_meta'
[3.673s] Level 1:colcon.colcon_core.package_identification:_identify(src/cpp01_topic) by extensions ['ros']
[3.673s] Level 1:colcon.colcon_core.package_identification:_identify(src/cpp01_topic) by extension 'ros'
[3.683s] DEBUG:colcon.colcon_core.package_identification:Package 'src/cpp01_topic' with type 'ros.ament_cmake' and name 'cpp01_topic'
[3.683s] Level 1:colcon.colcon_core.package_identification:_identify(src/cpp02_service) by extensions ['ignore', 'ignore_ament_install']
[3.683s] Level 1:colcon.colcon_core.package_identification:_identify(src/cpp02_service) by extension 'ignore'
[3.683s] Level 1:colcon.colcon_core.package_identification:_identify(src/cpp02_service) by extension 'ignore_ament_install'
[3.683s] Level 1:colcon.colcon_core.package_identification:_identify(src/cpp02_service) by extensions ['colcon_pkg']
[3.683s] Level 1:colcon.colcon_core.package_identification:_identify(src/cpp02_service) by extension 'colcon_pkg'
[3.683s] Level 1:colcon.colcon_core.package_identification:_identify(src/cpp02_service) by extensions ['colcon_meta']
[3.683s] Level 1:colcon.colcon_core.package_identification:_identify(src/cpp02_service) by extension 'colcon_meta'
[3.683s] Level 1:colcon.colcon_core.package_identification:_identify(src/cpp02_service) by extensions ['ros']
[3.683s] Level 1:colcon.colcon_core.package_identification:_identify(src/cpp02_service) by extension 'ros'
[3.701s] DEBUG:colcon.colcon_core.package_identification:Package 'src/cpp02_service' with type 'ros.ament_cmake' and name 'cpp02_service'
[3.701s] Level 1:colcon.colcon_core.package_identification:_identify(src/haha) by extensions ['ignore', 'ignore_ament_install']
[3.701s] Level 1:colcon.colcon_core.package_identification:_identify(src/haha) by extension 'ignore'
[3.702s] Level 1:colcon.colcon_core.package_identification:_identify(src/haha) by extension 'ignore_ament_install'
[3.702s] Level 1:colcon.colcon_core.package_identification:_identify(src/haha) by extensions ['colcon_pkg']
[3.702s] Level 1:colcon.colcon_core.package_identification:_identify(src/haha) by extension 'colcon_pkg'
[3.702s] Level 1:colcon.colcon_core.package_identification:_identify(src/haha) by extensions ['colcon_meta']
[3.702s] Level 1:colcon.colcon_core.package_identification:_identify(src/haha) by extension 'colcon_meta'
[3.702s] Level 1:colcon.colcon_core.package_identification:_identify(src/haha) by extensions ['ros']
[3.702s] Level 1:colcon.colcon_core.package_identification:_identify(src/haha) by extension 'ros'
[3.703s] DEBUG:colcon.colcon_core.package_identification:Package 'src/haha' with type 'ros.ament_cmake' and name 'haha'
[3.703s] Level 1:colcon.colcon_core.package_identification:_identify(src/py01_topic) by extensions ['ignore', 'ignore_ament_install']
[3.703s] Level 1:colcon.colcon_core.package_identification:_identify(src/py01_topic) by extension 'ignore'
[3.703s] Level 1:colcon.colcon_core.package_identification:_identify(src/py01_topic) by extension 'ignore_ament_install'
[3.703s] Level 1:colcon.colcon_core.package_identification:_identify(src/py01_topic) by extensions ['colcon_pkg']
[3.703s] Level 1:colcon.colcon_core.package_identification:_identify(src/py01_topic) by extension 'colcon_pkg'
[3.703s] Level 1:colcon.colcon_core.package_identification:_identify(src/py01_topic) by extensions ['colcon_meta']
[3.703s] Level 1:colcon.colcon_core.package_identification:_identify(src/py01_topic) by extension 'colcon_meta'
[3.703s] Level 1:colcon.colcon_core.package_identification:_identify(src/py01_topic) by extensions ['ros']
[3.703s] Level 1:colcon.colcon_core.package_identification:_identify(src/py01_topic) by extension 'ros'
[3.705s] DEBUG:colcon.colcon_core.package_identification:Package 'src/py01_topic' with type 'ros.ament_python' and name 'py01_topic'
[3.706s] Level 1:colcon.colcon_core.package_identification:_identify(src/py02_service) by extensions ['ignore', 'ignore_ament_install']
[3.706s] Level 1:colcon.colcon_core.package_identification:_identify(src/py02_service) by extension 'ignore'
[3.706s] Level 1:colcon.colcon_core.package_identification:_identify(src/py02_service) by extension 'ignore_ament_install'
[3.706s] Level 1:colcon.colcon_core.package_identification:_identify(src/py02_service) by extensions ['colcon_pkg']
[3.706s] Level 1:colcon.colcon_core.package_identification:_identify(src/py02_service) by extension 'colcon_pkg'
[3.706s] Level 1:colcon.colcon_core.package_identification:_identify(src/py02_service) by extensions ['colcon_meta']
[3.706s] Level 1:colcon.colcon_core.package_identification:_identify(src/py02_service) by extension 'colcon_meta'
[3.706s] Level 1:colcon.colcon_core.package_identification:_identify(src/py02_service) by extensions ['ros']
[3.706s] Level 1:colcon.colcon_core.package_identification:_identify(src/py02_service) by extension 'ros'
[3.708s] DEBUG:colcon.colcon_core.package_identification:Package 'src/py02_service' with type 'ros.ament_python' and name 'py02_service'
[3.708s] Level 1:colcon.colcon_core.package_discovery:discover_packages(recursive) using defaults
[3.709s] Level 1:colcon.colcon_core.package_discovery:discover_packages(ignore) discover
[3.709s] Level 1:colcon.colcon_core.package_discovery:discover_packages(ignore) using defaults
[3.709s] Level 1:colcon.colcon_core.package_discovery:discover_packages(path) discover
[3.709s] Level 1:colcon.colcon_core.package_discovery:discover_packages(path) using defaults
[3.941s] INFO:colcon.colcon_core.package_selection:Skipping not selected package 'base_interfaces_demo' in 'src/base_interfaces_demo'
[3.942s] INFO:colcon.colcon_core.package_selection:Skipping not selected package 'py02_service' in 'src/py02_service'
[3.942s] INFO:colcon.colcon_core.package_selection:Skipping not selected package 'cpp01_topic' in 'src/cpp01_topic'
[3.942s] INFO:colcon.colcon_core.package_selection:Skipping not selected package 'cpp02_service' in 'src/cpp02_service'
[3.942s] INFO:colcon.colcon_core.package_selection:Skipping not selected package 'py01_topic' in 'src/py01_topic'
[3.955s] Level 1:colcon.colcon_core.package_discovery:discover_packages(prefix_path) check parameters
[3.955s] Level 1:colcon.colcon_core.package_discovery:discover_packages(prefix_path) discover
[3.991s] DEBUG:colcon.colcon_installed_package_information.package_discovery:Found 277 installed packages in /opt/ros/humble
[3.995s] Level 1:colcon.colcon_core.package_discovery:discover_packages(prefix_path) using defaults
[4.091s] Level 5:colcon.colcon_core.verb:set package 'haha' build argument 'cmake_args' from command line to 'None'
[4.091s] Level 5:colcon.colcon_core.verb:set package 'haha' build argument 'cmake_target' from command line to 'None'
[4.091s] Level 5:colcon.colcon_core.verb:set package 'haha' build argument 'cmake_target_skip_unavailable' from command line to 'False'
[4.091s] Level 5:colcon.colcon_core.verb:set package 'haha' build argument 'cmake_clean_cache' from command line to 'False'
[4.091s] Level 5:colcon.colcon_core.verb:set package 'haha' build argument 'cmake_clean_first' from command line to 'False'
[4.091s] Level 5:colcon.colcon_core.verb:set package 'haha' build argument 'cmake_force_configure' from command line to 'False'
[4.091s] Level 5:colcon.colcon_core.verb:set package 'haha' build argument 'ament_cmake_args' from command line to 'None'
[4.091s] Level 5:colcon.colcon_core.verb:set package 'haha' build argument 'catkin_cmake_args' from command line to 'None'
[4.091s] Level 5:colcon.colcon_core.verb:set package 'haha' build argument 'catkin_skip_building_tests' from command line to 'False'
[4.091s] DEBUG:colcon.colcon_core.verb:Building package 'haha' with the following arguments: {'ament_cmake_args': None, 'build_base': '/home/ros2/ws01_plumbing/build/haha', 'catkin_cmake_args': None, 'catkin_skip_building_tests': False, 'cmake_args': None, 'cmake_clean_cache': False, 'cmake_clean_first': False, 'cmake_force_configure': False, 'cmake_target': None, 'cmake_target_skip_unavailable': False, 'install_base': '/home/ros2/ws01_plumbing/install/haha', 'merge_install': False, 'path': '/home/ros2/ws01_plumbing/src/haha', 'symlink_install': False, 'test_result_base': None}
[4.092s] INFO:colcon.colcon_core.executor:Executing jobs using 'parallel' executor
[4.097s] DEBUG:colcon.colcon_parallel_executor.executor.parallel:run_until_complete
[4.097s] INFO:colcon.colcon_ros.task.ament_cmake.build:Building ROS package in '/home/ros2/ws01_plumbing/src/haha' with build type 'ament_cmake'
[4.097s] INFO:colcon.colcon_cmake.task.cmake.build:Building CMake package in '/home/ros2/ws01_plumbing/src/haha'
[4.152s] INFO:colcon.colcon_core.plugin_system:Skipping extension 'colcon_core.shell.bat': Not used on non-Windows systems
[4.153s] INFO:colcon.colcon_core.shell:Skip shell extension 'powershell' for command environment: Not usable outside of PowerShell
[4.153s] DEBUG:colcon.colcon_core.shell:Skip shell extension 'dsv' for command environment
[4.177s] DEBUG:colcon.colcon_core.event_handler.log_command:Invoking command in '/home/ros2/ws01_plumbing/build/haha': CMAKE_PREFIX_PATH=/opt/ros/humble /usr/bin/cmake /home/ros2/ws01_plumbing/src/haha -DCMAKE_INSTALL_PREFIX=/home/ros2/ws01_plumbing/install/haha
[8.983s] DEBUG:colcon.colcon_core.event_handler.log_command:Invoked command in '/home/ros2/ws01_plumbing/build/haha' returned '0': CMAKE_PREFIX_PATH=/opt/ros/humble /usr/bin/cmake /home/ros2/ws01_plumbing/src/haha -DCMAKE_INSTALL_PREFIX=/home/ros2/ws01_plumbing/install/haha
[8.985s] DEBUG:colcon.colcon_core.event_handler.log_command:Invoking command in '/home/ros2/ws01_plumbing/build/haha': CMAKE_PREFIX_PATH=/opt/ros/humble /usr/bin/cmake --build /home/ros2/ws01_plumbing/build/haha -- -j4 -l4
[23.409s] DEBUG:colcon.colcon_core.event_handler.log_command:Invoked command in '/home/ros2/ws01_plumbing/build/haha' returned '0': CMAKE_PREFIX_PATH=/opt/ros/humble /usr/bin/cmake --build /home/ros2/ws01_plumbing/build/haha -- -j4 -l4
[23.730s] DEBUG:colcon.colcon_core.event_handler.log_command:Invoking command in '/home/ros2/ws01_plumbing/build/haha': CMAKE_PREFIX_PATH=/opt/ros/humble /usr/bin/cmake --install /home/ros2/ws01_plumbing/build/haha
[23.954s] Level 1:colcon.colcon_core.environment:create_environment_scripts_only(haha)
[23.956s] DEBUG:colcon.colcon_core.event_handler.log_command:Invoked command in '/home/ros2/ws01_plumbing/build/haha' returned '0': CMAKE_PREFIX_PATH=/opt/ros/humble /usr/bin/cmake --install /home/ros2/ws01_plumbing/build/haha
[24.079s] Level 1:colcon.colcon_core.environment:checking '/home/ros2/ws01_plumbing/install/haha' for CMake module files
[24.081s] Level 1:colcon.colcon_core.environment:checking '/home/ros2/ws01_plumbing/install/haha' for CMake config files
[24.082s] Level 1:colcon.colcon_core.shell:create_environment_hook('haha', 'cmake_prefix_path')
[24.085s] INFO:colcon.colcon_core.shell:Creating environment hook '/home/ros2/ws01_plumbing/install/haha/share/haha/hook/cmake_prefix_path.ps1'
[24.103s] INFO:colcon.colcon_core.shell:Creating environment descriptor '/home/ros2/ws01_plumbing/install/haha/share/haha/hook/cmake_prefix_path.dsv'
[24.115s] INFO:colcon.colcon_core.shell:Creating environment hook '/home/ros2/ws01_plumbing/install/haha/share/haha/hook/cmake_prefix_path.sh'
[24.118s] Level 1:colcon.colcon_core.environment:checking '/home/ros2/ws01_plumbing/install/haha/lib'
[24.119s] Level 1:colcon.colcon_core.shell:create_environment_hook('haha', 'ld_library_path_lib')
[24.123s] INFO:colcon.colcon_core.shell:Creating environment hook '/home/ros2/ws01_plumbing/install/haha/share/haha/hook/ld_library_path_lib.ps1'
[24.124s] INFO:colcon.colcon_core.shell:Creating environment descriptor '/home/ros2/ws01_plumbing/install/haha/share/haha/hook/ld_library_path_lib.dsv'
[24.125s] INFO:colcon.colcon_core.shell:Creating environment hook '/home/ros2/ws01_plumbing/install/haha/share/haha/hook/ld_library_path_lib.sh'
[24.126s] Level 1:colcon.colcon_core.environment:checking '/home/ros2/ws01_plumbing/install/haha/bin'
[24.126s] Level 1:colcon.colcon_core.environment:checking '/home/ros2/ws01_plumbing/install/haha/lib/pkgconfig/haha.pc'
[24.127s] Level 1:colcon.colcon_core.environment:checking '/home/ros2/ws01_plumbing/install/haha/lib/python3.10/site-packages'
[24.128s] Level 1:colcon.colcon_core.environment:checking '/home/ros2/ws01_plumbing/install/haha/bin'
[24.131s] INFO:colcon.colcon_core.shell:Creating package script '/home/ros2/ws01_plumbing/install/haha/share/haha/package.ps1'
[24.134s] INFO:colcon.colcon_core.shell:Creating package descriptor '/home/ros2/ws01_plumbing/install/haha/share/haha/package.dsv'
[24.137s] INFO:colcon.colcon_core.shell:Creating package script '/home/ros2/ws01_plumbing/install/haha/share/haha/package.sh'
[24.141s] INFO:colcon.colcon_core.shell:Creating package script '/home/ros2/ws01_plumbing/install/haha/share/haha/package.bash'
[24.146s] INFO:colcon.colcon_core.shell:Creating package script '/home/ros2/ws01_plumbing/install/haha/share/haha/package.zsh'
[24.160s] Level 1:colcon.colcon_core.environment:create_file_with_runtime_dependencies(/home/ros2/ws01_plumbing/install/haha/share/colcon-core/packages/haha)
[24.474s] Level 1:colcon.colcon_core.environment:create_environment_scripts_only(haha)
[24.479s] Level 1:colcon.colcon_core.environment:checking '/home/ros2/ws01_plumbing/install/haha' for CMake module files
[24.481s] Level 1:colcon.colcon_core.environment:checking '/home/ros2/ws01_plumbing/install/haha' for CMake config files
[24.482s] Level 1:colcon.colcon_core.shell:create_environment_hook('haha', 'cmake_prefix_path')
[24.486s] INFO:colcon.colcon_core.shell:Creating environment hook '/home/ros2/ws01_plumbing/install/haha/share/haha/hook/cmake_prefix_path.ps1'
[24.487s] INFO:colcon.colcon_core.shell:Creating environment descriptor '/home/ros2/ws01_plumbing/install/haha/share/haha/hook/cmake_prefix_path.dsv'
[24.489s] INFO:colcon.colcon_core.shell:Creating environment hook '/home/ros2/ws01_plumbing/install/haha/share/haha/hook/cmake_prefix_path.sh'
[24.492s] Level 1:colcon.colcon_core.environment:checking '/home/ros2/ws01_plumbing/install/haha/lib'
[24.493s] Level 1:colcon.colcon_core.shell:create_environment_hook('haha', 'ld_library_path_lib')
[24.497s] INFO:colcon.colcon_core.shell:Creating environment hook '/home/ros2/ws01_plumbing/install/haha/share/haha/hook/ld_library_path_lib.ps1'
[24.498s] INFO:colcon.colcon_core.shell:Creating environment descriptor '/home/ros2/ws01_plumbing/install/haha/share/haha/hook/ld_library_path_lib.dsv'
[24.499s] INFO:colcon.colcon_core.shell:Creating environment hook '/home/ros2/ws01_plumbing/install/haha/share/haha/hook/ld_library_path_lib.sh'
[24.501s] Level 1:colcon.colcon_core.environment:checking '/home/ros2/ws01_plumbing/install/haha/bin'
[24.501s] Level 1:colcon.colcon_core.environment:checking '/home/ros2/ws01_plumbing/install/haha/lib/pkgconfig/haha.pc'
[24.502s] Level 1:colcon.colcon_core.environment:checking '/home/ros2/ws01_plumbing/install/haha/lib/python3.10/site-packages'
[24.502s] Level 1:colcon.colcon_core.environment:checking '/home/ros2/ws01_plumbing/install/haha/bin'
[24.506s] INFO:colcon.colcon_core.shell:Creating package script '/home/ros2/ws01_plumbing/install/haha/share/haha/package.ps1'
[24.509s] INFO:colcon.colcon_core.shell:Creating package descriptor '/home/ros2/ws01_plumbing/install/haha/share/haha/package.dsv'
[24.510s] INFO:colcon.colcon_core.shell:Creating package script '/home/ros2/ws01_plumbing/install/haha/share/haha/package.sh'
[24.511s] INFO:colcon.colcon_core.shell:Creating package script '/home/ros2/ws01_plumbing/install/haha/share/haha/package.bash'
[24.513s] INFO:colcon.colcon_core.shell:Creating package script '/home/ros2/ws01_plumbing/install/haha/share/haha/package.zsh'
[24.515s] Level 1:colcon.colcon_core.environment:create_file_with_runtime_dependencies(/home/ros2/ws01_plumbing/install/haha/share/colcon-core/packages/haha)
[24.516s] DEBUG:colcon.colcon_parallel_executor.executor.parallel:closing loop
[24.517s] DEBUG:colcon.colcon_parallel_executor.executor.parallel:loop closed
[24.517s] DEBUG:colcon.colcon_parallel_executor.executor.parallel:run_until_complete finished with '0'
[24.517s] DEBUG:colcon.colcon_core.event_reactor:joining thread
[24.560s] INFO:colcon.colcon_core.plugin_system:Skipping extension 'colcon_notification.desktop_notification.terminal_notifier': Not used on non-Darwin systems
[24.561s] INFO:colcon.colcon_core.plugin_system:Skipping extension 'colcon_notification.desktop_notification.win32': Not used on non-Windows systems
[24.561s] INFO:colcon.colcon_notification.desktop_notification:Sending desktop notification using 'notify2'
[24.634s] DEBUG:colcon.colcon_core.event_reactor:joined thread
[24.637s] INFO:colcon.colcon_core.shell:Creating prefix script '/home/ros2/ws01_plumbing/install/local_setup.ps1'
[24.647s] INFO:colcon.colcon_core.shell:Creating prefix util module '/home/ros2/ws01_plumbing/install/_local_setup_util_ps1.py'
[24.652s] INFO:colcon.colcon_core.shell:Creating prefix chain script '/home/ros2/ws01_plumbing/install/setup.ps1'
[24.662s] INFO:colcon.colcon_core.shell:Creating prefix script '/home/ros2/ws01_plumbing/install/local_setup.sh'
[24.670s] INFO:colcon.colcon_core.shell:Creating prefix util module '/home/ros2/ws01_plumbing/install/_local_setup_util_sh.py'
[24.673s] INFO:colcon.colcon_core.shell:Creating prefix chain script '/home/ros2/ws01_plumbing/install/setup.sh'
[24.685s] INFO:colcon.colcon_core.shell:Creating prefix script '/home/ros2/ws01_plumbing/install/local_setup.bash'
[24.699s] INFO:colcon.colcon_core.shell:Creating prefix chain script '/home/ros2/ws01_plumbing/install/setup.bash'
[24.714s] INFO:colcon.colcon_core.shell:Creating prefix script '/home/ros2/ws01_plumbing/install/local_setup.zsh'
[24.718s] INFO:colcon.colcon_core.shell:Creating prefix chain script '/home/ros2/ws01_plumbing/install/setup.zsh'
