[0.752s] Invoking command in '/home/ros2/ws00_helloworld/build/turtlesim': CMAKE_PREFIX_PATH=/opt/ros/humble /usr/bin/cmake --build /home/ros2/ws00_helloworld/build/turtlesim -- -j4 -l4
[3.491s] [  1%] Built target turtlesim__cpp
[4.611s] [  1%] Built target ament_cmake_python_copy_turtlesim
[5.500s] [ 11%] Built target turtlesim__rosidl_typesupport_fastrtps_cpp
[5.849s] [ 21%] Built target turtlesim__rosidl_typesupport_introspection_cpp
[7.056s] running egg_info
[7.061s] writing turtlesim.egg-info/PKG-INFO
[7.067s] writing dependency_links to turtlesim.egg-info/dependency_links.txt
[7.069s] writing top-level names to turtlesim.egg-info/top_level.txt
[7.117s] reading manifest file 'turtlesim.egg-info/SOURCES.txt'
[7.125s] writing manifest file 'turtlesim.egg-info/SOURCES.txt'
[7.284s] [ 21%] Built target ament_cmake_python_build_turtlesim_egg
[7.538s] [ 31%] Built target turtlesim__rosidl_typesupport_cpp
[7.704s] [ 41%] Built target turtlesim__rosidl_generator_c
[8.059s] [ 42%] [32mBuilding CXX object CMakeFiles/draw_square.dir/tutorials/draw_square.cpp.o[0m
[49.951s] [ 43%] [32m[1mLinking CXX executable draw_square[0m
[54.081s] [ 43%] Built target draw_square
[54.225s] [ 44%] [32mBuilding CXX object CMakeFiles/mimic.dir/tutorials/mimic.cpp.o[0m
[91.750s] [ 45%] [32m[1mLinking CXX executable mimic[0m
[93.540s] [ 45%] Built target mimic
[93.717s] [ 55%] Built target turtlesim__rosidl_typesupport_fastrtps_c
[93.832s] [ 65%] Built target turtlesim__rosidl_typesupport_introspection_c
[93.966s] [ 75%] Built target turtlesim__rosidl_typesupport_c
[94.118s] [ 76%] [32mBuilding CXX object CMakeFiles/turtle_teleop_key.dir/tutorials/teleop_turtle_key.cpp.o[0m
[117.810s] [ 77%] [32m[1mLinking CXX executable turtle_teleop_key[0m
[118.863s] [ 77%] Built target turtle_teleop_key
[118.982s] [ 77%] Built target turtlesim
[119.105s] [35m[1mConsolidate compiler generated dependencies of target turtlesim_node[0m
[119.249s] [ 78%] [32mBuilding CXX object CMakeFiles/turtlesim_node.dir/src/turtle.cpp.o[0m
[171.927s] [ 79%] [32mBuilding CXX object CMakeFiles/turtlesim_node.dir/include/turtlesim/moc_turtle_frame.cpp.o[0m
[189.419s] [ 80%] [32mBuilding CXX object CMakeFiles/turtlesim_node.dir/src/turtle_frame.cpp.o[0m
[231.848s] [ 81%] [32m[1mLinking CXX executable turtlesim_node[0m
[240.243s] [ 83%] Built target turtlesim_node
[240.384s] [ 84%] Built target turtlesim__py
[240.532s] [35m[1mConsolidate compiler generated dependencies of target turtlesim__rosidl_generator_py[0m
[240.691s] [ 93%] Built target turtlesim__rosidl_generator_py
[240.751s] [35m[1mConsolidate compiler generated dependencies of target turtlesim__rosidl_typesupport_fastrtps_c__pyext[0m
[240.800s] [ 95%] Built target turtlesim__rosidl_typesupport_fastrtps_c__pyext
[240.843s] [35m[1mConsolidate compiler generated dependencies of target turtlesim__rosidl_typesupport_c__pyext[0m
[240.901s] [ 97%] Built target turtlesim__rosidl_typesupport_c__pyext
[240.955s] [35m[1mConsolidate compiler generated dependencies of target turtlesim__rosidl_typesupport_introspection_c__pyext[0m
[241.005s] [100%] Built target turtlesim__rosidl_typesupport_introspection_c__pyext
[241.057s] Invoked command in '/home/ros2/ws00_helloworld/build/turtlesim' returned '0': CMAKE_PREFIX_PATH=/opt/ros/humble /usr/bin/cmake --build /home/ros2/ws00_helloworld/build/turtlesim -- -j4 -l4
[242.457s] Invoking command in '/home/ros2/ws00_helloworld/build/turtlesim': CMAKE_PREFIX_PATH=/opt/ros/humble /usr/bin/cmake --install /home/ros2/ws00_helloworld/build/turtlesim
[242.508s] -- Install configuration: ""
[242.516s] -- Up-to-date: /home/ros2/ws00_helloworld/install/turtlesim/share/ament_index/resource_index/rosidl_interfaces/turtlesim
[242.517s] -- Up-to-date: /home/ros2/ws00_helloworld/install/turtlesim/include/turtlesim/turtlesim
[242.517s] -- Up-to-date: /home/ros2/ws00_helloworld/install/turtlesim/include/turtlesim/turtlesim/action
[242.518s] -- Up-to-date: /home/ros2/ws00_helloworld/install/turtlesim/include/turtlesim/turtlesim/action/detail
[242.518s] -- Up-to-date: /home/ros2/ws00_helloworld/install/turtlesim/include/turtlesim/turtlesim/action/detail/rotate_absolute__struct.h
[242.519s] -- Up-to-date: /home/ros2/ws00_helloworld/install/turtlesim/include/turtlesim/turtlesim/action/detail/rotate_absolute__type_support.h
[242.520s] -- Up-to-date: /home/ros2/ws00_helloworld/install/turtlesim/include/turtlesim/turtlesim/action/detail/rotate_absolute__functions.c
[242.521s] -- Up-to-date: /home/ros2/ws00_helloworld/install/turtlesim/include/turtlesim/turtlesim/action/detail/rotate_absolute__functions.h
[242.521s] -- Up-to-date: /home/ros2/ws00_helloworld/install/turtlesim/include/turtlesim/turtlesim/action/rotate_absolute.h
[242.522s] -- Up-to-date: /home/ros2/ws00_helloworld/install/turtlesim/include/turtlesim/turtlesim/msg
[242.523s] -- Up-to-date: /home/ros2/ws00_helloworld/install/turtlesim/include/turtlesim/turtlesim/msg/detail
[242.524s] -- Up-to-date: /home/ros2/ws00_helloworld/install/turtlesim/include/turtlesim/turtlesim/msg/detail/color__functions.h
[242.525s] -- Up-to-date: /home/ros2/ws00_helloworld/install/turtlesim/include/turtlesim/turtlesim/msg/detail/pose__struct.h
[242.525s] -- Up-to-date: /home/ros2/ws00_helloworld/install/turtlesim/include/turtlesim/turtlesim/msg/detail/color__type_support.h
[242.525s] -- Up-to-date: /home/ros2/ws00_helloworld/install/turtlesim/include/turtlesim/turtlesim/msg/detail/color__struct.h
[242.526s] -- Up-to-date: /home/ros2/ws00_helloworld/install/turtlesim/include/turtlesim/turtlesim/msg/detail/pose__functions.c
[242.526s] -- Up-to-date: /home/ros2/ws00_helloworld/install/turtlesim/include/turtlesim/turtlesim/msg/detail/color__functions.c
[242.526s] -- Up-to-date: /home/ros2/ws00_helloworld/install/turtlesim/include/turtlesim/turtlesim/msg/detail/pose__type_support.h
[242.526s] -- Up-to-date: /home/ros2/ws00_helloworld/install/turtlesim/include/turtlesim/turtlesim/msg/detail/pose__functions.h
[242.527s] -- Up-to-date: /home/ros2/ws00_helloworld/install/turtlesim/include/turtlesim/turtlesim/msg/pose.h
[242.528s] -- Up-to-date: /home/ros2/ws00_helloworld/install/turtlesim/include/turtlesim/turtlesim/msg/color.h
[242.528s] -- Up-to-date: /home/ros2/ws00_helloworld/install/turtlesim/include/turtlesim/turtlesim/msg/rosidl_generator_c__visibility_control.h
[242.528s] -- Up-to-date: /home/ros2/ws00_helloworld/install/turtlesim/include/turtlesim/turtlesim/srv
[242.528s] -- Up-to-date: /home/ros2/ws00_helloworld/install/turtlesim/include/turtlesim/turtlesim/srv/kill.h
[242.528s] -- Up-to-date: /home/ros2/ws00_helloworld/install/turtlesim/include/turtlesim/turtlesim/srv/set_pen.h
[242.530s] -- Up-to-date: /home/ros2/ws00_helloworld/install/turtlesim/include/turtlesim/turtlesim/srv/detail
[242.530s] -- Up-to-date: /home/ros2/ws00_helloworld/install/turtlesim/include/turtlesim/turtlesim/srv/detail/set_pen__functions.h
[242.530s] -- Up-to-date: /home/ros2/ws00_helloworld/install/turtlesim/include/turtlesim/turtlesim/srv/detail/teleport_absolute__type_support.h
[242.531s] -- Up-to-date: /home/ros2/ws00_helloworld/install/turtlesim/include/turtlesim/turtlesim/srv/detail/teleport_absolute__functions.h
[242.532s] -- Up-to-date: /home/ros2/ws00_helloworld/install/turtlesim/include/turtlesim/turtlesim/srv/detail/spawn__functions.h
[242.532s] -- Up-to-date: /home/ros2/ws00_helloworld/install/turtlesim/include/turtlesim/turtlesim/srv/detail/spawn__functions.c
[242.532s] -- Up-to-date: /home/ros2/ws00_helloworld/install/turtlesim/include/turtlesim/turtlesim/srv/detail/teleport_absolute__struct.h
[242.533s] -- Up-to-date: /home/ros2/ws00_helloworld/install/turtlesim/include/turtlesim/turtlesim/srv/detail/kill__functions.c
[242.533s] -- Up-to-date: /home/ros2/ws00_helloworld/install/turtlesim/include/turtlesim/turtlesim/srv/detail/set_pen__functions.c
[242.533s] -- Up-to-date: /home/ros2/ws00_helloworld/install/turtlesim/include/turtlesim/turtlesim/srv/detail/teleport_absolute__functions.c
[242.533s] -- Up-to-date: /home/ros2/ws00_helloworld/install/turtlesim/include/turtlesim/turtlesim/srv/detail/teleport_relative__functions.h
[242.534s] -- Up-to-date: /home/ros2/ws00_helloworld/install/turtlesim/include/turtlesim/turtlesim/srv/detail/teleport_relative__struct.h
[242.534s] -- Up-to-date: /home/ros2/ws00_helloworld/install/turtlesim/include/turtlesim/turtlesim/srv/detail/spawn__struct.h
[242.535s] -- Up-to-date: /home/ros2/ws00_helloworld/install/turtlesim/include/turtlesim/turtlesim/srv/detail/teleport_relative__functions.c
[242.536s] -- Up-to-date: /home/ros2/ws00_helloworld/install/turtlesim/include/turtlesim/turtlesim/srv/detail/spawn__type_support.h
[242.536s] -- Up-to-date: /home/ros2/ws00_helloworld/install/turtlesim/include/turtlesim/turtlesim/srv/detail/set_pen__struct.h
[242.537s] -- Up-to-date: /home/ros2/ws00_helloworld/install/turtlesim/include/turtlesim/turtlesim/srv/detail/kill__struct.h
[242.538s] -- Up-to-date: /home/ros2/ws00_helloworld/install/turtlesim/include/turtlesim/turtlesim/srv/detail/set_pen__type_support.h
[242.539s] -- Up-to-date: /home/ros2/ws00_helloworld/install/turtlesim/include/turtlesim/turtlesim/srv/detail/kill__functions.h
[242.539s] -- Up-to-date: /home/ros2/ws00_helloworld/install/turtlesim/include/turtlesim/turtlesim/srv/detail/teleport_relative__type_support.h
[242.540s] -- Up-to-date: /home/ros2/ws00_helloworld/install/turtlesim/include/turtlesim/turtlesim/srv/detail/kill__type_support.h
[242.540s] -- Up-to-date: /home/ros2/ws00_helloworld/install/turtlesim/include/turtlesim/turtlesim/srv/teleport_relative.h
[242.540s] -- Up-to-date: /home/ros2/ws00_helloworld/install/turtlesim/include/turtlesim/turtlesim/srv/teleport_absolute.h
[242.541s] -- Up-to-date: /home/ros2/ws00_helloworld/install/turtlesim/include/turtlesim/turtlesim/srv/spawn.h
[242.541s] -- Up-to-date: /home/ros2/ws00_helloworld/install/turtlesim/share/turtlesim/environment/library_path.sh
[242.541s] -- Installing: /home/ros2/ws00_helloworld/install/turtlesim/share/turtlesim/environment/library_path.dsv
[242.572s] -- Up-to-date: /home/ros2/ws00_helloworld/install/turtlesim/lib/libturtlesim__rosidl_generator_c.so
[242.575s] -- Up-to-date: /home/ros2/ws00_helloworld/install/turtlesim/include/turtlesim/turtlesim
[242.576s] -- Up-to-date: /home/ros2/ws00_helloworld/install/turtlesim/include/turtlesim/turtlesim/action
[242.576s] -- Up-to-date: /home/ros2/ws00_helloworld/install/turtlesim/include/turtlesim/turtlesim/action/detail
[242.576s] -- Up-to-date: /home/ros2/ws00_helloworld/install/turtlesim/include/turtlesim/turtlesim/action/detail/rotate_absolute__rosidl_typesupport_fastrtps_c.h
[242.576s] -- Up-to-date: /home/ros2/ws00_helloworld/install/turtlesim/include/turtlesim/turtlesim/msg
[242.577s] -- Up-to-date: /home/ros2/ws00_helloworld/install/turtlesim/include/turtlesim/turtlesim/msg/detail
[242.577s] -- Up-to-date: /home/ros2/ws00_helloworld/install/turtlesim/include/turtlesim/turtlesim/msg/detail/color__rosidl_typesupport_fastrtps_c.h
[242.577s] -- Up-to-date: /home/ros2/ws00_helloworld/install/turtlesim/include/turtlesim/turtlesim/msg/detail/pose__rosidl_typesupport_fastrtps_c.h
[242.577s] -- Up-to-date: /home/ros2/ws00_helloworld/install/turtlesim/include/turtlesim/turtlesim/msg/rosidl_typesupport_fastrtps_c__visibility_control.h
[242.577s] -- Up-to-date: /home/ros2/ws00_helloworld/install/turtlesim/include/turtlesim/turtlesim/srv
[242.577s] -- Up-to-date: /home/ros2/ws00_helloworld/install/turtlesim/include/turtlesim/turtlesim/srv/detail
[242.577s] -- Up-to-date: /home/ros2/ws00_helloworld/install/turtlesim/include/turtlesim/turtlesim/srv/detail/teleport_absolute__rosidl_typesupport_fastrtps_c.h
[242.578s] -- Up-to-date: /home/ros2/ws00_helloworld/install/turtlesim/include/turtlesim/turtlesim/srv/detail/kill__rosidl_typesupport_fastrtps_c.h
[242.578s] -- Up-to-date: /home/ros2/ws00_helloworld/install/turtlesim/include/turtlesim/turtlesim/srv/detail/set_pen__rosidl_typesupport_fastrtps_c.h
[242.578s] -- Up-to-date: /home/ros2/ws00_helloworld/install/turtlesim/include/turtlesim/turtlesim/srv/detail/teleport_relative__rosidl_typesupport_fastrtps_c.h
[242.578s] -- Up-to-date: /home/ros2/ws00_helloworld/install/turtlesim/include/turtlesim/turtlesim/srv/detail/spawn__rosidl_typesupport_fastrtps_c.h
[242.580s] -- Up-to-date: /home/ros2/ws00_helloworld/install/turtlesim/lib/libturtlesim__rosidl_typesupport_fastrtps_c.so
[242.581s] -- Up-to-date: /home/ros2/ws00_helloworld/install/turtlesim/include/turtlesim/turtlesim
[242.581s] -- Up-to-date: /home/ros2/ws00_helloworld/install/turtlesim/include/turtlesim/turtlesim/action
[242.586s] -- Up-to-date: /home/ros2/ws00_helloworld/install/turtlesim/include/turtlesim/turtlesim/action/detail
[242.586s] -- Up-to-date: /home/ros2/ws00_helloworld/install/turtlesim/include/turtlesim/turtlesim/action/detail/rotate_absolute__traits.hpp
[242.587s] -- Up-to-date: /home/ros2/ws00_helloworld/install/turtlesim/include/turtlesim/turtlesim/action/detail/rotate_absolute__struct.hpp
[242.587s] -- Up-to-date: /home/ros2/ws00_helloworld/install/turtlesim/include/turtlesim/turtlesim/action/detail/rotate_absolute__builder.hpp
[242.588s] -- Up-to-date: /home/ros2/ws00_helloworld/install/turtlesim/include/turtlesim/turtlesim/action/rotate_absolute.hpp
[242.595s] -- Up-to-date: /home/ros2/ws00_helloworld/install/turtlesim/include/turtlesim/turtlesim/msg
[242.599s] -- Up-to-date: /home/ros2/ws00_helloworld/install/turtlesim/include/turtlesim/turtlesim/msg/detail
[242.599s] -- Up-to-date: /home/ros2/ws00_helloworld/install/turtlesim/include/turtlesim/turtlesim/msg/detail/pose__builder.hpp
[242.604s] -- Up-to-date: /home/ros2/ws00_helloworld/install/turtlesim/include/turtlesim/turtlesim/msg/detail/color__builder.hpp
[242.605s] -- Up-to-date: /home/ros2/ws00_helloworld/install/turtlesim/include/turtlesim/turtlesim/msg/detail/pose__traits.hpp
[242.605s] -- Up-to-date: /home/ros2/ws00_helloworld/install/turtlesim/include/turtlesim/turtlesim/msg/detail/color__traits.hpp
[242.605s] -- Up-to-date: /home/ros2/ws00_helloworld/install/turtlesim/include/turtlesim/turtlesim/msg/detail/pose__struct.hpp
[242.605s] -- Up-to-date: /home/ros2/ws00_helloworld/install/turtlesim/include/turtlesim/turtlesim/msg/detail/color__struct.hpp
[242.608s] -- Up-to-date: /home/ros2/ws00_helloworld/install/turtlesim/include/turtlesim/turtlesim/msg/color.hpp
[242.608s] -- Up-to-date: /home/ros2/ws00_helloworld/install/turtlesim/include/turtlesim/turtlesim/msg/pose.hpp
[242.609s] -- Up-to-date: /home/ros2/ws00_helloworld/install/turtlesim/include/turtlesim/turtlesim/srv
[242.609s] -- Up-to-date: /home/ros2/ws00_helloworld/install/turtlesim/include/turtlesim/turtlesim/srv/detail
[242.609s] -- Up-to-date: /home/ros2/ws00_helloworld/install/turtlesim/include/turtlesim/turtlesim/srv/detail/set_pen__traits.hpp
[242.609s] -- Up-to-date: /home/ros2/ws00_helloworld/install/turtlesim/include/turtlesim/turtlesim/srv/detail/teleport_absolute__struct.hpp
[242.609s] -- Up-to-date: /home/ros2/ws00_helloworld/install/turtlesim/include/turtlesim/turtlesim/srv/detail/teleport_relative__traits.hpp
[242.610s] -- Up-to-date: /home/ros2/ws00_helloworld/install/turtlesim/include/turtlesim/turtlesim/srv/detail/set_pen__struct.hpp
[242.610s] -- Up-to-date: /home/ros2/ws00_helloworld/install/turtlesim/include/turtlesim/turtlesim/srv/detail/teleport_absolute__traits.hpp
[242.610s] -- Up-to-date: /home/ros2/ws00_helloworld/install/turtlesim/include/turtlesim/turtlesim/srv/detail/kill__builder.hpp
[242.610s] -- Up-to-date: /home/ros2/ws00_helloworld/install/turtlesim/include/turtlesim/turtlesim/srv/detail/spawn__builder.hpp
[242.612s] -- Up-to-date: /home/ros2/ws00_helloworld/install/turtlesim/include/turtlesim/turtlesim/srv/detail/spawn__traits.hpp
[242.614s] -- Up-to-date: /home/ros2/ws00_helloworld/install/turtlesim/include/turtlesim/turtlesim/srv/detail/kill__traits.hpp
[242.616s] -- Up-to-date: /home/ros2/ws00_helloworld/install/turtlesim/include/turtlesim/turtlesim/srv/detail/teleport_absolute__builder.hpp
[242.616s] -- Up-to-date: /home/ros2/ws00_helloworld/install/turtlesim/include/turtlesim/turtlesim/srv/detail/teleport_relative__struct.hpp
[242.616s] -- Up-to-date: /home/ros2/ws00_helloworld/install/turtlesim/include/turtlesim/turtlesim/srv/detail/kill__struct.hpp
[242.617s] -- Up-to-date: /home/ros2/ws00_helloworld/install/turtlesim/include/turtlesim/turtlesim/srv/detail/set_pen__builder.hpp
[242.618s] -- Up-to-date: /home/ros2/ws00_helloworld/install/turtlesim/include/turtlesim/turtlesim/srv/detail/spawn__struct.hpp
[242.619s] -- Up-to-date: /home/ros2/ws00_helloworld/install/turtlesim/include/turtlesim/turtlesim/srv/detail/teleport_relative__builder.hpp
[242.619s] -- Up-to-date: /home/ros2/ws00_helloworld/install/turtlesim/include/turtlesim/turtlesim/srv/kill.hpp
[242.620s] -- Up-to-date: /home/ros2/ws00_helloworld/install/turtlesim/include/turtlesim/turtlesim/srv/teleport_absolute.hpp
[242.620s] -- Up-to-date: /home/ros2/ws00_helloworld/install/turtlesim/include/turtlesim/turtlesim/srv/set_pen.hpp
[242.621s] -- Up-to-date: /home/ros2/ws00_helloworld/install/turtlesim/include/turtlesim/turtlesim/srv/spawn.hpp
[242.621s] -- Up-to-date: /home/ros2/ws00_helloworld/install/turtlesim/include/turtlesim/turtlesim/srv/teleport_relative.hpp
[242.621s] -- Up-to-date: /home/ros2/ws00_helloworld/install/turtlesim/include/turtlesim/turtlesim
[242.621s] -- Up-to-date: /home/ros2/ws00_helloworld/install/turtlesim/include/turtlesim/turtlesim/action
[242.622s] -- Up-to-date: /home/ros2/ws00_helloworld/install/turtlesim/include/turtlesim/turtlesim/action/detail
[242.622s] -- Up-to-date: /home/ros2/ws00_helloworld/install/turtlesim/include/turtlesim/turtlesim/action/detail/rotate_absolute__rosidl_typesupport_fastrtps_cpp.hpp
[242.622s] -- Up-to-date: /home/ros2/ws00_helloworld/install/turtlesim/include/turtlesim/turtlesim/action/detail/dds_fastrtps
[242.623s] -- Up-to-date: /home/ros2/ws00_helloworld/install/turtlesim/include/turtlesim/turtlesim/msg
[242.623s] -- Up-to-date: /home/ros2/ws00_helloworld/install/turtlesim/include/turtlesim/turtlesim/msg/detail
[242.623s] -- Up-to-date: /home/ros2/ws00_helloworld/install/turtlesim/include/turtlesim/turtlesim/msg/detail/pose__rosidl_typesupport_fastrtps_cpp.hpp
[242.624s] -- Up-to-date: /home/ros2/ws00_helloworld/install/turtlesim/include/turtlesim/turtlesim/msg/detail/dds_fastrtps
[242.624s] -- Up-to-date: /home/ros2/ws00_helloworld/install/turtlesim/include/turtlesim/turtlesim/msg/detail/color__rosidl_typesupport_fastrtps_cpp.hpp
[242.624s] -- Up-to-date: /home/ros2/ws00_helloworld/install/turtlesim/include/turtlesim/turtlesim/msg/rosidl_typesupport_fastrtps_cpp__visibility_control.h
[242.624s] -- Up-to-date: /home/ros2/ws00_helloworld/install/turtlesim/include/turtlesim/turtlesim/srv
[242.624s] -- Up-to-date: /home/ros2/ws00_helloworld/install/turtlesim/include/turtlesim/turtlesim/srv/detail
[242.625s] -- Up-to-date: /home/ros2/ws00_helloworld/install/turtlesim/include/turtlesim/turtlesim/srv/detail/teleport_absolute__rosidl_typesupport_fastrtps_cpp.hpp
[242.625s] -- Up-to-date: /home/ros2/ws00_helloworld/install/turtlesim/include/turtlesim/turtlesim/srv/detail/kill__rosidl_typesupport_fastrtps_cpp.hpp
[242.625s] -- Up-to-date: /home/ros2/ws00_helloworld/install/turtlesim/include/turtlesim/turtlesim/srv/detail/set_pen__rosidl_typesupport_fastrtps_cpp.hpp
[242.625s] -- Up-to-date: /home/ros2/ws00_helloworld/install/turtlesim/include/turtlesim/turtlesim/srv/detail/spawn__rosidl_typesupport_fastrtps_cpp.hpp
[242.625s] -- Up-to-date: /home/ros2/ws00_helloworld/install/turtlesim/include/turtlesim/turtlesim/srv/detail/dds_fastrtps
[242.625s] -- Up-to-date: /home/ros2/ws00_helloworld/install/turtlesim/include/turtlesim/turtlesim/srv/detail/teleport_relative__rosidl_typesupport_fastrtps_cpp.hpp
[242.626s] -- Up-to-date: /home/ros2/ws00_helloworld/install/turtlesim/lib/libturtlesim__rosidl_typesupport_fastrtps_cpp.so
[242.626s] -- Up-to-date: /home/ros2/ws00_helloworld/install/turtlesim/include/turtlesim/turtlesim
[242.626s] -- Up-to-date: /home/ros2/ws00_helloworld/install/turtlesim/include/turtlesim/turtlesim/action
[242.627s] -- Up-to-date: /home/ros2/ws00_helloworld/install/turtlesim/include/turtlesim/turtlesim/action/detail
[242.627s] -- Up-to-date: /home/ros2/ws00_helloworld/install/turtlesim/include/turtlesim/turtlesim/action/detail/rotate_absolute__type_support.c
[242.628s] -- Up-to-date: /home/ros2/ws00_helloworld/install/turtlesim/include/turtlesim/turtlesim/action/detail/rotate_absolute__rosidl_typesupport_introspection_c.h
[242.628s] -- Up-to-date: /home/ros2/ws00_helloworld/install/turtlesim/include/turtlesim/turtlesim/msg
[242.628s] -- Up-to-date: /home/ros2/ws00_helloworld/install/turtlesim/include/turtlesim/turtlesim/msg/detail
[242.628s] -- Up-to-date: /home/ros2/ws00_helloworld/install/turtlesim/include/turtlesim/turtlesim/msg/detail/pose__rosidl_typesupport_introspection_c.h
[242.628s] -- Up-to-date: /home/ros2/ws00_helloworld/install/turtlesim/include/turtlesim/turtlesim/msg/detail/color__rosidl_typesupport_introspection_c.h
[242.629s] -- Up-to-date: /home/ros2/ws00_helloworld/install/turtlesim/include/turtlesim/turtlesim/msg/detail/color__type_support.c
[242.629s] -- Up-to-date: /home/ros2/ws00_helloworld/install/turtlesim/include/turtlesim/turtlesim/msg/detail/pose__type_support.c
[242.629s] -- Up-to-date: /home/ros2/ws00_helloworld/install/turtlesim/include/turtlesim/turtlesim/msg/rosidl_typesupport_introspection_c__visibility_control.h
[242.629s] -- Up-to-date: /home/ros2/ws00_helloworld/install/turtlesim/include/turtlesim/turtlesim/srv
[242.629s] -- Up-to-date: /home/ros2/ws00_helloworld/install/turtlesim/include/turtlesim/turtlesim/srv/detail
[242.629s] -- Up-to-date: /home/ros2/ws00_helloworld/install/turtlesim/include/turtlesim/turtlesim/srv/detail/set_pen__rosidl_typesupport_introspection_c.h
[242.630s] -- Up-to-date: /home/ros2/ws00_helloworld/install/turtlesim/include/turtlesim/turtlesim/srv/detail/teleport_absolute__type_support.c
[242.631s] -- Up-to-date: /home/ros2/ws00_helloworld/install/turtlesim/include/turtlesim/turtlesim/srv/detail/kill__type_support.c
[242.638s] -- Up-to-date: /home/ros2/ws00_helloworld/install/turtlesim/include/turtlesim/turtlesim/srv/detail/teleport_absolute__rosidl_typesupport_introspection_c.h
[242.639s] -- Up-to-date: /home/ros2/ws00_helloworld/install/turtlesim/include/turtlesim/turtlesim/srv/detail/set_pen__type_support.c
[242.639s] -- Up-to-date: /home/ros2/ws00_helloworld/install/turtlesim/include/turtlesim/turtlesim/srv/detail/kill__rosidl_typesupport_introspection_c.h
[242.639s] -- Up-to-date: /home/ros2/ws00_helloworld/install/turtlesim/include/turtlesim/turtlesim/srv/detail/teleport_relative__type_support.c
[242.639s] -- Up-to-date: /home/ros2/ws00_helloworld/install/turtlesim/include/turtlesim/turtlesim/srv/detail/spawn__rosidl_typesupport_introspection_c.h
[242.640s] -- Up-to-date: /home/ros2/ws00_helloworld/install/turtlesim/include/turtlesim/turtlesim/srv/detail/spawn__type_support.c
[242.640s] -- Up-to-date: /home/ros2/ws00_helloworld/install/turtlesim/include/turtlesim/turtlesim/srv/detail/teleport_relative__rosidl_typesupport_introspection_c.h
[242.640s] -- Up-to-date: /home/ros2/ws00_helloworld/install/turtlesim/lib/libturtlesim__rosidl_typesupport_introspection_c.so
[242.640s] -- Up-to-date: /home/ros2/ws00_helloworld/install/turtlesim/lib/libturtlesim__rosidl_typesupport_c.so
[242.640s] -- Up-to-date: /home/ros2/ws00_helloworld/install/turtlesim/include/turtlesim/turtlesim
[242.640s] -- Up-to-date: /home/ros2/ws00_helloworld/install/turtlesim/include/turtlesim/turtlesim/action
[242.640s] -- Up-to-date: /home/ros2/ws00_helloworld/install/turtlesim/include/turtlesim/turtlesim/action/detail
[242.641s] -- Up-to-date: /home/ros2/ws00_helloworld/install/turtlesim/include/turtlesim/turtlesim/action/detail/rotate_absolute__rosidl_typesupport_introspection_cpp.hpp
[242.641s] -- Up-to-date: /home/ros2/ws00_helloworld/install/turtlesim/include/turtlesim/turtlesim/action/detail/rotate_absolute__type_support.cpp
[242.641s] -- Up-to-date: /home/ros2/ws00_helloworld/install/turtlesim/include/turtlesim/turtlesim/msg
[242.641s] -- Up-to-date: /home/ros2/ws00_helloworld/install/turtlesim/include/turtlesim/turtlesim/msg/detail
[242.641s] -- Up-to-date: /home/ros2/ws00_helloworld/install/turtlesim/include/turtlesim/turtlesim/msg/detail/pose__rosidl_typesupport_introspection_cpp.hpp
[242.641s] -- Up-to-date: /home/ros2/ws00_helloworld/install/turtlesim/include/turtlesim/turtlesim/msg/detail/color__rosidl_typesupport_introspection_cpp.hpp
[242.642s] -- Up-to-date: /home/ros2/ws00_helloworld/install/turtlesim/include/turtlesim/turtlesim/msg/detail/color__type_support.cpp
[242.642s] -- Up-to-date: /home/ros2/ws00_helloworld/install/turtlesim/include/turtlesim/turtlesim/msg/detail/pose__type_support.cpp
[242.642s] -- Up-to-date: /home/ros2/ws00_helloworld/install/turtlesim/include/turtlesim/turtlesim/srv
[242.642s] -- Up-to-date: /home/ros2/ws00_helloworld/install/turtlesim/include/turtlesim/turtlesim/srv/detail
[242.642s] -- Up-to-date: /home/ros2/ws00_helloworld/install/turtlesim/include/turtlesim/turtlesim/srv/detail/kill__type_support.cpp
[242.643s] -- Up-to-date: /home/ros2/ws00_helloworld/install/turtlesim/include/turtlesim/turtlesim/srv/detail/teleport_absolute__type_support.cpp
[242.643s] -- Up-to-date: /home/ros2/ws00_helloworld/install/turtlesim/include/turtlesim/turtlesim/srv/detail/kill__rosidl_typesupport_introspection_cpp.hpp
[242.643s] -- Up-to-date: /home/ros2/ws00_helloworld/install/turtlesim/include/turtlesim/turtlesim/srv/detail/set_pen__type_support.cpp
[242.644s] -- Up-to-date: /home/ros2/ws00_helloworld/install/turtlesim/include/turtlesim/turtlesim/srv/detail/teleport_relative__rosidl_typesupport_introspection_cpp.hpp
[242.644s] -- Up-to-date: /home/ros2/ws00_helloworld/install/turtlesim/include/turtlesim/turtlesim/srv/detail/teleport_relative__type_support.cpp
[242.644s] -- Up-to-date: /home/ros2/ws00_helloworld/install/turtlesim/include/turtlesim/turtlesim/srv/detail/set_pen__rosidl_typesupport_introspection_cpp.hpp
[242.644s] -- Up-to-date: /home/ros2/ws00_helloworld/install/turtlesim/include/turtlesim/turtlesim/srv/detail/teleport_absolute__rosidl_typesupport_introspection_cpp.hpp
[242.644s] -- Up-to-date: /home/ros2/ws00_helloworld/install/turtlesim/include/turtlesim/turtlesim/srv/detail/spawn__type_support.cpp
[242.644s] -- Up-to-date: /home/ros2/ws00_helloworld/install/turtlesim/include/turtlesim/turtlesim/srv/detail/spawn__rosidl_typesupport_introspection_cpp.hpp
[242.644s] -- Up-to-date: /home/ros2/ws00_helloworld/install/turtlesim/lib/libturtlesim__rosidl_typesupport_introspection_cpp.so
[242.645s] -- Up-to-date: /home/ros2/ws00_helloworld/install/turtlesim/lib/libturtlesim__rosidl_typesupport_cpp.so
[242.645s] -- Up-to-date: /home/ros2/ws00_helloworld/install/turtlesim/share/turtlesim/environment/pythonpath.sh
[242.645s] -- Installing: /home/ros2/ws00_helloworld/install/turtlesim/share/turtlesim/environment/pythonpath.dsv
[242.645s] -- Up-to-date: /home/ros2/ws00_helloworld/install/turtlesim/local/lib/python3.10/dist-packages/turtlesim-1.4.2-py3.10.egg-info
[242.645s] -- Installing: /home/ros2/ws00_helloworld/install/turtlesim/local/lib/python3.10/dist-packages/turtlesim-1.4.2-py3.10.egg-info/top_level.txt
[242.645s] -- Installing: /home/ros2/ws00_helloworld/install/turtlesim/local/lib/python3.10/dist-packages/turtlesim-1.4.2-py3.10.egg-info/dependency_links.txt
[242.645s] -- Installing: /home/ros2/ws00_helloworld/install/turtlesim/local/lib/python3.10/dist-packages/turtlesim-1.4.2-py3.10.egg-info/SOURCES.txt
[242.646s] -- Installing: /home/ros2/ws00_helloworld/install/turtlesim/local/lib/python3.10/dist-packages/turtlesim-1.4.2-py3.10.egg-info/PKG-INFO
[242.646s] -- Up-to-date: /home/ros2/ws00_helloworld/install/turtlesim/local/lib/python3.10/dist-packages/turtlesim
[242.646s] -- Up-to-date: /home/ros2/ws00_helloworld/install/turtlesim/local/lib/python3.10/dist-packages/turtlesim/_turtlesim_s.ep.rosidl_typesupport_c.c
[242.646s] -- Up-to-date: /home/ros2/ws00_helloworld/install/turtlesim/local/lib/python3.10/dist-packages/turtlesim/action
[242.646s] -- Up-to-date: /home/ros2/ws00_helloworld/install/turtlesim/local/lib/python3.10/dist-packages/turtlesim/action/_rotate_absolute.py
[242.647s] -- Up-to-date: /home/ros2/ws00_helloworld/install/turtlesim/local/lib/python3.10/dist-packages/turtlesim/action/_rotate_absolute_s.c
[242.648s] -- Up-to-date: /home/ros2/ws00_helloworld/install/turtlesim/local/lib/python3.10/dist-packages/turtlesim/action/__init__.py
[242.648s] -- Up-to-date: /home/ros2/ws00_helloworld/install/turtlesim/local/lib/python3.10/dist-packages/turtlesim/msg
[242.648s] -- Up-to-date: /home/ros2/ws00_helloworld/install/turtlesim/local/lib/python3.10/dist-packages/turtlesim/msg/_pose_s.c
[242.648s] -- Up-to-date: /home/ros2/ws00_helloworld/install/turtlesim/local/lib/python3.10/dist-packages/turtlesim/msg/__init__.py
[242.648s] -- Up-to-date: /home/ros2/ws00_helloworld/install/turtlesim/local/lib/python3.10/dist-packages/turtlesim/msg/_color.py
[242.648s] -- Up-to-date: /home/ros2/ws00_helloworld/install/turtlesim/local/lib/python3.10/dist-packages/turtlesim/msg/_pose.py
[242.648s] -- Up-to-date: /home/ros2/ws00_helloworld/install/turtlesim/local/lib/python3.10/dist-packages/turtlesim/msg/_color_s.c
[242.649s] -- Installing: /home/ros2/ws00_helloworld/install/turtlesim/local/lib/python3.10/dist-packages/turtlesim/__init__.py
[242.649s] -- Up-to-date: /home/ros2/ws00_helloworld/install/turtlesim/local/lib/python3.10/dist-packages/turtlesim/libturtlesim__rosidl_generator_py.so
[242.649s] -- Up-to-date: /home/ros2/ws00_helloworld/install/turtlesim/local/lib/python3.10/dist-packages/turtlesim/turtlesim_s__rosidl_typesupport_c.cpython-310-x86_64-linux-gnu.so
[242.649s] -- Up-to-date: /home/ros2/ws00_helloworld/install/turtlesim/local/lib/python3.10/dist-packages/turtlesim/srv
[242.649s] -- Up-to-date: /home/ros2/ws00_helloworld/install/turtlesim/local/lib/python3.10/dist-packages/turtlesim/srv/_teleport_absolute.py
[242.649s] -- Up-to-date: /home/ros2/ws00_helloworld/install/turtlesim/local/lib/python3.10/dist-packages/turtlesim/srv/__init__.py
[242.649s] -- Up-to-date: /home/ros2/ws00_helloworld/install/turtlesim/local/lib/python3.10/dist-packages/turtlesim/srv/_teleport_relative.py
[242.650s] -- Up-to-date: /home/ros2/ws00_helloworld/install/turtlesim/local/lib/python3.10/dist-packages/turtlesim/srv/_kill.py
[242.650s] -- Up-to-date: /home/ros2/ws00_helloworld/install/turtlesim/local/lib/python3.10/dist-packages/turtlesim/srv/_set_pen.py
[242.650s] -- Up-to-date: /home/ros2/ws00_helloworld/install/turtlesim/local/lib/python3.10/dist-packages/turtlesim/srv/_spawn_s.c
[242.651s] -- Up-to-date: /home/ros2/ws00_helloworld/install/turtlesim/local/lib/python3.10/dist-packages/turtlesim/srv/_kill_s.c
[242.651s] -- Up-to-date: /home/ros2/ws00_helloworld/install/turtlesim/local/lib/python3.10/dist-packages/turtlesim/srv/_set_pen_s.c
[242.652s] -- Up-to-date: /home/ros2/ws00_helloworld/install/turtlesim/local/lib/python3.10/dist-packages/turtlesim/srv/_teleport_relative_s.c
[242.652s] -- Up-to-date: /home/ros2/ws00_helloworld/install/turtlesim/local/lib/python3.10/dist-packages/turtlesim/srv/_teleport_absolute_s.c
[242.652s] -- Up-to-date: /home/ros2/ws00_helloworld/install/turtlesim/local/lib/python3.10/dist-packages/turtlesim/srv/_spawn.py
[242.652s] -- Up-to-date: /home/ros2/ws00_helloworld/install/turtlesim/local/lib/python3.10/dist-packages/turtlesim/_turtlesim_s.ep.rosidl_typesupport_fastrtps_c.c
[242.653s] -- Up-to-date: /home/ros2/ws00_helloworld/install/turtlesim/local/lib/python3.10/dist-packages/turtlesim/turtlesim_s__rosidl_typesupport_introspection_c.cpython-310-x86_64-linux-gnu.so
[242.653s] -- Up-to-date: /home/ros2/ws00_helloworld/install/turtlesim/local/lib/python3.10/dist-packages/turtlesim/turtlesim_s__rosidl_typesupport_fastrtps_c.cpython-310-x86_64-linux-gnu.so
[242.653s] -- Up-to-date: /home/ros2/ws00_helloworld/install/turtlesim/local/lib/python3.10/dist-packages/turtlesim/_turtlesim_s.ep.rosidl_typesupport_introspection_c.c
[242.813s] Listing '/home/ros2/ws00_helloworld/install/turtlesim/local/lib/python3.10/dist-packages/turtlesim'...
[242.814s] Compiling '/home/ros2/ws00_helloworld/install/turtlesim/local/lib/python3.10/dist-packages/turtlesim/__init__.py'...
[242.814s] Listing '/home/ros2/ws00_helloworld/install/turtlesim/local/lib/python3.10/dist-packages/turtlesim/action'...
[242.814s] Listing '/home/ros2/ws00_helloworld/install/turtlesim/local/lib/python3.10/dist-packages/turtlesim/msg'...
[242.814s] Listing '/home/ros2/ws00_helloworld/install/turtlesim/local/lib/python3.10/dist-packages/turtlesim/srv'...
[242.839s] -- Up-to-date: /home/ros2/ws00_helloworld/install/turtlesim/local/lib/python3.10/dist-packages/turtlesim/turtlesim_s__rosidl_typesupport_fastrtps_c.cpython-310-x86_64-linux-gnu.so
[242.845s] -- Up-to-date: /home/ros2/ws00_helloworld/install/turtlesim/local/lib/python3.10/dist-packages/turtlesim/turtlesim_s__rosidl_typesupport_introspection_c.cpython-310-x86_64-linux-gnu.so
[242.849s] -- Up-to-date: /home/ros2/ws00_helloworld/install/turtlesim/local/lib/python3.10/dist-packages/turtlesim/turtlesim_s__rosidl_typesupport_c.cpython-310-x86_64-linux-gnu.so
[242.862s] -- Up-to-date: /home/ros2/ws00_helloworld/install/turtlesim/lib/libturtlesim__rosidl_generator_py.so
[242.864s] -- Up-to-date: /home/ros2/ws00_helloworld/install/turtlesim/share/turtlesim/action/RotateAbsolute.idl
[242.866s] -- Up-to-date: /home/ros2/ws00_helloworld/install/turtlesim/share/turtlesim/msg/Color.idl
[242.867s] -- Up-to-date: /home/ros2/ws00_helloworld/install/turtlesim/share/turtlesim/msg/Pose.idl
[242.868s] -- Up-to-date: /home/ros2/ws00_helloworld/install/turtlesim/share/turtlesim/srv/Kill.idl
[242.868s] -- Up-to-date: /home/ros2/ws00_helloworld/install/turtlesim/share/turtlesim/srv/SetPen.idl
[242.869s] -- Up-to-date: /home/ros2/ws00_helloworld/install/turtlesim/share/turtlesim/srv/Spawn.idl
[242.869s] -- Up-to-date: /home/ros2/ws00_helloworld/install/turtlesim/share/turtlesim/srv/TeleportAbsolute.idl
[242.870s] -- Up-to-date: /home/ros2/ws00_helloworld/install/turtlesim/share/turtlesim/srv/TeleportRelative.idl
[242.870s] -- Installing: /home/ros2/ws00_helloworld/install/turtlesim/share/turtlesim/action/RotateAbsolute.action
[242.880s] -- Installing: /home/ros2/ws00_helloworld/install/turtlesim/share/turtlesim/msg/Color.msg
[242.882s] -- Installing: /home/ros2/ws00_helloworld/install/turtlesim/share/turtlesim/msg/Pose.msg
[242.886s] -- Installing: /home/ros2/ws00_helloworld/install/turtlesim/share/turtlesim/srv/Kill.srv
[242.889s] -- Up-to-date: /home/ros2/ws00_helloworld/install/turtlesim/share/turtlesim/srv/Kill_Request.msg
[242.889s] -- Up-to-date: /home/ros2/ws00_helloworld/install/turtlesim/share/turtlesim/srv/Kill_Response.msg
[242.892s] -- Installing: /home/ros2/ws00_helloworld/install/turtlesim/share/turtlesim/srv/SetPen.srv
[242.893s] -- Up-to-date: /home/ros2/ws00_helloworld/install/turtlesim/share/turtlesim/srv/SetPen_Request.msg
[242.893s] -- Up-to-date: /home/ros2/ws00_helloworld/install/turtlesim/share/turtlesim/srv/SetPen_Response.msg
[242.894s] -- Installing: /home/ros2/ws00_helloworld/install/turtlesim/share/turtlesim/srv/Spawn.srv
[242.894s] -- Up-to-date: /home/ros2/ws00_helloworld/install/turtlesim/share/turtlesim/srv/Spawn_Request.msg
[242.894s] -- Up-to-date: /home/ros2/ws00_helloworld/install/turtlesim/share/turtlesim/srv/Spawn_Response.msg
[242.894s] -- Installing: /home/ros2/ws00_helloworld/install/turtlesim/share/turtlesim/srv/TeleportAbsolute.srv
[242.895s] -- Up-to-date: /home/ros2/ws00_helloworld/install/turtlesim/share/turtlesim/srv/TeleportAbsolute_Request.msg
[242.896s] -- Up-to-date: /home/ros2/ws00_helloworld/install/turtlesim/share/turtlesim/srv/TeleportAbsolute_Response.msg
[242.896s] -- Installing: /home/ros2/ws00_helloworld/install/turtlesim/share/turtlesim/srv/TeleportRelative.srv
[242.897s] -- Up-to-date: /home/ros2/ws00_helloworld/install/turtlesim/share/turtlesim/srv/TeleportRelative_Request.msg
[242.897s] -- Up-to-date: /home/ros2/ws00_helloworld/install/turtlesim/share/turtlesim/srv/TeleportRelative_Response.msg
[242.932s] -- Installing: /home/ros2/ws00_helloworld/install/turtlesim/lib/turtlesim/turtlesim_node
[242.972s] -- Set runtime path of "/home/ros2/ws00_helloworld/install/turtlesim/lib/turtlesim/turtlesim_node" to ""
[242.986s] -- Installing: /home/ros2/ws00_helloworld/install/turtlesim/lib/turtlesim/turtle_teleop_key
[242.992s] -- Set runtime path of "/home/ros2/ws00_helloworld/install/turtlesim/lib/turtlesim/turtle_teleop_key" to ""
[243.015s] -- Installing: /home/ros2/ws00_helloworld/install/turtlesim/lib/turtlesim/draw_square
[243.028s] -- Set runtime path of "/home/ros2/ws00_helloworld/install/turtlesim/lib/turtlesim/draw_square" to ""
[243.048s] -- Installing: /home/ros2/ws00_helloworld/install/turtlesim/lib/turtlesim/mimic
[243.061s] -- Set runtime path of "/home/ros2/ws00_helloworld/install/turtlesim/lib/turtlesim/mimic" to ""
[243.062s] -- Up-to-date: /home/ros2/ws00_helloworld/install/turtlesim/share/turtlesim/images
[243.065s] -- Installing: /home/ros2/ws00_helloworld/install/turtlesim/share/turtlesim/images/eloquent.png
[243.068s] -- Installing: /home/ros2/ws00_helloworld/install/turtlesim/share/turtlesim/images/galactic.png
[243.069s] -- Installing: /home/ros2/ws00_helloworld/install/turtlesim/share/turtlesim/images/bouncy.png
[243.069s] -- Installing: /home/ros2/ws00_helloworld/install/turtlesim/share/turtlesim/images/foxy.png
[243.072s] -- Installing: /home/ros2/ws00_helloworld/install/turtlesim/share/turtlesim/images/ardent.png
[243.072s] -- Installing: /home/ros2/ws00_helloworld/install/turtlesim/share/turtlesim/images/humble.png
[243.073s] -- Installing: /home/ros2/ws00_helloworld/install/turtlesim/share/turtlesim/images/dashing.png
[243.076s] -- Installing: /home/ros2/ws00_helloworld/install/turtlesim/share/turtlesim/images/rolling.png
[243.077s] -- Installing: /home/ros2/ws00_helloworld/install/turtlesim/share/turtlesim/images/crystal.png
[243.079s] -- Up-to-date: /home/ros2/ws00_helloworld/install/turtlesim/share/turtlesim/launch
[243.081s] -- Installing: /home/ros2/ws00_helloworld/install/turtlesim/share/turtlesim/launch/multisim.launch.py
[243.083s] -- Up-to-date: /home/ros2/ws00_helloworld/install/turtlesim/share/ament_index/resource_index/package_run_dependencies/turtlesim
[243.084s] -- Installing: /home/ros2/ws00_helloworld/install/turtlesim/share/ament_index/resource_index/parent_prefix_path/turtlesim
[243.103s] -- Up-to-date: /home/ros2/ws00_helloworld/install/turtlesim/share/turtlesim/environment/ament_prefix_path.sh
[243.104s] -- Installing: /home/ros2/ws00_helloworld/install/turtlesim/share/turtlesim/environment/ament_prefix_path.dsv
[243.105s] -- Up-to-date: /home/ros2/ws00_helloworld/install/turtlesim/share/turtlesim/environment/path.sh
[243.105s] -- Installing: /home/ros2/ws00_helloworld/install/turtlesim/share/turtlesim/environment/path.dsv
[243.107s] -- Up-to-date: /home/ros2/ws00_helloworld/install/turtlesim/share/turtlesim/local_setup.bash
[243.109s] -- Up-to-date: /home/ros2/ws00_helloworld/install/turtlesim/share/turtlesim/local_setup.sh
[243.109s] -- Up-to-date: /home/ros2/ws00_helloworld/install/turtlesim/share/turtlesim/local_setup.zsh
[243.110s] -- Installing: /home/ros2/ws00_helloworld/install/turtlesim/share/turtlesim/local_setup.dsv
[243.110s] -- Installing: /home/ros2/ws00_helloworld/install/turtlesim/share/turtlesim/package.dsv
[243.112s] -- Up-to-date: /home/ros2/ws00_helloworld/install/turtlesim/share/ament_index/resource_index/packages/turtlesim
[243.129s] -- Up-to-date: /home/ros2/ws00_helloworld/install/turtlesim/share/turtlesim/cmake/export_turtlesim__rosidl_generator_cExport.cmake
[243.129s] -- Up-to-date: /home/ros2/ws00_helloworld/install/turtlesim/share/turtlesim/cmake/export_turtlesim__rosidl_generator_cExport-noconfig.cmake
[243.146s] -- Up-to-date: /home/ros2/ws00_helloworld/install/turtlesim/share/turtlesim/cmake/export_turtlesim__rosidl_typesupport_fastrtps_cExport.cmake
[243.146s] -- Up-to-date: /home/ros2/ws00_helloworld/install/turtlesim/share/turtlesim/cmake/export_turtlesim__rosidl_typesupport_fastrtps_cExport-noconfig.cmake
[243.163s] -- Up-to-date: /home/ros2/ws00_helloworld/install/turtlesim/share/turtlesim/cmake/export_turtlesim__rosidl_generator_cppExport.cmake
[243.165s] -- Up-to-date: /home/ros2/ws00_helloworld/install/turtlesim/share/turtlesim/cmake/export_turtlesim__rosidl_typesupport_fastrtps_cppExport.cmake
[243.167s] -- Up-to-date: /home/ros2/ws00_helloworld/install/turtlesim/share/turtlesim/cmake/export_turtlesim__rosidl_typesupport_fastrtps_cppExport-noconfig.cmake
[243.169s] -- Up-to-date: /home/ros2/ws00_helloworld/install/turtlesim/share/turtlesim/cmake/turtlesim__rosidl_typesupport_introspection_cExport.cmake
[243.171s] -- Up-to-date: /home/ros2/ws00_helloworld/install/turtlesim/share/turtlesim/cmake/turtlesim__rosidl_typesupport_introspection_cExport-noconfig.cmake
[243.176s] -- Up-to-date: /home/ros2/ws00_helloworld/install/turtlesim/share/turtlesim/cmake/turtlesim__rosidl_typesupport_cExport.cmake
[243.178s] -- Up-to-date: /home/ros2/ws00_helloworld/install/turtlesim/share/turtlesim/cmake/turtlesim__rosidl_typesupport_cExport-noconfig.cmake
[243.178s] -- Up-to-date: /home/ros2/ws00_helloworld/install/turtlesim/share/turtlesim/cmake/turtlesim__rosidl_typesupport_introspection_cppExport.cmake
[243.180s] -- Up-to-date: /home/ros2/ws00_helloworld/install/turtlesim/share/turtlesim/cmake/turtlesim__rosidl_typesupport_introspection_cppExport-noconfig.cmake
[243.184s] -- Up-to-date: /home/ros2/ws00_helloworld/install/turtlesim/share/turtlesim/cmake/turtlesim__rosidl_typesupport_cppExport.cmake
[243.184s] -- Up-to-date: /home/ros2/ws00_helloworld/install/turtlesim/share/turtlesim/cmake/turtlesim__rosidl_typesupport_cppExport-noconfig.cmake
[243.185s] -- Up-to-date: /home/ros2/ws00_helloworld/install/turtlesim/share/turtlesim/cmake/export_turtlesim__rosidl_generator_pyExport.cmake
[243.185s] -- Up-to-date: /home/ros2/ws00_helloworld/install/turtlesim/share/turtlesim/cmake/export_turtlesim__rosidl_generator_pyExport-noconfig.cmake
[243.185s] -- Up-to-date: /home/ros2/ws00_helloworld/install/turtlesim/share/turtlesim/cmake/rosidl_cmake-extras.cmake
[243.185s] -- Up-to-date: /home/ros2/ws00_helloworld/install/turtlesim/share/turtlesim/cmake/ament_cmake_export_dependencies-extras.cmake
[243.186s] -- Up-to-date: /home/ros2/ws00_helloworld/install/turtlesim/share/turtlesim/cmake/ament_cmake_export_include_directories-extras.cmake
[243.188s] -- Up-to-date: /home/ros2/ws00_helloworld/install/turtlesim/share/turtlesim/cmake/ament_cmake_export_libraries-extras.cmake
[243.188s] -- Up-to-date: /home/ros2/ws00_helloworld/install/turtlesim/share/turtlesim/cmake/ament_cmake_export_targets-extras.cmake
[243.189s] -- Up-to-date: /home/ros2/ws00_helloworld/install/turtlesim/share/turtlesim/cmake/rosidl_cmake_export_typesupport_targets-extras.cmake
[243.189s] -- Up-to-date: /home/ros2/ws00_helloworld/install/turtlesim/share/turtlesim/cmake/rosidl_cmake_export_typesupport_libraries-extras.cmake
[243.190s] -- Up-to-date: /home/ros2/ws00_helloworld/install/turtlesim/share/turtlesim/cmake/turtlesimConfig.cmake
[243.191s] -- Up-to-date: /home/ros2/ws00_helloworld/install/turtlesim/share/turtlesim/cmake/turtlesimConfig-version.cmake
[243.191s] -- Installing: /home/ros2/ws00_helloworld/install/turtlesim/share/turtlesim/package.xml
[243.205s] Invoked command in '/home/ros2/ws00_helloworld/build/turtlesim' returned '0': CMAKE_PREFIX_PATH=/opt/ros/humble /usr/bin/cmake --install /home/ros2/ws00_helloworld/build/turtlesim
