[0.062s] Invoking command in '/home/ros2/ws01_plumbing/build/cpp05_names': CMAKE_PREFIX_PATH=${CMAKE_PREFIX_PATH}:/home/ros2/ws01_plumbing/install/py05_names:/home/ros2/ws01_plumbing/install/py04_param:/home/ros2/ws01_plumbing/install/py03_action:/home/ros2/ws01_plumbing/install/py02_service:/home/ros2/ws01_plumbing/install/py01_topic:/opt/ros/humble /usr/bin/cmake --build /home/ros2/ws01_plumbing/build/cpp05_names -- -j4 -l4
[0.267s] [100%] Built target demo01_names
[0.311s] Invoked command in '/home/ros2/ws01_plumbing/build/cpp05_names' returned '0': CMAKE_PREFIX_PATH=${CMAKE_PREFIX_PATH}:/home/ros2/ws01_plumbing/install/py05_names:/home/ros2/ws01_plumbing/install/py04_param:/home/ros2/ws01_plumbing/install/py03_action:/home/ros2/ws01_plumbing/install/py02_service:/home/ros2/ws01_plumbing/install/py01_topic:/opt/ros/humble /usr/bin/cmake --build /home/ros2/ws01_plumbing/build/cpp05_names -- -j4 -l4
[0.488s] Invoking command in '/home/ros2/ws01_plumbing/build/cpp05_names': CMAKE_PREFIX_PATH=${CMAKE_PREFIX_PATH}:/home/ros2/ws01_plumbing/install/py05_names:/home/ros2/ws01_plumbing/install/py04_param:/home/ros2/ws01_plumbing/install/py03_action:/home/ros2/ws01_plumbing/install/py02_service:/home/ros2/ws01_plumbing/install/py01_topic:/opt/ros/humble /usr/bin/cmake --install /home/ros2/ws01_plumbing/build/cpp05_names
[0.520s] -- Install configuration: ""
[0.521s] -- Up-to-date: /home/ros2/ws01_plumbing/install/cpp05_names/lib/cpp05_names/demo01_names
[0.523s] -- Up-to-date: /home/ros2/ws01_plumbing/install/cpp05_names/share/cpp05_names/launch
[0.523s] -- Installing: /home/ros2/ws01_plumbing/install/cpp05_names/share/cpp05_names/launch/demo03_names_launch.yaml
[0.523s] -- Up-to-date: /home/ros2/ws01_plumbing/install/cpp05_names/share/cpp05_names/launch/demo01_names_launch.py
[0.523s] -- Up-to-date: /home/ros2/ws01_plumbing/install/cpp05_names/share/cpp05_names/launch/demo02_names_launch.xml
[0.524s] -- Up-to-date: /home/ros2/ws01_plumbing/install/cpp05_names/share/ament_index/resource_index/package_run_dependencies/cpp05_names
[0.525s] -- Up-to-date: /home/ros2/ws01_plumbing/install/cpp05_names/share/ament_index/resource_index/parent_prefix_path/cpp05_names
[0.525s] -- Up-to-date: /home/ros2/ws01_plumbing/install/cpp05_names/share/cpp05_names/environment/ament_prefix_path.sh
[0.525s] -- Up-to-date: /home/ros2/ws01_plumbing/install/cpp05_names/share/cpp05_names/environment/ament_prefix_path.dsv
[0.526s] -- Up-to-date: /home/ros2/ws01_plumbing/install/cpp05_names/share/cpp05_names/environment/path.sh
[0.526s] -- Up-to-date: /home/ros2/ws01_plumbing/install/cpp05_names/share/cpp05_names/environment/path.dsv
[0.527s] -- Up-to-date: /home/ros2/ws01_plumbing/install/cpp05_names/share/cpp05_names/local_setup.bash
[0.527s] -- Up-to-date: /home/ros2/ws01_plumbing/install/cpp05_names/share/cpp05_names/local_setup.sh
[0.527s] -- Up-to-date: /home/ros2/ws01_plumbing/install/cpp05_names/share/cpp05_names/local_setup.zsh
[0.528s] -- Up-to-date: /home/ros2/ws01_plumbing/install/cpp05_names/share/cpp05_names/local_setup.dsv
[0.529s] -- Installing: /home/ros2/ws01_plumbing/install/cpp05_names/share/cpp05_names/package.dsv
[0.529s] -- Up-to-date: /home/ros2/ws01_plumbing/install/cpp05_names/share/ament_index/resource_index/packages/cpp05_names
[0.529s] -- Up-to-date: /home/ros2/ws01_plumbing/install/cpp05_names/share/cpp05_names/cmake/cpp05_namesConfig.cmake
[0.529s] -- Up-to-date: /home/ros2/ws01_plumbing/install/cpp05_names/share/cpp05_names/cmake/cpp05_namesConfig-version.cmake
[0.529s] -- Up-to-date: /home/ros2/ws01_plumbing/install/cpp05_names/share/cpp05_names/package.xml
[0.535s] Invoked command in '/home/ros2/ws01_plumbing/build/cpp05_names' returned '0': CMAKE_PREFIX_PATH=${CMAKE_PREFIX_PATH}:/home/ros2/ws01_plumbing/install/py05_names:/home/ros2/ws01_plumbing/install/py04_param:/home/ros2/ws01_plumbing/install/py03_action:/home/ros2/ws01_plumbing/install/py02_service:/home/ros2/ws01_plumbing/install/py01_topic:/opt/ros/humble /usr/bin/cmake --install /home/ros2/ws01_plumbing/build/cpp05_names
