[0.086s] Invoking command in '/home/ros2/ws00_helloworld/build/pkg03_hellovscode_cpp': CMAKE_PREFIX_PATH=${CMAKE_PREFIX_PATH}:/home/ros2/ws00_helloworld/install/pkg02_helloworld_py:/opt/ros/humble /usr/bin/cmake --build /home/ros2/ws00_helloworld/build/pkg03_hellovscode_cpp -- -j4 -l4
[0.307s] [35m[1mConsolidate compiler generated dependencies of target hellovscode[0m
[0.417s] [100%] Built target hellovscode
[0.490s] Invoked command in '/home/ros2/ws00_helloworld/build/pkg03_hellovscode_cpp' returned '0': CMAKE_PREFIX_PATH=${CMAKE_PREFIX_PATH}:/home/ros2/ws00_helloworld/install/pkg02_helloworld_py:/opt/ros/humble /usr/bin/cmake --build /home/ros2/ws00_helloworld/build/pkg03_hellovscode_cpp -- -j4 -l4
[0.809s] Invoking command in '/home/ros2/ws00_helloworld/build/pkg03_hellovscode_cpp': CMAKE_PREFIX_PATH=${CMAKE_PREFIX_PATH}:/home/ros2/ws00_helloworld/install/pkg02_helloworld_py:/opt/ros/humble /usr/bin/cmake --install /home/ros2/ws00_helloworld/build/pkg03_hellovscode_cpp
[0.844s] -- Install configuration: ""
[0.845s] -- Up-to-date: /home/ros2/ws00_helloworld/install/pkg03_hellovscode_cpp/lib/pkg03_hellovscode_cpp/hellovscode
[0.874s] -- Up-to-date: /home/ros2/ws00_helloworld/install/pkg03_hellovscode_cpp/share/ament_index/resource_index/package_run_dependencies/pkg03_hellovscode_cpp
[0.874s] -- Up-to-date: /home/ros2/ws00_helloworld/install/pkg03_hellovscode_cpp/share/ament_index/resource_index/parent_prefix_path/pkg03_hellovscode_cpp
[0.875s] -- Up-to-date: /home/ros2/ws00_helloworld/install/pkg03_hellovscode_cpp/share/pkg03_hellovscode_cpp/environment/ament_prefix_path.sh
[0.875s] -- Up-to-date: /home/ros2/ws00_helloworld/install/pkg03_hellovscode_cpp/share/pkg03_hellovscode_cpp/environment/ament_prefix_path.dsv
[0.875s] -- Up-to-date: /home/ros2/ws00_helloworld/install/pkg03_hellovscode_cpp/share/pkg03_hellovscode_cpp/environment/path.sh
[0.875s] -- Up-to-date: /home/ros2/ws00_helloworld/install/pkg03_hellovscode_cpp/share/pkg03_hellovscode_cpp/environment/path.dsv
[0.875s] -- Up-to-date: /home/ros2/ws00_helloworld/install/pkg03_hellovscode_cpp/share/pkg03_hellovscode_cpp/local_setup.bash
[0.876s] -- Up-to-date: /home/ros2/ws00_helloworld/install/pkg03_hellovscode_cpp/share/pkg03_hellovscode_cpp/local_setup.sh
[0.877s] -- Up-to-date: /home/ros2/ws00_helloworld/install/pkg03_hellovscode_cpp/share/pkg03_hellovscode_cpp/local_setup.zsh
[0.877s] -- Up-to-date: /home/ros2/ws00_helloworld/install/pkg03_hellovscode_cpp/share/pkg03_hellovscode_cpp/local_setup.dsv
[0.878s] -- Installing: /home/ros2/ws00_helloworld/install/pkg03_hellovscode_cpp/share/pkg03_hellovscode_cpp/package.dsv
[0.878s] -- Up-to-date: /home/ros2/ws00_helloworld/install/pkg03_hellovscode_cpp/share/ament_index/resource_index/packages/pkg03_hellovscode_cpp
[0.904s] -- Up-to-date: /home/ros2/ws00_helloworld/install/pkg03_hellovscode_cpp/share/pkg03_hellovscode_cpp/cmake/pkg03_hellovscode_cppConfig.cmake
[0.905s] -- Up-to-date: /home/ros2/ws00_helloworld/install/pkg03_hellovscode_cpp/share/pkg03_hellovscode_cpp/cmake/pkg03_hellovscode_cppConfig-version.cmake
[0.905s] -- Up-to-date: /home/ros2/ws00_helloworld/install/pkg03_hellovscode_cpp/share/pkg03_hellovscode_cpp/package.xml
[0.905s] Invoked command in '/home/ros2/ws00_helloworld/build/pkg03_hellovscode_cpp' returned '0': CMAKE_PREFIX_PATH=${CMAKE_PREFIX_PATH}:/home/ros2/ws00_helloworld/install/pkg02_helloworld_py:/opt/ros/humble /usr/bin/cmake --install /home/ros2/ws00_helloworld/build/pkg03_hellovscode_cpp
