[0.154s] Invoking command in '/home/ros2/ws01_plumbing/build/xixi': CMAKE_PREFIX_PATH=/home/ros2/ws01_plumbing/install/haha:/home/ros2/ws01_plumbing/install/xixi:/home/ros2/ws01_plumbing/install/cpp02_service:/home/ros2/ws01_plumbing/install/cpp01_topic:/home/ros2/ws01_plumbing/install/base_interfaces_demo:/home/ros2/ws01_plumbing/install/py02_service:/home/ros2/ws01_plumbing/install/py01_topic:/opt/ros/humble /usr/bin/cmake --build /home/ros2/ws01_plumbing/build/xixi -- -j4 -l4
[0.248s] -- Found ament_cmake: 1.3.2 (/opt/ros/humble/share/ament_cmake/cmake)
[0.695s] -- Found rclcpp: 16.0.1 (/opt/ros/humble/share/rclcpp/cmake)
[0.797s] -- Found rosidl_generator_c: 3.1.3 (/opt/ros/humble/share/rosidl_generator_c/cmake)
[0.807s] -- Found rosidl_adapter: 3.1.3 (/opt/ros/humble/share/rosidl_adapter/cmake)
[0.827s] -- Found rosidl_generator_cpp: 3.1.3 (/opt/ros/humble/share/rosidl_generator_cpp/cmake)
[0.861s] -- Using all available rosidl_typesupport_c: rosidl_typesupport_fastrtps_c;rosidl_typesupport_introspection_c
[0.911s] -- Using all available rosidl_typesupport_cpp: rosidl_typesupport_fastrtps_cpp;rosidl_typesupport_introspection_cpp
[1.095s] -- Found rmw_implementation_cmake: 6.1.0 (/opt/ros/humble/share/rmw_implementation_cmake/cmake)
[1.101s] -- Found rmw_fastrtps_cpp: 6.2.1 (/opt/ros/humble/share/rmw_fastrtps_cpp/cmake)
[1.550s] -- Using RMW implementation 'rmw_fastrtps_cpp' as default
[2.016s] -- Found rclcpp_action: 16.0.1 (/opt/ros/humble/share/rclcpp_action/cmake)
[2.494s] -- Found haha: 0.0.0 (/home/ros2/ws01_plumbing/install/haha/share/haha/cmake)
[2.693s] -- Found ament_lint_auto: 0.12.4 (/opt/ros/humble/share/ament_lint_auto/cmake)
[3.204s] -- Added test 'cppcheck' to perform static code analysis on C / C++ code
[3.205s] -- Configured cppcheck include dirs: 
[3.205s] -- Configured cppcheck exclude dirs and/or files: 
[3.206s] -- Added test 'lint_cmake' to check CMake code style
[3.209s] -- Added test 'uncrustify' to check C / C++ code style
[3.209s] -- Configured uncrustify additional arguments: 
[3.210s] -- Added test 'xmllint' to check XML markup files
[3.413s] -- Configuring done
[3.909s] -- Generating done
[3.920s] -- Build files have been written to: /home/ros2/ws01_plumbing/build/xixi
[5.026s] [ 25%] [32mBuilding CXX object CMakeFiles/demo02_action_client.dir/src/demo02_action_client.cpp.o[0m
[5.075s] [35m[1mConsolidate compiler generated dependencies of target demo01_action_server[0m
[5.138s] [ 50%] [32mBuilding CXX object CMakeFiles/demo01_action_server.dir/src/demo01_action_server.cpp.o[0m
[21.173s] [ 75%] [32m[1mLinking CXX executable demo01_action_server[0m
[22.141s] [ 75%] Built target demo01_action_server
[22.228s] [100%] [32m[1mLinking CXX executable demo02_action_client[0m
[22.711s] [100%] Built target demo02_action_client
[22.761s] Invoked command in '/home/ros2/ws01_plumbing/build/xixi' returned '0': CMAKE_PREFIX_PATH=/home/ros2/ws01_plumbing/install/haha:/home/ros2/ws01_plumbing/install/xixi:/home/ros2/ws01_plumbing/install/cpp02_service:/home/ros2/ws01_plumbing/install/cpp01_topic:/home/ros2/ws01_plumbing/install/base_interfaces_demo:/home/ros2/ws01_plumbing/install/py02_service:/home/ros2/ws01_plumbing/install/py01_topic:/opt/ros/humble /usr/bin/cmake --build /home/ros2/ws01_plumbing/build/xixi -- -j4 -l4
[22.968s] Invoking command in '/home/ros2/ws01_plumbing/build/xixi': CMAKE_PREFIX_PATH=/home/ros2/ws01_plumbing/install/haha:/home/ros2/ws01_plumbing/install/xixi:/home/ros2/ws01_plumbing/install/cpp02_service:/home/ros2/ws01_plumbing/install/cpp01_topic:/home/ros2/ws01_plumbing/install/base_interfaces_demo:/home/ros2/ws01_plumbing/install/py02_service:/home/ros2/ws01_plumbing/install/py01_topic:/opt/ros/humble /usr/bin/cmake --install /home/ros2/ws01_plumbing/build/xixi
[23.001s] -- Install configuration: ""
[23.001s] -- Installing: /home/ros2/ws01_plumbing/install/xixi/lib/xixi/demo01_action_server
[23.004s] -- Set runtime path of "/home/ros2/ws01_plumbing/install/xixi/lib/xixi/demo01_action_server" to ""
[23.005s] -- Installing: /home/ros2/ws01_plumbing/install/xixi/lib/xixi/demo02_action_client
[23.006s] -- Set runtime path of "/home/ros2/ws01_plumbing/install/xixi/lib/xixi/demo02_action_client" to ""
[23.007s] -- Up-to-date: /home/ros2/ws01_plumbing/install/xixi/share/ament_index/resource_index/package_run_dependencies/xixi
[23.008s] -- Installing: /home/ros2/ws01_plumbing/install/xixi/share/ament_index/resource_index/parent_prefix_path/xixi
[23.023s] -- Up-to-date: /home/ros2/ws01_plumbing/install/xixi/share/xixi/environment/ament_prefix_path.sh
[23.024s] -- Installing: /home/ros2/ws01_plumbing/install/xixi/share/xixi/environment/ament_prefix_path.dsv
[23.038s] -- Up-to-date: /home/ros2/ws01_plumbing/install/xixi/share/xixi/environment/path.sh
[23.039s] -- Installing: /home/ros2/ws01_plumbing/install/xixi/share/xixi/environment/path.dsv
[23.040s] -- Up-to-date: /home/ros2/ws01_plumbing/install/xixi/share/xixi/local_setup.bash
[23.041s] -- Up-to-date: /home/ros2/ws01_plumbing/install/xixi/share/xixi/local_setup.sh
[23.041s] -- Up-to-date: /home/ros2/ws01_plumbing/install/xixi/share/xixi/local_setup.zsh
[23.041s] -- Installing: /home/ros2/ws01_plumbing/install/xixi/share/xixi/local_setup.dsv
[23.044s] -- Installing: /home/ros2/ws01_plumbing/install/xixi/share/xixi/package.dsv
[23.045s] -- Up-to-date: /home/ros2/ws01_plumbing/install/xixi/share/ament_index/resource_index/packages/xixi
[23.045s] -- Up-to-date: /home/ros2/ws01_plumbing/install/xixi/share/xixi/cmake/xixiConfig.cmake
[23.045s] -- Up-to-date: /home/ros2/ws01_plumbing/install/xixi/share/xixi/cmake/xixiConfig-version.cmake
[23.046s] -- Up-to-date: /home/ros2/ws01_plumbing/install/xixi/share/xixi/package.xml
[23.052s] Invoked command in '/home/ros2/ws01_plumbing/build/xixi' returned '0': CMAKE_PREFIX_PATH=/home/ros2/ws01_plumbing/install/haha:/home/ros2/ws01_plumbing/install/xixi:/home/ros2/ws01_plumbing/install/cpp02_service:/home/ros2/ws01_plumbing/install/cpp01_topic:/home/ros2/ws01_plumbing/install/base_interfaces_demo:/home/ros2/ws01_plumbing/install/py02_service:/home/ros2/ws01_plumbing/install/py01_topic:/opt/ros/humble /usr/bin/cmake --install /home/ros2/ws01_plumbing/build/xixi
