[2.793s] Invoking command in '/home/ros2/ws01_plumbing/src/py05_names': PYTHONPATH=/home/ros2/ws01_plumbing/install/py05_names/lib/python3.10/site-packages:${PYTHONPATH} /usr/bin/python3 setup.py egg_info --egg-base ../../build/py05_names build --build-base /home/ros2/ws01_plumbing/build/py05_names/build install --prefix /home/ros2/ws01_plumbing/install/py05_names --record /home/ros2/ws01_plumbing/build/py05_names/install.log --single-version-externally-managed
[3.613s] running egg_info
[3.617s] creating ../../build/py05_names/py05_names.egg-info
[3.620s] writing ../../build/py05_names/py05_names.egg-info/PKG-INFO
[3.621s] writing dependency_links to ../../build/py05_names/py05_names.egg-info/dependency_links.txt
[3.621s] writing entry points to ../../build/py05_names/py05_names.egg-info/entry_points.txt
[3.621s] writing requirements to ../../build/py05_names/py05_names.egg-info/requires.txt
[3.621s] writing top-level names to ../../build/py05_names/py05_names.egg-info/top_level.txt
[3.622s] writing manifest file '../../build/py05_names/py05_names.egg-info/SOURCES.txt'
[3.627s] reading manifest file '../../build/py05_names/py05_names.egg-info/SOURCES.txt'
[3.632s] writing manifest file '../../build/py05_names/py05_names.egg-info/SOURCES.txt'
[3.633s] running build
[3.634s] running build_py
[3.635s] creating /home/ros2/ws01_plumbing/build/py05_names/build
[3.636s] creating /home/ros2/ws01_plumbing/build/py05_names/build/lib
[3.636s] creating /home/ros2/ws01_plumbing/build/py05_names/build/lib/py05_names
[3.636s] copying py05_names/demo01_names_py.py -> /home/ros2/ws01_plumbing/build/py05_names/build/lib/py05_names
[3.636s] copying py05_names/__init__.py -> /home/ros2/ws01_plumbing/build/py05_names/build/lib/py05_names
[3.637s] running install
[3.647s] /usr/lib/python3/dist-packages/setuptools/command/install.py:34: SetuptoolsDeprecationWarning: setup.py install is deprecated. Use build and pip and other standards-based tools.
[3.647s]   warnings.warn(
[3.647s] running install_lib
[3.648s] creating /home/ros2/ws01_plumbing/install/py05_names/lib/python3.10/site-packages/py05_names
[3.649s] copying /home/ros2/ws01_plumbing/build/py05_names/build/lib/py05_names/demo01_names_py.py -> /home/ros2/ws01_plumbing/install/py05_names/lib/python3.10/site-packages/py05_names
[3.649s] copying /home/ros2/ws01_plumbing/build/py05_names/build/lib/py05_names/__init__.py -> /home/ros2/ws01_plumbing/install/py05_names/lib/python3.10/site-packages/py05_names
[3.653s] byte-compiling /home/ros2/ws01_plumbing/install/py05_names/lib/python3.10/site-packages/py05_names/demo01_names_py.py to demo01_names_py.cpython-310.pyc
[3.654s] byte-compiling /home/ros2/ws01_plumbing/install/py05_names/lib/python3.10/site-packages/py05_names/__init__.py to __init__.cpython-310.pyc
[3.654s] running install_data
[3.655s] creating /home/ros2/ws01_plumbing/install/py05_names/share/ament_index
[3.655s] creating /home/ros2/ws01_plumbing/install/py05_names/share/ament_index/resource_index
[3.655s] creating /home/ros2/ws01_plumbing/install/py05_names/share/ament_index/resource_index/packages
[3.655s] copying resource/py05_names -> /home/ros2/ws01_plumbing/install/py05_names/share/ament_index/resource_index/packages
[3.656s] copying package.xml -> /home/ros2/ws01_plumbing/install/py05_names/share/py05_names
[3.656s] running install_egg_info
[3.659s] Copying ../../build/py05_names/py05_names.egg-info to /home/ros2/ws01_plumbing/install/py05_names/lib/python3.10/site-packages/py05_names-0.0.0-py3.10.egg-info
[3.665s] running install_scripts
[3.733s] Installing demo01_names_py script to /home/ros2/ws01_plumbing/install/py05_names/lib/py05_names
[3.735s] writing list of installed files to '/home/ros2/ws01_plumbing/build/py05_names/install.log'
[3.833s] Invoked command in '/home/ros2/ws01_plumbing/src/py05_names' returned '0': PYTHONPATH=/home/ros2/ws01_plumbing/install/py05_names/lib/python3.10/site-packages:${PYTHONPATH} /usr/bin/python3 setup.py egg_info --egg-base ../../build/py05_names build --build-base /home/ros2/ws01_plumbing/build/py05_names/build install --prefix /home/ros2/ws01_plumbing/install/py05_names --record /home/ros2/ws01_plumbing/build/py05_names/install.log --single-version-externally-managed
