[0.057s] Invoking command in '/home/ros2/ws01_plumbing/build/turtlesim': CMAKE_PREFIX_PATH=/opt/ros/humble /usr/bin/cmake --build /home/ros2/ws01_plumbing/build/turtlesim -- -j4 -l4
[0.141s] -- Found ament_cmake: 1.3.2 (/opt/ros/humble/share/ament_cmake/cmake)
[0.719s] -- Found ament_lint_auto: 0.12.4 (/opt/ros/humble/share/ament_lint_auto/cmake)
[0.985s] -- Added test 'cppcheck' to perform static code analysis on C / C++ code
[0.985s] -- Configured cppcheck include dirs: $<BUILD_INTERFACE:/home/ros2/ws01_plumbing/src/turtlesim/include>
[0.986s] -- Configured cppcheck exclude dirs and/or files: 
[0.988s] -- Added test 'lint_cmake' to check CMake code style
[0.994s] -- Added test 'uncrustify' to check C / C++ code style
[0.996s] -- Configured uncrustify additional arguments: 
[0.996s] -- Added test 'xmllint' to check XML markup files
[0.999s] -- Configuring done
[1.024s] -- Generating done
[1.032s] -- Build files have been written to: /home/ros2/ws01_plumbing/build/turtlesim
[1.116s] [35m[1mConsolidate compiler generated dependencies of target turtlesim_node[0m
[1.153s] [ 50%] [32mBuilding CXX object CMakeFiles/turtlesim_node.dir/src/turtlesim_node.cpp.o[0m
[1.305s] [100%] [32m[1mLinking CXX executable turtlesim_node[0m
[1.494s] [100%] Built target turtlesim_node
[1.536s] Invoked command in '/home/ros2/ws01_plumbing/build/turtlesim' returned '0': CMAKE_PREFIX_PATH=/opt/ros/humble /usr/bin/cmake --build /home/ros2/ws01_plumbing/build/turtlesim -- -j4 -l4
[1.702s] Invoking command in '/home/ros2/ws01_plumbing/build/turtlesim': CMAKE_PREFIX_PATH=/opt/ros/humble /usr/bin/cmake --install /home/ros2/ws01_plumbing/build/turtlesim
[1.730s] -- Install configuration: ""
[1.733s] -- Installing: /home/ros2/ws01_plumbing/install/turtlesim/lib/turtlesim/turtlesim_node
[1.733s] -- Up-to-date: /home/ros2/ws01_plumbing/install/turtlesim/share/ament_index/resource_index/package_run_dependencies/turtlesim
[1.733s] -- Up-to-date: /home/ros2/ws01_plumbing/install/turtlesim/share/ament_index/resource_index/parent_prefix_path/turtlesim
[1.735s] -- Up-to-date: /home/ros2/ws01_plumbing/install/turtlesim/share/turtlesim/environment/ament_prefix_path.sh
[1.735s] -- Installing: /home/ros2/ws01_plumbing/install/turtlesim/share/turtlesim/environment/ament_prefix_path.dsv
[1.736s] -- Up-to-date: /home/ros2/ws01_plumbing/install/turtlesim/share/turtlesim/environment/path.sh
[1.736s] -- Installing: /home/ros2/ws01_plumbing/install/turtlesim/share/turtlesim/environment/path.dsv
[1.737s] -- Up-to-date: /home/ros2/ws01_plumbing/install/turtlesim/share/turtlesim/local_setup.bash
[1.737s] -- Up-to-date: /home/ros2/ws01_plumbing/install/turtlesim/share/turtlesim/local_setup.sh
[1.737s] -- Up-to-date: /home/ros2/ws01_plumbing/install/turtlesim/share/turtlesim/local_setup.zsh
[1.737s] -- Installing: /home/ros2/ws01_plumbing/install/turtlesim/share/turtlesim/local_setup.dsv
[1.737s] -- Installing: /home/ros2/ws01_plumbing/install/turtlesim/share/turtlesim/package.dsv
[1.738s] -- Up-to-date: /home/ros2/ws01_plumbing/install/turtlesim/share/ament_index/resource_index/packages/turtlesim
[1.739s] -- Up-to-date: /home/ros2/ws01_plumbing/install/turtlesim/share/turtlesim/cmake/turtlesimConfig.cmake
[1.739s] -- Up-to-date: /home/ros2/ws01_plumbing/install/turtlesim/share/turtlesim/cmake/turtlesimConfig-version.cmake
[1.740s] -- Installing: /home/ros2/ws01_plumbing/install/turtlesim/share/turtlesim/package.xml
[1.750s] Invoked command in '/home/ros2/ws01_plumbing/build/turtlesim' returned '0': CMAKE_PREFIX_PATH=/opt/ros/humble /usr/bin/cmake --install /home/ros2/ws01_plumbing/build/turtlesim
