[0.247s] Invoking command in '/home/ros2/ws01_plumbing/build/haha': CMAKE_PREFIX_PATH=${CMAKE_PREFIX_PATH}:/home/ros2/ws01_plumbing/install/py02_service:/home/ros2/ws01_plumbing/install/py01_topic:/opt/ros/humble /usr/bin/cmake --build /home/ros2/ws01_plumbing/build/haha -- -j4 -l4
[0.667s] [  3%] Built target haha__cpp
[0.683s] [  6%] [32mBuilding CXX object CMakeFiles/demo01_action_server.dir/src/demo01_action_server.cpp.o[0m
[0.696s] [ 15%] Built target haha__rosidl_generator_c
[0.730s] [ 15%] Built target ament_cmake_python_copy_haha
[0.759s] [ 24%] Built target haha__rosidl_typesupport_cpp
[0.783s] [ 33%] Built target haha__rosidl_typesupport_fastrtps_cpp
[0.841s] [ 42%] Built target haha__rosidl_typesupport_introspection_cpp
[0.884s] [ 51%] Built target haha__rosidl_typesupport_fastrtps_c
[0.946s] [ 60%] Built target haha__rosidl_typesupport_c
[0.950s] [ 69%] Built target haha__rosidl_typesupport_introspection_c
[1.002s] [ 69%] Built target haha
[1.085s] [ 72%] Built target haha__py
[1.245s] [ 78%] Built target haha__rosidl_generator_py
[1.362s] [ 84%] Built target haha__rosidl_typesupport_introspection_c__pyext
[1.400s] [ 90%] Built target haha__rosidl_typesupport_fastrtps_c__pyext
[1.439s] [ 96%] Built target haha__rosidl_typesupport_c__pyext
[1.522s] running egg_info
[1.524s] writing haha.egg-info/PKG-INFO
[1.526s] writing dependency_links to haha.egg-info/dependency_links.txt
[1.526s] writing top-level names to haha.egg-info/top_level.txt
[1.554s] reading manifest file 'haha.egg-info/SOURCES.txt'
[1.566s] writing manifest file 'haha.egg-info/SOURCES.txt'
[1.655s] [ 96%] Built target ament_cmake_python_build_haha_egg
[1.885s] [01m[K/home/ros2/ws01_plumbing/src/haha/src/demo01_action_server.cpp:19:10:[m[K [01;31m[Kfatal error: [m[Khaha/action/progress.hpp: 没有那个文件或目录
[1.885s]    19 | #include [01;31m[K"haha/action/progress.hpp"[m[K
[1.885s]       |          [01;31m[K^~~~~~~~~~~~~~~~~~~~~~~~~~[m[K
[1.885s] compilation terminated.
[1.954s] gmake[2]: *** [CMakeFiles/demo01_action_server.dir/build.make:76：CMakeFiles/demo01_action_server.dir/src/demo01_action_server.cpp.o] 错误 1
[1.955s] gmake[1]: *** [CMakeFiles/Makefile2:592：CMakeFiles/demo01_action_server.dir/all] 错误 2
[1.955s] gmake: *** [Makefile:146：all] 错误 2
[1.959s] Invoked command in '/home/ros2/ws01_plumbing/build/haha' returned '2': CMAKE_PREFIX_PATH=${CMAKE_PREFIX_PATH}:/home/ros2/ws01_plumbing/install/py02_service:/home/ros2/ws01_plumbing/install/py01_topic:/opt/ros/humble /usr/bin/cmake --build /home/ros2/ws01_plumbing/build/haha -- -j4 -l4
