[0.044s] Invoking command in '/home/ros2/ws01_plumbing/build/cpp06_time': CMAKE_PREFIX_PATH=${CMAKE_PREFIX_PATH}:/home/ros2/ws01_plumbing/install/py06_time:/home/ros2/ws01_plumbing/install/py05_names:/home/ros2/ws01_plumbing/install/py04_param:/home/ros2/ws01_plumbing/install/py03_action:/home/ros2/ws01_plumbing/install/py02_service:/home/ros2/ws01_plumbing/install/py01_topic:/opt/ros/humble /usr/bin/cmake --build /home/ros2/ws01_plumbing/build/cpp06_time -- -j4 -l4
[0.189s] [35m[1mConsolidate compiler generated dependencies of target demo01_time[0m
[0.257s] [ 50%] [32mBuilding CXX object CMakeFiles/demo01_time.dir/src/demo01_time.cpp.o[0m
[11.928s] [100%] [32m[1mLinking CXX executable demo01_time[0m
[12.356s] [100%] Built target demo01_time
[12.401s] Invoked command in '/home/ros2/ws01_plumbing/build/cpp06_time' returned '0': CMAKE_PREFIX_PATH=${CMAKE_PREFIX_PATH}:/home/ros2/ws01_plumbing/install/py06_time:/home/ros2/ws01_plumbing/install/py05_names:/home/ros2/ws01_plumbing/install/py04_param:/home/ros2/ws01_plumbing/install/py03_action:/home/ros2/ws01_plumbing/install/py02_service:/home/ros2/ws01_plumbing/install/py01_topic:/opt/ros/humble /usr/bin/cmake --build /home/ros2/ws01_plumbing/build/cpp06_time -- -j4 -l4
[12.611s] Invoking command in '/home/ros2/ws01_plumbing/build/cpp06_time': CMAKE_PREFIX_PATH=${CMAKE_PREFIX_PATH}:/home/ros2/ws01_plumbing/install/py06_time:/home/ros2/ws01_plumbing/install/py05_names:/home/ros2/ws01_plumbing/install/py04_param:/home/ros2/ws01_plumbing/install/py03_action:/home/ros2/ws01_plumbing/install/py02_service:/home/ros2/ws01_plumbing/install/py01_topic:/opt/ros/humble /usr/bin/cmake --install /home/ros2/ws01_plumbing/build/cpp06_time
[12.640s] -- Install configuration: ""
[12.646s] -- Installing: /home/ros2/ws01_plumbing/install/cpp06_time/lib/cpp06_time/demo01_time
[12.646s] -- Set runtime path of "/home/ros2/ws01_plumbing/install/cpp06_time/lib/cpp06_time/demo01_time" to ""
[12.646s] -- Up-to-date: /home/ros2/ws01_plumbing/install/cpp06_time/share/ament_index/resource_index/package_run_dependencies/cpp06_time
[12.646s] -- Up-to-date: /home/ros2/ws01_plumbing/install/cpp06_time/share/ament_index/resource_index/parent_prefix_path/cpp06_time
[12.646s] -- Up-to-date: /home/ros2/ws01_plumbing/install/cpp06_time/share/cpp06_time/environment/ament_prefix_path.sh
[12.646s] -- Up-to-date: /home/ros2/ws01_plumbing/install/cpp06_time/share/cpp06_time/environment/ament_prefix_path.dsv
[12.647s] -- Up-to-date: /home/ros2/ws01_plumbing/install/cpp06_time/share/cpp06_time/environment/path.sh
[12.647s] -- Up-to-date: /home/ros2/ws01_plumbing/install/cpp06_time/share/cpp06_time/environment/path.dsv
[12.647s] -- Up-to-date: /home/ros2/ws01_plumbing/install/cpp06_time/share/cpp06_time/local_setup.bash
[12.647s] -- Up-to-date: /home/ros2/ws01_plumbing/install/cpp06_time/share/cpp06_time/local_setup.sh
[12.647s] -- Up-to-date: /home/ros2/ws01_plumbing/install/cpp06_time/share/cpp06_time/local_setup.zsh
[12.647s] -- Up-to-date: /home/ros2/ws01_plumbing/install/cpp06_time/share/cpp06_time/local_setup.dsv
[12.648s] -- Installing: /home/ros2/ws01_plumbing/install/cpp06_time/share/cpp06_time/package.dsv
[12.648s] -- Up-to-date: /home/ros2/ws01_plumbing/install/cpp06_time/share/ament_index/resource_index/packages/cpp06_time
[12.648s] -- Up-to-date: /home/ros2/ws01_plumbing/install/cpp06_time/share/cpp06_time/cmake/cpp06_timeConfig.cmake
[12.653s] -- Up-to-date: /home/ros2/ws01_plumbing/install/cpp06_time/share/cpp06_time/cmake/cpp06_timeConfig-version.cmake
[12.653s] -- Up-to-date: /home/ros2/ws01_plumbing/install/cpp06_time/share/cpp06_time/package.xml
[12.666s] Invoked command in '/home/ros2/ws01_plumbing/build/cpp06_time' returned '0': CMAKE_PREFIX_PATH=${CMAKE_PREFIX_PATH}:/home/ros2/ws01_plumbing/install/py06_time:/home/ros2/ws01_plumbing/install/py05_names:/home/ros2/ws01_plumbing/install/py04_param:/home/ros2/ws01_plumbing/install/py03_action:/home/ros2/ws01_plumbing/install/py02_service:/home/ros2/ws01_plumbing/install/py01_topic:/opt/ros/humble /usr/bin/cmake --install /home/ros2/ws01_plumbing/build/cpp06_time
