[0.045s] Invoking command in '/home/ros2/ws01_plumbing/build/cpp01_topic': CMAKE_PREFIX_PATH=/home/ros2/ws01_plumbing/install/base_interfaces_demo:/home/ros2/ws01_plumbing/install/cpp02_service:/home/ros2/ws01_plumbing/install/cpp01_topic:/home/ros2/ws01_plumbing/install/py02_service:/home/ros2/ws01_plumbing/install/py01_topic:/opt/ros/humble /usr/bin/cmake --build /home/ros2/ws01_plumbing/build/cpp01_topic -- -j4 -l4
[0.192s] [35m[1mConsolidate compiler generated dependencies of target demo01_talker_str[0m
[0.248s] [ 25%] Built target demo03_talker_stu
[0.274s] [ 37%] [32mBuilding CXX object CMakeFiles/demo01_talker_str.dir/src/demo01_talker_str.cpp.o[0m
[0.281s] [ 62%] Built target demo02_listener_str
[0.294s] [ 87%] Built target demo04_listener_stu
[12.247s] [100%] [32m[1mLinking CXX executable demo01_talker_str[0m
[12.748s] [100%] Built target demo01_talker_str
[12.775s] Invoked command in '/home/ros2/ws01_plumbing/build/cpp01_topic' returned '0': CMAKE_PREFIX_PATH=/home/ros2/ws01_plumbing/install/base_interfaces_demo:/home/ros2/ws01_plumbing/install/cpp02_service:/home/ros2/ws01_plumbing/install/cpp01_topic:/home/ros2/ws01_plumbing/install/py02_service:/home/ros2/ws01_plumbing/install/py01_topic:/opt/ros/humble /usr/bin/cmake --build /home/ros2/ws01_plumbing/build/cpp01_topic -- -j4 -l4
[12.964s] Invoking command in '/home/ros2/ws01_plumbing/build/cpp01_topic': CMAKE_PREFIX_PATH=/home/ros2/ws01_plumbing/install/base_interfaces_demo:/home/ros2/ws01_plumbing/install/cpp02_service:/home/ros2/ws01_plumbing/install/cpp01_topic:/home/ros2/ws01_plumbing/install/py02_service:/home/ros2/ws01_plumbing/install/py01_topic:/opt/ros/humble /usr/bin/cmake --install /home/ros2/ws01_plumbing/build/cpp01_topic
[12.984s] -- Install configuration: ""
[12.985s] -- Installing: /home/ros2/ws01_plumbing/install/cpp01_topic/lib/cpp01_topic/demo01_talker_str
[12.989s] -- Set runtime path of "/home/ros2/ws01_plumbing/install/cpp01_topic/lib/cpp01_topic/demo01_talker_str" to ""
[12.990s] -- Up-to-date: /home/ros2/ws01_plumbing/install/cpp01_topic/lib/cpp01_topic/demo02_listener_str
[12.990s] -- Up-to-date: /home/ros2/ws01_plumbing/install/cpp01_topic/lib/cpp01_topic/demo03_talker_stu
[12.991s] -- Up-to-date: /home/ros2/ws01_plumbing/install/cpp01_topic/lib/cpp01_topic/demo04_listener_stu
[12.992s] -- Up-to-date: /home/ros2/ws01_plumbing/install/cpp01_topic/share/ament_index/resource_index/package_run_dependencies/cpp01_topic
[12.992s] -- Up-to-date: /home/ros2/ws01_plumbing/install/cpp01_topic/share/ament_index/resource_index/parent_prefix_path/cpp01_topic
[12.993s] -- Up-to-date: /home/ros2/ws01_plumbing/install/cpp01_topic/share/cpp01_topic/environment/ament_prefix_path.sh
[12.994s] -- Up-to-date: /home/ros2/ws01_plumbing/install/cpp01_topic/share/cpp01_topic/environment/ament_prefix_path.dsv
[12.995s] -- Up-to-date: /home/ros2/ws01_plumbing/install/cpp01_topic/share/cpp01_topic/environment/path.sh
[12.995s] -- Up-to-date: /home/ros2/ws01_plumbing/install/cpp01_topic/share/cpp01_topic/environment/path.dsv
[12.996s] -- Up-to-date: /home/ros2/ws01_plumbing/install/cpp01_topic/share/cpp01_topic/local_setup.bash
[12.996s] -- Up-to-date: /home/ros2/ws01_plumbing/install/cpp01_topic/share/cpp01_topic/local_setup.sh
[12.996s] -- Up-to-date: /home/ros2/ws01_plumbing/install/cpp01_topic/share/cpp01_topic/local_setup.zsh
[12.996s] -- Up-to-date: /home/ros2/ws01_plumbing/install/cpp01_topic/share/cpp01_topic/local_setup.dsv
[12.997s] -- Installing: /home/ros2/ws01_plumbing/install/cpp01_topic/share/cpp01_topic/package.dsv
[12.997s] -- Up-to-date: /home/ros2/ws01_plumbing/install/cpp01_topic/share/ament_index/resource_index/packages/cpp01_topic
[13.001s] -- Up-to-date: /home/ros2/ws01_plumbing/install/cpp01_topic/share/cpp01_topic/cmake/cpp01_topicConfig.cmake
[13.008s] -- Up-to-date: /home/ros2/ws01_plumbing/install/cpp01_topic/share/cpp01_topic/cmake/cpp01_topicConfig-version.cmake
[13.009s] -- Up-to-date: /home/ros2/ws01_plumbing/install/cpp01_topic/share/cpp01_topic/package.xml
[13.015s] Invoked command in '/home/ros2/ws01_plumbing/build/cpp01_topic' returned '0': CMAKE_PREFIX_PATH=/home/ros2/ws01_plumbing/install/base_interfaces_demo:/home/ros2/ws01_plumbing/install/cpp02_service:/home/ros2/ws01_plumbing/install/cpp01_topic:/home/ros2/ws01_plumbing/install/py02_service:/home/ros2/ws01_plumbing/install/py01_topic:/opt/ros/humble /usr/bin/cmake --install /home/ros2/ws01_plumbing/build/cpp01_topic
