[0.378s] Invoking command in '/home/ros2/ws01_plumbing/build/cpp03_action': CMAKE_PREFIX_PATH=/home/ros2/ws01_plumbing/install/base_interfaces_demo:/home/ros2/ws01_plumbing/install/cpp02_service:/home/ros2/ws01_plumbing/install/cpp01_topic:/home/ros2/ws01_plumbing/install/py02_service:/home/ros2/ws01_plumbing/install/py01_topic:/opt/ros/humble /usr/bin/cmake /home/ros2/ws01_plumbing/src/cpp03_action -DCMAKE_INSTALL_PREFIX=/home/ros2/ws01_plumbing/install/cpp03_action
[1.990s] -- The C compiler identification is GNU 11.2.0
[3.333s] -- The CXX compiler identification is GNU 11.2.0
[3.572s] -- Detecting C compiler ABI info
[4.113s] -- Detecting C compiler ABI info - done
[4.143s] -- Check for working C compiler: /usr/bin/cc - skipped
[4.146s] -- Detecting C compile features
[4.180s] -- Detecting C compile features - done
[4.227s] -- Detecting CXX compiler ABI info
[4.774s] -- Detecting CXX compiler ABI info - done
[4.807s] -- Check for working CXX compiler: /usr/bin/c++ - skipped
[4.810s] -- Detecting CXX compile features
[4.816s] -- Detecting CXX compile features - done
[5.646s] -- Found ament_cmake: 1.3.2 (/opt/ros/humble/share/ament_cmake/cmake)
[6.768s] -- Found Python3: /usr/bin/python3.10 (found version "3.10.4") found components: Interpreter 
[8.646s] -- Found rclcpp: 16.0.1 (/opt/ros/humble/share/rclcpp/cmake)
[10.363s] -- Found rosidl_generator_c: 3.1.3 (/opt/ros/humble/share/rosidl_generator_c/cmake)
[10.480s] -- Found rosidl_adapter: 3.1.3 (/opt/ros/humble/share/rosidl_adapter/cmake)
[10.747s] -- Found rosidl_generator_cpp: 3.1.3 (/opt/ros/humble/share/rosidl_generator_cpp/cmake)
[11.181s] -- Using all available rosidl_typesupport_c: rosidl_typesupport_fastrtps_c;rosidl_typesupport_introspection_c
[11.575s] -- Using all available rosidl_typesupport_cpp: rosidl_typesupport_fastrtps_cpp;rosidl_typesupport_introspection_cpp
[12.565s] -- Found rmw_implementation_cmake: 6.1.0 (/opt/ros/humble/share/rmw_implementation_cmake/cmake)
[12.651s] -- Found rmw_fastrtps_cpp: 6.2.1 (/opt/ros/humble/share/rmw_fastrtps_cpp/cmake)
[14.289s] -- Found OpenSSL: /usr/lib/x86_64-linux-gnu/libcrypto.so (found version "3.0.2")  
[14.471s] -- Found FastRTPS: /opt/ros/humble/include  
[14.655s] -- Using RMW implementation 'rmw_fastrtps_cpp' as default
[16.214s] -- Found rclcpp_action: 16.0.1 (/opt/ros/humble/share/rclcpp_action/cmake)
[17.240s] -- Found base_interfaces_demo: 0.0.0 (/home/ros2/ws01_plumbing/install/base_interfaces_demo/share/base_interfaces_demo/cmake)
[17.702s] -- Found ament_lint_auto: 0.12.4 (/opt/ros/humble/share/ament_lint_auto/cmake)
[18.440s] -- Added test 'cppcheck' to perform static code analysis on C / C++ code
[18.442s] -- Configured cppcheck include dirs: $<BUILD_INTERFACE:/home/ros2/ws01_plumbing/src/cpp03_action/include>
[18.442s] -- Configured cppcheck exclude dirs and/or files: 
[18.448s] -- Added test 'lint_cmake' to check CMake code style
[18.456s] -- Added test 'uncrustify' to check C / C++ code style
[18.457s] -- Configured uncrustify additional arguments: 
[18.461s] -- Added test 'xmllint' to check XML markup files
[18.475s] -- Configuring done
[18.580s] -- Generating done
[18.586s] -- Build files have been written to: /home/ros2/ws01_plumbing/build/cpp03_action
[18.625s] Invoked command in '/home/ros2/ws01_plumbing/build/cpp03_action' returned '0': CMAKE_PREFIX_PATH=/home/ros2/ws01_plumbing/install/base_interfaces_demo:/home/ros2/ws01_plumbing/install/cpp02_service:/home/ros2/ws01_plumbing/install/cpp01_topic:/home/ros2/ws01_plumbing/install/py02_service:/home/ros2/ws01_plumbing/install/py01_topic:/opt/ros/humble /usr/bin/cmake /home/ros2/ws01_plumbing/src/cpp03_action -DCMAKE_INSTALL_PREFIX=/home/ros2/ws01_plumbing/install/cpp03_action
[18.627s] Invoking command in '/home/ros2/ws01_plumbing/build/cpp03_action': CMAKE_PREFIX_PATH=/home/ros2/ws01_plumbing/install/base_interfaces_demo:/home/ros2/ws01_plumbing/install/cpp02_service:/home/ros2/ws01_plumbing/install/cpp01_topic:/home/ros2/ws01_plumbing/install/py02_service:/home/ros2/ws01_plumbing/install/py01_topic:/opt/ros/humble /usr/bin/cmake --build /home/ros2/ws01_plumbing/build/cpp03_action -- -j4 -l4
[18.871s] [ 25%] [32mBuilding CXX object CMakeFiles/demo01_action_server.dir/src/demo01_action_server.cpp.o[0m
[18.879s] [ 50%] [32mBuilding CXX object CMakeFiles/demo02_action_client.dir/src/demo02_action_client.cpp.o[0m
