[2.416s] Invoking command in '/home/ros2/ws01_plumbing/src/py02_service': PYTHONPATH=/home/ros2/ws01_plumbing/install/py02_service/lib/python3.10/site-packages:${PYTHONPATH} /usr/bin/python3 setup.py egg_info --egg-base ../../build/py02_service build --build-base /home/ros2/ws01_plumbing/build/py02_service/build install --prefix /home/ros2/ws01_plumbing/install/py02_service --record /home/ros2/ws01_plumbing/build/py02_service/install.log --single-version-externally-managed
[3.160s] running egg_info
[3.163s] writing ../../build/py02_service/py02_service.egg-info/PKG-INFO
[3.164s] writing dependency_links to ../../build/py02_service/py02_service.egg-info/dependency_links.txt
[3.165s] writing entry points to ../../build/py02_service/py02_service.egg-info/entry_points.txt
[3.165s] writing requirements to ../../build/py02_service/py02_service.egg-info/requires.txt
[3.167s] writing top-level names to ../../build/py02_service/py02_service.egg-info/top_level.txt
[3.172s] reading manifest file '../../build/py02_service/py02_service.egg-info/SOURCES.txt'
[3.183s] writing manifest file '../../build/py02_service/py02_service.egg-info/SOURCES.txt'
[3.188s] running build
[3.188s] running build_py
[3.188s] copying py02_service/demo02_client_py.py -> /home/ros2/ws01_plumbing/build/py02_service/build/lib/py02_service
[3.214s] running install
[3.229s] /usr/lib/python3/dist-packages/setuptools/command/install.py:34: SetuptoolsDeprecationWarning: setup.py install is deprecated. Use build and pip and other standards-based tools.
[3.230s]   warnings.warn(
[3.232s] running install_lib
[3.236s] creating /home/ros2/ws01_plumbing/install/py02_service/lib/python3.10/site-packages/py02_service
[3.236s] copying /home/ros2/ws01_plumbing/build/py02_service/build/lib/py02_service/__init__.py -> /home/ros2/ws01_plumbing/install/py02_service/lib/python3.10/site-packages/py02_service
[3.238s] copying /home/ros2/ws01_plumbing/build/py02_service/build/lib/py02_service/demo02_client_py.py -> /home/ros2/ws01_plumbing/install/py02_service/lib/python3.10/site-packages/py02_service
[3.240s] copying /home/ros2/ws01_plumbing/build/py02_service/build/lib/py02_service/demo01_server_py.py -> /home/ros2/ws01_plumbing/install/py02_service/lib/python3.10/site-packages/py02_service
[3.255s] byte-compiling /home/ros2/ws01_plumbing/install/py02_service/lib/python3.10/site-packages/py02_service/__init__.py to __init__.cpython-310.pyc
[3.258s] byte-compiling /home/ros2/ws01_plumbing/install/py02_service/lib/python3.10/site-packages/py02_service/demo02_client_py.py to demo02_client_py.cpython-310.pyc
[3.261s] byte-compiling /home/ros2/ws01_plumbing/install/py02_service/lib/python3.10/site-packages/py02_service/demo01_server_py.py to demo01_server_py.cpython-310.pyc
[3.264s] running install_data
[3.268s] creating /home/ros2/ws01_plumbing/install/py02_service/share/ament_index
[3.268s] creating /home/ros2/ws01_plumbing/install/py02_service/share/ament_index/resource_index
[3.268s] creating /home/ros2/ws01_plumbing/install/py02_service/share/ament_index/resource_index/packages
[3.269s] copying resource/py02_service -> /home/ros2/ws01_plumbing/install/py02_service/share/ament_index/resource_index/packages
[3.269s] copying package.xml -> /home/ros2/ws01_plumbing/install/py02_service/share/py02_service
[3.270s] running install_egg_info
[3.283s] Copying ../../build/py02_service/py02_service.egg-info to /home/ros2/ws01_plumbing/install/py02_service/lib/python3.10/site-packages/py02_service-0.0.0-py3.10.egg-info
[3.296s] running install_scripts
[3.391s] Installing demo01_server_py script to /home/ros2/ws01_plumbing/install/py02_service/lib/py02_service
[3.391s] Installing demo02_client_py script to /home/ros2/ws01_plumbing/install/py02_service/lib/py02_service
[3.391s] writing list of installed files to '/home/ros2/ws01_plumbing/build/py02_service/install.log'
[3.467s] Invoked command in '/home/ros2/ws01_plumbing/src/py02_service' returned '0': PYTHONPATH=/home/ros2/ws01_plumbing/install/py02_service/lib/python3.10/site-packages:${PYTHONPATH} /usr/bin/python3 setup.py egg_info --egg-base ../../build/py02_service build --build-base /home/ros2/ws01_plumbing/build/py02_service/build install --prefix /home/ros2/ws01_plumbing/install/py02_service --record /home/ros2/ws01_plumbing/build/py02_service/install.log --single-version-externally-managed
