[2.501s] Invoking command in '/home/ros2/ws01_plumbing/src/py02_service': PYTHONPATH=/home/ros2/ws01_plumbing/install/py02_service/lib/python3.10/site-packages:${PYTHONPATH} /usr/bin/python3 setup.py egg_info --egg-base ../../build/py02_service build --build-base /home/ros2/ws01_plumbing/build/py02_service/build install --prefix /home/ros2/ws01_plumbing/install/py02_service --record /home/ros2/ws01_plumbing/build/py02_service/install.log --single-version-externally-managed
[3.522s] running egg_info
[3.528s] writing ../../build/py02_service/py02_service.egg-info/PKG-INFO
[3.530s] writing dependency_links to ../../build/py02_service/py02_service.egg-info/dependency_links.txt
[3.531s] writing entry points to ../../build/py02_service/py02_service.egg-info/entry_points.txt
[3.533s] writing requirements to ../../build/py02_service/py02_service.egg-info/requires.txt
[3.535s] writing top-level names to ../../build/py02_service/py02_service.egg-info/top_level.txt
[3.548s] reading manifest file '../../build/py02_service/py02_service.egg-info/SOURCES.txt'
[3.552s] writing manifest file '../../build/py02_service/py02_service.egg-info/SOURCES.txt'
[3.553s] running build
[3.554s] running build_py
[3.557s] copying py02_service/demo01_server_py.py -> /home/ros2/ws01_plumbing/build/py02_service/build/lib/py02_service
[3.558s] running install
[3.558s] /usr/lib/python3/dist-packages/setuptools/command/install.py:34: SetuptoolsDeprecationWarning: setup.py install is deprecated. Use build and pip and other standards-based tools.
[3.558s]   warnings.warn(
[3.558s] running install_lib
[3.564s] copying /home/ros2/ws01_plumbing/build/py02_service/build/lib/py02_service/demo01_server_py.py -> /home/ros2/ws01_plumbing/install/py02_service/lib/python3.10/site-packages/py02_service
[3.565s] byte-compiling /home/ros2/ws01_plumbing/install/py02_service/lib/python3.10/site-packages/py02_service/demo01_server_py.py to demo01_server_py.cpython-310.pyc
[3.565s] running install_data
[3.566s] running install_egg_info
[3.573s] removing '/home/ros2/ws01_plumbing/install/py02_service/lib/python3.10/site-packages/py02_service-0.0.0-py3.10.egg-info' (and everything under it)
[3.580s] Copying ../../build/py02_service/py02_service.egg-info to /home/ros2/ws01_plumbing/install/py02_service/lib/python3.10/site-packages/py02_service-0.0.0-py3.10.egg-info
[3.582s] running install_scripts
[3.672s] Installing demo01_server_py script to /home/ros2/ws01_plumbing/install/py02_service/lib/py02_service
[3.673s] Installing demo02_client_py script to /home/ros2/ws01_plumbing/install/py02_service/lib/py02_service
[3.675s] writing list of installed files to '/home/ros2/ws01_plumbing/build/py02_service/install.log'
[3.798s] Invoked command in '/home/ros2/ws01_plumbing/src/py02_service' returned '0': PYTHONPATH=/home/ros2/ws01_plumbing/install/py02_service/lib/python3.10/site-packages:${PYTHONPATH} /usr/bin/python3 setup.py egg_info --egg-base ../../build/py02_service build --build-base /home/ros2/ws01_plumbing/build/py02_service/build install --prefix /home/ros2/ws01_plumbing/install/py02_service --record /home/ros2/ws01_plumbing/build/py02_service/install.log --single-version-externally-managed
