[35m[1mConsolidate compiler generated dependencies of target demo02_action_client[0m
[ 25%] [32mBuilding CXX object CMakeFiles/demo02_action_client.dir/src/demo02_action_client.cpp.o[0m
[ 75%] Built target demo01_action_server
[01m[K/home/ros2/ws01_plumbing/src/xixi/src/demo02_action_client.cpp:[m[K In member function ‘[01m[Kvoid MinimalActionClient::execute(std::shared_ptr<rclcpp_action::ClientGoalHandle<haha::action::Progress> >)[m[K’:
[01m[K/home/ros2/ws01_plumbing/src/xixi/src/demo02_action_client.cpp:65:58:[m[K [01;35m[Kwarning: [m[Kunused parameter ‘[01m[Kgoal_handle[m[K’ [[01;35m[K]8;;https://gcc.gnu.org/onlinedocs/gcc/Warning-Options.html#index-Wunused-parameter-Wunused-parameter]8;;[m[K]
   65 |   void execute([01;35m[Kconst std::shared_ptr<GoalHandleProgress> goal_handle[m[K){
      |                [01;35m[K~~~~~~~~~~~~~~~~~~~~~~~~~~~~~~~~~~~~~~~~~~^~~~~~~~~~~[m[K
[100%] [32m[1mLinking CXX executable demo02_action_client[0m
[100%] Built target demo02_action_client
-- Install configuration: ""
-- Up-to-date: /home/ros2/ws01_plumbing/install/xixi/lib/xixi/demo01_action_server
-- Installing: /home/ros2/ws01_plumbing/install/xixi/lib/xixi/demo02_action_client
-- Set runtime path of "/home/ros2/ws01_plumbing/install/xixi/lib/xixi/demo02_action_client" to ""
-- Up-to-date: /home/ros2/ws01_plumbing/install/xixi/share/ament_index/resource_index/package_run_dependencies/xixi
-- Up-to-date: /home/ros2/ws01_plumbing/install/xixi/share/ament_index/resource_index/parent_prefix_path/xixi
-- Up-to-date: /home/ros2/ws01_plumbing/install/xixi/share/xixi/environment/ament_prefix_path.sh
-- Up-to-date: /home/ros2/ws01_plumbing/install/xixi/share/xixi/environment/ament_prefix_path.dsv
-- Up-to-date: /home/ros2/ws01_plumbing/install/xixi/share/xixi/environment/path.sh
-- Up-to-date: /home/ros2/ws01_plumbing/install/xixi/share/xixi/environment/path.dsv
-- Up-to-date: /home/ros2/ws01_plumbing/install/xixi/share/xixi/local_setup.bash
-- Up-to-date: /home/ros2/ws01_plumbing/install/xixi/share/xixi/local_setup.sh
-- Up-to-date: /home/ros2/ws01_plumbing/install/xixi/share/xixi/local_setup.zsh
-- Up-to-date: /home/ros2/ws01_plumbing/install/xixi/share/xixi/local_setup.dsv
-- Installing: /home/ros2/ws01_plumbing/install/xixi/share/xixi/package.dsv
-- Up-to-date: /home/ros2/ws01_plumbing/install/xixi/share/ament_index/resource_index/packages/xixi
-- Up-to-date: /home/ros2/ws01_plumbing/install/xixi/share/xixi/cmake/xixiConfig.cmake
-- Up-to-date: /home/ros2/ws01_plumbing/install/xixi/share/xixi/cmake/xixiConfig-version.cmake
-- Up-to-date: /home/ros2/ws01_plumbing/install/xixi/share/xixi/package.xml
