[0.901s] DEBUG:colcon:Command line arguments: ['/usr/bin/colcon', 'build', '--packages-select', 'cpp04_param']
[0.901s] DEBUG:colcon:Parsed command line arguments: Namespace(log_base=None, log_level=None, verb_name='build', build_base='build', install_base='install', merge_install=False, symlink_install=False, test_result_base=None, continue_on_error=False, executor='parallel', parallel_workers=4, event_handlers=None, ignore_user_meta=False, metas=['./colcon.meta'], base_paths=['.'], packages_ignore=None, packages_ignore_regex=None, paths=None, packages_up_to=None, packages_up_to_regex=None, packages_above=None, packages_above_and_dependencies=None, packages_above_depth=None, packages_select_by_dep=None, packages_skip_by_dep=None, packages_skip_up_to=None, packages_select_build_failed=False, packages_skip_build_finished=False, packages_select_test_failures=False, packages_skip_test_passed=False, packages_select=['cpp04_param'], packages_skip=None, packages_select_regex=None, packages_skip_regex=None, packages_start=None, packages_end=None, allow_overriding=[], cmake_args=None, cmake_target=None, cmake_target_skip_unavailable=False, cmake_clean_cache=False, cmake_clean_first=False, cmake_force_configure=False, ament_cmake_args=None, catkin_cmake_args=None, catkin_skip_building_tests=False, verb_parser=<colcon_defaults.argument_parser.defaults.DefaultArgumentsDecorator object at 0x7fe83dc7ff70>, verb_extension=<colcon_core.verb.build.BuildVerb object at 0x7fe83e63cee0>, main=<bound method BuildVerb.main of <colcon_core.verb.build.BuildVerb object at 0x7fe83e63cee0>>)
[0.970s] Level 1:colcon.colcon_core.package_discovery:discover_packages(colcon_meta) check parameters
[0.971s] Level 1:colcon.colcon_core.package_discovery:discover_packages(recursive) check parameters
[0.971s] Level 1:colcon.colcon_core.package_discovery:discover_packages(ignore) check parameters
[0.971s] Level 1:colcon.colcon_core.package_discovery:discover_packages(path) check parameters
[0.971s] Level 1:colcon.colcon_core.package_discovery:discover_packages(colcon_meta) discover
[0.972s] Level 1:colcon.colcon_core.package_discovery:discover_packages(recursive) discover
[0.972s] INFO:colcon.colcon_core.package_discovery:Crawling recursively for packages in '/home/ros2/ws01_plumbing'
[0.972s] Level 1:colcon.colcon_core.package_identification:_identify(.) by extensions ['ignore', 'ignore_ament_install']
[0.972s] Level 1:colcon.colcon_core.package_identification:_identify(.) by extension 'ignore'
[0.972s] Level 1:colcon.colcon_core.package_identification:_identify(.) by extension 'ignore_ament_install'
[0.972s] Level 1:colcon.colcon_core.package_identification:_identify(.) by extensions ['colcon_pkg']
[0.973s] Level 1:colcon.colcon_core.package_identification:_identify(.) by extension 'colcon_pkg'
[0.973s] Level 1:colcon.colcon_core.package_identification:_identify(.) by extensions ['colcon_meta']
[0.973s] Level 1:colcon.colcon_core.package_identification:_identify(.) by extension 'colcon_meta'
[0.973s] Level 1:colcon.colcon_core.package_identification:_identify(.) by extensions ['ros']
[0.973s] Level 1:colcon.colcon_core.package_identification:_identify(.) by extension 'ros'
[1.005s] Level 1:colcon.colcon_core.package_identification:_identify(.) by extensions ['cmake', 'python']
[1.006s] Level 1:colcon.colcon_core.package_identification:_identify(.) by extension 'cmake'
[1.006s] Level 1:colcon.colcon_core.package_identification:_identify(.) by extension 'python'
[1.007s] Level 1:colcon.colcon_core.package_identification:_identify(.) by extensions ['python_setup_py']
[1.008s] Level 1:colcon.colcon_core.package_identification:_identify(.) by extension 'python_setup_py'
[1.008s] Level 1:colcon.colcon_core.package_identification:_identify(build) by extensions ['ignore', 'ignore_ament_install']
[1.008s] Level 1:colcon.colcon_core.package_identification:_identify(build) by extension 'ignore'
[1.009s] Level 1:colcon.colcon_core.package_identification:_identify(build) ignored
[1.009s] Level 1:colcon.colcon_core.package_identification:_identify(install) by extensions ['ignore', 'ignore_ament_install']
[1.010s] Level 1:colcon.colcon_core.package_identification:_identify(install) by extension 'ignore'
[1.010s] Level 1:colcon.colcon_core.package_identification:_identify(install) ignored
[1.012s] Level 1:colcon.colcon_core.package_identification:_identify(log) by extensions ['ignore', 'ignore_ament_install']
[1.012s] Level 1:colcon.colcon_core.package_identification:_identify(log) by extension 'ignore'
[1.012s] Level 1:colcon.colcon_core.package_identification:_identify(log) ignored
[1.012s] Level 1:colcon.colcon_core.package_identification:_identify(src) by extensions ['ignore', 'ignore_ament_install']
[1.013s] Level 1:colcon.colcon_core.package_identification:_identify(src) by extension 'ignore'
[1.013s] Level 1:colcon.colcon_core.package_identification:_identify(src) by extension 'ignore_ament_install'
[1.013s] Level 1:colcon.colcon_core.package_identification:_identify(src) by extensions ['colcon_pkg']
[1.013s] Level 1:colcon.colcon_core.package_identification:_identify(src) by extension 'colcon_pkg'
[1.013s] Level 1:colcon.colcon_core.package_identification:_identify(src) by extensions ['colcon_meta']
[1.014s] Level 1:colcon.colcon_core.package_identification:_identify(src) by extension 'colcon_meta'
[1.014s] Level 1:colcon.colcon_core.package_identification:_identify(src) by extensions ['ros']
[1.014s] Level 1:colcon.colcon_core.package_identification:_identify(src) by extension 'ros'
[1.014s] Level 1:colcon.colcon_core.package_identification:_identify(src) by extensions ['cmake', 'python']
[1.014s] Level 1:colcon.colcon_core.package_identification:_identify(src) by extension 'cmake'
[1.014s] Level 1:colcon.colcon_core.package_identification:_identify(src) by extension 'python'
[1.014s] Level 1:colcon.colcon_core.package_identification:_identify(src) by extensions ['python_setup_py']
[1.015s] Level 1:colcon.colcon_core.package_identification:_identify(src) by extension 'python_setup_py'
[1.015s] Level 1:colcon.colcon_core.package_identification:_identify(src/base_interfaces_demo) by extensions ['ignore', 'ignore_ament_install']
[1.015s] Level 1:colcon.colcon_core.package_identification:_identify(src/base_interfaces_demo) by extension 'ignore'
[1.016s] Level 1:colcon.colcon_core.package_identification:_identify(src/base_interfaces_demo) by extension 'ignore_ament_install'
[1.016s] Level 1:colcon.colcon_core.package_identification:_identify(src/base_interfaces_demo) by extensions ['colcon_pkg']
[1.016s] Level 1:colcon.colcon_core.package_identification:_identify(src/base_interfaces_demo) by extension 'colcon_pkg'
[1.016s] Level 1:colcon.colcon_core.package_identification:_identify(src/base_interfaces_demo) by extensions ['colcon_meta']
[1.016s] Level 1:colcon.colcon_core.package_identification:_identify(src/base_interfaces_demo) by extension 'colcon_meta'
[1.016s] Level 1:colcon.colcon_core.package_identification:_identify(src/base_interfaces_demo) by extensions ['ros']
[1.016s] Level 1:colcon.colcon_core.package_identification:_identify(src/base_interfaces_demo) by extension 'ros'
[1.047s] DEBUG:colcon.colcon_core.package_identification:Package 'src/base_interfaces_demo' with type 'ros.ament_cmake' and name 'base_interfaces_demo'
[1.048s] Level 1:colcon.colcon_core.package_identification:_identify(src/cpp01_topic) by extensions ['ignore', 'ignore_ament_install']
[1.048s] Level 1:colcon.colcon_core.package_identification:_identify(src/cpp01_topic) by extension 'ignore'
[1.048s] Level 1:colcon.colcon_core.package_identification:_identify(src/cpp01_topic) by extension 'ignore_ament_install'
[1.049s] Level 1:colcon.colcon_core.package_identification:_identify(src/cpp01_topic) by extensions ['colcon_pkg']
[1.049s] Level 1:colcon.colcon_core.package_identification:_identify(src/cpp01_topic) by extension 'colcon_pkg'
[1.049s] Level 1:colcon.colcon_core.package_identification:_identify(src/cpp01_topic) by extensions ['colcon_meta']
[1.049s] Level 1:colcon.colcon_core.package_identification:_identify(src/cpp01_topic) by extension 'colcon_meta'
[1.049s] Level 1:colcon.colcon_core.package_identification:_identify(src/cpp01_topic) by extensions ['ros']
[1.049s] Level 1:colcon.colcon_core.package_identification:_identify(src/cpp01_topic) by extension 'ros'
[1.051s] DEBUG:colcon.colcon_core.package_identification:Package 'src/cpp01_topic' with type 'ros.ament_cmake' and name 'cpp01_topic'
[1.051s] Level 1:colcon.colcon_core.package_identification:_identify(src/cpp02_service) by extensions ['ignore', 'ignore_ament_install']
[1.052s] Level 1:colcon.colcon_core.package_identification:_identify(src/cpp02_service) by extension 'ignore'
[1.052s] Level 1:colcon.colcon_core.package_identification:_identify(src/cpp02_service) by extension 'ignore_ament_install'
[1.052s] Level 1:colcon.colcon_core.package_identification:_identify(src/cpp02_service) by extensions ['colcon_pkg']
[1.052s] Level 1:colcon.colcon_core.package_identification:_identify(src/cpp02_service) by extension 'colcon_pkg'
[1.052s] Level 1:colcon.colcon_core.package_identification:_identify(src/cpp02_service) by extensions ['colcon_meta']
[1.052s] Level 1:colcon.colcon_core.package_identification:_identify(src/cpp02_service) by extension 'colcon_meta'
[1.053s] Level 1:colcon.colcon_core.package_identification:_identify(src/cpp02_service) by extensions ['ros']
[1.053s] Level 1:colcon.colcon_core.package_identification:_identify(src/cpp02_service) by extension 'ros'
[1.054s] DEBUG:colcon.colcon_core.package_identification:Package 'src/cpp02_service' with type 'ros.ament_cmake' and name 'cpp02_service'
[1.054s] Level 1:colcon.colcon_core.package_identification:_identify(src/cpp03_action) by extensions ['ignore', 'ignore_ament_install']
[1.055s] Level 1:colcon.colcon_core.package_identification:_identify(src/cpp03_action) by extension 'ignore'
[1.055s] Level 1:colcon.colcon_core.package_identification:_identify(src/cpp03_action) by extension 'ignore_ament_install'
[1.055s] Level 1:colcon.colcon_core.package_identification:_identify(src/cpp03_action) by extensions ['colcon_pkg']
[1.056s] Level 1:colcon.colcon_core.package_identification:_identify(src/cpp03_action) by extension 'colcon_pkg'
[1.056s] Level 1:colcon.colcon_core.package_identification:_identify(src/cpp03_action) by extensions ['colcon_meta']
[1.056s] Level 1:colcon.colcon_core.package_identification:_identify(src/cpp03_action) by extension 'colcon_meta'
[1.056s] Level 1:colcon.colcon_core.package_identification:_identify(src/cpp03_action) by extensions ['ros']
[1.056s] Level 1:colcon.colcon_core.package_identification:_identify(src/cpp03_action) by extension 'ros'
[1.058s] DEBUG:colcon.colcon_core.package_identification:Package 'src/cpp03_action' with type 'ros.ament_cmake' and name 'cpp03_action'
[1.058s] Level 1:colcon.colcon_core.package_identification:_identify(src/cpp04_param) by extensions ['ignore', 'ignore_ament_install']
[1.058s] Level 1:colcon.colcon_core.package_identification:_identify(src/cpp04_param) by extension 'ignore'
[1.058s] Level 1:colcon.colcon_core.package_identification:_identify(src/cpp04_param) by extension 'ignore_ament_install'
[1.059s] Level 1:colcon.colcon_core.package_identification:_identify(src/cpp04_param) by extensions ['colcon_pkg']
[1.059s] Level 1:colcon.colcon_core.package_identification:_identify(src/cpp04_param) by extension 'colcon_pkg'
[1.059s] Level 1:colcon.colcon_core.package_identification:_identify(src/cpp04_param) by extensions ['colcon_meta']
[1.059s] Level 1:colcon.colcon_core.package_identification:_identify(src/cpp04_param) by extension 'colcon_meta'
[1.059s] Level 1:colcon.colcon_core.package_identification:_identify(src/cpp04_param) by extensions ['ros']
[1.059s] Level 1:colcon.colcon_core.package_identification:_identify(src/cpp04_param) by extension 'ros'
[1.061s] DEBUG:colcon.colcon_core.package_identification:Package 'src/cpp04_param' with type 'ros.ament_cmake' and name 'cpp04_param'
[1.061s] Level 1:colcon.colcon_core.package_identification:_identify(src/py01_topic) by extensions ['ignore', 'ignore_ament_install']
[1.061s] Level 1:colcon.colcon_core.package_identification:_identify(src/py01_topic) by extension 'ignore'
[1.061s] Level 1:colcon.colcon_core.package_identification:_identify(src/py01_topic) by extension 'ignore_ament_install'
[1.062s] Level 1:colcon.colcon_core.package_identification:_identify(src/py01_topic) by extensions ['colcon_pkg']
[1.062s] Level 1:colcon.colcon_core.package_identification:_identify(src/py01_topic) by extension 'colcon_pkg'
[1.062s] Level 1:colcon.colcon_core.package_identification:_identify(src/py01_topic) by extensions ['colcon_meta']
[1.062s] Level 1:colcon.colcon_core.package_identification:_identify(src/py01_topic) by extension 'colcon_meta'
[1.062s] Level 1:colcon.colcon_core.package_identification:_identify(src/py01_topic) by extensions ['ros']
[1.062s] Level 1:colcon.colcon_core.package_identification:_identify(src/py01_topic) by extension 'ros'
[1.065s] DEBUG:colcon.colcon_core.package_identification:Package 'src/py01_topic' with type 'ros.ament_python' and name 'py01_topic'
[1.065s] Level 1:colcon.colcon_core.package_identification:_identify(src/py02_service) by extensions ['ignore', 'ignore_ament_install']
[1.065s] Level 1:colcon.colcon_core.package_identification:_identify(src/py02_service) by extension 'ignore'
[1.065s] Level 1:colcon.colcon_core.package_identification:_identify(src/py02_service) by extension 'ignore_ament_install'
[1.065s] Level 1:colcon.colcon_core.package_identification:_identify(src/py02_service) by extensions ['colcon_pkg']
[1.066s] Level 1:colcon.colcon_core.package_identification:_identify(src/py02_service) by extension 'colcon_pkg'
[1.066s] Level 1:colcon.colcon_core.package_identification:_identify(src/py02_service) by extensions ['colcon_meta']
[1.066s] Level 1:colcon.colcon_core.package_identification:_identify(src/py02_service) by extension 'colcon_meta'
[1.066s] Level 1:colcon.colcon_core.package_identification:_identify(src/py02_service) by extensions ['ros']
[1.067s] Level 1:colcon.colcon_core.package_identification:_identify(src/py02_service) by extension 'ros'
[1.068s] DEBUG:colcon.colcon_core.package_identification:Package 'src/py02_service' with type 'ros.ament_python' and name 'py02_service'
[1.068s] Level 1:colcon.colcon_core.package_identification:_identify(src/py03_action) by extensions ['ignore', 'ignore_ament_install']
[1.068s] Level 1:colcon.colcon_core.package_identification:_identify(src/py03_action) by extension 'ignore'
[1.069s] Level 1:colcon.colcon_core.package_identification:_identify(src/py03_action) by extension 'ignore_ament_install'
[1.069s] Level 1:colcon.colcon_core.package_identification:_identify(src/py03_action) by extensions ['colcon_pkg']
[1.069s] Level 1:colcon.colcon_core.package_identification:_identify(src/py03_action) by extension 'colcon_pkg'
[1.069s] Level 1:colcon.colcon_core.package_identification:_identify(src/py03_action) by extensions ['colcon_meta']
[1.069s] Level 1:colcon.colcon_core.package_identification:_identify(src/py03_action) by extension 'colcon_meta'
[1.069s] Level 1:colcon.colcon_core.package_identification:_identify(src/py03_action) by extensions ['ros']
[1.069s] Level 1:colcon.colcon_core.package_identification:_identify(src/py03_action) by extension 'ros'
[1.071s] DEBUG:colcon.colcon_core.package_identification:Package 'src/py03_action' with type 'ros.ament_python' and name 'py03_action'
[1.071s] Level 1:colcon.colcon_core.package_identification:_identify(src/py04_param) by extensions ['ignore', 'ignore_ament_install']
[1.072s] Level 1:colcon.colcon_core.package_identification:_identify(src/py04_param) by extension 'ignore'
[1.072s] Level 1:colcon.colcon_core.package_identification:_identify(src/py04_param) by extension 'ignore_ament_install'
[1.072s] Level 1:colcon.colcon_core.package_identification:_identify(src/py04_param) by extensions ['colcon_pkg']
[1.072s] Level 1:colcon.colcon_core.package_identification:_identify(src/py04_param) by extension 'colcon_pkg'
[1.072s] Level 1:colcon.colcon_core.package_identification:_identify(src/py04_param) by extensions ['colcon_meta']
[1.072s] Level 1:colcon.colcon_core.package_identification:_identify(src/py04_param) by extension 'colcon_meta'
[1.073s] Level 1:colcon.colcon_core.package_identification:_identify(src/py04_param) by extensions ['ros']
[1.073s] Level 1:colcon.colcon_core.package_identification:_identify(src/py04_param) by extension 'ros'
[1.074s] DEBUG:colcon.colcon_core.package_identification:Package 'src/py04_param' with type 'ros.ament_python' and name 'py04_param'
[1.075s] Level 1:colcon.colcon_core.package_discovery:discover_packages(recursive) using defaults
[1.075s] Level 1:colcon.colcon_core.package_discovery:discover_packages(ignore) discover
[1.075s] Level 1:colcon.colcon_core.package_discovery:discover_packages(ignore) using defaults
[1.076s] Level 1:colcon.colcon_core.package_discovery:discover_packages(path) discover
[1.076s] Level 1:colcon.colcon_core.package_discovery:discover_packages(path) using defaults
[1.145s] INFO:colcon.colcon_core.package_selection:Skipping not selected package 'base_interfaces_demo' in 'src/base_interfaces_demo'
[1.146s] INFO:colcon.colcon_core.package_selection:Skipping not selected package 'py02_service' in 'src/py02_service'
[1.146s] INFO:colcon.colcon_core.package_selection:Skipping not selected package 'py04_param' in 'src/py04_param'
[1.146s] INFO:colcon.colcon_core.package_selection:Skipping not selected package 'cpp01_topic' in 'src/cpp01_topic'
[1.146s] INFO:colcon.colcon_core.package_selection:Skipping not selected package 'cpp02_service' in 'src/cpp02_service'
[1.146s] INFO:colcon.colcon_core.package_selection:Skipping not selected package 'cpp03_action' in 'src/cpp03_action'
[1.146s] INFO:colcon.colcon_core.package_selection:Skipping not selected package 'py01_topic' in 'src/py01_topic'
[1.146s] INFO:colcon.colcon_core.package_selection:Skipping not selected package 'py03_action' in 'src/py03_action'
[1.148s] Level 1:colcon.colcon_core.package_discovery:discover_packages(prefix_path) check parameters
[1.148s] Level 1:colcon.colcon_core.package_discovery:discover_packages(prefix_path) discover
[1.157s] DEBUG:colcon.colcon_installed_package_information.package_discovery:Found 9 installed packages in /home/ros2/ws01_plumbing/install
[1.162s] DEBUG:colcon.colcon_installed_package_information.package_discovery:Found 277 installed packages in /opt/ros/humble
[1.169s] Level 1:colcon.colcon_core.package_discovery:discover_packages(prefix_path) using defaults
[1.431s] Level 5:colcon.colcon_core.verb:set package 'cpp04_param' build argument 'cmake_args' from command line to 'None'
[1.432s] Level 5:colcon.colcon_core.verb:set package 'cpp04_param' build argument 'cmake_target' from command line to 'None'
[1.432s] Level 5:colcon.colcon_core.verb:set package 'cpp04_param' build argument 'cmake_target_skip_unavailable' from command line to 'False'
[1.432s] Level 5:colcon.colcon_core.verb:set package 'cpp04_param' build argument 'cmake_clean_cache' from command line to 'False'
[1.432s] Level 5:colcon.colcon_core.verb:set package 'cpp04_param' build argument 'cmake_clean_first' from command line to 'False'
[1.432s] Level 5:colcon.colcon_core.verb:set package 'cpp04_param' build argument 'cmake_force_configure' from command line to 'False'
[1.432s] Level 5:colcon.colcon_core.verb:set package 'cpp04_param' build argument 'ament_cmake_args' from command line to 'None'
[1.432s] Level 5:colcon.colcon_core.verb:set package 'cpp04_param' build argument 'catkin_cmake_args' from command line to 'None'
[1.432s] Level 5:colcon.colcon_core.verb:set package 'cpp04_param' build argument 'catkin_skip_building_tests' from command line to 'False'
[1.432s] DEBUG:colcon.colcon_core.verb:Building package 'cpp04_param' with the following arguments: {'ament_cmake_args': None, 'build_base': '/home/ros2/ws01_plumbing/build/cpp04_param', 'catkin_cmake_args': None, 'catkin_skip_building_tests': False, 'cmake_args': None, 'cmake_clean_cache': False, 'cmake_clean_first': False, 'cmake_force_configure': False, 'cmake_target': None, 'cmake_target_skip_unavailable': False, 'install_base': '/home/ros2/ws01_plumbing/install/cpp04_param', 'merge_install': False, 'path': '/home/ros2/ws01_plumbing/src/cpp04_param', 'symlink_install': False, 'test_result_base': None}
[1.434s] INFO:colcon.colcon_core.executor:Executing jobs using 'parallel' executor
[1.443s] DEBUG:colcon.colcon_parallel_executor.executor.parallel:run_until_complete
[1.445s] INFO:colcon.colcon_ros.task.ament_cmake.build:Building ROS package in '/home/ros2/ws01_plumbing/src/cpp04_param' with build type 'ament_cmake'
[1.445s] INFO:colcon.colcon_cmake.task.cmake.build:Building CMake package in '/home/ros2/ws01_plumbing/src/cpp04_param'
[1.460s] INFO:colcon.colcon_core.plugin_system:Skipping extension 'colcon_core.shell.bat': Not used on non-Windows systems
[1.461s] INFO:colcon.colcon_core.shell:Skip shell extension 'powershell' for command environment: Not usable outside of PowerShell
[1.461s] DEBUG:colcon.colcon_core.shell:Skip shell extension 'dsv' for command environment
[1.511s] DEBUG:colcon.colcon_core.event_handler.log_command:Invoking command in '/home/ros2/ws01_plumbing/build/cpp04_param': CMAKE_PREFIX_PATH=${CMAKE_PREFIX_PATH}:/home/ros2/ws01_plumbing/install/py04_param:/home/ros2/ws01_plumbing/install/py03_action:/home/ros2/ws01_plumbing/install/py02_service:/home/ros2/ws01_plumbing/install/py01_topic:/opt/ros/humble /usr/bin/cmake --build /home/ros2/ws01_plumbing/build/cpp04_param -- -j4 -l4
[15.128s] DEBUG:colcon.colcon_core.event_handler.log_command:Invoked command in '/home/ros2/ws01_plumbing/build/cpp04_param' returned '0': CMAKE_PREFIX_PATH=${CMAKE_PREFIX_PATH}:/home/ros2/ws01_plumbing/install/py04_param:/home/ros2/ws01_plumbing/install/py03_action:/home/ros2/ws01_plumbing/install/py02_service:/home/ros2/ws01_plumbing/install/py01_topic:/opt/ros/humble /usr/bin/cmake --build /home/ros2/ws01_plumbing/build/cpp04_param -- -j4 -l4
[15.364s] DEBUG:colcon.colcon_core.event_handler.log_command:Invoking command in '/home/ros2/ws01_plumbing/build/cpp04_param': CMAKE_PREFIX_PATH=${CMAKE_PREFIX_PATH}:/home/ros2/ws01_plumbing/install/py04_param:/home/ros2/ws01_plumbing/install/py03_action:/home/ros2/ws01_plumbing/install/py02_service:/home/ros2/ws01_plumbing/install/py01_topic:/opt/ros/humble /usr/bin/cmake --install /home/ros2/ws01_plumbing/build/cpp04_param
[15.418s] Level 1:colcon.colcon_core.environment:create_environment_scripts_only(cpp04_param)
[15.420s] DEBUG:colcon.colcon_core.event_handler.log_command:Invoked command in '/home/ros2/ws01_plumbing/build/cpp04_param' returned '0': CMAKE_PREFIX_PATH=${CMAKE_PREFIX_PATH}:/home/ros2/ws01_plumbing/install/py04_param:/home/ros2/ws01_plumbing/install/py03_action:/home/ros2/ws01_plumbing/install/py02_service:/home/ros2/ws01_plumbing/install/py01_topic:/opt/ros/humble /usr/bin/cmake --install /home/ros2/ws01_plumbing/build/cpp04_param
[15.447s] Level 1:colcon.colcon_core.environment:checking '/home/ros2/ws01_plumbing/install/cpp04_param' for CMake module files
[15.449s] Level 1:colcon.colcon_core.environment:checking '/home/ros2/ws01_plumbing/install/cpp04_param' for CMake config files
[15.450s] Level 1:colcon.colcon_core.shell:create_environment_hook('cpp04_param', 'cmake_prefix_path')
[15.465s] INFO:colcon.colcon_core.shell:Creating environment hook '/home/ros2/ws01_plumbing/install/cpp04_param/share/cpp04_param/hook/cmake_prefix_path.ps1'
[15.468s] INFO:colcon.colcon_core.shell:Creating environment descriptor '/home/ros2/ws01_plumbing/install/cpp04_param/share/cpp04_param/hook/cmake_prefix_path.dsv'
[15.470s] INFO:colcon.colcon_core.shell:Creating environment hook '/home/ros2/ws01_plumbing/install/cpp04_param/share/cpp04_param/hook/cmake_prefix_path.sh'
[15.480s] Level 1:colcon.colcon_core.environment:checking '/home/ros2/ws01_plumbing/install/cpp04_param/lib'
[15.481s] Level 1:colcon.colcon_core.environment:checking '/home/ros2/ws01_plumbing/install/cpp04_param/bin'
[15.483s] Level 1:colcon.colcon_core.environment:checking '/home/ros2/ws01_plumbing/install/cpp04_param/lib/pkgconfig/cpp04_param.pc'
[15.485s] Level 1:colcon.colcon_core.environment:checking '/home/ros2/ws01_plumbing/install/cpp04_param/lib/python3.10/site-packages'
[15.485s] Level 1:colcon.colcon_core.environment:checking '/home/ros2/ws01_plumbing/install/cpp04_param/bin'
[15.496s] INFO:colcon.colcon_core.shell:Creating package script '/home/ros2/ws01_plumbing/install/cpp04_param/share/cpp04_param/package.ps1'
[15.505s] INFO:colcon.colcon_core.shell:Creating package descriptor '/home/ros2/ws01_plumbing/install/cpp04_param/share/cpp04_param/package.dsv'
[15.508s] INFO:colcon.colcon_core.shell:Creating package script '/home/ros2/ws01_plumbing/install/cpp04_param/share/cpp04_param/package.sh'
[15.517s] INFO:colcon.colcon_core.shell:Creating package script '/home/ros2/ws01_plumbing/install/cpp04_param/share/cpp04_param/package.bash'
[15.521s] INFO:colcon.colcon_core.shell:Creating package script '/home/ros2/ws01_plumbing/install/cpp04_param/share/cpp04_param/package.zsh'
[15.525s] Level 1:colcon.colcon_core.environment:create_file_with_runtime_dependencies(/home/ros2/ws01_plumbing/install/cpp04_param/share/colcon-core/packages/cpp04_param)
[15.757s] Level 1:colcon.colcon_core.environment:create_environment_scripts_only(cpp04_param)
[15.767s] Level 1:colcon.colcon_core.environment:checking '/home/ros2/ws01_plumbing/install/cpp04_param' for CMake module files
[15.769s] Level 1:colcon.colcon_core.environment:checking '/home/ros2/ws01_plumbing/install/cpp04_param' for CMake config files
[15.770s] Level 1:colcon.colcon_core.shell:create_environment_hook('cpp04_param', 'cmake_prefix_path')
[15.776s] INFO:colcon.colcon_core.shell:Creating environment hook '/home/ros2/ws01_plumbing/install/cpp04_param/share/cpp04_param/hook/cmake_prefix_path.ps1'
[15.778s] INFO:colcon.colcon_core.shell:Creating environment descriptor '/home/ros2/ws01_plumbing/install/cpp04_param/share/cpp04_param/hook/cmake_prefix_path.dsv'
[15.786s] INFO:colcon.colcon_core.shell:Creating environment hook '/home/ros2/ws01_plumbing/install/cpp04_param/share/cpp04_param/hook/cmake_prefix_path.sh'
[15.791s] Level 1:colcon.colcon_core.environment:checking '/home/ros2/ws01_plumbing/install/cpp04_param/lib'
[15.791s] Level 1:colcon.colcon_core.environment:checking '/home/ros2/ws01_plumbing/install/cpp04_param/bin'
[15.791s] Level 1:colcon.colcon_core.environment:checking '/home/ros2/ws01_plumbing/install/cpp04_param/lib/pkgconfig/cpp04_param.pc'
[15.792s] Level 1:colcon.colcon_core.environment:checking '/home/ros2/ws01_plumbing/install/cpp04_param/lib/python3.10/site-packages'
[15.793s] Level 1:colcon.colcon_core.environment:checking '/home/ros2/ws01_plumbing/install/cpp04_param/bin'
[15.800s] INFO:colcon.colcon_core.shell:Creating package script '/home/ros2/ws01_plumbing/install/cpp04_param/share/cpp04_param/package.ps1'
[15.805s] INFO:colcon.colcon_core.shell:Creating package descriptor '/home/ros2/ws01_plumbing/install/cpp04_param/share/cpp04_param/package.dsv'
[15.809s] INFO:colcon.colcon_core.shell:Creating package script '/home/ros2/ws01_plumbing/install/cpp04_param/share/cpp04_param/package.sh'
[15.813s] INFO:colcon.colcon_core.shell:Creating package script '/home/ros2/ws01_plumbing/install/cpp04_param/share/cpp04_param/package.bash'
[15.817s] INFO:colcon.colcon_core.shell:Creating package script '/home/ros2/ws01_plumbing/install/cpp04_param/share/cpp04_param/package.zsh'
[15.821s] Level 1:colcon.colcon_core.environment:create_file_with_runtime_dependencies(/home/ros2/ws01_plumbing/install/cpp04_param/share/colcon-core/packages/cpp04_param)
[15.828s] DEBUG:colcon.colcon_parallel_executor.executor.parallel:closing loop
[15.829s] DEBUG:colcon.colcon_parallel_executor.executor.parallel:loop closed
[15.829s] DEBUG:colcon.colcon_parallel_executor.executor.parallel:run_until_complete finished with '0'
[15.829s] DEBUG:colcon.colcon_core.event_reactor:joining thread
[15.869s] INFO:colcon.colcon_core.plugin_system:Skipping extension 'colcon_notification.desktop_notification.terminal_notifier': Not used on non-Darwin systems
[15.870s] INFO:colcon.colcon_core.plugin_system:Skipping extension 'colcon_notification.desktop_notification.win32': Not used on non-Windows systems
[15.870s] INFO:colcon.colcon_notification.desktop_notification:Sending desktop notification using 'notify2'
[15.921s] DEBUG:colcon.colcon_core.event_reactor:joined thread
[15.927s] INFO:colcon.colcon_core.shell:Creating prefix script '/home/ros2/ws01_plumbing/install/local_setup.ps1'
[15.932s] INFO:colcon.colcon_core.shell:Creating prefix util module '/home/ros2/ws01_plumbing/install/_local_setup_util_ps1.py'
[15.937s] INFO:colcon.colcon_core.shell:Creating prefix chain script '/home/ros2/ws01_plumbing/install/setup.ps1'
[15.949s] INFO:colcon.colcon_core.shell:Creating prefix script '/home/ros2/ws01_plumbing/install/local_setup.sh'
[15.955s] INFO:colcon.colcon_core.shell:Creating prefix util module '/home/ros2/ws01_plumbing/install/_local_setup_util_sh.py'
[15.961s] INFO:colcon.colcon_core.shell:Creating prefix chain script '/home/ros2/ws01_plumbing/install/setup.sh'
[15.972s] INFO:colcon.colcon_core.shell:Creating prefix script '/home/ros2/ws01_plumbing/install/local_setup.bash'
[15.976s] INFO:colcon.colcon_core.shell:Creating prefix chain script '/home/ros2/ws01_plumbing/install/setup.bash'
[15.985s] INFO:colcon.colcon_core.shell:Creating prefix script '/home/ros2/ws01_plumbing/install/local_setup.zsh'
[15.990s] INFO:colcon.colcon_core.shell:Creating prefix chain script '/home/ros2/ws01_plumbing/install/setup.zsh'
