[35m[1mConsolidate compiler generated dependencies of target demo02_action_client[0m
[35m[1mConsolidate compiler generated dependencies of target demo01_action_server[0m
[ 50%] Built target demo02_action_client
[ 75%] [32mBuilding CXX object CMakeFiles/demo01_action_server.dir/src/demo01_action_server.cpp.o[0m
[100%] [32m[1mLinking CXX executable demo01_action_server[0m
[100%] Built target demo01_action_server
-- Install configuration: ""
-- Installing: /home/ros2/ws01_plumbing/install/xixi/lib/xixi/demo01_action_server
-- Set runtime path of "/home/ros2/ws01_plumbing/install/xixi/lib/xixi/demo01_action_server" to ""
-- Up-to-date: /home/ros2/ws01_plumbing/install/xixi/lib/xixi/demo02_action_client
-- Up-to-date: /home/ros2/ws01_plumbing/install/xixi/share/ament_index/resource_index/package_run_dependencies/xixi
-- Up-to-date: /home/ros2/ws01_plumbing/install/xixi/share/ament_index/resource_index/parent_prefix_path/xixi
-- Up-to-date: /home/ros2/ws01_plumbing/install/xixi/share/xixi/environment/ament_prefix_path.sh
-- Up-to-date: /home/ros2/ws01_plumbing/install/xixi/share/xixi/environment/ament_prefix_path.dsv
-- Up-to-date: /home/ros2/ws01_plumbing/install/xixi/share/xixi/environment/path.sh
-- Up-to-date: /home/ros2/ws01_plumbing/install/xixi/share/xixi/environment/path.dsv
-- Up-to-date: /home/ros2/ws01_plumbing/install/xixi/share/xixi/local_setup.bash
-- Up-to-date: /home/ros2/ws01_plumbing/install/xixi/share/xixi/local_setup.sh
-- Up-to-date: /home/ros2/ws01_plumbing/install/xixi/share/xixi/local_setup.zsh
-- Up-to-date: /home/ros2/ws01_plumbing/install/xixi/share/xixi/local_setup.dsv
-- Installing: /home/ros2/ws01_plumbing/install/xixi/share/xixi/package.dsv
-- Up-to-date: /home/ros2/ws01_plumbing/install/xixi/share/ament_index/resource_index/packages/xixi
-- Up-to-date: /home/ros2/ws01_plumbing/install/xixi/share/xixi/cmake/xixiConfig.cmake
-- Up-to-date: /home/ros2/ws01_plumbing/install/xixi/share/xixi/cmake/xixiConfig-version.cmake
-- Up-to-date: /home/ros2/ws01_plumbing/install/xixi/share/xixi/package.xml
