[0.031s] Invoking command in '/home/ros2/ws00_helloworld/build/pkg01_helloworld_cpp': CMAKE_PREFIX_PATH=/opt/ros/humble /usr/bin/cmake /home/ros2/ws00_helloworld/src/pkg01_helloworld_cpp -DCMAKE_INSTALL_PREFIX=/home/ros2/ws00_helloworld/install/pkg01_helloworld_cpp
[0.109s] -- The C compiler identification is GNU 11.2.0
[0.192s] -- The CXX compiler identification is GNU 11.2.0
[0.201s] -- Detecting C compiler ABI info
[0.294s] -- Detecting C compiler ABI info - done
[0.301s] -- Check for working C compiler: /usr/bin/cc - skipped
[0.301s] -- Detecting C compile features
[0.302s] -- Detecting C compile features - done
[0.305s] -- Detecting CXX compiler ABI info
[0.417s] -- Detecting CXX compiler ABI info - done
[0.426s] -- Check for working CXX compiler: /usr/bin/c++ - skipped
[0.426s] -- Detecting CXX compile features
[0.427s] -- Detecting CXX compile features - done
[0.431s] -- Found ament_cmake: 1.3.2 (/opt/ros/humble/share/ament_cmake/cmake)
[0.924s] -- Found Python3: /usr/bin/python3.10 (found version "3.10.4") found components: Interpreter 
[1.177s] -- Found rclcpp: 16.0.1 (/opt/ros/humble/share/rclcpp/cmake)
[1.327s] -- Found rosidl_generator_c: 3.1.3 (/opt/ros/humble/share/rosidl_generator_c/cmake)
[1.338s] -- Found rosidl_adapter: 3.1.3 (/opt/ros/humble/share/rosidl_adapter/cmake)
[1.360s] -- Found rosidl_generator_cpp: 3.1.3 (/opt/ros/humble/share/rosidl_generator_cpp/cmake)
[1.403s] -- Using all available rosidl_typesupport_c: rosidl_typesupport_fastrtps_c;rosidl_typesupport_introspection_c
[1.464s] -- Using all available rosidl_typesupport_cpp: rosidl_typesupport_fastrtps_cpp;rosidl_typesupport_introspection_cpp
[1.686s] -- Found rmw_implementation_cmake: 6.1.0 (/opt/ros/humble/share/rmw_implementation_cmake/cmake)
[1.693s] -- Found rmw_fastrtps_cpp: 6.2.1 (/opt/ros/humble/share/rmw_fastrtps_cpp/cmake)
[2.001s] -- Found OpenSSL: /usr/lib/x86_64-linux-gnu/libcrypto.so (found version "3.0.2")  
[2.075s] -- Found FastRTPS: /opt/ros/humble/include  
[2.204s] -- Using RMW implementation 'rmw_fastrtps_cpp' as default
[2.745s] -- Found ament_lint_auto: 0.12.4 (/opt/ros/humble/share/ament_lint_auto/cmake)
[2.988s] -- Added test 'cppcheck' to perform static code analysis on C / C++ code
[2.988s] -- Configured cppcheck include dirs: $<BUILD_INTERFACE:/home/ros2/ws00_helloworld/src/pkg01_helloworld_cpp/include>
[2.989s] -- Configured cppcheck exclude dirs and/or files: 
[2.990s] -- Added test 'lint_cmake' to check CMake code style
[2.994s] -- Added test 'uncrustify' to check C / C++ code style
[2.994s] -- Configured uncrustify additional arguments: 
[2.995s] -- Added test 'xmllint' to check XML markup files
[2.999s] -- Configuring done
[3.028s] -- Generating done
[3.033s] -- Build files have been written to: /home/ros2/ws00_helloworld/build/pkg01_helloworld_cpp
[3.059s] Invoked command in '/home/ros2/ws00_helloworld/build/pkg01_helloworld_cpp' returned '0': CMAKE_PREFIX_PATH=/opt/ros/humble /usr/bin/cmake /home/ros2/ws00_helloworld/src/pkg01_helloworld_cpp -DCMAKE_INSTALL_PREFIX=/home/ros2/ws00_helloworld/install/pkg01_helloworld_cpp
[3.063s] Invoking command in '/home/ros2/ws00_helloworld/build/pkg01_helloworld_cpp': CMAKE_PREFIX_PATH=/opt/ros/humble /usr/bin/cmake --build /home/ros2/ws00_helloworld/build/pkg01_helloworld_cpp -- -j4 -l4
[3.223s] [ 50%] [32mBuilding CXX object CMakeFiles/helloworld.dir/src/helloworld.cpp.o[0m
[3.320s] [100%] [32m[1mLinking CXX executable helloworld[0m
[3.509s] [100%] Built target helloworld
[3.543s] Invoked command in '/home/ros2/ws00_helloworld/build/pkg01_helloworld_cpp' returned '0': CMAKE_PREFIX_PATH=/opt/ros/humble /usr/bin/cmake --build /home/ros2/ws00_helloworld/build/pkg01_helloworld_cpp -- -j4 -l4
[3.690s] Invoking command in '/home/ros2/ws00_helloworld/build/pkg01_helloworld_cpp': CMAKE_PREFIX_PATH=/opt/ros/humble /usr/bin/cmake --install /home/ros2/ws00_helloworld/build/pkg01_helloworld_cpp
[3.708s] -- Install configuration: ""
[3.709s] -- Installing: /home/ros2/ws00_helloworld/install/pkg01_helloworld_cpp/lib/pkg01_helloworld_cpp/helloworld
[3.709s] -- Set runtime path of "/home/ros2/ws00_helloworld/install/pkg01_helloworld_cpp/lib/pkg01_helloworld_cpp/helloworld" to ""
[3.709s] -- Installing: /home/ros2/ws00_helloworld/install/pkg01_helloworld_cpp/share/ament_index/resource_index/package_run_dependencies/pkg01_helloworld_cpp
[3.712s] -- Installing: /home/ros2/ws00_helloworld/install/pkg01_helloworld_cpp/share/ament_index/resource_index/parent_prefix_path/pkg01_helloworld_cpp
[3.712s] -- Installing: /home/ros2/ws00_helloworld/install/pkg01_helloworld_cpp/share/pkg01_helloworld_cpp/environment/ament_prefix_path.sh
[3.714s] -- Installing: /home/ros2/ws00_helloworld/install/pkg01_helloworld_cpp/share/pkg01_helloworld_cpp/environment/ament_prefix_path.dsv
[3.715s] -- Installing: /home/ros2/ws00_helloworld/install/pkg01_helloworld_cpp/share/pkg01_helloworld_cpp/environment/path.sh
[3.715s] -- Installing: /home/ros2/ws00_helloworld/install/pkg01_helloworld_cpp/share/pkg01_helloworld_cpp/environment/path.dsv
[3.715s] -- Installing: /home/ros2/ws00_helloworld/install/pkg01_helloworld_cpp/share/pkg01_helloworld_cpp/local_setup.bash
[3.716s] -- Installing: /home/ros2/ws00_helloworld/install/pkg01_helloworld_cpp/share/pkg01_helloworld_cpp/local_setup.sh
[3.716s] -- Installing: /home/ros2/ws00_helloworld/install/pkg01_helloworld_cpp/share/pkg01_helloworld_cpp/local_setup.zsh
[3.716s] -- Installing: /home/ros2/ws00_helloworld/install/pkg01_helloworld_cpp/share/pkg01_helloworld_cpp/local_setup.dsv
[3.717s] -- Installing: /home/ros2/ws00_helloworld/install/pkg01_helloworld_cpp/share/pkg01_helloworld_cpp/package.dsv
[3.717s] -- Installing: /home/ros2/ws00_helloworld/install/pkg01_helloworld_cpp/share/ament_index/resource_index/packages/pkg01_helloworld_cpp
[3.717s] -- Installing: /home/ros2/ws00_helloworld/install/pkg01_helloworld_cpp/share/pkg01_helloworld_cpp/cmake/pkg01_helloworld_cppConfig.cmake
[3.718s] -- Installing: /home/ros2/ws00_helloworld/install/pkg01_helloworld_cpp/share/pkg01_helloworld_cpp/cmake/pkg01_helloworld_cppConfig-version.cmake
[3.719s] -- Installing: /home/ros2/ws00_helloworld/install/pkg01_helloworld_cpp/share/pkg01_helloworld_cpp/package.xml
[3.732s] Invoked command in '/home/ros2/ws00_helloworld/build/pkg01_helloworld_cpp' returned '0': CMAKE_PREFIX_PATH=/opt/ros/humble /usr/bin/cmake --install /home/ros2/ws00_helloworld/build/pkg01_helloworld_cpp
