[1.933s] Invoking command in '/home/ros2/ws01_plumbing/src/py02_service': PYTHONPATH=/home/ros2/ws01_plumbing/install/py02_service/lib/python3.10/site-packages:${PYTHONPATH} /usr/bin/python3 setup.py egg_info --egg-base ../../build/py02_service build --build-base /home/ros2/ws01_plumbing/build/py02_service/build install --prefix /home/ros2/ws01_plumbing/install/py02_service --record /home/ros2/ws01_plumbing/build/py02_service/install.log --single-version-externally-managed
[2.929s] running egg_info
[2.935s] writing ../../build/py02_service/py02_service.egg-info/PKG-INFO
[2.936s] writing dependency_links to ../../build/py02_service/py02_service.egg-info/dependency_links.txt
[2.936s] writing entry points to ../../build/py02_service/py02_service.egg-info/entry_points.txt
[2.942s] writing requirements to ../../build/py02_service/py02_service.egg-info/requires.txt
[2.943s] writing top-level names to ../../build/py02_service/py02_service.egg-info/top_level.txt
[2.958s] reading manifest file '../../build/py02_service/py02_service.egg-info/SOURCES.txt'
[3.066s] writing manifest file '../../build/py02_service/py02_service.egg-info/SOURCES.txt'
[3.068s] running build
[3.068s] running build_py
[3.068s] running install
[3.084s] /usr/lib/python3/dist-packages/setuptools/command/install.py:34: SetuptoolsDeprecationWarning: setup.py install is deprecated. Use build and pip and other standards-based tools.
[3.085s]   warnings.warn(
[3.086s] running install_lib
[3.089s] running install_data
[3.091s] running install_egg_info
[3.110s] removing '/home/ros2/ws01_plumbing/install/py02_service/lib/python3.10/site-packages/py02_service-0.0.0-py3.10.egg-info' (and everything under it)
[3.110s] Copying ../../build/py02_service/py02_service.egg-info to /home/ros2/ws01_plumbing/install/py02_service/lib/python3.10/site-packages/py02_service-0.0.0-py3.10.egg-info
[3.137s] running install_scripts
[3.229s] Installing demo01_server_py script to /home/ros2/ws01_plumbing/install/py02_service/lib/py02_service
[3.252s] Installing demo02_client_py script to /home/ros2/ws01_plumbing/install/py02_service/lib/py02_service
[3.252s] writing list of installed files to '/home/ros2/ws01_plumbing/build/py02_service/install.log'
[3.293s] Invoked command in '/home/ros2/ws01_plumbing/src/py02_service' returned '0': PYTHONPATH=/home/ros2/ws01_plumbing/install/py02_service/lib/python3.10/site-packages:${PYTHONPATH} /usr/bin/python3 setup.py egg_info --egg-base ../../build/py02_service build --build-base /home/ros2/ws01_plumbing/build/py02_service/build install --prefix /home/ros2/ws01_plumbing/install/py02_service --record /home/ros2/ws01_plumbing/build/py02_service/install.log --single-version-externally-managed
