[0.128s] Invoking command in '/home/ros2/ws01_plumbing/build/cpp05_names': CMAKE_PREFIX_PATH=/opt/ros/humble /usr/bin/cmake /home/ros2/ws01_plumbing/src/cpp05_names -DCMAKE_INSTALL_PREFIX=/home/ros2/ws01_plumbing/install/cpp05_names
[1.134s] -- The C compiler identification is GNU 11.2.0
[1.754s] -- The CXX compiler identification is GNU 11.2.0
[1.842s] -- Detecting C compiler ABI info
[2.189s] -- Detecting C compiler ABI info - done
[2.225s] -- Check for working C compiler: /usr/bin/cc - skipped
[2.227s] -- Detecting C compile features
[2.245s] -- Detecting C compile features - done
[2.265s] -- Detecting CXX compiler ABI info
[2.686s] -- Detecting CXX compiler ABI info - done
[2.720s] -- Check for working CXX compiler: /usr/bin/c++ - skipped
[2.723s] -- Detecting CXX compile features
[2.726s] -- Detecting CXX compile features - done
[2.986s] -- Found ament_cmake: 1.3.2 (/opt/ros/humble/share/ament_cmake/cmake)
[3.935s] -- Found Python3: /usr/bin/python3.10 (found version "3.10.4") found components: Interpreter 
[4.583s] -- Found rclcpp: 16.0.1 (/opt/ros/humble/share/rclcpp/cmake)
[5.183s] -- Found rosidl_generator_c: 3.1.3 (/opt/ros/humble/share/rosidl_generator_c/cmake)
[5.218s] -- Found rosidl_adapter: 3.1.3 (/opt/ros/humble/share/rosidl_adapter/cmake)
[5.285s] -- Found rosidl_generator_cpp: 3.1.3 (/opt/ros/humble/share/rosidl_generator_cpp/cmake)
[5.469s] -- Using all available rosidl_typesupport_c: rosidl_typesupport_fastrtps_c;rosidl_typesupport_introspection_c
[5.625s] -- Using all available rosidl_typesupport_cpp: rosidl_typesupport_fastrtps_cpp;rosidl_typesupport_introspection_cpp
[6.120s] -- Found rmw_implementation_cmake: 6.1.0 (/opt/ros/humble/share/rmw_implementation_cmake/cmake)
[6.145s] -- Found rmw_fastrtps_cpp: 6.2.1 (/opt/ros/humble/share/rmw_fastrtps_cpp/cmake)
[6.934s] -- Found OpenSSL: /usr/lib/x86_64-linux-gnu/libcrypto.so (found version "3.0.2")  
[7.054s] -- Found FastRTPS: /opt/ros/humble/include  
[7.242s] -- Using RMW implementation 'rmw_fastrtps_cpp' as default
[8.235s] -- Found ament_lint_auto: 0.12.4 (/opt/ros/humble/share/ament_lint_auto/cmake)
[8.707s] -- Added test 'cppcheck' to perform static code analysis on C / C++ code
[8.708s] -- Configured cppcheck include dirs: $<BUILD_INTERFACE:/home/ros2/ws01_plumbing/src/cpp05_names/include>
[8.708s] -- Configured cppcheck exclude dirs and/or files: 
[8.714s] -- Added test 'flake8' to check Python code syntax and style conventions
[8.719s] -- Added test 'lint_cmake' to check CMake code style
[8.722s] -- Added test 'pep257' to check Python code against some of the docstring style conventions in PEP 257
[8.726s] -- Added test 'uncrustify' to check C / C++ code style
[8.727s] -- Configured uncrustify additional arguments: 
[8.729s] -- Added test 'xmllint' to check XML markup files
[8.756s] -- Configuring done
[8.800s] -- Generating done
[8.806s] -- Build files have been written to: /home/ros2/ws01_plumbing/build/cpp05_names
[8.851s] Invoked command in '/home/ros2/ws01_plumbing/build/cpp05_names' returned '0': CMAKE_PREFIX_PATH=/opt/ros/humble /usr/bin/cmake /home/ros2/ws01_plumbing/src/cpp05_names -DCMAKE_INSTALL_PREFIX=/home/ros2/ws01_plumbing/install/cpp05_names
[8.852s] Invoking command in '/home/ros2/ws01_plumbing/build/cpp05_names': CMAKE_PREFIX_PATH=/opt/ros/humble /usr/bin/cmake --build /home/ros2/ws01_plumbing/build/cpp05_names -- -j4 -l4
[9.070s] [ 50%] [32mBuilding CXX object CMakeFiles/demo01_names.dir/src/demo01_names.cpp.o[0m
[9.433s] [100%] [32m[1mLinking CXX executable demo01_names[0m
[9.779s] [100%] Built target demo01_names
[9.832s] Invoked command in '/home/ros2/ws01_plumbing/build/cpp05_names' returned '0': CMAKE_PREFIX_PATH=/opt/ros/humble /usr/bin/cmake --build /home/ros2/ws01_plumbing/build/cpp05_names -- -j4 -l4
[10.047s] Invoking command in '/home/ros2/ws01_plumbing/build/cpp05_names': CMAKE_PREFIX_PATH=/opt/ros/humble /usr/bin/cmake --install /home/ros2/ws01_plumbing/build/cpp05_names
[10.074s] -- Install configuration: ""
[10.074s] -- Installing: /home/ros2/ws01_plumbing/install/cpp05_names/lib/cpp05_names/demo01_names
[10.075s] -- Set runtime path of "/home/ros2/ws01_plumbing/install/cpp05_names/lib/cpp05_names/demo01_names" to ""
[10.076s] -- Installing: /home/ros2/ws01_plumbing/install/cpp05_names/share/cpp05_names/launch
[10.076s] -- Installing: /home/ros2/ws01_plumbing/install/cpp05_names/share/cpp05_names/launch/demo01_names_launch.py
[10.077s] -- Installing: /home/ros2/ws01_plumbing/install/cpp05_names/share/ament_index/resource_index/package_run_dependencies/cpp05_names
[10.077s] -- Installing: /home/ros2/ws01_plumbing/install/cpp05_names/share/ament_index/resource_index/parent_prefix_path/cpp05_names
[10.079s] -- Installing: /home/ros2/ws01_plumbing/install/cpp05_names/share/cpp05_names/environment/ament_prefix_path.sh
[10.085s] -- Installing: /home/ros2/ws01_plumbing/install/cpp05_names/share/cpp05_names/environment/ament_prefix_path.dsv
[10.087s] -- Installing: /home/ros2/ws01_plumbing/install/cpp05_names/share/cpp05_names/environment/path.sh
[10.088s] -- Installing: /home/ros2/ws01_plumbing/install/cpp05_names/share/cpp05_names/environment/path.dsv
[10.089s] -- Installing: /home/ros2/ws01_plumbing/install/cpp05_names/share/cpp05_names/local_setup.bash
[10.089s] -- Installing: /home/ros2/ws01_plumbing/install/cpp05_names/share/cpp05_names/local_setup.sh
[10.089s] -- Installing: /home/ros2/ws01_plumbing/install/cpp05_names/share/cpp05_names/local_setup.zsh
[10.090s] -- Installing: /home/ros2/ws01_plumbing/install/cpp05_names/share/cpp05_names/local_setup.dsv
[10.090s] -- Installing: /home/ros2/ws01_plumbing/install/cpp05_names/share/cpp05_names/package.dsv
[10.091s] -- Installing: /home/ros2/ws01_plumbing/install/cpp05_names/share/ament_index/resource_index/packages/cpp05_names
[10.094s] -- Installing: /home/ros2/ws01_plumbing/install/cpp05_names/share/cpp05_names/cmake/cpp05_namesConfig.cmake
[10.096s] -- Installing: /home/ros2/ws01_plumbing/install/cpp05_names/share/cpp05_names/cmake/cpp05_namesConfig-version.cmake
[10.097s] -- Installing: /home/ros2/ws01_plumbing/install/cpp05_names/share/cpp05_names/package.xml
[10.107s] Invoked command in '/home/ros2/ws01_plumbing/build/cpp05_names' returned '0': CMAKE_PREFIX_PATH=/opt/ros/humble /usr/bin/cmake --install /home/ros2/ws01_plumbing/build/cpp05_names
