[0.182s] Invoking command in '/home/ros2/ws00_helloworld/build/pkg01_helloworld_cpp': CMAKE_PREFIX_PATH=/opt/ros/humble /usr/bin/cmake --build /home/ros2/ws00_helloworld/build/pkg01_helloworld_cpp -- -j4 -l4
[1.453s] [35m[1mConsolidate compiler generated dependencies of target helloworld[0m
[1.540s] [ 50%] [32mBuilding CXX object CMakeFiles/helloworld.dir/src/helloworld.cpp.o[0m
[15.932s] [100%] [32m[1mLinking CXX executable helloworld[0m
[17.690s] [100%] Built target helloworld
[17.731s] Invoked command in '/home/ros2/ws00_helloworld/build/pkg01_helloworld_cpp' returned '0': CMAKE_PREFIX_PATH=/opt/ros/humble /usr/bin/cmake --build /home/ros2/ws00_helloworld/build/pkg01_helloworld_cpp -- -j4 -l4
[17.877s] Invoking command in '/home/ros2/ws00_helloworld/build/pkg01_helloworld_cpp': CMAKE_PREFIX_PATH=/opt/ros/humble /usr/bin/cmake --install /home/ros2/ws00_helloworld/build/pkg01_helloworld_cpp
[18.049s] -- Install configuration: ""
[18.078s] -- Installing: /home/ros2/ws00_helloworld/install/pkg01_helloworld_cpp/lib/pkg01_helloworld_cpp/helloworld
[18.080s] -- Set runtime path of "/home/ros2/ws00_helloworld/install/pkg01_helloworld_cpp/lib/pkg01_helloworld_cpp/helloworld" to ""
[18.081s] -- Up-to-date: /home/ros2/ws00_helloworld/install/pkg01_helloworld_cpp/share/ament_index/resource_index/package_run_dependencies/pkg01_helloworld_cpp
[18.083s] -- Up-to-date: /home/ros2/ws00_helloworld/install/pkg01_helloworld_cpp/share/ament_index/resource_index/parent_prefix_path/pkg01_helloworld_cpp
[18.085s] -- Up-to-date: /home/ros2/ws00_helloworld/install/pkg01_helloworld_cpp/share/pkg01_helloworld_cpp/environment/ament_prefix_path.sh
[18.085s] -- Up-to-date: /home/ros2/ws00_helloworld/install/pkg01_helloworld_cpp/share/pkg01_helloworld_cpp/environment/ament_prefix_path.dsv
[18.085s] -- Up-to-date: /home/ros2/ws00_helloworld/install/pkg01_helloworld_cpp/share/pkg01_helloworld_cpp/environment/path.sh
[18.086s] -- Up-to-date: /home/ros2/ws00_helloworld/install/pkg01_helloworld_cpp/share/pkg01_helloworld_cpp/environment/path.dsv
[18.087s] -- Up-to-date: /home/ros2/ws00_helloworld/install/pkg01_helloworld_cpp/share/pkg01_helloworld_cpp/local_setup.bash
[18.087s] -- Up-to-date: /home/ros2/ws00_helloworld/install/pkg01_helloworld_cpp/share/pkg01_helloworld_cpp/local_setup.sh
[18.087s] -- Up-to-date: /home/ros2/ws00_helloworld/install/pkg01_helloworld_cpp/share/pkg01_helloworld_cpp/local_setup.zsh
[18.087s] -- Up-to-date: /home/ros2/ws00_helloworld/install/pkg01_helloworld_cpp/share/pkg01_helloworld_cpp/local_setup.dsv
[18.087s] -- Installing: /home/ros2/ws00_helloworld/install/pkg01_helloworld_cpp/share/pkg01_helloworld_cpp/package.dsv
[18.110s] -- Up-to-date: /home/ros2/ws00_helloworld/install/pkg01_helloworld_cpp/share/ament_index/resource_index/packages/pkg01_helloworld_cpp
[18.111s] -- Up-to-date: /home/ros2/ws00_helloworld/install/pkg01_helloworld_cpp/share/pkg01_helloworld_cpp/cmake/pkg01_helloworld_cppConfig.cmake
[18.111s] -- Up-to-date: /home/ros2/ws00_helloworld/install/pkg01_helloworld_cpp/share/pkg01_helloworld_cpp/cmake/pkg01_helloworld_cppConfig-version.cmake
[18.111s] -- Up-to-date: /home/ros2/ws00_helloworld/install/pkg01_helloworld_cpp/share/pkg01_helloworld_cpp/package.xml
[18.121s] Invoked command in '/home/ros2/ws00_helloworld/build/pkg01_helloworld_cpp' returned '0': CMAKE_PREFIX_PATH=/opt/ros/humble /usr/bin/cmake --install /home/ros2/ws00_helloworld/build/pkg01_helloworld_cpp
