[1.810s] Invoking command in '/home/ros2/ws01_plumbing/src/py03_action': CMAKE_PREFIX_PATH=/home/ros2/ws01_plumbing/install/base_interfaces_demo:/home/ros2/ws01_plumbing/install/cpp03_action:/home/ros2/ws01_plumbing/install/cpp02_service:/home/ros2/ws01_plumbing/install/cpp01_topic PYTHONPATH=/home/ros2/ws01_plumbing/install/py03_action/lib/python3.10/site-packages:${PYTHONPATH} /usr/bin/python3 setup.py egg_info --egg-base ../../build/py03_action build --build-base /home/ros2/ws01_plumbing/build/py03_action/build install --prefix /home/ros2/ws01_plumbing/install/py03_action --record /home/ros2/ws01_plumbing/build/py03_action/install.log --single-version-externally-managed
[2.479s] running egg_info
[2.481s] writing ../../build/py03_action/py03_action.egg-info/PKG-INFO
[2.484s] writing dependency_links to ../../build/py03_action/py03_action.egg-info/dependency_links.txt
[2.487s] writing entry points to ../../build/py03_action/py03_action.egg-info/entry_points.txt
[2.487s] writing requirements to ../../build/py03_action/py03_action.egg-info/requires.txt
[2.487s] writing top-level names to ../../build/py03_action/py03_action.egg-info/top_level.txt
[2.492s] reading manifest file '../../build/py03_action/py03_action.egg-info/SOURCES.txt'
[2.496s] writing manifest file '../../build/py03_action/py03_action.egg-info/SOURCES.txt'
[2.496s] running build
[2.496s] running build_py
[2.497s] copying py03_action/demo02_action_client_py.py -> /home/ros2/ws01_plumbing/build/py03_action/build/lib/py03_action
[2.498s] running install
[2.499s] /usr/lib/python3/dist-packages/setuptools/command/install.py:34: SetuptoolsDeprecationWarning: setup.py install is deprecated. Use build and pip and other standards-based tools.
[2.499s]   warnings.warn(
[2.500s] running install_lib
[2.502s] copying /home/ros2/ws01_plumbing/build/py03_action/build/lib/py03_action/demo02_action_client_py.py -> /home/ros2/ws01_plumbing/install/py03_action/lib/python3.10/site-packages/py03_action
[2.504s] byte-compiling /home/ros2/ws01_plumbing/install/py03_action/lib/python3.10/site-packages/py03_action/demo02_action_client_py.py to demo02_action_client_py.cpython-310.pyc
[2.506s] running install_data
[2.508s] running install_egg_info
[2.515s] removing '/home/ros2/ws01_plumbing/install/py03_action/lib/python3.10/site-packages/py03_action-0.0.0-py3.10.egg-info' (and everything under it)
[2.516s] Copying ../../build/py03_action/py03_action.egg-info to /home/ros2/ws01_plumbing/install/py03_action/lib/python3.10/site-packages/py03_action-0.0.0-py3.10.egg-info
[2.518s] running install_scripts
[2.581s] Installing demo01_action_server_py script to /home/ros2/ws01_plumbing/install/py03_action/lib/py03_action
[2.582s] Installing demo02_action_client_py script to /home/ros2/ws01_plumbing/install/py03_action/lib/py03_action
[2.583s] writing list of installed files to '/home/ros2/ws01_plumbing/build/py03_action/install.log'
[2.655s] Invoked command in '/home/ros2/ws01_plumbing/src/py03_action' returned '0': CMAKE_PREFIX_PATH=/home/ros2/ws01_plumbing/install/base_interfaces_demo:/home/ros2/ws01_plumbing/install/cpp03_action:/home/ros2/ws01_plumbing/install/cpp02_service:/home/ros2/ws01_plumbing/install/cpp01_topic PYTHONPATH=/home/ros2/ws01_plumbing/install/py03_action/lib/python3.10/site-packages:${PYTHONPATH} /usr/bin/python3 setup.py egg_info --egg-base ../../build/py03_action build --build-base /home/ros2/ws01_plumbing/build/py03_action/build install --prefix /home/ros2/ws01_plumbing/install/py03_action --record /home/ros2/ws01_plumbing/build/py03_action/install.log --single-version-externally-managed
