[0.135s] Invoking command in '/home/ros2/ws01_plumbing/build/xixi': AMENT_PREFIX_PATH=/home/ros2/ws01_plumbing/install/haha:${AMENT_PREFIX_PATH} CMAKE_PREFIX_PATH=/home/ros2/ws01_plumbing/install/haha:/home/ros2/ws01_plumbing/install/cpp02_service:/home/ros2/ws01_plumbing/install/cpp01_topic:/home/ros2/ws01_plumbing/install/base_interfaces_demo:/home/ros2/ws01_plumbing/install/py02_service:/home/ros2/ws01_plumbing/install/py01_topic:/opt/ros/humble LD_LIBRARY_PATH=/home/ros2/ws01_plumbing/install/haha/lib:${LD_LIBRARY_PATH} PYTHONPATH=/home/ros2/ws01_plumbing/install/haha/local/lib/python3.10/dist-packages:${PYTHONPATH} /usr/bin/cmake --build /home/ros2/ws01_plumbing/build/xixi -- -j4 -l4
[0.589s] [35m[1mConsolidate compiler generated dependencies of target demo02_action_client[0m
[0.659s] [ 50%] Built target demo01_action_server
[0.691s] [ 75%] [32mBuilding CXX object CMakeFiles/demo02_action_client.dir/src/demo02_action_client.cpp.o[0m
[15.084s] [100%] [32m[1mLinking CXX executable demo02_action_client[0m
[15.771s] [100%] Built target demo02_action_client
[15.830s] Invoked command in '/home/ros2/ws01_plumbing/build/xixi' returned '0': AMENT_PREFIX_PATH=/home/ros2/ws01_plumbing/install/haha:${AMENT_PREFIX_PATH} CMAKE_PREFIX_PATH=/home/ros2/ws01_plumbing/install/haha:/home/ros2/ws01_plumbing/install/cpp02_service:/home/ros2/ws01_plumbing/install/cpp01_topic:/home/ros2/ws01_plumbing/install/base_interfaces_demo:/home/ros2/ws01_plumbing/install/py02_service:/home/ros2/ws01_plumbing/install/py01_topic:/opt/ros/humble LD_LIBRARY_PATH=/home/ros2/ws01_plumbing/install/haha/lib:${LD_LIBRARY_PATH} PYTHONPATH=/home/ros2/ws01_plumbing/install/haha/local/lib/python3.10/dist-packages:${PYTHONPATH} /usr/bin/cmake --build /home/ros2/ws01_plumbing/build/xixi -- -j4 -l4
[15.995s] Invoking command in '/home/ros2/ws01_plumbing/build/xixi': AMENT_PREFIX_PATH=/home/ros2/ws01_plumbing/install/haha:${AMENT_PREFIX_PATH} CMAKE_PREFIX_PATH=/home/ros2/ws01_plumbing/install/haha:/home/ros2/ws01_plumbing/install/cpp02_service:/home/ros2/ws01_plumbing/install/cpp01_topic:/home/ros2/ws01_plumbing/install/base_interfaces_demo:/home/ros2/ws01_plumbing/install/py02_service:/home/ros2/ws01_plumbing/install/py01_topic:/opt/ros/humble LD_LIBRARY_PATH=/home/ros2/ws01_plumbing/install/haha/lib:${LD_LIBRARY_PATH} PYTHONPATH=/home/ros2/ws01_plumbing/install/haha/local/lib/python3.10/dist-packages:${PYTHONPATH} /usr/bin/cmake --install /home/ros2/ws01_plumbing/build/xixi
[16.038s] -- Install configuration: ""
[16.038s] -- Installing: /home/ros2/ws01_plumbing/install/xixi/lib/xixi/demo01_action_server
[16.083s] -- Set runtime path of "/home/ros2/ws01_plumbing/install/xixi/lib/xixi/demo01_action_server" to ""
[16.083s] -- Installing: /home/ros2/ws01_plumbing/install/xixi/lib/xixi/demo02_action_client
[16.086s] -- Set runtime path of "/home/ros2/ws01_plumbing/install/xixi/lib/xixi/demo02_action_client" to ""
[16.088s] -- Installing: /home/ros2/ws01_plumbing/install/xixi/share/ament_index/resource_index/package_run_dependencies/xixi
[16.118s] -- Installing: /home/ros2/ws01_plumbing/install/xixi/share/ament_index/resource_index/parent_prefix_path/xixi
[16.145s] -- Installing: /home/ros2/ws01_plumbing/install/xixi/share/xixi/environment/ament_prefix_path.sh
[16.146s] -- Installing: /home/ros2/ws01_plumbing/install/xixi/share/xixi/environment/ament_prefix_path.dsv
[16.161s] -- Installing: /home/ros2/ws01_plumbing/install/xixi/share/xixi/environment/path.sh
[16.162s] -- Installing: /home/ros2/ws01_plumbing/install/xixi/share/xixi/environment/path.dsv
[16.164s] -- Installing: /home/ros2/ws01_plumbing/install/xixi/share/xixi/local_setup.bash
[16.179s] -- Installing: /home/ros2/ws01_plumbing/install/xixi/share/xixi/local_setup.sh
[16.182s] -- Installing: /home/ros2/ws01_plumbing/install/xixi/share/xixi/local_setup.zsh
[16.185s] -- Installing: /home/ros2/ws01_plumbing/install/xixi/share/xixi/local_setup.dsv
[16.187s] -- Installing: /home/ros2/ws01_plumbing/install/xixi/share/xixi/package.dsv
[16.207s] -- Installing: /home/ros2/ws01_plumbing/install/xixi/share/ament_index/resource_index/packages/xixi
[16.208s] -- Installing: /home/ros2/ws01_plumbing/install/xixi/share/xixi/cmake/xixiConfig.cmake
[16.218s] -- Installing: /home/ros2/ws01_plumbing/install/xixi/share/xixi/cmake/xixiConfig-version.cmake
[16.231s] -- Installing: /home/ros2/ws01_plumbing/install/xixi/share/xixi/package.xml
[16.243s] Invoked command in '/home/ros2/ws01_plumbing/build/xixi' returned '0': AMENT_PREFIX_PATH=/home/ros2/ws01_plumbing/install/haha:${AMENT_PREFIX_PATH} CMAKE_PREFIX_PATH=/home/ros2/ws01_plumbing/install/haha:/home/ros2/ws01_plumbing/install/cpp02_service:/home/ros2/ws01_plumbing/install/cpp01_topic:/home/ros2/ws01_plumbing/install/base_interfaces_demo:/home/ros2/ws01_plumbing/install/py02_service:/home/ros2/ws01_plumbing/install/py01_topic:/opt/ros/humble LD_LIBRARY_PATH=/home/ros2/ws01_plumbing/install/haha/lib:${LD_LIBRARY_PATH} PYTHONPATH=/home/ros2/ws01_plumbing/install/haha/local/lib/python3.10/dist-packages:${PYTHONPATH} /usr/bin/cmake --install /home/ros2/ws01_plumbing/build/xixi
