[0.039s] Invoking command in '/home/ros2/ws01_plumbing/build/cpp03_action': AMENT_PREFIX_PATH=/home/ros2/ws01_plumbing/install/base_interfaces_demo:${AMENT_PREFIX_PATH} CMAKE_PREFIX_PATH=/home/ros2/ws01_plumbing/install/base_interfaces_demo:/opt/ros/humble LD_LIBRARY_PATH=/home/ros2/ws01_plumbing/install/base_interfaces_demo/lib:${LD_LIBRARY_PATH} PYTHONPATH=/home/ros2/ws01_plumbing/install/base_interfaces_demo/local/lib/python3.10/dist-packages:${PYTHONPATH} /usr/bin/cmake --build /home/ros2/ws01_plumbing/build/cpp03_action -- -j4 -l4
[0.198s] [ 50%] Built target demo01_action_server
[0.204s] [ 75%] [32mBuilding CXX object CMakeFiles/demo02_action_client.dir/src/demo02_action_client.cpp.o[0m
[12.927s] [100%] [32m[1mLinking CXX executable demo02_action_client[0m
[13.431s] [100%] Built target demo02_action_client
[13.476s] Invoked command in '/home/ros2/ws01_plumbing/build/cpp03_action' returned '0': AMENT_PREFIX_PATH=/home/ros2/ws01_plumbing/install/base_interfaces_demo:${AMENT_PREFIX_PATH} CMAKE_PREFIX_PATH=/home/ros2/ws01_plumbing/install/base_interfaces_demo:/opt/ros/humble LD_LIBRARY_PATH=/home/ros2/ws01_plumbing/install/base_interfaces_demo/lib:${LD_LIBRARY_PATH} PYTHONPATH=/home/ros2/ws01_plumbing/install/base_interfaces_demo/local/lib/python3.10/dist-packages:${PYTHONPATH} /usr/bin/cmake --build /home/ros2/ws01_plumbing/build/cpp03_action -- -j4 -l4
[13.625s] Invoking command in '/home/ros2/ws01_plumbing/build/cpp03_action': AMENT_PREFIX_PATH=/home/ros2/ws01_plumbing/install/base_interfaces_demo:${AMENT_PREFIX_PATH} CMAKE_PREFIX_PATH=/home/ros2/ws01_plumbing/install/base_interfaces_demo:/opt/ros/humble LD_LIBRARY_PATH=/home/ros2/ws01_plumbing/install/base_interfaces_demo/lib:${LD_LIBRARY_PATH} PYTHONPATH=/home/ros2/ws01_plumbing/install/base_interfaces_demo/local/lib/python3.10/dist-packages:${PYTHONPATH} /usr/bin/cmake --install /home/ros2/ws01_plumbing/build/cpp03_action
[13.644s] -- Install configuration: ""
[13.645s] -- Up-to-date: /home/ros2/ws01_plumbing/install/cpp03_action/lib/cpp03_action/demo01_action_server
[13.645s] -- Installing: /home/ros2/ws01_plumbing/install/cpp03_action/lib/cpp03_action/demo02_action_client
[13.648s] -- Set runtime path of "/home/ros2/ws01_plumbing/install/cpp03_action/lib/cpp03_action/demo02_action_client" to ""
[13.648s] -- Up-to-date: /home/ros2/ws01_plumbing/install/cpp03_action/share/ament_index/resource_index/package_run_dependencies/cpp03_action
[13.649s] -- Up-to-date: /home/ros2/ws01_plumbing/install/cpp03_action/share/ament_index/resource_index/parent_prefix_path/cpp03_action
[13.649s] -- Up-to-date: /home/ros2/ws01_plumbing/install/cpp03_action/share/cpp03_action/environment/ament_prefix_path.sh
[13.649s] -- Up-to-date: /home/ros2/ws01_plumbing/install/cpp03_action/share/cpp03_action/environment/ament_prefix_path.dsv
[13.650s] -- Up-to-date: /home/ros2/ws01_plumbing/install/cpp03_action/share/cpp03_action/environment/path.sh
[13.650s] -- Up-to-date: /home/ros2/ws01_plumbing/install/cpp03_action/share/cpp03_action/environment/path.dsv
[13.650s] -- Up-to-date: /home/ros2/ws01_plumbing/install/cpp03_action/share/cpp03_action/local_setup.bash
[13.651s] -- Up-to-date: /home/ros2/ws01_plumbing/install/cpp03_action/share/cpp03_action/local_setup.sh
[13.651s] -- Up-to-date: /home/ros2/ws01_plumbing/install/cpp03_action/share/cpp03_action/local_setup.zsh
[13.651s] -- Up-to-date: /home/ros2/ws01_plumbing/install/cpp03_action/share/cpp03_action/local_setup.dsv
[13.651s] -- Installing: /home/ros2/ws01_plumbing/install/cpp03_action/share/cpp03_action/package.dsv
[13.651s] -- Up-to-date: /home/ros2/ws01_plumbing/install/cpp03_action/share/ament_index/resource_index/packages/cpp03_action
[13.651s] -- Up-to-date: /home/ros2/ws01_plumbing/install/cpp03_action/share/cpp03_action/cmake/cpp03_actionConfig.cmake
[13.652s] -- Up-to-date: /home/ros2/ws01_plumbing/install/cpp03_action/share/cpp03_action/cmake/cpp03_actionConfig-version.cmake
[13.652s] -- Up-to-date: /home/ros2/ws01_plumbing/install/cpp03_action/share/cpp03_action/package.xml
[13.659s] Invoked command in '/home/ros2/ws01_plumbing/build/cpp03_action' returned '0': AMENT_PREFIX_PATH=/home/ros2/ws01_plumbing/install/base_interfaces_demo:${AMENT_PREFIX_PATH} CMAKE_PREFIX_PATH=/home/ros2/ws01_plumbing/install/base_interfaces_demo:/opt/ros/humble LD_LIBRARY_PATH=/home/ros2/ws01_plumbing/install/base_interfaces_demo/lib:${LD_LIBRARY_PATH} PYTHONPATH=/home/ros2/ws01_plumbing/install/base_interfaces_demo/local/lib/python3.10/dist-packages:${PYTHONPATH} /usr/bin/cmake --install /home/ros2/ws01_plumbing/build/cpp03_action
