[1.546s] Invoking command in '/home/ros2/ws00_helloworld/build/pkg03_hellovscode_cpp': CMAKE_PREFIX_PATH=/opt/ros/humble /usr/bin/cmake /home/ros2/ws00_helloworld/src/pkg03_hellovscode_cpp -DCMAKE_INSTALL_PREFIX=/home/ros2/ws00_helloworld/install/pkg03_hellovscode_cpp
[5.070s] -- The C compiler identification is GNU 11.2.0
[6.026s] -- The CXX compiler identification is GNU 11.2.0
[6.122s] -- Detecting C compiler ABI info
[6.766s] -- Detecting C compiler ABI info - done
[6.843s] -- Check for working C compiler: /usr/bin/cc - skipped
[6.850s] -- Detecting C compile features
[6.862s] -- Detecting C compile features - done
[6.914s] -- Detecting CXX compiler ABI info
[7.592s] -- Detecting CXX compiler ABI info - done
[7.650s] -- Check for working CXX compiler: /usr/bin/c++ - skipped
[7.657s] -- Detecting CXX compile features
[7.658s] -- Detecting CXX compile features - done
[7.738s] -- Found ament_cmake: 1.3.2 (/opt/ros/humble/share/ament_cmake/cmake)
[8.837s] -- Found Python3: /usr/bin/python3.10 (found version "3.10.4") found components: Interpreter 
[9.721s] -- Found rclcpp: 16.0.1 (/opt/ros/humble/share/rclcpp/cmake)
[10.484s] -- Found rosidl_generator_c: 3.1.3 (/opt/ros/humble/share/rosidl_generator_c/cmake)
[10.536s] -- Found rosidl_adapter: 3.1.3 (/opt/ros/humble/share/rosidl_adapter/cmake)
[10.611s] -- Found rosidl_generator_cpp: 3.1.3 (/opt/ros/humble/share/rosidl_generator_cpp/cmake)
[10.793s] -- Using all available rosidl_typesupport_c: rosidl_typesupport_fastrtps_c;rosidl_typesupport_introspection_c
[11.027s] -- Using all available rosidl_typesupport_cpp: rosidl_typesupport_fastrtps_cpp;rosidl_typesupport_introspection_cpp
[11.689s] -- Found rmw_implementation_cmake: 6.1.0 (/opt/ros/humble/share/rmw_implementation_cmake/cmake)
[11.722s] -- Found rmw_fastrtps_cpp: 6.2.1 (/opt/ros/humble/share/rmw_fastrtps_cpp/cmake)
[12.787s] -- Found OpenSSL: /usr/lib/x86_64-linux-gnu/libcrypto.so (found version "3.0.2")  
[12.979s] -- Found FastRTPS: /opt/ros/humble/include  
[13.224s] -- Using RMW implementation 'rmw_fastrtps_cpp' as default
[15.582s] -- Found ament_lint_auto: 0.12.4 (/opt/ros/humble/share/ament_lint_auto/cmake)
[17.358s] -- Added test 'cppcheck' to perform static code analysis on C / C++ code
[17.358s] -- Configured cppcheck include dirs: $<BUILD_INTERFACE:/home/ros2/ws00_helloworld/src/pkg03_hellovscode_cpp/include>
[17.359s] -- Configured cppcheck exclude dirs and/or files: 
[17.377s] -- Added test 'lint_cmake' to check CMake code style
[17.406s] -- Added test 'uncrustify' to check C / C++ code style
[17.407s] -- Configured uncrustify additional arguments: 
[17.413s] -- Added test 'xmllint' to check XML markup files
[17.427s] -- Configuring done
[17.518s] -- Generating done
[17.523s] -- Build files have been written to: /home/ros2/ws00_helloworld/build/pkg03_hellovscode_cpp
[17.578s] Invoked command in '/home/ros2/ws00_helloworld/build/pkg03_hellovscode_cpp' returned '0': CMAKE_PREFIX_PATH=/opt/ros/humble /usr/bin/cmake /home/ros2/ws00_helloworld/src/pkg03_hellovscode_cpp -DCMAKE_INSTALL_PREFIX=/home/ros2/ws00_helloworld/install/pkg03_hellovscode_cpp
[17.581s] Invoking command in '/home/ros2/ws00_helloworld/build/pkg03_hellovscode_cpp': CMAKE_PREFIX_PATH=/opt/ros/humble /usr/bin/cmake --build /home/ros2/ws00_helloworld/build/pkg03_hellovscode_cpp -- -j4 -l4
[17.865s] [ 50%] [32mBuilding CXX object CMakeFiles/hellovscode.dir/src/hellovscode.cpp.o[0m
[32.351s] [100%] [32m[1mLinking CXX executable hellovscode[0m
[32.749s] [100%] Built target hellovscode
[32.790s] Invoked command in '/home/ros2/ws00_helloworld/build/pkg03_hellovscode_cpp' returned '0': CMAKE_PREFIX_PATH=/opt/ros/humble /usr/bin/cmake --build /home/ros2/ws00_helloworld/build/pkg03_hellovscode_cpp -- -j4 -l4
[32.966s] Invoking command in '/home/ros2/ws00_helloworld/build/pkg03_hellovscode_cpp': CMAKE_PREFIX_PATH=/opt/ros/humble /usr/bin/cmake --install /home/ros2/ws00_helloworld/build/pkg03_hellovscode_cpp
[33.005s] -- Install configuration: ""
[33.006s] -- Installing: /home/ros2/ws00_helloworld/install/pkg03_hellovscode_cpp/lib/pkg03_hellovscode_cpp/hellovscode
[33.006s] -- Set runtime path of "/home/ros2/ws00_helloworld/install/pkg03_hellovscode_cpp/lib/pkg03_hellovscode_cpp/hellovscode" to ""
[33.006s] -- Installing: /home/ros2/ws00_helloworld/install/pkg03_hellovscode_cpp/share/ament_index/resource_index/package_run_dependencies/pkg03_hellovscode_cpp
[33.006s] -- Installing: /home/ros2/ws00_helloworld/install/pkg03_hellovscode_cpp/share/ament_index/resource_index/parent_prefix_path/pkg03_hellovscode_cpp
[33.006s] -- Installing: /home/ros2/ws00_helloworld/install/pkg03_hellovscode_cpp/share/pkg03_hellovscode_cpp/environment/ament_prefix_path.sh
[33.007s] -- Installing: /home/ros2/ws00_helloworld/install/pkg03_hellovscode_cpp/share/pkg03_hellovscode_cpp/environment/ament_prefix_path.dsv
[33.008s] -- Installing: /home/ros2/ws00_helloworld/install/pkg03_hellovscode_cpp/share/pkg03_hellovscode_cpp/environment/path.sh
[33.008s] -- Installing: /home/ros2/ws00_helloworld/install/pkg03_hellovscode_cpp/share/pkg03_hellovscode_cpp/environment/path.dsv
[33.008s] -- Installing: /home/ros2/ws00_helloworld/install/pkg03_hellovscode_cpp/share/pkg03_hellovscode_cpp/local_setup.bash
[33.009s] -- Installing: /home/ros2/ws00_helloworld/install/pkg03_hellovscode_cpp/share/pkg03_hellovscode_cpp/local_setup.sh
[33.009s] -- Installing: /home/ros2/ws00_helloworld/install/pkg03_hellovscode_cpp/share/pkg03_hellovscode_cpp/local_setup.zsh
[33.010s] -- Installing: /home/ros2/ws00_helloworld/install/pkg03_hellovscode_cpp/share/pkg03_hellovscode_cpp/local_setup.dsv
[33.011s] -- Installing: /home/ros2/ws00_helloworld/install/pkg03_hellovscode_cpp/share/pkg03_hellovscode_cpp/package.dsv
[33.011s] -- Installing: /home/ros2/ws00_helloworld/install/pkg03_hellovscode_cpp/share/ament_index/resource_index/packages/pkg03_hellovscode_cpp
[33.011s] -- Installing: /home/ros2/ws00_helloworld/install/pkg03_hellovscode_cpp/share/pkg03_hellovscode_cpp/cmake/pkg03_hellovscode_cppConfig.cmake
[33.011s] -- Installing: /home/ros2/ws00_helloworld/install/pkg03_hellovscode_cpp/share/pkg03_hellovscode_cpp/cmake/pkg03_hellovscode_cppConfig-version.cmake
[33.011s] -- Installing: /home/ros2/ws00_helloworld/install/pkg03_hellovscode_cpp/share/pkg03_hellovscode_cpp/package.xml
[33.022s] Invoked command in '/home/ros2/ws00_helloworld/build/pkg03_hellovscode_cpp' returned '0': CMAKE_PREFIX_PATH=/opt/ros/humble /usr/bin/cmake --install /home/ros2/ws00_helloworld/build/pkg03_hellovscode_cpp
