[2.339s] Invoking command in '/home/ros2/ws01_plumbing/src/py01_topic': CMAKE_PREFIX_PATH=/home/ros2/ws01_plumbing/install/base_interfaces_demo:/home/ros2/ws01_plumbing/install/cpp01_topic PYTHONPATH=/home/ros2/ws01_plumbing/install/py01_topic/lib/python3.10/site-packages:${PYTHONPATH} /usr/bin/python3 setup.py egg_info --egg-base ../../build/py01_topic build --build-base /home/ros2/ws01_plumbing/build/py01_topic/build install --prefix /home/ros2/ws01_plumbing/install/py01_topic --record /home/ros2/ws01_plumbing/build/py01_topic/install.log --single-version-externally-managed
[3.260s] running egg_info
[3.261s] writing ../../build/py01_topic/py01_topic.egg-info/PKG-INFO
[3.263s] writing dependency_links to ../../build/py01_topic/py01_topic.egg-info/dependency_links.txt
[3.264s] writing entry points to ../../build/py01_topic/py01_topic.egg-info/entry_points.txt
[3.264s] writing requirements to ../../build/py01_topic/py01_topic.egg-info/requires.txt
[3.265s] writing top-level names to ../../build/py01_topic/py01_topic.egg-info/top_level.txt
[3.272s] reading manifest file '../../build/py01_topic/py01_topic.egg-info/SOURCES.txt'
[3.276s] writing manifest file '../../build/py01_topic/py01_topic.egg-info/SOURCES.txt'
[3.278s] running build
[3.278s] running build_py
[3.279s] copying py01_topic/demo02_listener_str_py.py -> /home/ros2/ws01_plumbing/build/py01_topic/build/lib/py01_topic
[3.281s] running install
[3.281s] /usr/lib/python3/dist-packages/setuptools/command/install.py:34: SetuptoolsDeprecationWarning: setup.py install is deprecated. Use build and pip and other standards-based tools.
[3.283s]   warnings.warn(
[3.286s] running install_lib
[3.287s] copying /home/ros2/ws01_plumbing/build/py01_topic/build/lib/py01_topic/demo02_listener_str_py.py -> /home/ros2/ws01_plumbing/install/py01_topic/lib/python3.10/site-packages/py01_topic
[3.290s] byte-compiling /home/ros2/ws01_plumbing/install/py01_topic/lib/python3.10/site-packages/py01_topic/demo02_listener_str_py.py to demo02_listener_str_py.cpython-310.pyc
[3.290s] running install_data
[3.292s] running install_egg_info
[3.296s] removing '/home/ros2/ws01_plumbing/install/py01_topic/lib/python3.10/site-packages/py01_topic-0.0.0-py3.10.egg-info' (and everything under it)
[3.298s] Copying ../../build/py01_topic/py01_topic.egg-info to /home/ros2/ws01_plumbing/install/py01_topic/lib/python3.10/site-packages/py01_topic-0.0.0-py3.10.egg-info
[3.299s] running install_scripts
[3.368s] Installing demo01_talker_str_py script to /home/ros2/ws01_plumbing/install/py01_topic/lib/py01_topic
[3.370s] Installing demo02_listener_str_py script to /home/ros2/ws01_plumbing/install/py01_topic/lib/py01_topic
[3.371s] writing list of installed files to '/home/ros2/ws01_plumbing/build/py01_topic/install.log'
[3.475s] Invoked command in '/home/ros2/ws01_plumbing/src/py01_topic' returned '0': CMAKE_PREFIX_PATH=/home/ros2/ws01_plumbing/install/base_interfaces_demo:/home/ros2/ws01_plumbing/install/cpp01_topic PYTHONPATH=/home/ros2/ws01_plumbing/install/py01_topic/lib/python3.10/site-packages:${PYTHONPATH} /usr/bin/python3 setup.py egg_info --egg-base ../../build/py01_topic build --build-base /home/ros2/ws01_plumbing/build/py01_topic/build install --prefix /home/ros2/ws01_plumbing/install/py01_topic --record /home/ros2/ws01_plumbing/build/py01_topic/install.log --single-version-externally-managed
