[2.480s] Invoking command in '/home/ros2/ws01_plumbing/src/py05_names': PYTHONPATH=/home/ros2/ws01_plumbing/install/py05_names/lib/python3.10/site-packages:${PYTHONPATH} /usr/bin/python3 setup.py egg_info --egg-base ../../build/py05_names build --build-base /home/ros2/ws01_plumbing/build/py05_names/build install --prefix /home/ros2/ws01_plumbing/install/py05_names --record /home/ros2/ws01_plumbing/build/py05_names/install.log --single-version-externally-managed
[3.706s] running egg_info
[3.710s] writing ../../build/py05_names/py05_names.egg-info/PKG-INFO
[3.711s] writing dependency_links to ../../build/py05_names/py05_names.egg-info/dependency_links.txt
[3.712s] writing entry points to ../../build/py05_names/py05_names.egg-info/entry_points.txt
[3.714s] writing requirements to ../../build/py05_names/py05_names.egg-info/requires.txt
[3.715s] writing top-level names to ../../build/py05_names/py05_names.egg-info/top_level.txt
[3.726s] reading manifest file '../../build/py05_names/py05_names.egg-info/SOURCES.txt'
[3.731s] writing manifest file '../../build/py05_names/py05_names.egg-info/SOURCES.txt'
[3.732s] running build
[3.733s] running build_py
[3.733s] copying py05_names/demo01_names_py.py -> /home/ros2/ws01_plumbing/build/py05_names/build/lib/py05_names
[3.735s] running install
[3.736s] /usr/lib/python3/dist-packages/setuptools/command/install.py:34: SetuptoolsDeprecationWarning: setup.py install is deprecated. Use build and pip and other standards-based tools.
[3.736s]   warnings.warn(
[3.738s] running install_lib
[3.741s] copying /home/ros2/ws01_plumbing/build/py05_names/build/lib/py05_names/demo01_names_py.py -> /home/ros2/ws01_plumbing/install/py05_names/lib/python3.10/site-packages/py05_names
[3.744s] byte-compiling /home/ros2/ws01_plumbing/install/py05_names/lib/python3.10/site-packages/py05_names/demo01_names_py.py to demo01_names_py.cpython-310.pyc
[3.748s] running install_data
[3.751s] running install_egg_info
[3.758s] removing '/home/ros2/ws01_plumbing/install/py05_names/lib/python3.10/site-packages/py05_names-0.0.0-py3.10.egg-info' (and everything under it)
[3.759s] Copying ../../build/py05_names/py05_names.egg-info to /home/ros2/ws01_plumbing/install/py05_names/lib/python3.10/site-packages/py05_names-0.0.0-py3.10.egg-info
[3.760s] running install_scripts
[3.857s] Installing demo01_names_py script to /home/ros2/ws01_plumbing/install/py05_names/lib/py05_names
[3.860s] writing list of installed files to '/home/ros2/ws01_plumbing/build/py05_names/install.log'
[3.997s] Invoked command in '/home/ros2/ws01_plumbing/src/py05_names' returned '0': PYTHONPATH=/home/ros2/ws01_plumbing/install/py05_names/lib/python3.10/site-packages:${PYTHONPATH} /usr/bin/python3 setup.py egg_info --egg-base ../../build/py05_names build --build-base /home/ros2/ws01_plumbing/build/py05_names/build install --prefix /home/ros2/ws01_plumbing/install/py05_names --record /home/ros2/ws01_plumbing/build/py05_names/install.log --single-version-externally-managed
