[2.521s] Invoking command in '/home/ros2/ws01_plumbing/src/py01_topic': AMENT_PREFIX_PATH=/home/ros2/ws01_plumbing/install/base_interfaces_demo:${AMENT_PREFIX_PATH} CMAKE_PREFIX_PATH=/home/ros2/ws01_plumbing/install/base_interfaces_demo LD_LIBRARY_PATH=/home/ros2/ws01_plumbing/install/base_interfaces_demo/lib:${LD_LIBRARY_PATH} PYTHONPATH=/home/ros2/ws01_plumbing/install/py01_topic/lib/python3.10/site-packages:/home/ros2/ws01_plumbing/install/base_interfaces_demo/local/lib/python3.10/dist-packages:${PYTHONPATH} /usr/bin/python3 setup.py egg_info --egg-base ../../build/py01_topic build --build-base /home/ros2/ws01_plumbing/build/py01_topic/build install --prefix /home/ros2/ws01_plumbing/install/py01_topic --record /home/ros2/ws01_plumbing/build/py01_topic/install.log --single-version-externally-managed
[3.364s] running egg_info
[3.371s] writing ../../build/py01_topic/py01_topic.egg-info/PKG-INFO
[3.372s] writing dependency_links to ../../build/py01_topic/py01_topic.egg-info/dependency_links.txt
[3.372s] writing entry points to ../../build/py01_topic/py01_topic.egg-info/entry_points.txt
[3.372s] writing requirements to ../../build/py01_topic/py01_topic.egg-info/requires.txt
[3.373s] writing top-level names to ../../build/py01_topic/py01_topic.egg-info/top_level.txt
[3.379s] reading manifest file '../../build/py01_topic/py01_topic.egg-info/SOURCES.txt'
[3.458s] writing manifest file '../../build/py01_topic/py01_topic.egg-info/SOURCES.txt'
[3.460s] /usr/lib/python3/dist-packages/setuptools/command/install.py:34: SetuptoolsDeprecationWarning: setup.py install is deprecated. Use build and pip and other standards-based tools.
[3.460s]   warnings.warn(
[3.461s] running build
[3.461s] running build_py
[3.461s] running install
[3.461s] running install_lib
[3.464s] running install_data
[3.465s] running install_egg_info
[3.470s] removing '/home/ros2/ws01_plumbing/install/py01_topic/lib/python3.10/site-packages/py01_topic-0.0.0-py3.10.egg-info' (and everything under it)
[3.472s] Copying ../../build/py01_topic/py01_topic.egg-info to /home/ros2/ws01_plumbing/install/py01_topic/lib/python3.10/site-packages/py01_topic-0.0.0-py3.10.egg-info
[3.491s] running install_scripts
[3.554s] Installing demo01_talker_str_py script to /home/ros2/ws01_plumbing/install/py01_topic/lib/py01_topic
[3.556s] Installing demo02_listener_str_py script to /home/ros2/ws01_plumbing/install/py01_topic/lib/py01_topic
[3.557s] Installing demo03_talker_stu_py script to /home/ros2/ws01_plumbing/install/py01_topic/lib/py01_topic
[3.557s] Installing demo04_listener_stu_py script to /home/ros2/ws01_plumbing/install/py01_topic/lib/py01_topic
[3.557s] writing list of installed files to '/home/ros2/ws01_plumbing/build/py01_topic/install.log'
[3.624s] Invoked command in '/home/ros2/ws01_plumbing/src/py01_topic' returned '0': AMENT_PREFIX_PATH=/home/ros2/ws01_plumbing/install/base_interfaces_demo:${AMENT_PREFIX_PATH} CMAKE_PREFIX_PATH=/home/ros2/ws01_plumbing/install/base_interfaces_demo LD_LIBRARY_PATH=/home/ros2/ws01_plumbing/install/base_interfaces_demo/lib:${LD_LIBRARY_PATH} PYTHONPATH=/home/ros2/ws01_plumbing/install/py01_topic/lib/python3.10/site-packages:/home/ros2/ws01_plumbing/install/base_interfaces_demo/local/lib/python3.10/dist-packages:${PYTHONPATH} /usr/bin/python3 setup.py egg_info --egg-base ../../build/py01_topic build --build-base /home/ros2/ws01_plumbing/build/py01_topic/build install --prefix /home/ros2/ws01_plumbing/install/py01_topic --record /home/ros2/ws01_plumbing/build/py01_topic/install.log --single-version-externally-managed
