[0.043s] Invoking command in '/home/ros2/ws01_plumbing/build/turtlesim': CMAKE_PREFIX_PATH=/opt/ros/humble /usr/bin/cmake --build /home/ros2/ws01_plumbing/build/turtlesim -- -j4 -l4
[0.198s] [35m[1mConsolidate compiler generated dependencies of target turtlesim_node[0m
[0.237s] [100%] Built target turtlesim_node
[0.279s] Invoked command in '/home/ros2/ws01_plumbing/build/turtlesim' returned '0': CMAKE_PREFIX_PATH=/opt/ros/humble /usr/bin/cmake --build /home/ros2/ws01_plumbing/build/turtlesim -- -j4 -l4
[0.462s] Invoking command in '/home/ros2/ws01_plumbing/build/turtlesim': CMAKE_PREFIX_PATH=/opt/ros/humble /usr/bin/cmake --install /home/ros2/ws01_plumbing/build/turtlesim
[0.484s] -- Install configuration: ""
[0.484s] -- Up-to-date: /home/ros2/ws01_plumbing/install/turtlesim/lib/turtlesim/turtlesim_node
[0.486s] -- Up-to-date: /home/ros2/ws01_plumbing/install/turtlesim/share/ament_index/resource_index/package_run_dependencies/turtlesim
[0.486s] -- Up-to-date: /home/ros2/ws01_plumbing/install/turtlesim/share/ament_index/resource_index/parent_prefix_path/turtlesim
[0.487s] -- Up-to-date: /home/ros2/ws01_plumbing/install/turtlesim/share/turtlesim/environment/ament_prefix_path.sh
[0.490s] -- Up-to-date: /home/ros2/ws01_plumbing/install/turtlesim/share/turtlesim/environment/ament_prefix_path.dsv
[0.490s] -- Up-to-date: /home/ros2/ws01_plumbing/install/turtlesim/share/turtlesim/environment/path.sh
[0.490s] -- Up-to-date: /home/ros2/ws01_plumbing/install/turtlesim/share/turtlesim/environment/path.dsv
[0.490s] -- Up-to-date: /home/ros2/ws01_plumbing/install/turtlesim/share/turtlesim/local_setup.bash
[0.490s] -- Up-to-date: /home/ros2/ws01_plumbing/install/turtlesim/share/turtlesim/local_setup.sh
[0.491s] -- Up-to-date: /home/ros2/ws01_plumbing/install/turtlesim/share/turtlesim/local_setup.zsh
[0.492s] -- Up-to-date: /home/ros2/ws01_plumbing/install/turtlesim/share/turtlesim/local_setup.dsv
[0.492s] -- Installing: /home/ros2/ws01_plumbing/install/turtlesim/share/turtlesim/package.dsv
[0.495s] -- Up-to-date: /home/ros2/ws01_plumbing/install/turtlesim/share/ament_index/resource_index/packages/turtlesim
[0.495s] -- Up-to-date: /home/ros2/ws01_plumbing/install/turtlesim/share/turtlesim/cmake/turtlesimConfig.cmake
[0.496s] -- Up-to-date: /home/ros2/ws01_plumbing/install/turtlesim/share/turtlesim/cmake/turtlesimConfig-version.cmake
[0.496s] -- Up-to-date: /home/ros2/ws01_plumbing/install/turtlesim/share/turtlesim/package.xml
[0.513s] Invoked command in '/home/ros2/ws01_plumbing/build/turtlesim' returned '0': CMAKE_PREFIX_PATH=/opt/ros/humble /usr/bin/cmake --install /home/ros2/ws01_plumbing/build/turtlesim
