-- Found ament_cmake: 1.3.2 (/opt/ros/humble/share/ament_cmake/cmake)
-- Found rosidl_default_generators: 1.2.0 (/opt/ros/humble/share/rosidl_default_generators/cmake)
-- Using all available rosidl_typesupport_c: rosidl_typesupport_fastrtps_c;rosidl_typesupport_introspection_c
-- Found rosidl_adapter: 3.1.3 (/opt/ros/humble/share/rosidl_adapter/cmake)
-- Using all available rosidl_typesupport_cpp: rosidl_typesupport_fastrtps_cpp;rosidl_typesupport_introspection_cpp
-- Found ament_cmake_ros: 0.10.0 (/opt/ros/humble/share/ament_cmake_ros/cmake)
-- Using all available rosidl_typesupport_c: rosidl_typesupport_fastrtps_c;rosidl_typesupport_introspection_c
-- Using all available rosidl_typesupport_cpp: rosidl_typesupport_fastrtps_cpp;rosidl_typesupport_introspection_cpp
-- Found python_cmake_module: 0.10.0 (/opt/ros/humble/share/python_cmake_module/cmake)
-- Using PYTHON_EXECUTABLE: /usr/bin/python3
-- Using PYTHON_INCLUDE_DIRS: /usr/include/python3.10
-- Using PYTHON_LIBRARIES: /usr/lib/x86_64-linux-gnu/libpython3.10.so
-- Found ament_lint_auto: 0.12.4 (/opt/ros/humble/share/ament_lint_auto/cmake)
-- Configuring done
-- Generating done
-- Build files have been written to: /home/ros2/ws01_plumbing/build/haha
[35m[1mConsolidate compiler generated dependencies of target haha__rosidl_generator_c[0m
[  9%] Built target haha__rosidl_generator_c
[ 12%] Built target haha__cpp
[35m[1mConsolidate compiler generated dependencies of target haha__rosidl_typesupport_fastrtps_c[0m
[35m[1mConsolidate compiler generated dependencies of target haha__rosidl_typesupport_introspection_c[0m
[35m[1mConsolidate compiler generated dependencies of target haha__rosidl_typesupport_c[0m
[ 22%] Built target haha__rosidl_typesupport_introspection_c
[ 32%] Built target haha__rosidl_typesupport_fastrtps_c
[ 41%] Built target haha__rosidl_typesupport_c
[ 41%] Built target ament_cmake_python_copy_haha
[35m[1mConsolidate compiler generated dependencies of target haha__rosidl_typesupport_introspection_cpp[0m
[35m[1mConsolidate compiler generated dependencies of target haha__rosidl_typesupport_cpp[0m
[35m[1mConsolidate compiler generated dependencies of target haha__rosidl_typesupport_fastrtps_cpp[0m
[ 54%] Built target haha__rosidl_typesupport_cpp
[ 61%] Built target haha__rosidl_typesupport_fastrtps_cpp
[ 70%] Built target haha__rosidl_typesupport_introspection_cpp
[ 70%] Built target haha
[ 74%] Built target haha__py
[35m[1mConsolidate compiler generated dependencies of target haha__rosidl_generator_py[0m
[ 80%] Built target haha__rosidl_generator_py
[35m[1mConsolidate compiler generated dependencies of target haha__rosidl_typesupport_introspection_c__pyext[0m
[35m[1mConsolidate compiler generated dependencies of target haha__rosidl_typesupport_fastrtps_c__pyext[0m
[35m[1mConsolidate compiler generated dependencies of target haha__rosidl_typesupport_c__pyext[0m
[ 87%] Built target haha__rosidl_typesupport_introspection_c__pyext
[ 93%] Built target haha__rosidl_typesupport_fastrtps_c__pyext
[100%] Built target haha__rosidl_typesupport_c__pyext
running egg_info
writing haha.egg-info/PKG-INFO
writing dependency_links to haha.egg-info/dependency_links.txt
writing top-level names to haha.egg-info/top_level.txt
reading manifest file 'haha.egg-info/SOURCES.txt'
writing manifest file 'haha.egg-info/SOURCES.txt'
[100%] Built target ament_cmake_python_build_haha_egg
-- Install configuration: ""
-- Installing: /home/ros2/ws01_plumbing/install/haha/share/ament_index/resource_index/rosidl_interfaces/haha
-- Installing: /home/ros2/ws01_plumbing/install/haha/include/haha/haha
-- Installing: /home/ros2/ws01_plumbing/install/haha/include/haha/haha/action
-- Installing: /home/ros2/ws01_plumbing/install/haha/include/haha/haha/action/detail
-- Installing: /home/ros2/ws01_plumbing/install/haha/include/haha/haha/action/detail/progress__type_support.h
-- Installing: /home/ros2/ws01_plumbing/install/haha/include/haha/haha/action/detail/progress__functions.h
-- Installing: /home/ros2/ws01_plumbing/install/haha/include/haha/haha/action/detail/progress__functions.c
-- Installing: /home/ros2/ws01_plumbing/install/haha/include/haha/haha/action/detail/progress__struct.h
-- Installing: /home/ros2/ws01_plumbing/install/haha/include/haha/haha/action/progress.h
-- Installing: /home/ros2/ws01_plumbing/install/haha/include/haha/haha/msg
-- Installing: /home/ros2/ws01_plumbing/install/haha/include/haha/haha/msg/rosidl_generator_c__visibility_control.h
-- Installing: /home/ros2/ws01_plumbing/install/haha/share/haha/environment/library_path.sh
-- Installing: /home/ros2/ws01_plumbing/install/haha/share/haha/environment/library_path.dsv
-- Installing: /home/ros2/ws01_plumbing/install/haha/lib/libhaha__rosidl_generator_c.so
-- Set runtime path of "/home/ros2/ws01_plumbing/install/haha/lib/libhaha__rosidl_generator_c.so" to ""
-- Up-to-date: /home/ros2/ws01_plumbing/install/haha/include/haha/haha
-- Up-to-date: /home/ros2/ws01_plumbing/install/haha/include/haha/haha/action
-- Up-to-date: /home/ros2/ws01_plumbing/install/haha/include/haha/haha/action/detail
-- Installing: /home/ros2/ws01_plumbing/install/haha/include/haha/haha/action/detail/progress__rosidl_typesupport_fastrtps_c.h
-- Up-to-date: /home/ros2/ws01_plumbing/install/haha/include/haha/haha/msg
-- Installing: /home/ros2/ws01_plumbing/install/haha/include/haha/haha/msg/rosidl_typesupport_fastrtps_c__visibility_control.h
-- Installing: /home/ros2/ws01_plumbing/install/haha/lib/libhaha__rosidl_typesupport_fastrtps_c.so
-- Set runtime path of "/home/ros2/ws01_plumbing/install/haha/lib/libhaha__rosidl_typesupport_fastrtps_c.so" to ""
-- Up-to-date: /home/ros2/ws01_plumbing/install/haha/include/haha/haha
-- Up-to-date: /home/ros2/ws01_plumbing/install/haha/include/haha/haha/action
-- Up-to-date: /home/ros2/ws01_plumbing/install/haha/include/haha/haha/action/detail
-- Installing: /home/ros2/ws01_plumbing/install/haha/include/haha/haha/action/detail/progress__rosidl_typesupport_introspection_c.h
-- Installing: /home/ros2/ws01_plumbing/install/haha/include/haha/haha/action/detail/progress__type_support.c
-- Up-to-date: /home/ros2/ws01_plumbing/install/haha/include/haha/haha/msg
-- Installing: /home/ros2/ws01_plumbing/install/haha/include/haha/haha/msg/rosidl_typesupport_introspection_c__visibility_control.h
-- Installing: /home/ros2/ws01_plumbing/install/haha/lib/libhaha__rosidl_typesupport_introspection_c.so
-- Set runtime path of "/home/ros2/ws01_plumbing/install/haha/lib/libhaha__rosidl_typesupport_introspection_c.so" to ""
-- Installing: /home/ros2/ws01_plumbing/install/haha/lib/libhaha__rosidl_typesupport_c.so
-- Set runtime path of "/home/ros2/ws01_plumbing/install/haha/lib/libhaha__rosidl_typesupport_c.so" to ""
-- Up-to-date: /home/ros2/ws01_plumbing/install/haha/include/haha/haha
-- Up-to-date: /home/ros2/ws01_plumbing/install/haha/include/haha/haha/action
-- Up-to-date: /home/ros2/ws01_plumbing/install/haha/include/haha/haha/action/detail
-- Installing: /home/ros2/ws01_plumbing/install/haha/include/haha/haha/action/detail/progress__builder.hpp
-- Installing: /home/ros2/ws01_plumbing/install/haha/include/haha/haha/action/detail/progress__traits.hpp
-- Installing: /home/ros2/ws01_plumbing/install/haha/include/haha/haha/action/detail/progress__struct.hpp
-- Installing: /home/ros2/ws01_plumbing/install/haha/include/haha/haha/action/progress.hpp
-- Up-to-date: /home/ros2/ws01_plumbing/install/haha/include/haha/haha
-- Up-to-date: /home/ros2/ws01_plumbing/install/haha/include/haha/haha/action
-- Up-to-date: /home/ros2/ws01_plumbing/install/haha/include/haha/haha/action/detail
-- Installing: /home/ros2/ws01_plumbing/install/haha/include/haha/haha/action/detail/progress__rosidl_typesupport_fastrtps_cpp.hpp
-- Installing: /home/ros2/ws01_plumbing/install/haha/include/haha/haha/action/detail/dds_fastrtps
-- Up-to-date: /home/ros2/ws01_plumbing/install/haha/include/haha/haha/msg
-- Installing: /home/ros2/ws01_plumbing/install/haha/include/haha/haha/msg/rosidl_typesupport_fastrtps_cpp__visibility_control.h
-- Installing: /home/ros2/ws01_plumbing/install/haha/lib/libhaha__rosidl_typesupport_fastrtps_cpp.so
-- Set runtime path of "/home/ros2/ws01_plumbing/install/haha/lib/libhaha__rosidl_typesupport_fastrtps_cpp.so" to ""
-- Up-to-date: /home/ros2/ws01_plumbing/install/haha/include/haha/haha
-- Up-to-date: /home/ros2/ws01_plumbing/install/haha/include/haha/haha/action
-- Up-to-date: /home/ros2/ws01_plumbing/install/haha/include/haha/haha/action/detail
-- Installing: /home/ros2/ws01_plumbing/install/haha/include/haha/haha/action/detail/progress__type_support.cpp
-- Installing: /home/ros2/ws01_plumbing/install/haha/include/haha/haha/action/detail/progress__rosidl_typesupport_introspection_cpp.hpp
-- Installing: /home/ros2/ws01_plumbing/install/haha/lib/libhaha__rosidl_typesupport_introspection_cpp.so
-- Set runtime path of "/home/ros2/ws01_plumbing/install/haha/lib/libhaha__rosidl_typesupport_introspection_cpp.so" to ""
-- Installing: /home/ros2/ws01_plumbing/install/haha/lib/libhaha__rosidl_typesupport_cpp.so
-- Set runtime path of "/home/ros2/ws01_plumbing/install/haha/lib/libhaha__rosidl_typesupport_cpp.so" to ""
-- Installing: /home/ros2/ws01_plumbing/install/haha/share/haha/environment/pythonpath.sh
-- Installing: /home/ros2/ws01_plumbing/install/haha/share/haha/environment/pythonpath.dsv
-- Installing: /home/ros2/ws01_plumbing/install/haha/local/lib/python3.10/dist-packages/haha-0.0.0-py3.10.egg-info
-- Installing: /home/ros2/ws01_plumbing/install/haha/local/lib/python3.10/dist-packages/haha-0.0.0-py3.10.egg-info/top_level.txt
-- Installing: /home/ros2/ws01_plumbing/install/haha/local/lib/python3.10/dist-packages/haha-0.0.0-py3.10.egg-info/dependency_links.txt
-- Installing: /home/ros2/ws01_plumbing/install/haha/local/lib/python3.10/dist-packages/haha-0.0.0-py3.10.egg-info/SOURCES.txt
-- Installing: /home/ros2/ws01_plumbing/install/haha/local/lib/python3.10/dist-packages/haha-0.0.0-py3.10.egg-info/PKG-INFO
-- Installing: /home/ros2/ws01_plumbing/install/haha/local/lib/python3.10/dist-packages/haha
-- Installing: /home/ros2/ws01_plumbing/install/haha/local/lib/python3.10/dist-packages/haha/_haha_s.ep.rosidl_typesupport_fastrtps_c.c
-- Installing: /home/ros2/ws01_plumbing/install/haha/local/lib/python3.10/dist-packages/haha/haha_s__rosidl_typesupport_c.cpython-310-x86_64-linux-gnu.so
-- Installing: /home/ros2/ws01_plumbing/install/haha/local/lib/python3.10/dist-packages/haha/action
-- Installing: /home/ros2/ws01_plumbing/install/haha/local/lib/python3.10/dist-packages/haha/action/__init__.py
-- Installing: /home/ros2/ws01_plumbing/install/haha/local/lib/python3.10/dist-packages/haha/action/_progress_s.c
-- Installing: /home/ros2/ws01_plumbing/install/haha/local/lib/python3.10/dist-packages/haha/action/_progress.py
-- Installing: /home/ros2/ws01_plumbing/install/haha/local/lib/python3.10/dist-packages/haha/haha_s__rosidl_typesupport_introspection_c.cpython-310-x86_64-linux-gnu.so
-- Installing: /home/ros2/ws01_plumbing/install/haha/local/lib/python3.10/dist-packages/haha/__init__.py
-- Installing: /home/ros2/ws01_plumbing/install/haha/local/lib/python3.10/dist-packages/haha/_haha_s.ep.rosidl_typesupport_introspection_c.c
-- Installing: /home/ros2/ws01_plumbing/install/haha/local/lib/python3.10/dist-packages/haha/_haha_s.ep.rosidl_typesupport_c.c
-- Installing: /home/ros2/ws01_plumbing/install/haha/local/lib/python3.10/dist-packages/haha/haha_s__rosidl_typesupport_fastrtps_c.cpython-310-x86_64-linux-gnu.so
-- Installing: /home/ros2/ws01_plumbing/install/haha/local/lib/python3.10/dist-packages/haha/libhaha__rosidl_generator_py.so
Listing '/home/ros2/ws01_plumbing/install/haha/local/lib/python3.10/dist-packages/haha'...
Compiling '/home/ros2/ws01_plumbing/install/haha/local/lib/python3.10/dist-packages/haha/__init__.py'...
Listing '/home/ros2/ws01_plumbing/install/haha/local/lib/python3.10/dist-packages/haha/action'...
Compiling '/home/ros2/ws01_plumbing/install/haha/local/lib/python3.10/dist-packages/haha/action/__init__.py'...
Compiling '/home/ros2/ws01_plumbing/install/haha/local/lib/python3.10/dist-packages/haha/action/_progress.py'...
-- Installing: /home/ros2/ws01_plumbing/install/haha/local/lib/python3.10/dist-packages/haha/haha_s__rosidl_typesupport_fastrtps_c.cpython-310-x86_64-linux-gnu.so
-- Set runtime path of "/home/ros2/ws01_plumbing/install/haha/local/lib/python3.10/dist-packages/haha/haha_s__rosidl_typesupport_fastrtps_c.cpython-310-x86_64-linux-gnu.so" to ""
-- Installing: /home/ros2/ws01_plumbing/install/haha/local/lib/python3.10/dist-packages/haha/haha_s__rosidl_typesupport_introspection_c.cpython-310-x86_64-linux-gnu.so
-- Set runtime path of "/home/ros2/ws01_plumbing/install/haha/local/lib/python3.10/dist-packages/haha/haha_s__rosidl_typesupport_introspection_c.cpython-310-x86_64-linux-gnu.so" to ""
-- Installing: /home/ros2/ws01_plumbing/install/haha/local/lib/python3.10/dist-packages/haha/haha_s__rosidl_typesupport_c.cpython-310-x86_64-linux-gnu.so
-- Set runtime path of "/home/ros2/ws01_plumbing/install/haha/local/lib/python3.10/dist-packages/haha/haha_s__rosidl_typesupport_c.cpython-310-x86_64-linux-gnu.so" to ""
-- Installing: /home/ros2/ws01_plumbing/install/haha/lib/libhaha__rosidl_generator_py.so
-- Set runtime path of "/home/ros2/ws01_plumbing/install/haha/lib/libhaha__rosidl_generator_py.so" to ""
-- Installing: /home/ros2/ws01_plumbing/install/haha/share/haha/action/Progress.idl
-- Installing: /home/ros2/ws01_plumbing/install/haha/share/haha/action/Progress.action
-- Installing: /home/ros2/ws01_plumbing/install/haha/share/ament_index/resource_index/package_run_dependencies/haha
-- Installing: /home/ros2/ws01_plumbing/install/haha/share/ament_index/resource_index/parent_prefix_path/haha
-- Installing: /home/ros2/ws01_plumbing/install/haha/share/haha/environment/ament_prefix_path.sh
-- Installing: /home/ros2/ws01_plumbing/install/haha/share/haha/environment/ament_prefix_path.dsv
-- Installing: /home/ros2/ws01_plumbing/install/haha/share/haha/environment/path.sh
-- Installing: /home/ros2/ws01_plumbing/install/haha/share/haha/environment/path.dsv
-- Installing: /home/ros2/ws01_plumbing/install/haha/share/haha/local_setup.bash
-- Installing: /home/ros2/ws01_plumbing/install/haha/share/haha/local_setup.sh
-- Installing: /home/ros2/ws01_plumbing/install/haha/share/haha/local_setup.zsh
-- Installing: /home/ros2/ws01_plumbing/install/haha/share/haha/local_setup.dsv
-- Installing: /home/ros2/ws01_plumbing/install/haha/share/haha/package.dsv
-- Installing: /home/ros2/ws01_plumbing/install/haha/share/ament_index/resource_index/packages/haha
-- Installing: /home/ros2/ws01_plumbing/install/haha/share/haha/cmake/export_haha__rosidl_generator_cExport.cmake
-- Installing: /home/ros2/ws01_plumbing/install/haha/share/haha/cmake/export_haha__rosidl_generator_cExport-noconfig.cmake
-- Installing: /home/ros2/ws01_plumbing/install/haha/share/haha/cmake/export_haha__rosidl_typesupport_fastrtps_cExport.cmake
-- Installing: /home/ros2/ws01_plumbing/install/haha/share/haha/cmake/export_haha__rosidl_typesupport_fastrtps_cExport-noconfig.cmake
-- Installing: /home/ros2/ws01_plumbing/install/haha/share/haha/cmake/haha__rosidl_typesupport_introspection_cExport.cmake
-- Installing: /home/ros2/ws01_plumbing/install/haha/share/haha/cmake/haha__rosidl_typesupport_introspection_cExport-noconfig.cmake
-- Installing: /home/ros2/ws01_plumbing/install/haha/share/haha/cmake/haha__rosidl_typesupport_cExport.cmake
-- Installing: /home/ros2/ws01_plumbing/install/haha/share/haha/cmake/haha__rosidl_typesupport_cExport-noconfig.cmake
-- Installing: /home/ros2/ws01_plumbing/install/haha/share/haha/cmake/export_haha__rosidl_generator_cppExport.cmake
-- Installing: /home/ros2/ws01_plumbing/install/haha/share/haha/cmake/export_haha__rosidl_typesupport_fastrtps_cppExport.cmake
-- Installing: /home/ros2/ws01_plumbing/install/haha/share/haha/cmake/export_haha__rosidl_typesupport_fastrtps_cppExport-noconfig.cmake
-- Installing: /home/ros2/ws01_plumbing/install/haha/share/haha/cmake/haha__rosidl_typesupport_introspection_cppExport.cmake
-- Installing: /home/ros2/ws01_plumbing/install/haha/share/haha/cmake/haha__rosidl_typesupport_introspection_cppExport-noconfig.cmake
-- Installing: /home/ros2/ws01_plumbing/install/haha/share/haha/cmake/haha__rosidl_typesupport_cppExport.cmake
-- Installing: /home/ros2/ws01_plumbing/install/haha/share/haha/cmake/haha__rosidl_typesupport_cppExport-noconfig.cmake
-- Installing: /home/ros2/ws01_plumbing/install/haha/share/haha/cmake/export_haha__rosidl_generator_pyExport.cmake
-- Installing: /home/ros2/ws01_plumbing/install/haha/share/haha/cmake/export_haha__rosidl_generator_pyExport-noconfig.cmake
-- Installing: /home/ros2/ws01_plumbing/install/haha/share/haha/cmake/rosidl_cmake-extras.cmake
-- Installing: /home/ros2/ws01_plumbing/install/haha/share/haha/cmake/ament_cmake_export_dependencies-extras.cmake
-- Installing: /home/ros2/ws01_plumbing/install/haha/share/haha/cmake/ament_cmake_export_include_directories-extras.cmake
-- Installing: /home/ros2/ws01_plumbing/install/haha/share/haha/cmake/ament_cmake_export_libraries-extras.cmake
-- Installing: /home/ros2/ws01_plumbing/install/haha/share/haha/cmake/ament_cmake_export_targets-extras.cmake
-- Installing: /home/ros2/ws01_plumbing/install/haha/share/haha/cmake/rosidl_cmake_export_typesupport_targets-extras.cmake
-- Installing: /home/ros2/ws01_plumbing/install/haha/share/haha/cmake/rosidl_cmake_export_typesupport_libraries-extras.cmake
-- Installing: /home/ros2/ws01_plumbing/install/haha/share/haha/cmake/hahaConfig.cmake
-- Installing: /home/ros2/ws01_plumbing/install/haha/share/haha/cmake/hahaConfig-version.cmake
-- Installing: /home/ros2/ws01_plumbing/install/haha/share/haha/package.xml
