[3.110s] Invoking command in '/home/ros2/ws01_plumbing/src/py02_service': PYTHONPATH=/home/ros2/ws01_plumbing/install/py02_service/lib/python3.10/site-packages:${PYTHONPATH} /usr/bin/python3 setup.py egg_info --egg-base ../../build/py02_service build --build-base /home/ros2/ws01_plumbing/build/py02_service/build install --prefix /home/ros2/ws01_plumbing/install/py02_service --record /home/ros2/ws01_plumbing/build/py02_service/install.log --single-version-externally-managed
[4.103s] running egg_info
[4.106s] creating ../../build/py02_service/py02_service.egg-info
[4.108s] writing ../../build/py02_service/py02_service.egg-info/PKG-INFO
[4.109s] writing dependency_links to ../../build/py02_service/py02_service.egg-info/dependency_links.txt
[4.110s] writing entry points to ../../build/py02_service/py02_service.egg-info/entry_points.txt
[4.110s] writing requirements to ../../build/py02_service/py02_service.egg-info/requires.txt
[4.110s] writing top-level names to ../../build/py02_service/py02_service.egg-info/top_level.txt
[4.113s] writing manifest file '../../build/py02_service/py02_service.egg-info/SOURCES.txt'
[4.118s] reading manifest file '../../build/py02_service/py02_service.egg-info/SOURCES.txt'
[4.123s] writing manifest file '../../build/py02_service/py02_service.egg-info/SOURCES.txt'
[4.124s] running build
[4.124s] running build_py
[4.125s] creating /home/ros2/ws01_plumbing/build/py02_service/build
[4.126s] creating /home/ros2/ws01_plumbing/build/py02_service/build/lib
[4.126s] creating /home/ros2/ws01_plumbing/build/py02_service/build/lib/py02_service
[4.127s] copying py02_service/__init__.py -> /home/ros2/ws01_plumbing/build/py02_service/build/lib/py02_service
[4.127s] copying py02_service/demo02_client_py.py -> /home/ros2/ws01_plumbing/build/py02_service/build/lib/py02_service
[4.127s] copying py02_service/demo01_server_py.py -> /home/ros2/ws01_plumbing/build/py02_service/build/lib/py02_service
[4.130s] running install
[4.140s] /usr/lib/python3/dist-packages/setuptools/command/install.py:34: SetuptoolsDeprecationWarning: setup.py install is deprecated. Use build and pip and other standards-based tools.
[4.141s]   warnings.warn(
[4.142s] running install_lib
[4.144s] creating /home/ros2/ws01_plumbing/install/py02_service/lib/python3.10/site-packages/py02_service
[4.146s] copying /home/ros2/ws01_plumbing/build/py02_service/build/lib/py02_service/__init__.py -> /home/ros2/ws01_plumbing/install/py02_service/lib/python3.10/site-packages/py02_service
[4.146s] copying /home/ros2/ws01_plumbing/build/py02_service/build/lib/py02_service/demo02_client_py.py -> /home/ros2/ws01_plumbing/install/py02_service/lib/python3.10/site-packages/py02_service
[4.147s] copying /home/ros2/ws01_plumbing/build/py02_service/build/lib/py02_service/demo01_server_py.py -> /home/ros2/ws01_plumbing/install/py02_service/lib/python3.10/site-packages/py02_service
[4.149s] byte-compiling /home/ros2/ws01_plumbing/install/py02_service/lib/python3.10/site-packages/py02_service/__init__.py to __init__.cpython-310.pyc
[4.150s] byte-compiling /home/ros2/ws01_plumbing/install/py02_service/lib/python3.10/site-packages/py02_service/demo02_client_py.py to demo02_client_py.cpython-310.pyc
[4.150s] byte-compiling /home/ros2/ws01_plumbing/install/py02_service/lib/python3.10/site-packages/py02_service/demo01_server_py.py to demo01_server_py.cpython-310.pyc
[4.150s] running install_data
[4.152s] creating /home/ros2/ws01_plumbing/install/py02_service/share/ament_index
[4.152s] creating /home/ros2/ws01_plumbing/install/py02_service/share/ament_index/resource_index
[4.153s] creating /home/ros2/ws01_plumbing/install/py02_service/share/ament_index/resource_index/packages
[4.153s] copying resource/py02_service -> /home/ros2/ws01_plumbing/install/py02_service/share/ament_index/resource_index/packages
[4.153s] copying package.xml -> /home/ros2/ws01_plumbing/install/py02_service/share/py02_service
[4.153s] running install_egg_info
[4.156s] Copying ../../build/py02_service/py02_service.egg-info to /home/ros2/ws01_plumbing/install/py02_service/lib/python3.10/site-packages/py02_service-0.0.0-py3.10.egg-info
[4.158s] running install_scripts
[4.238s] Installing demo01_server_py script to /home/ros2/ws01_plumbing/install/py02_service/lib/py02_service
[4.238s] Installing demo02_client_py script to /home/ros2/ws01_plumbing/install/py02_service/lib/py02_service
[4.239s] writing list of installed files to '/home/ros2/ws01_plumbing/build/py02_service/install.log'
[4.373s] Invoked command in '/home/ros2/ws01_plumbing/src/py02_service' returned '0': PYTHONPATH=/home/ros2/ws01_plumbing/install/py02_service/lib/python3.10/site-packages:${PYTHONPATH} /usr/bin/python3 setup.py egg_info --egg-base ../../build/py02_service build --build-base /home/ros2/ws01_plumbing/build/py02_service/build install --prefix /home/ros2/ws01_plumbing/install/py02_service --record /home/ros2/ws01_plumbing/build/py02_service/install.log --single-version-externally-managed
