[0.066s] Invoking command in '/home/ros2/ws01_plumbing/build/cpp04_param': CMAKE_PREFIX_PATH=${CMAKE_PREFIX_PATH}:/home/ros2/ws01_plumbing/install/py04_param:/home/ros2/ws01_plumbing/install/py03_action:/home/ros2/ws01_plumbing/install/py02_service:/home/ros2/ws01_plumbing/install/py01_topic:/opt/ros/humble /usr/bin/cmake --build /home/ros2/ws01_plumbing/build/cpp04_param -- -j4 -l4
[0.260s] [ 33%] Built target demo00_param
[0.260s] [35m[1mConsolidate compiler generated dependencies of target demo01_param_server[0m
[0.308s] [ 66%] Built target demo02_param_client
[0.342s] [ 83%] [32mBuilding CXX object CMakeFiles/demo01_param_server.dir/src/demo01_param_server.cpp.o[0m
[12.957s] [100%] [32m[1mLinking CXX executable demo01_param_server[0m
[13.415s] [100%] Built target demo01_param_server
[13.461s] Invoked command in '/home/ros2/ws01_plumbing/build/cpp04_param' returned '0': CMAKE_PREFIX_PATH=${CMAKE_PREFIX_PATH}:/home/ros2/ws01_plumbing/install/py04_param:/home/ros2/ws01_plumbing/install/py03_action:/home/ros2/ws01_plumbing/install/py02_service:/home/ros2/ws01_plumbing/install/py01_topic:/opt/ros/humble /usr/bin/cmake --build /home/ros2/ws01_plumbing/build/cpp04_param -- -j4 -l4
[13.689s] Invoking command in '/home/ros2/ws01_plumbing/build/cpp04_param': CMAKE_PREFIX_PATH=${CMAKE_PREFIX_PATH}:/home/ros2/ws01_plumbing/install/py04_param:/home/ros2/ws01_plumbing/install/py03_action:/home/ros2/ws01_plumbing/install/py02_service:/home/ros2/ws01_plumbing/install/py01_topic:/opt/ros/humble /usr/bin/cmake --install /home/ros2/ws01_plumbing/build/cpp04_param
[13.726s] -- Install configuration: ""
[13.726s] -- Up-to-date: /home/ros2/ws01_plumbing/install/cpp04_param/lib/cpp04_param/demo00_param
[13.730s] -- Installing: /home/ros2/ws01_plumbing/install/cpp04_param/lib/cpp04_param/demo01_param_server
[13.732s] -- Set runtime path of "/home/ros2/ws01_plumbing/install/cpp04_param/lib/cpp04_param/demo01_param_server" to ""
[13.733s] -- Up-to-date: /home/ros2/ws01_plumbing/install/cpp04_param/lib/cpp04_param/demo02_param_client
[13.734s] -- Up-to-date: /home/ros2/ws01_plumbing/install/cpp04_param/share/ament_index/resource_index/package_run_dependencies/cpp04_param
[13.735s] -- Up-to-date: /home/ros2/ws01_plumbing/install/cpp04_param/share/ament_index/resource_index/parent_prefix_path/cpp04_param
[13.736s] -- Up-to-date: /home/ros2/ws01_plumbing/install/cpp04_param/share/cpp04_param/environment/ament_prefix_path.sh
[13.737s] -- Up-to-date: /home/ros2/ws01_plumbing/install/cpp04_param/share/cpp04_param/environment/ament_prefix_path.dsv
[13.738s] -- Up-to-date: /home/ros2/ws01_plumbing/install/cpp04_param/share/cpp04_param/environment/path.sh
[13.738s] -- Up-to-date: /home/ros2/ws01_plumbing/install/cpp04_param/share/cpp04_param/environment/path.dsv
[13.739s] -- Up-to-date: /home/ros2/ws01_plumbing/install/cpp04_param/share/cpp04_param/local_setup.bash
[13.740s] -- Up-to-date: /home/ros2/ws01_plumbing/install/cpp04_param/share/cpp04_param/local_setup.sh
[13.740s] -- Up-to-date: /home/ros2/ws01_plumbing/install/cpp04_param/share/cpp04_param/local_setup.zsh
[13.740s] -- Up-to-date: /home/ros2/ws01_plumbing/install/cpp04_param/share/cpp04_param/local_setup.dsv
[13.741s] -- Installing: /home/ros2/ws01_plumbing/install/cpp04_param/share/cpp04_param/package.dsv
[13.742s] -- Up-to-date: /home/ros2/ws01_plumbing/install/cpp04_param/share/ament_index/resource_index/packages/cpp04_param
[13.744s] -- Up-to-date: /home/ros2/ws01_plumbing/install/cpp04_param/share/cpp04_param/cmake/cpp04_paramConfig.cmake
[13.744s] -- Up-to-date: /home/ros2/ws01_plumbing/install/cpp04_param/share/cpp04_param/cmake/cpp04_paramConfig-version.cmake
[13.745s] -- Up-to-date: /home/ros2/ws01_plumbing/install/cpp04_param/share/cpp04_param/package.xml
[13.770s] Invoked command in '/home/ros2/ws01_plumbing/build/cpp04_param' returned '0': CMAKE_PREFIX_PATH=${CMAKE_PREFIX_PATH}:/home/ros2/ws01_plumbing/install/py04_param:/home/ros2/ws01_plumbing/install/py03_action:/home/ros2/ws01_plumbing/install/py02_service:/home/ros2/ws01_plumbing/install/py01_topic:/opt/ros/humble /usr/bin/cmake --install /home/ros2/ws01_plumbing/build/cpp04_param
