[2.958s] Invoking command in '/home/ros2/ws01_plumbing/src/py06_time': PYTHONPATH=/home/ros2/ws01_plumbing/install/py06_time/lib/python3.10/site-packages:${PYTHONPATH} /usr/bin/python3 setup.py egg_info --egg-base ../../build/py06_time build --build-base /home/ros2/ws01_plumbing/build/py06_time/build install --prefix /home/ros2/ws01_plumbing/install/py06_time --record /home/ros2/ws01_plumbing/build/py06_time/install.log --single-version-externally-managed
[3.843s] running egg_info
[3.847s] writing ../../build/py06_time/py06_time.egg-info/PKG-INFO
[3.849s] writing dependency_links to ../../build/py06_time/py06_time.egg-info/dependency_links.txt
[3.851s] writing entry points to ../../build/py06_time/py06_time.egg-info/entry_points.txt
[3.853s] writing requirements to ../../build/py06_time/py06_time.egg-info/requires.txt
[3.853s] writing top-level names to ../../build/py06_time/py06_time.egg-info/top_level.txt
[3.863s] reading manifest file '../../build/py06_time/py06_time.egg-info/SOURCES.txt'
[3.878s] writing manifest file '../../build/py06_time/py06_time.egg-info/SOURCES.txt'
[3.879s] running build
[3.880s] running build_py
[3.881s] copying py06_time/__init__.py -> /home/ros2/ws01_plumbing/build/py06_time/build/lib/py06_time
[3.881s] copying py06_time/demo01_time_py.py -> /home/ros2/ws01_plumbing/build/py06_time/build/lib/py06_time
[3.881s] running install
[3.898s] /usr/lib/python3/dist-packages/setuptools/command/install.py:34: SetuptoolsDeprecationWarning: setup.py install is deprecated. Use build and pip and other standards-based tools.
[3.898s]   warnings.warn(
[3.899s] running install_lib
[3.901s] copying /home/ros2/ws01_plumbing/build/py06_time/build/lib/py06_time/__init__.py -> /home/ros2/ws01_plumbing/install/py06_time/lib/python3.10/site-packages/py06_time
[3.902s] copying /home/ros2/ws01_plumbing/build/py06_time/build/lib/py06_time/demo01_time_py.py -> /home/ros2/ws01_plumbing/install/py06_time/lib/python3.10/site-packages/py06_time
[3.904s] byte-compiling /home/ros2/ws01_plumbing/install/py06_time/lib/python3.10/site-packages/py06_time/__init__.py to __init__.cpython-310.pyc
[3.904s] byte-compiling /home/ros2/ws01_plumbing/install/py06_time/lib/python3.10/site-packages/py06_time/demo01_time_py.py to demo01_time_py.cpython-310.pyc
[3.907s] running install_data
[3.909s] copying resource/py06_time -> /home/ros2/ws01_plumbing/install/py06_time/share/ament_index/resource_index/packages
[3.909s] copying package.xml -> /home/ros2/ws01_plumbing/install/py06_time/share/py06_time
[3.910s] running install_egg_info
[3.916s] removing '/home/ros2/ws01_plumbing/install/py06_time/lib/python3.10/site-packages/py06_time-0.0.0-py3.10.egg-info' (and everything under it)
[3.916s] Copying ../../build/py06_time/py06_time.egg-info to /home/ros2/ws01_plumbing/install/py06_time/lib/python3.10/site-packages/py06_time-0.0.0-py3.10.egg-info
[3.931s] running install_scripts
[4.002s] Installing demo01_time_py script to /home/ros2/ws01_plumbing/install/py06_time/lib/py06_time
[4.003s] writing list of installed files to '/home/ros2/ws01_plumbing/build/py06_time/install.log'
[4.115s] Invoked command in '/home/ros2/ws01_plumbing/src/py06_time' returned '0': PYTHONPATH=/home/ros2/ws01_plumbing/install/py06_time/lib/python3.10/site-packages:${PYTHONPATH} /usr/bin/python3 setup.py egg_info --egg-base ../../build/py06_time build --build-base /home/ros2/ws01_plumbing/build/py06_time/build install --prefix /home/ros2/ws01_plumbing/install/py06_time --record /home/ros2/ws01_plumbing/build/py06_time/install.log --single-version-externally-managed
