[1.256s] Invoking command in '/home/ros2/ws01_plumbing/src/py04_param': PYTHONPATH=/home/ros2/ws01_plumbing/install/py04_param/lib/python3.10/site-packages:${PYTHONPATH} /usr/bin/python3 setup.py egg_info --egg-base ../../build/py04_param build --build-base /home/ros2/ws01_plumbing/build/py04_param/build install --prefix /home/ros2/ws01_plumbing/install/py04_param --record /home/ros2/ws01_plumbing/build/py04_param/install.log --single-version-externally-managed
[1.893s] running egg_info
[1.895s] writing ../../build/py04_param/py04_param.egg-info/PKG-INFO
[1.896s] writing dependency_links to ../../build/py04_param/py04_param.egg-info/dependency_links.txt
[1.897s] writing entry points to ../../build/py04_param/py04_param.egg-info/entry_points.txt
[1.898s] writing requirements to ../../build/py04_param/py04_param.egg-info/requires.txt
[1.898s] writing top-level names to ../../build/py04_param/py04_param.egg-info/top_level.txt
[1.904s] reading manifest file '../../build/py04_param/py04_param.egg-info/SOURCES.txt'
[1.906s] writing manifest file '../../build/py04_param/py04_param.egg-info/SOURCES.txt'
[1.907s] running build
[1.907s] running build_py
[1.907s] copying py04_param/demo01_param_server_py.py -> /home/ros2/ws01_plumbing/build/py04_param/build/lib/py04_param
[1.908s] running install
[1.909s] /usr/lib/python3/dist-packages/setuptools/command/install.py:34: SetuptoolsDeprecationWarning: setup.py install is deprecated. Use build and pip and other standards-based tools.
[1.909s]   warnings.warn(
[1.910s] running install_lib
[1.911s] copying /home/ros2/ws01_plumbing/build/py04_param/build/lib/py04_param/demo01_param_server_py.py -> /home/ros2/ws01_plumbing/install/py04_param/lib/python3.10/site-packages/py04_param
[1.914s] byte-compiling /home/ros2/ws01_plumbing/install/py04_param/lib/python3.10/site-packages/py04_param/demo01_param_server_py.py to demo01_param_server_py.cpython-310.pyc
[1.916s] running install_data
[1.918s] running install_egg_info
[1.922s] removing '/home/ros2/ws01_plumbing/install/py04_param/lib/python3.10/site-packages/py04_param-0.0.0-py3.10.egg-info' (and everything under it)
[1.936s] Copying ../../build/py04_param/py04_param.egg-info to /home/ros2/ws01_plumbing/install/py04_param/lib/python3.10/site-packages/py04_param-0.0.0-py3.10.egg-info
[1.938s] running install_scripts
[1.994s] Installing demo00_param_py script to /home/ros2/ws01_plumbing/install/py04_param/lib/py04_param
[1.995s] Installing demo01_param_server_py script to /home/ros2/ws01_plumbing/install/py04_param/lib/py04_param
[1.996s] writing list of installed files to '/home/ros2/ws01_plumbing/build/py04_param/install.log'
[2.054s] Invoked command in '/home/ros2/ws01_plumbing/src/py04_param' returned '0': PYTHONPATH=/home/ros2/ws01_plumbing/install/py04_param/lib/python3.10/site-packages:${PYTHONPATH} /usr/bin/python3 setup.py egg_info --egg-base ../../build/py04_param build --build-base /home/ros2/ws01_plumbing/build/py04_param/build install --prefix /home/ros2/ws01_plumbing/install/py04_param --record /home/ros2/ws01_plumbing/build/py04_param/install.log --single-version-externally-managed
