[0.080s] Invoking command in '/home/ros2/ws01_plumbing/build/cpp02_service': CMAKE_PREFIX_PATH=/home/ros2/ws01_plumbing/install/base_interfaces_demo:/home/ros2/ws01_plumbing/install/cpp02_service:/home/ros2/ws01_plumbing/install/cpp01_topic:/home/ros2/ws01_plumbing/install/py01_topic:/opt/ros/humble /usr/bin/cmake --build /home/ros2/ws01_plumbing/build/cpp02_service -- -j4 -l4
[0.301s] [35m[1mConsolidate compiler generated dependencies of target demo02_client[0m
[0.380s] [ 25%] [32mBuilding CXX object CMakeFiles/demo02_client.dir/src/demo02_client.cpp.o[0m
[0.393s] [ 75%] Built target demo01_server
[15.185s] [100%] [32m[1mLinking CXX executable demo02_client[0m
[15.798s] [100%] Built target demo02_client
[15.841s] Invoked command in '/home/ros2/ws01_plumbing/build/cpp02_service' returned '0': CMAKE_PREFIX_PATH=/home/ros2/ws01_plumbing/install/base_interfaces_demo:/home/ros2/ws01_plumbing/install/cpp02_service:/home/ros2/ws01_plumbing/install/cpp01_topic:/home/ros2/ws01_plumbing/install/py01_topic:/opt/ros/humble /usr/bin/cmake --build /home/ros2/ws01_plumbing/build/cpp02_service -- -j4 -l4
[16.054s] Invoking command in '/home/ros2/ws01_plumbing/build/cpp02_service': CMAKE_PREFIX_PATH=/home/ros2/ws01_plumbing/install/base_interfaces_demo:/home/ros2/ws01_plumbing/install/cpp02_service:/home/ros2/ws01_plumbing/install/cpp01_topic:/home/ros2/ws01_plumbing/install/py01_topic:/opt/ros/humble /usr/bin/cmake --install /home/ros2/ws01_plumbing/build/cpp02_service
[16.092s] -- Install configuration: ""
[16.094s] -- Up-to-date: /home/ros2/ws01_plumbing/install/cpp02_service/lib/cpp02_service/demo01_server
[16.095s] -- Installing: /home/ros2/ws01_plumbing/install/cpp02_service/lib/cpp02_service/demo02_client
[16.096s] -- Set runtime path of "/home/ros2/ws01_plumbing/install/cpp02_service/lib/cpp02_service/demo02_client" to ""
[16.096s] -- Up-to-date: /home/ros2/ws01_plumbing/install/cpp02_service/share/ament_index/resource_index/package_run_dependencies/cpp02_service
[16.096s] -- Up-to-date: /home/ros2/ws01_plumbing/install/cpp02_service/share/ament_index/resource_index/parent_prefix_path/cpp02_service
[16.098s] -- Up-to-date: /home/ros2/ws01_plumbing/install/cpp02_service/share/cpp02_service/environment/ament_prefix_path.sh
[16.098s] -- Up-to-date: /home/ros2/ws01_plumbing/install/cpp02_service/share/cpp02_service/environment/ament_prefix_path.dsv
[16.098s] -- Up-to-date: /home/ros2/ws01_plumbing/install/cpp02_service/share/cpp02_service/environment/path.sh
[16.098s] -- Up-to-date: /home/ros2/ws01_plumbing/install/cpp02_service/share/cpp02_service/environment/path.dsv
[16.098s] -- Up-to-date: /home/ros2/ws01_plumbing/install/cpp02_service/share/cpp02_service/local_setup.bash
[16.099s] -- Up-to-date: /home/ros2/ws01_plumbing/install/cpp02_service/share/cpp02_service/local_setup.sh
[16.099s] -- Up-to-date: /home/ros2/ws01_plumbing/install/cpp02_service/share/cpp02_service/local_setup.zsh
[16.099s] -- Up-to-date: /home/ros2/ws01_plumbing/install/cpp02_service/share/cpp02_service/local_setup.dsv
[16.099s] -- Installing: /home/ros2/ws01_plumbing/install/cpp02_service/share/cpp02_service/package.dsv
[16.099s] -- Up-to-date: /home/ros2/ws01_plumbing/install/cpp02_service/share/ament_index/resource_index/packages/cpp02_service
[16.099s] -- Up-to-date: /home/ros2/ws01_plumbing/install/cpp02_service/share/cpp02_service/cmake/cpp02_serviceConfig.cmake
[16.100s] -- Up-to-date: /home/ros2/ws01_plumbing/install/cpp02_service/share/cpp02_service/cmake/cpp02_serviceConfig-version.cmake
[16.100s] -- Up-to-date: /home/ros2/ws01_plumbing/install/cpp02_service/share/cpp02_service/package.xml
[16.110s] Invoked command in '/home/ros2/ws01_plumbing/build/cpp02_service' returned '0': CMAKE_PREFIX_PATH=/home/ros2/ws01_plumbing/install/base_interfaces_demo:/home/ros2/ws01_plumbing/install/cpp02_service:/home/ros2/ws01_plumbing/install/cpp01_topic:/home/ros2/ws01_plumbing/install/py01_topic:/opt/ros/humble /usr/bin/cmake --install /home/ros2/ws01_plumbing/build/cpp02_service
