[1.363s] Invoking command in '/home/ros2/ws01_plumbing/src/py01_topic': CMAKE_PREFIX_PATH=/home/ros2/ws01_plumbing/install/base_interfaces_demo:/home/ros2/ws01_plumbing/install/cpp01_topic PYTHONPATH=/home/ros2/ws01_plumbing/install/py01_topic/lib/python3.10/site-packages:${PYTHONPATH} /usr/bin/python3 setup.py egg_info --egg-base ../../build/py01_topic build --build-base /home/ros2/ws01_plumbing/build/py01_topic/build install --prefix /home/ros2/ws01_plumbing/install/py01_topic --record /home/ros2/ws01_plumbing/build/py01_topic/install.log --single-version-externally-managed
[2.036s] running egg_info
[2.039s] writing ../../build/py01_topic/py01_topic.egg-info/PKG-INFO
[2.040s] writing dependency_links to ../../build/py01_topic/py01_topic.egg-info/dependency_links.txt
[2.042s] writing entry points to ../../build/py01_topic/py01_topic.egg-info/entry_points.txt
[2.043s] writing requirements to ../../build/py01_topic/py01_topic.egg-info/requires.txt
[2.045s] writing top-level names to ../../build/py01_topic/py01_topic.egg-info/top_level.txt
[2.053s] reading manifest file '../../build/py01_topic/py01_topic.egg-info/SOURCES.txt'
[2.056s] writing manifest file '../../build/py01_topic/py01_topic.egg-info/SOURCES.txt'
[2.058s] running build
[2.058s] running build_py
[2.060s] running install
[2.061s] /usr/lib/python3/dist-packages/setuptools/command/install.py:34: SetuptoolsDeprecationWarning: setup.py install is deprecated. Use build and pip and other standards-based tools.
[2.061s]   warnings.warn(
[2.063s] running install_lib
[2.067s] running install_data
[2.069s] running install_egg_info
[2.073s] removing '/home/ros2/ws01_plumbing/install/py01_topic/lib/python3.10/site-packages/py01_topic-0.0.0-py3.10.egg-info' (and everything under it)
[2.074s] Copying ../../build/py01_topic/py01_topic.egg-info to /home/ros2/ws01_plumbing/install/py01_topic/lib/python3.10/site-packages/py01_topic-0.0.0-py3.10.egg-info
[2.076s] running install_scripts
[2.131s] Installing demo01_talker_str_py script to /home/ros2/ws01_plumbing/install/py01_topic/lib/py01_topic
[2.134s] Installing demo02_listener_str_py script to /home/ros2/ws01_plumbing/install/py01_topic/lib/py01_topic
[2.137s] writing list of installed files to '/home/ros2/ws01_plumbing/build/py01_topic/install.log'
[2.199s] Invoked command in '/home/ros2/ws01_plumbing/src/py01_topic' returned '0': CMAKE_PREFIX_PATH=/home/ros2/ws01_plumbing/install/base_interfaces_demo:/home/ros2/ws01_plumbing/install/cpp01_topic PYTHONPATH=/home/ros2/ws01_plumbing/install/py01_topic/lib/python3.10/site-packages:${PYTHONPATH} /usr/bin/python3 setup.py egg_info --egg-base ../../build/py01_topic build --build-base /home/ros2/ws01_plumbing/build/py01_topic/build install --prefix /home/ros2/ws01_plumbing/install/py01_topic --record /home/ros2/ws01_plumbing/build/py01_topic/install.log --single-version-externally-managed
