[2.358s] Invoking command in '/home/ros2/ws01_plumbing/src/py04_param': PYTHONPATH=/home/ros2/ws01_plumbing/install/py04_param/lib/python3.10/site-packages:${PYTHONPATH} /usr/bin/python3 setup.py egg_info --egg-base ../../build/py04_param build --build-base /home/ros2/ws01_plumbing/build/py04_param/build install --prefix /home/ros2/ws01_plumbing/install/py04_param --record /home/ros2/ws01_plumbing/build/py04_param/install.log --single-version-externally-managed
[3.412s] running egg_info
[3.416s] writing ../../build/py04_param/py04_param.egg-info/PKG-INFO
[3.417s] writing dependency_links to ../../build/py04_param/py04_param.egg-info/dependency_links.txt
[3.419s] writing entry points to ../../build/py04_param/py04_param.egg-info/entry_points.txt
[3.420s] writing requirements to ../../build/py04_param/py04_param.egg-info/requires.txt
[3.422s] writing top-level names to ../../build/py04_param/py04_param.egg-info/top_level.txt
[3.433s] reading manifest file '../../build/py04_param/py04_param.egg-info/SOURCES.txt'
[3.439s] writing manifest file '../../build/py04_param/py04_param.egg-info/SOURCES.txt'
[3.442s] running build
[3.442s] running build_py
[3.445s] copying py04_param/demo01_param_server_py.py -> /home/ros2/ws01_plumbing/build/py04_param/build/lib/py04_param
[3.449s] running install
[3.450s] /usr/lib/python3/dist-packages/setuptools/command/install.py:34: SetuptoolsDeprecationWarning: setup.py install is deprecated. Use build and pip and other standards-based tools.
[3.451s]   warnings.warn(
[3.453s] running install_lib
[3.455s] copying /home/ros2/ws01_plumbing/build/py04_param/build/lib/py04_param/demo01_param_server_py.py -> /home/ros2/ws01_plumbing/install/py04_param/lib/python3.10/site-packages/py04_param
[3.458s] byte-compiling /home/ros2/ws01_plumbing/install/py04_param/lib/python3.10/site-packages/py04_param/demo01_param_server_py.py to demo01_param_server_py.cpython-310.pyc
[3.462s] running install_data
[3.464s] running install_egg_info
[3.472s] removing '/home/ros2/ws01_plumbing/install/py04_param/lib/python3.10/site-packages/py04_param-0.0.0-py3.10.egg-info' (and everything under it)
[3.491s] Copying ../../build/py04_param/py04_param.egg-info to /home/ros2/ws01_plumbing/install/py04_param/lib/python3.10/site-packages/py04_param-0.0.0-py3.10.egg-info
[3.492s] running install_scripts
[3.576s] Installing demo00_param_py script to /home/ros2/ws01_plumbing/install/py04_param/lib/py04_param
[3.578s] Installing demo01_param_server_py script to /home/ros2/ws01_plumbing/install/py04_param/lib/py04_param
[3.580s] writing list of installed files to '/home/ros2/ws01_plumbing/build/py04_param/install.log'
[3.704s] Invoked command in '/home/ros2/ws01_plumbing/src/py04_param' returned '0': PYTHONPATH=/home/ros2/ws01_plumbing/install/py04_param/lib/python3.10/site-packages:${PYTHONPATH} /usr/bin/python3 setup.py egg_info --egg-base ../../build/py04_param build --build-base /home/ros2/ws01_plumbing/build/py04_param/build install --prefix /home/ros2/ws01_plumbing/install/py04_param --record /home/ros2/ws01_plumbing/build/py04_param/install.log --single-version-externally-managed
