[2.383s] Invoking command in '/home/ros2/ws01_plumbing/src/py06_time': PYTHONPATH=/home/ros2/ws01_plumbing/install/py06_time/lib/python3.10/site-packages:${PYTHONPATH} /usr/bin/python3 setup.py egg_info --egg-base ../../build/py06_time build --build-base /home/ros2/ws01_plumbing/build/py06_time/build install --prefix /home/ros2/ws01_plumbing/install/py06_time --record /home/ros2/ws01_plumbing/build/py06_time/install.log --single-version-externally-managed
[3.369s] running egg_info
[3.371s] writing ../../build/py06_time/py06_time.egg-info/PKG-INFO
[3.374s] writing dependency_links to ../../build/py06_time/py06_time.egg-info/dependency_links.txt
[3.374s] writing entry points to ../../build/py06_time/py06_time.egg-info/entry_points.txt
[3.375s] writing requirements to ../../build/py06_time/py06_time.egg-info/requires.txt
[3.378s] writing top-level names to ../../build/py06_time/py06_time.egg-info/top_level.txt
[3.385s] reading manifest file '../../build/py06_time/py06_time.egg-info/SOURCES.txt'
[3.389s] writing manifest file '../../build/py06_time/py06_time.egg-info/SOURCES.txt'
[3.390s] running build
[3.391s] running build_py
[3.392s] copying py06_time/demo01_time_py.py -> /home/ros2/ws01_plumbing/build/py06_time/build/lib/py06_time
[3.395s] running install
[3.397s] running install_lib
[3.397s] copying /home/ros2/ws01_plumbing/build/py06_time/build/lib/py06_time/demo01_time_py.py -> /home/ros2/ws01_plumbing/install/py06_time/lib/python3.10/site-packages/py06_time
[3.397s] /usr/lib/python3/dist-packages/setuptools/command/install.py:34: SetuptoolsDeprecationWarning: setup.py install is deprecated. Use build and pip and other standards-based tools.
[3.397s]   warnings.warn(
[3.400s] byte-compiling /home/ros2/ws01_plumbing/install/py06_time/lib/python3.10/site-packages/py06_time/demo01_time_py.py to demo01_time_py.cpython-310.pyc
[3.403s] running install_data
[3.406s] running install_egg_info
[3.410s] removing '/home/ros2/ws01_plumbing/install/py06_time/lib/python3.10/site-packages/py06_time-0.0.0-py3.10.egg-info' (and everything under it)
[3.427s] Copying ../../build/py06_time/py06_time.egg-info to /home/ros2/ws01_plumbing/install/py06_time/lib/python3.10/site-packages/py06_time-0.0.0-py3.10.egg-info
[3.430s] running install_scripts
[3.501s] Installing demo01_time_py script to /home/ros2/ws01_plumbing/install/py06_time/lib/py06_time
[3.505s] writing list of installed files to '/home/ros2/ws01_plumbing/build/py06_time/install.log'
[3.628s] Invoked command in '/home/ros2/ws01_plumbing/src/py06_time' returned '0': PYTHONPATH=/home/ros2/ws01_plumbing/install/py06_time/lib/python3.10/site-packages:${PYTHONPATH} /usr/bin/python3 setup.py egg_info --egg-base ../../build/py06_time build --build-base /home/ros2/ws01_plumbing/build/py06_time/build install --prefix /home/ros2/ws01_plumbing/install/py06_time --record /home/ros2/ws01_plumbing/build/py06_time/install.log --single-version-externally-managed
