[0.154s] Invoking command in '/home/ros2/ws01_plumbing/build/turtlesim': CMAKE_PREFIX_PATH=${CMAKE_PREFIX_PATH}:/home/ros2/ws01_plumbing/install/py06_time:/home/ros2/ws01_plumbing/install/py05_names:/home/ros2/ws01_plumbing/install/py04_param:/home/ros2/ws01_plumbing/install/py03_action:/home/ros2/ws01_plumbing/install/py02_service:/home/ros2/ws01_plumbing/install/py01_topic:/opt/ros/humble /usr/bin/cmake --build /home/ros2/ws01_plumbing/build/turtlesim -- -j4 -l4
[0.355s] [  1%] Built target turtlesim__cpp
[0.378s] [  1%] Built target ament_cmake_python_copy_turtlesim
[0.386s] [35m[1mConsolidate compiler generated dependencies of target turtlesim__rosidl_generator_c[0m
[0.456s] [ 11%] Built target turtlesim__rosidl_generator_c
[0.480s] [35m[1mConsolidate compiler generated dependencies of target turtlesim__rosidl_typesupport_cpp[0m
[0.525s] [35m[1mConsolidate compiler generated dependencies of target turtlesim__rosidl_typesupport_fastrtps_cpp[0m
[0.561s] [ 21%] Built target turtlesim__rosidl_typesupport_cpp
[0.569s] [35m[1mConsolidate compiler generated dependencies of target turtlesim__rosidl_typesupport_introspection_cpp[0m
[0.626s] [ 31%] Built target turtlesim__rosidl_typesupport_fastrtps_cpp
[0.662s] [ 41%] Built target turtlesim__rosidl_typesupport_introspection_cpp
[0.722s] [35m[1mConsolidate compiler generated dependencies of target turtlesim__rosidl_typesupport_introspection_c[0m
[0.756s] [35m[1mConsolidate compiler generated dependencies of target turtlesim__rosidl_typesupport_fastrtps_c[0m
[0.777s] [ 51%] Built target turtlesim__rosidl_typesupport_introspection_c
[0.838s] [35m[1mConsolidate compiler generated dependencies of target turtlesim__rosidl_typesupport_c[0m
[0.865s] [ 61%] Built target turtlesim__rosidl_typesupport_fastrtps_c
[0.930s] [ 71%] Built target turtlesim__rosidl_typesupport_c
[0.949s] [35m[1mConsolidate compiler generated dependencies of target turtle_teleop_key[0m
[1.012s] [35m[1mConsolidate compiler generated dependencies of target turtlesim_node[0m
[1.012s] [35m[1mConsolidate compiler generated dependencies of target draw_square[0m
[1.066s] [ 73%] Built target turtle_teleop_key
[1.077s] [ 75%] Built target draw_square
[1.134s] [ 81%] Built target turtlesim_node
[1.134s] [35m[1mConsolidate compiler generated dependencies of target mimic[0m
[1.201s] [ 81%] Built target turtlesim
[1.222s] [ 83%] Built target mimic
[1.313s] [ 84%] Built target turtlesim__py
[1.361s] [35m[1mConsolidate compiler generated dependencies of target turtlesim__rosidl_generator_py[0m
[1.420s] [ 93%] Built target turtlesim__rosidl_generator_py
[1.463s] [35m[1mConsolidate compiler generated dependencies of target turtlesim__rosidl_typesupport_fastrtps_c__pyext[0m
[1.509s] [ 95%] Built target turtlesim__rosidl_typesupport_fastrtps_c__pyext
[1.541s] running egg_info
[1.547s] writing turtlesim.egg-info/PKG-INFO
[1.547s] writing dependency_links to turtlesim.egg-info/dependency_links.txt
[1.548s] [35m[1mConsolidate compiler generated dependencies of target turtlesim__rosidl_typesupport_c__pyext[0m
[1.548s] writing top-level names to turtlesim.egg-info/top_level.txt
[1.554s] reading manifest file 'turtlesim.egg-info/SOURCES.txt'
[1.555s] writing manifest file 'turtlesim.egg-info/SOURCES.txt'
[1.598s] [ 97%] Built target turtlesim__rosidl_typesupport_c__pyext
[1.639s] [ 97%] Built target ament_cmake_python_build_turtlesim_egg
[1.649s] [35m[1mConsolidate compiler generated dependencies of target turtlesim__rosidl_typesupport_introspection_c__pyext[0m
[1.689s] [100%] Built target turtlesim__rosidl_typesupport_introspection_c__pyext
[1.739s] Invoked command in '/home/ros2/ws01_plumbing/build/turtlesim' returned '0': CMAKE_PREFIX_PATH=${CMAKE_PREFIX_PATH}:/home/ros2/ws01_plumbing/install/py06_time:/home/ros2/ws01_plumbing/install/py05_names:/home/ros2/ws01_plumbing/install/py04_param:/home/ros2/ws01_plumbing/install/py03_action:/home/ros2/ws01_plumbing/install/py02_service:/home/ros2/ws01_plumbing/install/py01_topic:/opt/ros/humble /usr/bin/cmake --build /home/ros2/ws01_plumbing/build/turtlesim -- -j4 -l4
[2.947s] Invoking command in '/home/ros2/ws01_plumbing/build/turtlesim': CMAKE_PREFIX_PATH=${CMAKE_PREFIX_PATH}:/home/ros2/ws01_plumbing/install/py06_time:/home/ros2/ws01_plumbing/install/py05_names:/home/ros2/ws01_plumbing/install/py04_param:/home/ros2/ws01_plumbing/install/py03_action:/home/ros2/ws01_plumbing/install/py02_service:/home/ros2/ws01_plumbing/install/py01_topic:/opt/ros/humble /usr/bin/cmake --install /home/ros2/ws01_plumbing/build/turtlesim
[2.968s] -- Install configuration: ""
[2.969s] -- Up-to-date: /home/ros2/ws01_plumbing/install/turtlesim/share/ament_index/resource_index/rosidl_interfaces/turtlesim
[2.970s] -- Up-to-date: /home/ros2/ws01_plumbing/install/turtlesim/include/turtlesim/turtlesim
[2.970s] -- Up-to-date: /home/ros2/ws01_plumbing/install/turtlesim/include/turtlesim/turtlesim/action
[2.971s] -- Up-to-date: /home/ros2/ws01_plumbing/install/turtlesim/include/turtlesim/turtlesim/action/detail
[2.971s] -- Up-to-date: /home/ros2/ws01_plumbing/install/turtlesim/include/turtlesim/turtlesim/action/detail/rotate_absolute__struct.h
[2.972s] -- Up-to-date: /home/ros2/ws01_plumbing/install/turtlesim/include/turtlesim/turtlesim/action/detail/rotate_absolute__type_support.h
[2.973s] -- Up-to-date: /home/ros2/ws01_plumbing/install/turtlesim/include/turtlesim/turtlesim/action/detail/rotate_absolute__functions.c
[2.973s] -- Up-to-date: /home/ros2/ws01_plumbing/install/turtlesim/include/turtlesim/turtlesim/action/detail/rotate_absolute__functions.h
[2.973s] -- Up-to-date: /home/ros2/ws01_plumbing/install/turtlesim/include/turtlesim/turtlesim/action/rotate_absolute.h
[2.974s] -- Up-to-date: /home/ros2/ws01_plumbing/install/turtlesim/include/turtlesim/turtlesim/msg
[2.974s] -- Up-to-date: /home/ros2/ws01_plumbing/install/turtlesim/include/turtlesim/turtlesim/msg/detail
[2.974s] -- Up-to-date: /home/ros2/ws01_plumbing/install/turtlesim/include/turtlesim/turtlesim/msg/detail/color__functions.h
[2.974s] -- Up-to-date: /home/ros2/ws01_plumbing/install/turtlesim/include/turtlesim/turtlesim/msg/detail/pose__struct.h
[2.976s] -- Up-to-date: /home/ros2/ws01_plumbing/install/turtlesim/include/turtlesim/turtlesim/msg/detail/color__type_support.h
[2.976s] -- Up-to-date: /home/ros2/ws01_plumbing/install/turtlesim/include/turtlesim/turtlesim/msg/detail/color__struct.h
[2.976s] -- Up-to-date: /home/ros2/ws01_plumbing/install/turtlesim/include/turtlesim/turtlesim/msg/detail/pose__functions.c
[2.977s] -- Up-to-date: /home/ros2/ws01_plumbing/install/turtlesim/include/turtlesim/turtlesim/msg/detail/color__functions.c
[2.978s] -- Up-to-date: /home/ros2/ws01_plumbing/install/turtlesim/include/turtlesim/turtlesim/msg/detail/pose__type_support.h
[2.978s] -- Up-to-date: /home/ros2/ws01_plumbing/install/turtlesim/include/turtlesim/turtlesim/msg/detail/pose__functions.h
[2.978s] -- Up-to-date: /home/ros2/ws01_plumbing/install/turtlesim/include/turtlesim/turtlesim/msg/pose.h
[2.978s] -- Up-to-date: /home/ros2/ws01_plumbing/install/turtlesim/include/turtlesim/turtlesim/msg/color.h
[2.978s] -- Up-to-date: /home/ros2/ws01_plumbing/install/turtlesim/include/turtlesim/turtlesim/msg/rosidl_generator_c__visibility_control.h
[2.979s] -- Up-to-date: /home/ros2/ws01_plumbing/install/turtlesim/include/turtlesim/turtlesim/srv
[2.980s] -- Up-to-date: /home/ros2/ws01_plumbing/install/turtlesim/include/turtlesim/turtlesim/srv/kill.h
[2.981s] -- Up-to-date: /home/ros2/ws01_plumbing/install/turtlesim/include/turtlesim/turtlesim/srv/set_pen.h
[2.981s] -- Up-to-date: /home/ros2/ws01_plumbing/install/turtlesim/include/turtlesim/turtlesim/srv/detail
[2.981s] -- Up-to-date: /home/ros2/ws01_plumbing/install/turtlesim/include/turtlesim/turtlesim/srv/detail/set_pen__functions.h
[2.982s] -- Up-to-date: /home/ros2/ws01_plumbing/install/turtlesim/include/turtlesim/turtlesim/srv/detail/teleport_absolute__type_support.h
[2.982s] -- Up-to-date: /home/ros2/ws01_plumbing/install/turtlesim/include/turtlesim/turtlesim/srv/detail/teleport_absolute__functions.h
[2.982s] -- Up-to-date: /home/ros2/ws01_plumbing/install/turtlesim/include/turtlesim/turtlesim/srv/detail/spawn__functions.h
[2.983s] -- Up-to-date: /home/ros2/ws01_plumbing/install/turtlesim/include/turtlesim/turtlesim/srv/detail/spawn__functions.c
[2.984s] -- Up-to-date: /home/ros2/ws01_plumbing/install/turtlesim/include/turtlesim/turtlesim/srv/detail/teleport_absolute__struct.h
[2.986s] -- Up-to-date: /home/ros2/ws01_plumbing/install/turtlesim/include/turtlesim/turtlesim/srv/detail/kill__functions.c
[2.986s] -- Up-to-date: /home/ros2/ws01_plumbing/install/turtlesim/include/turtlesim/turtlesim/srv/detail/set_pen__functions.c
[2.987s] -- Up-to-date: /home/ros2/ws01_plumbing/install/turtlesim/include/turtlesim/turtlesim/srv/detail/teleport_absolute__functions.c
[2.987s] -- Up-to-date: /home/ros2/ws01_plumbing/install/turtlesim/include/turtlesim/turtlesim/srv/detail/teleport_relative__functions.h
[2.990s] -- Up-to-date: /home/ros2/ws01_plumbing/install/turtlesim/include/turtlesim/turtlesim/srv/detail/teleport_relative__struct.h
[2.990s] -- Up-to-date: /home/ros2/ws01_plumbing/install/turtlesim/include/turtlesim/turtlesim/srv/detail/spawn__struct.h
[2.991s] -- Up-to-date: /home/ros2/ws01_plumbing/install/turtlesim/include/turtlesim/turtlesim/srv/detail/teleport_relative__functions.c
[2.991s] -- Up-to-date: /home/ros2/ws01_plumbing/install/turtlesim/include/turtlesim/turtlesim/srv/detail/spawn__type_support.h
[2.992s] -- Up-to-date: /home/ros2/ws01_plumbing/install/turtlesim/include/turtlesim/turtlesim/srv/detail/set_pen__struct.h
[2.998s] -- Up-to-date: /home/ros2/ws01_plumbing/install/turtlesim/include/turtlesim/turtlesim/srv/detail/kill__struct.h
[2.998s] -- Up-to-date: /home/ros2/ws01_plumbing/install/turtlesim/include/turtlesim/turtlesim/srv/detail/set_pen__type_support.h
[2.999s] -- Up-to-date: /home/ros2/ws01_plumbing/install/turtlesim/include/turtlesim/turtlesim/srv/detail/kill__functions.h
[2.999s] -- Up-to-date: /home/ros2/ws01_plumbing/install/turtlesim/include/turtlesim/turtlesim/srv/detail/teleport_relative__type_support.h
[3.000s] -- Up-to-date: /home/ros2/ws01_plumbing/install/turtlesim/include/turtlesim/turtlesim/srv/detail/kill__type_support.h
[3.000s] -- Up-to-date: /home/ros2/ws01_plumbing/install/turtlesim/include/turtlesim/turtlesim/srv/teleport_relative.h
[3.000s] -- Up-to-date: /home/ros2/ws01_plumbing/install/turtlesim/include/turtlesim/turtlesim/srv/teleport_absolute.h
[3.001s] -- Up-to-date: /home/ros2/ws01_plumbing/install/turtlesim/include/turtlesim/turtlesim/srv/spawn.h
[3.001s] -- Up-to-date: /home/ros2/ws01_plumbing/install/turtlesim/share/turtlesim/environment/library_path.sh
[3.002s] -- Up-to-date: /home/ros2/ws01_plumbing/install/turtlesim/share/turtlesim/environment/library_path.dsv
[3.002s] -- Up-to-date: /home/ros2/ws01_plumbing/install/turtlesim/lib/libturtlesim__rosidl_generator_c.so
[3.002s] -- Up-to-date: /home/ros2/ws01_plumbing/install/turtlesim/include/turtlesim/turtlesim
[3.003s] -- Up-to-date: /home/ros2/ws01_plumbing/install/turtlesim/include/turtlesim/turtlesim/action
[3.003s] -- Up-to-date: /home/ros2/ws01_plumbing/install/turtlesim/include/turtlesim/turtlesim/action/detail
[3.004s] -- Up-to-date: /home/ros2/ws01_plumbing/install/turtlesim/include/turtlesim/turtlesim/action/detail/rotate_absolute__rosidl_typesupport_fastrtps_c.h
[3.004s] -- Up-to-date: /home/ros2/ws01_plumbing/install/turtlesim/include/turtlesim/turtlesim/msg
[3.004s] -- Up-to-date: /home/ros2/ws01_plumbing/install/turtlesim/include/turtlesim/turtlesim/msg/detail
[3.005s] -- Up-to-date: /home/ros2/ws01_plumbing/install/turtlesim/include/turtlesim/turtlesim/msg/detail/color__rosidl_typesupport_fastrtps_c.h
[3.005s] -- Up-to-date: /home/ros2/ws01_plumbing/install/turtlesim/include/turtlesim/turtlesim/msg/detail/pose__rosidl_typesupport_fastrtps_c.h
[3.005s] -- Up-to-date: /home/ros2/ws01_plumbing/install/turtlesim/include/turtlesim/turtlesim/msg/rosidl_typesupport_fastrtps_c__visibility_control.h
[3.005s] -- Up-to-date: /home/ros2/ws01_plumbing/install/turtlesim/include/turtlesim/turtlesim/srv
[3.006s] -- Up-to-date: /home/ros2/ws01_plumbing/install/turtlesim/include/turtlesim/turtlesim/srv/detail
[3.006s] -- Up-to-date: /home/ros2/ws01_plumbing/install/turtlesim/include/turtlesim/turtlesim/srv/detail/teleport_absolute__rosidl_typesupport_fastrtps_c.h
[3.006s] -- Up-to-date: /home/ros2/ws01_plumbing/install/turtlesim/include/turtlesim/turtlesim/srv/detail/kill__rosidl_typesupport_fastrtps_c.h
[3.008s] -- Up-to-date: /home/ros2/ws01_plumbing/install/turtlesim/include/turtlesim/turtlesim/srv/detail/set_pen__rosidl_typesupport_fastrtps_c.h
[3.010s] -- Up-to-date: /home/ros2/ws01_plumbing/install/turtlesim/include/turtlesim/turtlesim/srv/detail/teleport_relative__rosidl_typesupport_fastrtps_c.h
[3.010s] -- Up-to-date: /home/ros2/ws01_plumbing/install/turtlesim/include/turtlesim/turtlesim/srv/detail/spawn__rosidl_typesupport_fastrtps_c.h
[3.010s] -- Up-to-date: /home/ros2/ws01_plumbing/install/turtlesim/lib/libturtlesim__rosidl_typesupport_fastrtps_c.so
[3.011s] -- Up-to-date: /home/ros2/ws01_plumbing/install/turtlesim/include/turtlesim/turtlesim
[3.011s] -- Up-to-date: /home/ros2/ws01_plumbing/install/turtlesim/include/turtlesim/turtlesim/action
[3.011s] -- Up-to-date: /home/ros2/ws01_plumbing/install/turtlesim/include/turtlesim/turtlesim/action/detail
[3.012s] -- Up-to-date: /home/ros2/ws01_plumbing/install/turtlesim/include/turtlesim/turtlesim/action/detail/rotate_absolute__traits.hpp
[3.012s] -- Up-to-date: /home/ros2/ws01_plumbing/install/turtlesim/include/turtlesim/turtlesim/action/detail/rotate_absolute__struct.hpp
[3.012s] -- Up-to-date: /home/ros2/ws01_plumbing/install/turtlesim/include/turtlesim/turtlesim/action/detail/rotate_absolute__builder.hpp
[3.012s] -- Up-to-date: /home/ros2/ws01_plumbing/install/turtlesim/include/turtlesim/turtlesim/action/rotate_absolute.hpp
[3.015s] -- Up-to-date: /home/ros2/ws01_plumbing/install/turtlesim/include/turtlesim/turtlesim/msg
[3.016s] -- Up-to-date: /home/ros2/ws01_plumbing/install/turtlesim/include/turtlesim/turtlesim/msg/detail
[3.016s] -- Up-to-date: /home/ros2/ws01_plumbing/install/turtlesim/include/turtlesim/turtlesim/msg/detail/pose__builder.hpp
[3.017s] -- Up-to-date: /home/ros2/ws01_plumbing/install/turtlesim/include/turtlesim/turtlesim/msg/detail/color__builder.hpp
[3.017s] -- Up-to-date: /home/ros2/ws01_plumbing/install/turtlesim/include/turtlesim/turtlesim/msg/detail/pose__traits.hpp
[3.017s] -- Up-to-date: /home/ros2/ws01_plumbing/install/turtlesim/include/turtlesim/turtlesim/msg/detail/color__traits.hpp
[3.017s] -- Up-to-date: /home/ros2/ws01_plumbing/install/turtlesim/include/turtlesim/turtlesim/msg/detail/pose__struct.hpp
[3.022s] -- Up-to-date: /home/ros2/ws01_plumbing/install/turtlesim/include/turtlesim/turtlesim/msg/detail/color__struct.hpp
[3.023s] -- Up-to-date: /home/ros2/ws01_plumbing/install/turtlesim/include/turtlesim/turtlesim/msg/color.hpp
[3.024s] -- Up-to-date: /home/ros2/ws01_plumbing/install/turtlesim/include/turtlesim/turtlesim/msg/pose.hpp
[3.024s] -- Up-to-date: /home/ros2/ws01_plumbing/install/turtlesim/include/turtlesim/turtlesim/srv
[3.024s] -- Up-to-date: /home/ros2/ws01_plumbing/install/turtlesim/include/turtlesim/turtlesim/srv/detail
[3.025s] -- Up-to-date: /home/ros2/ws01_plumbing/install/turtlesim/include/turtlesim/turtlesim/srv/detail/set_pen__traits.hpp
[3.025s] -- Up-to-date: /home/ros2/ws01_plumbing/install/turtlesim/include/turtlesim/turtlesim/srv/detail/teleport_absolute__struct.hpp
[3.025s] -- Up-to-date: /home/ros2/ws01_plumbing/install/turtlesim/include/turtlesim/turtlesim/srv/detail/teleport_relative__traits.hpp
[3.026s] -- Up-to-date: /home/ros2/ws01_plumbing/install/turtlesim/include/turtlesim/turtlesim/srv/detail/set_pen__struct.hpp
[3.026s] -- Up-to-date: /home/ros2/ws01_plumbing/install/turtlesim/include/turtlesim/turtlesim/srv/detail/teleport_absolute__traits.hpp
[3.026s] -- Up-to-date: /home/ros2/ws01_plumbing/install/turtlesim/include/turtlesim/turtlesim/srv/detail/kill__builder.hpp
[3.026s] -- Up-to-date: /home/ros2/ws01_plumbing/install/turtlesim/include/turtlesim/turtlesim/srv/detail/spawn__builder.hpp
[3.026s] -- Up-to-date: /home/ros2/ws01_plumbing/install/turtlesim/include/turtlesim/turtlesim/srv/detail/spawn__traits.hpp
[3.027s] -- Up-to-date: /home/ros2/ws01_plumbing/install/turtlesim/include/turtlesim/turtlesim/srv/detail/kill__traits.hpp
[3.027s] -- Up-to-date: /home/ros2/ws01_plumbing/install/turtlesim/include/turtlesim/turtlesim/srv/detail/teleport_absolute__builder.hpp
[3.027s] -- Up-to-date: /home/ros2/ws01_plumbing/install/turtlesim/include/turtlesim/turtlesim/srv/detail/teleport_relative__struct.hpp
[3.027s] -- Up-to-date: /home/ros2/ws01_plumbing/install/turtlesim/include/turtlesim/turtlesim/srv/detail/kill__struct.hpp
[3.027s] -- Up-to-date: /home/ros2/ws01_plumbing/install/turtlesim/include/turtlesim/turtlesim/srv/detail/set_pen__builder.hpp
[3.027s] -- Up-to-date: /home/ros2/ws01_plumbing/install/turtlesim/include/turtlesim/turtlesim/srv/detail/spawn__struct.hpp
[3.028s] -- Up-to-date: /home/ros2/ws01_plumbing/install/turtlesim/include/turtlesim/turtlesim/srv/detail/teleport_relative__builder.hpp
[3.028s] -- Up-to-date: /home/ros2/ws01_plumbing/install/turtlesim/include/turtlesim/turtlesim/srv/kill.hpp
[3.028s] -- Up-to-date: /home/ros2/ws01_plumbing/install/turtlesim/include/turtlesim/turtlesim/srv/teleport_absolute.hpp
[3.028s] -- Up-to-date: /home/ros2/ws01_plumbing/install/turtlesim/include/turtlesim/turtlesim/srv/set_pen.hpp
[3.028s] -- Up-to-date: /home/ros2/ws01_plumbing/install/turtlesim/include/turtlesim/turtlesim/srv/spawn.hpp
[3.028s] -- Up-to-date: /home/ros2/ws01_plumbing/install/turtlesim/include/turtlesim/turtlesim/srv/teleport_relative.hpp
[3.029s] -- Up-to-date: /home/ros2/ws01_plumbing/install/turtlesim/include/turtlesim/turtlesim
[3.029s] -- Up-to-date: /home/ros2/ws01_plumbing/install/turtlesim/include/turtlesim/turtlesim/action
[3.029s] -- Up-to-date: /home/ros2/ws01_plumbing/install/turtlesim/include/turtlesim/turtlesim/action/detail
[3.029s] -- Up-to-date: /home/ros2/ws01_plumbing/install/turtlesim/include/turtlesim/turtlesim/action/detail/rotate_absolute__rosidl_typesupport_fastrtps_cpp.hpp
[3.029s] -- Up-to-date: /home/ros2/ws01_plumbing/install/turtlesim/include/turtlesim/turtlesim/action/detail/dds_fastrtps
[3.029s] -- Up-to-date: /home/ros2/ws01_plumbing/install/turtlesim/include/turtlesim/turtlesim/msg
[3.029s] -- Up-to-date: /home/ros2/ws01_plumbing/install/turtlesim/include/turtlesim/turtlesim/msg/detail
[3.030s] -- Up-to-date: /home/ros2/ws01_plumbing/install/turtlesim/include/turtlesim/turtlesim/msg/detail/pose__rosidl_typesupport_fastrtps_cpp.hpp
[3.030s] -- Up-to-date: /home/ros2/ws01_plumbing/install/turtlesim/include/turtlesim/turtlesim/msg/detail/dds_fastrtps
[3.030s] -- Up-to-date: /home/ros2/ws01_plumbing/install/turtlesim/include/turtlesim/turtlesim/msg/detail/color__rosidl_typesupport_fastrtps_cpp.hpp
[3.030s] -- Up-to-date: /home/ros2/ws01_plumbing/install/turtlesim/include/turtlesim/turtlesim/msg/rosidl_typesupport_fastrtps_cpp__visibility_control.h
[3.030s] -- Up-to-date: /home/ros2/ws01_plumbing/install/turtlesim/include/turtlesim/turtlesim/srv
[3.031s] -- Up-to-date: /home/ros2/ws01_plumbing/install/turtlesim/include/turtlesim/turtlesim/srv/detail
[3.031s] -- Up-to-date: /home/ros2/ws01_plumbing/install/turtlesim/include/turtlesim/turtlesim/srv/detail/teleport_absolute__rosidl_typesupport_fastrtps_cpp.hpp
[3.031s] -- Up-to-date: /home/ros2/ws01_plumbing/install/turtlesim/include/turtlesim/turtlesim/srv/detail/kill__rosidl_typesupport_fastrtps_cpp.hpp
[3.031s] -- Up-to-date: /home/ros2/ws01_plumbing/install/turtlesim/include/turtlesim/turtlesim/srv/detail/set_pen__rosidl_typesupport_fastrtps_cpp.hpp
[3.032s] -- Up-to-date: /home/ros2/ws01_plumbing/install/turtlesim/include/turtlesim/turtlesim/srv/detail/spawn__rosidl_typesupport_fastrtps_cpp.hpp
[3.032s] -- Up-to-date: /home/ros2/ws01_plumbing/install/turtlesim/include/turtlesim/turtlesim/srv/detail/dds_fastrtps
[3.032s] -- Up-to-date: /home/ros2/ws01_plumbing/install/turtlesim/include/turtlesim/turtlesim/srv/detail/teleport_relative__rosidl_typesupport_fastrtps_cpp.hpp
[3.032s] -- Up-to-date: /home/ros2/ws01_plumbing/install/turtlesim/lib/libturtlesim__rosidl_typesupport_fastrtps_cpp.so
[3.032s] -- Up-to-date: /home/ros2/ws01_plumbing/install/turtlesim/include/turtlesim/turtlesim
[3.033s] -- Up-to-date: /home/ros2/ws01_plumbing/install/turtlesim/include/turtlesim/turtlesim/action
[3.033s] -- Up-to-date: /home/ros2/ws01_plumbing/install/turtlesim/include/turtlesim/turtlesim/action/detail
[3.033s] -- Up-to-date: /home/ros2/ws01_plumbing/install/turtlesim/include/turtlesim/turtlesim/action/detail/rotate_absolute__type_support.c
[3.033s] -- Up-to-date: /home/ros2/ws01_plumbing/install/turtlesim/include/turtlesim/turtlesim/action/detail/rotate_absolute__rosidl_typesupport_introspection_c.h
[3.033s] -- Up-to-date: /home/ros2/ws01_plumbing/install/turtlesim/include/turtlesim/turtlesim/msg
[3.034s] -- Up-to-date: /home/ros2/ws01_plumbing/install/turtlesim/include/turtlesim/turtlesim/msg/detail
[3.034s] -- Up-to-date: /home/ros2/ws01_plumbing/install/turtlesim/include/turtlesim/turtlesim/msg/detail/pose__rosidl_typesupport_introspection_c.h
[3.034s] -- Up-to-date: /home/ros2/ws01_plumbing/install/turtlesim/include/turtlesim/turtlesim/msg/detail/color__rosidl_typesupport_introspection_c.h
[3.034s] -- Up-to-date: /home/ros2/ws01_plumbing/install/turtlesim/include/turtlesim/turtlesim/msg/detail/color__type_support.c
[3.035s] -- Up-to-date: /home/ros2/ws01_plumbing/install/turtlesim/include/turtlesim/turtlesim/msg/detail/pose__type_support.c
[3.036s] -- Up-to-date: /home/ros2/ws01_plumbing/install/turtlesim/include/turtlesim/turtlesim/msg/rosidl_typesupport_introspection_c__visibility_control.h
[3.036s] -- Up-to-date: /home/ros2/ws01_plumbing/install/turtlesim/include/turtlesim/turtlesim/srv
[3.036s] -- Up-to-date: /home/ros2/ws01_plumbing/install/turtlesim/include/turtlesim/turtlesim/srv/detail
[3.037s] -- Up-to-date: /home/ros2/ws01_plumbing/install/turtlesim/include/turtlesim/turtlesim/srv/detail/set_pen__rosidl_typesupport_introspection_c.h
[3.037s] -- Up-to-date: /home/ros2/ws01_plumbing/install/turtlesim/include/turtlesim/turtlesim/srv/detail/teleport_absolute__type_support.c
[3.037s] -- Up-to-date: /home/ros2/ws01_plumbing/install/turtlesim/include/turtlesim/turtlesim/srv/detail/kill__type_support.c
[3.037s] -- Up-to-date: /home/ros2/ws01_plumbing/install/turtlesim/include/turtlesim/turtlesim/srv/detail/teleport_absolute__rosidl_typesupport_introspection_c.h
[3.037s] -- Up-to-date: /home/ros2/ws01_plumbing/install/turtlesim/include/turtlesim/turtlesim/srv/detail/set_pen__type_support.c
[3.041s] -- Up-to-date: /home/ros2/ws01_plumbing/install/turtlesim/include/turtlesim/turtlesim/srv/detail/kill__rosidl_typesupport_introspection_c.h
[3.041s] -- Up-to-date: /home/ros2/ws01_plumbing/install/turtlesim/include/turtlesim/turtlesim/srv/detail/teleport_relative__type_support.c
[3.041s] -- Up-to-date: /home/ros2/ws01_plumbing/install/turtlesim/include/turtlesim/turtlesim/srv/detail/spawn__rosidl_typesupport_introspection_c.h
[3.041s] -- Up-to-date: /home/ros2/ws01_plumbing/install/turtlesim/include/turtlesim/turtlesim/srv/detail/spawn__type_support.c
[3.041s] -- Up-to-date: /home/ros2/ws01_plumbing/install/turtlesim/include/turtlesim/turtlesim/srv/detail/teleport_relative__rosidl_typesupport_introspection_c.h
[3.042s] -- Up-to-date: /home/ros2/ws01_plumbing/install/turtlesim/lib/libturtlesim__rosidl_typesupport_introspection_c.so
[3.042s] -- Up-to-date: /home/ros2/ws01_plumbing/install/turtlesim/lib/libturtlesim__rosidl_typesupport_c.so
[3.042s] -- Up-to-date: /home/ros2/ws01_plumbing/install/turtlesim/include/turtlesim/turtlesim
[3.042s] -- Up-to-date: /home/ros2/ws01_plumbing/install/turtlesim/include/turtlesim/turtlesim/action
[3.043s] -- Up-to-date: /home/ros2/ws01_plumbing/install/turtlesim/include/turtlesim/turtlesim/action/detail
[3.043s] -- Up-to-date: /home/ros2/ws01_plumbing/install/turtlesim/include/turtlesim/turtlesim/action/detail/rotate_absolute__rosidl_typesupport_introspection_cpp.hpp
[3.043s] -- Up-to-date: /home/ros2/ws01_plumbing/install/turtlesim/include/turtlesim/turtlesim/action/detail/rotate_absolute__type_support.cpp
[3.044s] -- Up-to-date: /home/ros2/ws01_plumbing/install/turtlesim/include/turtlesim/turtlesim/msg
[3.044s] -- Up-to-date: /home/ros2/ws01_plumbing/install/turtlesim/include/turtlesim/turtlesim/msg/detail
[3.044s] -- Up-to-date: /home/ros2/ws01_plumbing/install/turtlesim/include/turtlesim/turtlesim/msg/detail/pose__rosidl_typesupport_introspection_cpp.hpp
[3.045s] -- Up-to-date: /home/ros2/ws01_plumbing/install/turtlesim/include/turtlesim/turtlesim/msg/detail/color__rosidl_typesupport_introspection_cpp.hpp
[3.045s] -- Up-to-date: /home/ros2/ws01_plumbing/install/turtlesim/include/turtlesim/turtlesim/msg/detail/color__type_support.cpp
[3.045s] -- Up-to-date: /home/ros2/ws01_plumbing/install/turtlesim/include/turtlesim/turtlesim/msg/detail/pose__type_support.cpp
[3.046s] -- Up-to-date: /home/ros2/ws01_plumbing/install/turtlesim/include/turtlesim/turtlesim/srv
[3.046s] -- Up-to-date: /home/ros2/ws01_plumbing/install/turtlesim/include/turtlesim/turtlesim/srv/detail
[3.046s] -- Up-to-date: /home/ros2/ws01_plumbing/install/turtlesim/include/turtlesim/turtlesim/srv/detail/kill__type_support.cpp
[3.046s] -- Up-to-date: /home/ros2/ws01_plumbing/install/turtlesim/include/turtlesim/turtlesim/srv/detail/teleport_absolute__type_support.cpp
[3.046s] -- Up-to-date: /home/ros2/ws01_plumbing/install/turtlesim/include/turtlesim/turtlesim/srv/detail/kill__rosidl_typesupport_introspection_cpp.hpp
[3.047s] -- Up-to-date: /home/ros2/ws01_plumbing/install/turtlesim/include/turtlesim/turtlesim/srv/detail/set_pen__type_support.cpp
[3.047s] -- Up-to-date: /home/ros2/ws01_plumbing/install/turtlesim/include/turtlesim/turtlesim/srv/detail/teleport_relative__rosidl_typesupport_introspection_cpp.hpp
[3.047s] -- Up-to-date: /home/ros2/ws01_plumbing/install/turtlesim/include/turtlesim/turtlesim/srv/detail/teleport_relative__type_support.cpp
[3.048s] -- Up-to-date: /home/ros2/ws01_plumbing/install/turtlesim/include/turtlesim/turtlesim/srv/detail/set_pen__rosidl_typesupport_introspection_cpp.hpp
[3.048s] -- Up-to-date: /home/ros2/ws01_plumbing/install/turtlesim/include/turtlesim/turtlesim/srv/detail/teleport_absolute__rosidl_typesupport_introspection_cpp.hpp
[3.048s] -- Up-to-date: /home/ros2/ws01_plumbing/install/turtlesim/include/turtlesim/turtlesim/srv/detail/spawn__type_support.cpp
[3.048s] -- Up-to-date: /home/ros2/ws01_plumbing/install/turtlesim/include/turtlesim/turtlesim/srv/detail/spawn__rosidl_typesupport_introspection_cpp.hpp
[3.048s] -- Up-to-date: /home/ros2/ws01_plumbing/install/turtlesim/lib/libturtlesim__rosidl_typesupport_introspection_cpp.so
[3.049s] -- Up-to-date: /home/ros2/ws01_plumbing/install/turtlesim/lib/libturtlesim__rosidl_typesupport_cpp.so
[3.049s] -- Up-to-date: /home/ros2/ws01_plumbing/install/turtlesim/share/turtlesim/environment/pythonpath.sh
[3.049s] -- Up-to-date: /home/ros2/ws01_plumbing/install/turtlesim/share/turtlesim/environment/pythonpath.dsv
[3.049s] -- Up-to-date: /home/ros2/ws01_plumbing/install/turtlesim/local/lib/python3.10/dist-packages/turtlesim-1.4.2-py3.10.egg-info
[3.050s] -- Installing: /home/ros2/ws01_plumbing/install/turtlesim/local/lib/python3.10/dist-packages/turtlesim-1.4.2-py3.10.egg-info/top_level.txt
[3.050s] -- Installing: /home/ros2/ws01_plumbing/install/turtlesim/local/lib/python3.10/dist-packages/turtlesim-1.4.2-py3.10.egg-info/dependency_links.txt
[3.050s] -- Installing: /home/ros2/ws01_plumbing/install/turtlesim/local/lib/python3.10/dist-packages/turtlesim-1.4.2-py3.10.egg-info/SOURCES.txt
[3.051s] -- Installing: /home/ros2/ws01_plumbing/install/turtlesim/local/lib/python3.10/dist-packages/turtlesim-1.4.2-py3.10.egg-info/PKG-INFO
[3.052s] -- Up-to-date: /home/ros2/ws01_plumbing/install/turtlesim/local/lib/python3.10/dist-packages/turtlesim
[3.052s] -- Up-to-date: /home/ros2/ws01_plumbing/install/turtlesim/local/lib/python3.10/dist-packages/turtlesim/_turtlesim_s.ep.rosidl_typesupport_c.c
[3.052s] -- Up-to-date: /home/ros2/ws01_plumbing/install/turtlesim/local/lib/python3.10/dist-packages/turtlesim/action
[3.052s] -- Up-to-date: /home/ros2/ws01_plumbing/install/turtlesim/local/lib/python3.10/dist-packages/turtlesim/action/_rotate_absolute.py
[3.052s] -- Up-to-date: /home/ros2/ws01_plumbing/install/turtlesim/local/lib/python3.10/dist-packages/turtlesim/action/_rotate_absolute_s.c
[3.053s] -- Up-to-date: /home/ros2/ws01_plumbing/install/turtlesim/local/lib/python3.10/dist-packages/turtlesim/action/__init__.py
[3.053s] -- Up-to-date: /home/ros2/ws01_plumbing/install/turtlesim/local/lib/python3.10/dist-packages/turtlesim/msg
[3.053s] -- Up-to-date: /home/ros2/ws01_plumbing/install/turtlesim/local/lib/python3.10/dist-packages/turtlesim/msg/_pose_s.c
[3.053s] -- Up-to-date: /home/ros2/ws01_plumbing/install/turtlesim/local/lib/python3.10/dist-packages/turtlesim/msg/__init__.py
[3.053s] -- Up-to-date: /home/ros2/ws01_plumbing/install/turtlesim/local/lib/python3.10/dist-packages/turtlesim/msg/_color.py
[3.054s] -- Up-to-date: /home/ros2/ws01_plumbing/install/turtlesim/local/lib/python3.10/dist-packages/turtlesim/msg/_pose.py
[3.054s] -- Up-to-date: /home/ros2/ws01_plumbing/install/turtlesim/local/lib/python3.10/dist-packages/turtlesim/msg/_color_s.c
[3.054s] -- Up-to-date: /home/ros2/ws01_plumbing/install/turtlesim/local/lib/python3.10/dist-packages/turtlesim/__init__.py
[3.054s] -- Up-to-date: /home/ros2/ws01_plumbing/install/turtlesim/local/lib/python3.10/dist-packages/turtlesim/libturtlesim__rosidl_generator_py.so
[3.054s] -- Up-to-date: /home/ros2/ws01_plumbing/install/turtlesim/local/lib/python3.10/dist-packages/turtlesim/turtlesim_s__rosidl_typesupport_c.cpython-310-x86_64-linux-gnu.so
[3.055s] -- Up-to-date: /home/ros2/ws01_plumbing/install/turtlesim/local/lib/python3.10/dist-packages/turtlesim/srv
[3.056s] -- Up-to-date: /home/ros2/ws01_plumbing/install/turtlesim/local/lib/python3.10/dist-packages/turtlesim/srv/_teleport_absolute.py
[3.056s] -- Up-to-date: /home/ros2/ws01_plumbing/install/turtlesim/local/lib/python3.10/dist-packages/turtlesim/srv/__init__.py
[3.056s] -- Up-to-date: /home/ros2/ws01_plumbing/install/turtlesim/local/lib/python3.10/dist-packages/turtlesim/srv/_teleport_relative.py
[3.057s] -- Up-to-date: /home/ros2/ws01_plumbing/install/turtlesim/local/lib/python3.10/dist-packages/turtlesim/srv/_kill.py
[3.057s] -- Up-to-date: /home/ros2/ws01_plumbing/install/turtlesim/local/lib/python3.10/dist-packages/turtlesim/srv/_set_pen.py
[3.057s] -- Up-to-date: /home/ros2/ws01_plumbing/install/turtlesim/local/lib/python3.10/dist-packages/turtlesim/srv/_spawn_s.c
[3.057s] -- Up-to-date: /home/ros2/ws01_plumbing/install/turtlesim/local/lib/python3.10/dist-packages/turtlesim/srv/_kill_s.c
[3.057s] -- Up-to-date: /home/ros2/ws01_plumbing/install/turtlesim/local/lib/python3.10/dist-packages/turtlesim/srv/_set_pen_s.c
[3.058s] -- Up-to-date: /home/ros2/ws01_plumbing/install/turtlesim/local/lib/python3.10/dist-packages/turtlesim/srv/_teleport_relative_s.c
[3.058s] -- Up-to-date: /home/ros2/ws01_plumbing/install/turtlesim/local/lib/python3.10/dist-packages/turtlesim/srv/_teleport_absolute_s.c
[3.058s] -- Up-to-date: /home/ros2/ws01_plumbing/install/turtlesim/local/lib/python3.10/dist-packages/turtlesim/srv/_spawn.py
[3.058s] -- Up-to-date: /home/ros2/ws01_plumbing/install/turtlesim/local/lib/python3.10/dist-packages/turtlesim/_turtlesim_s.ep.rosidl_typesupport_fastrtps_c.c
[3.061s] -- Up-to-date: /home/ros2/ws01_plumbing/install/turtlesim/local/lib/python3.10/dist-packages/turtlesim/turtlesim_s__rosidl_typesupport_introspection_c.cpython-310-x86_64-linux-gnu.so
[3.061s] -- Up-to-date: /home/ros2/ws01_plumbing/install/turtlesim/local/lib/python3.10/dist-packages/turtlesim/turtlesim_s__rosidl_typesupport_fastrtps_c.cpython-310-x86_64-linux-gnu.so
[3.061s] -- Up-to-date: /home/ros2/ws01_plumbing/install/turtlesim/local/lib/python3.10/dist-packages/turtlesim/_turtlesim_s.ep.rosidl_typesupport_introspection_c.c
[3.147s] Listing '/home/ros2/ws01_plumbing/install/turtlesim/local/lib/python3.10/dist-packages/turtlesim'...
[3.148s] Listing '/home/ros2/ws01_plumbing/install/turtlesim/local/lib/python3.10/dist-packages/turtlesim/action'...
[3.148s] Listing '/home/ros2/ws01_plumbing/install/turtlesim/local/lib/python3.10/dist-packages/turtlesim/msg'...
[3.148s] Listing '/home/ros2/ws01_plumbing/install/turtlesim/local/lib/python3.10/dist-packages/turtlesim/srv'...
[3.163s] -- Up-to-date: /home/ros2/ws01_plumbing/install/turtlesim/local/lib/python3.10/dist-packages/turtlesim/turtlesim_s__rosidl_typesupport_fastrtps_c.cpython-310-x86_64-linux-gnu.so
[3.176s] -- Up-to-date: /home/ros2/ws01_plumbing/install/turtlesim/local/lib/python3.10/dist-packages/turtlesim/turtlesim_s__rosidl_typesupport_introspection_c.cpython-310-x86_64-linux-gnu.so
[3.176s] -- Up-to-date: /home/ros2/ws01_plumbing/install/turtlesim/local/lib/python3.10/dist-packages/turtlesim/turtlesim_s__rosidl_typesupport_c.cpython-310-x86_64-linux-gnu.so
[3.176s] -- Up-to-date: /home/ros2/ws01_plumbing/install/turtlesim/lib/libturtlesim__rosidl_generator_py.so
[3.177s] -- Up-to-date: /home/ros2/ws01_plumbing/install/turtlesim/share/turtlesim/action/RotateAbsolute.idl
[3.177s] -- Up-to-date: /home/ros2/ws01_plumbing/install/turtlesim/share/turtlesim/msg/Color.idl
[3.177s] -- Up-to-date: /home/ros2/ws01_plumbing/install/turtlesim/share/turtlesim/msg/Pose.idl
[3.177s] -- Up-to-date: /home/ros2/ws01_plumbing/install/turtlesim/share/turtlesim/srv/Kill.idl
[3.178s] -- Up-to-date: /home/ros2/ws01_plumbing/install/turtlesim/share/turtlesim/srv/SetPen.idl
[3.178s] -- Up-to-date: /home/ros2/ws01_plumbing/install/turtlesim/share/turtlesim/srv/Spawn.idl
[3.178s] -- Up-to-date: /home/ros2/ws01_plumbing/install/turtlesim/share/turtlesim/srv/TeleportAbsolute.idl
[3.178s] -- Up-to-date: /home/ros2/ws01_plumbing/install/turtlesim/share/turtlesim/srv/TeleportRelative.idl
[3.179s] -- Up-to-date: /home/ros2/ws01_plumbing/install/turtlesim/share/turtlesim/action/RotateAbsolute.action
[3.180s] -- Up-to-date: /home/ros2/ws01_plumbing/install/turtlesim/share/turtlesim/msg/Color.msg
[3.180s] -- Up-to-date: /home/ros2/ws01_plumbing/install/turtlesim/share/turtlesim/msg/Pose.msg
[3.180s] -- Up-to-date: /home/ros2/ws01_plumbing/install/turtlesim/share/turtlesim/srv/Kill.srv
[3.180s] -- Up-to-date: /home/ros2/ws01_plumbing/install/turtlesim/share/turtlesim/srv/Kill_Request.msg
[3.181s] -- Up-to-date: /home/ros2/ws01_plumbing/install/turtlesim/share/turtlesim/srv/Kill_Response.msg
[3.181s] -- Up-to-date: /home/ros2/ws01_plumbing/install/turtlesim/share/turtlesim/srv/SetPen.srv
[3.181s] -- Up-to-date: /home/ros2/ws01_plumbing/install/turtlesim/share/turtlesim/srv/SetPen_Request.msg
[3.181s] -- Up-to-date: /home/ros2/ws01_plumbing/install/turtlesim/share/turtlesim/srv/SetPen_Response.msg
[3.181s] -- Up-to-date: /home/ros2/ws01_plumbing/install/turtlesim/share/turtlesim/srv/Spawn.srv
[3.181s] -- Up-to-date: /home/ros2/ws01_plumbing/install/turtlesim/share/turtlesim/srv/Spawn_Request.msg
[3.182s] -- Up-to-date: /home/ros2/ws01_plumbing/install/turtlesim/share/turtlesim/srv/Spawn_Response.msg
[3.182s] -- Up-to-date: /home/ros2/ws01_plumbing/install/turtlesim/share/turtlesim/srv/TeleportAbsolute.srv
[3.182s] -- Up-to-date: /home/ros2/ws01_plumbing/install/turtlesim/share/turtlesim/srv/TeleportAbsolute_Request.msg
[3.182s] -- Up-to-date: /home/ros2/ws01_plumbing/install/turtlesim/share/turtlesim/srv/TeleportAbsolute_Response.msg
[3.182s] -- Up-to-date: /home/ros2/ws01_plumbing/install/turtlesim/share/turtlesim/srv/TeleportRelative.srv
[3.182s] -- Up-to-date: /home/ros2/ws01_plumbing/install/turtlesim/share/turtlesim/srv/TeleportRelative_Request.msg
[3.183s] -- Up-to-date: /home/ros2/ws01_plumbing/install/turtlesim/share/turtlesim/srv/TeleportRelative_Response.msg
[3.183s] -- Up-to-date: /home/ros2/ws01_plumbing/install/turtlesim/lib/turtlesim/turtlesim_node
[3.184s] -- Up-to-date: /home/ros2/ws01_plumbing/install/turtlesim/lib/turtlesim/turtle_teleop_key
[3.184s] -- Up-to-date: /home/ros2/ws01_plumbing/install/turtlesim/lib/turtlesim/draw_square
[3.184s] -- Up-to-date: /home/ros2/ws01_plumbing/install/turtlesim/lib/turtlesim/mimic
[3.184s] -- Up-to-date: /home/ros2/ws01_plumbing/install/turtlesim/share/turtlesim/images
[3.184s] -- Up-to-date: /home/ros2/ws01_plumbing/install/turtlesim/share/turtlesim/images/eloquent.png
[3.185s] -- Up-to-date: /home/ros2/ws01_plumbing/install/turtlesim/share/turtlesim/images/galactic.png
[3.185s] -- Up-to-date: /home/ros2/ws01_plumbing/install/turtlesim/share/turtlesim/images/bouncy.png
[3.185s] -- Up-to-date: /home/ros2/ws01_plumbing/install/turtlesim/share/turtlesim/images/foxy.png
[3.185s] -- Up-to-date: /home/ros2/ws01_plumbing/install/turtlesim/share/turtlesim/images/ardent.png
[3.185s] -- Up-to-date: /home/ros2/ws01_plumbing/install/turtlesim/share/turtlesim/images/humble.png
[3.186s] -- Up-to-date: /home/ros2/ws01_plumbing/install/turtlesim/share/turtlesim/images/dashing.png
[3.186s] -- Up-to-date: /home/ros2/ws01_plumbing/install/turtlesim/share/turtlesim/images/rolling.png
[3.186s] -- Up-to-date: /home/ros2/ws01_plumbing/install/turtlesim/share/turtlesim/images/crystal.png
[3.186s] -- Up-to-date: /home/ros2/ws01_plumbing/install/turtlesim/share/turtlesim/launch
[3.187s] -- Up-to-date: /home/ros2/ws01_plumbing/install/turtlesim/share/turtlesim/launch/multisim.launch.py
[3.187s] -- Up-to-date: /home/ros2/ws01_plumbing/install/turtlesim/share/ament_index/resource_index/package_run_dependencies/turtlesim
[3.188s] -- Up-to-date: /home/ros2/ws01_plumbing/install/turtlesim/share/ament_index/resource_index/parent_prefix_path/turtlesim
[3.188s] -- Up-to-date: /home/ros2/ws01_plumbing/install/turtlesim/share/turtlesim/environment/ament_prefix_path.sh
[3.188s] -- Up-to-date: /home/ros2/ws01_plumbing/install/turtlesim/share/turtlesim/environment/ament_prefix_path.dsv
[3.188s] -- Up-to-date: /home/ros2/ws01_plumbing/install/turtlesim/share/turtlesim/environment/path.sh
[3.188s] -- Up-to-date: /home/ros2/ws01_plumbing/install/turtlesim/share/turtlesim/environment/path.dsv
[3.189s] -- Up-to-date: /home/ros2/ws01_plumbing/install/turtlesim/share/turtlesim/local_setup.bash
[3.189s] -- Up-to-date: /home/ros2/ws01_plumbing/install/turtlesim/share/turtlesim/local_setup.sh
[3.190s] -- Up-to-date: /home/ros2/ws01_plumbing/install/turtlesim/share/turtlesim/local_setup.zsh
[3.190s] -- Up-to-date: /home/ros2/ws01_plumbing/install/turtlesim/share/turtlesim/local_setup.dsv
[3.192s] -- Installing: /home/ros2/ws01_plumbing/install/turtlesim/share/turtlesim/package.dsv
[3.194s] -- Up-to-date: /home/ros2/ws01_plumbing/install/turtlesim/share/ament_index/resource_index/packages/turtlesim
[3.195s] -- Up-to-date: /home/ros2/ws01_plumbing/install/turtlesim/share/turtlesim/cmake/export_turtlesim__rosidl_generator_cExport.cmake
[3.195s] -- Up-to-date: /home/ros2/ws01_plumbing/install/turtlesim/share/turtlesim/cmake/export_turtlesim__rosidl_generator_cExport-noconfig.cmake
[3.196s] -- Up-to-date: /home/ros2/ws01_plumbing/install/turtlesim/share/turtlesim/cmake/export_turtlesim__rosidl_typesupport_fastrtps_cExport.cmake
[3.197s] -- Up-to-date: /home/ros2/ws01_plumbing/install/turtlesim/share/turtlesim/cmake/export_turtlesim__rosidl_typesupport_fastrtps_cExport-noconfig.cmake
[3.198s] -- Up-to-date: /home/ros2/ws01_plumbing/install/turtlesim/share/turtlesim/cmake/export_turtlesim__rosidl_generator_cppExport.cmake
[3.198s] -- Up-to-date: /home/ros2/ws01_plumbing/install/turtlesim/share/turtlesim/cmake/export_turtlesim__rosidl_typesupport_fastrtps_cppExport.cmake
[3.200s] -- Up-to-date: /home/ros2/ws01_plumbing/install/turtlesim/share/turtlesim/cmake/export_turtlesim__rosidl_typesupport_fastrtps_cppExport-noconfig.cmake
[3.201s] -- Up-to-date: /home/ros2/ws01_plumbing/install/turtlesim/share/turtlesim/cmake/turtlesim__rosidl_typesupport_introspection_cExport.cmake
[3.201s] -- Up-to-date: /home/ros2/ws01_plumbing/install/turtlesim/share/turtlesim/cmake/turtlesim__rosidl_typesupport_introspection_cExport-noconfig.cmake
[3.202s] -- Up-to-date: /home/ros2/ws01_plumbing/install/turtlesim/share/turtlesim/cmake/turtlesim__rosidl_typesupport_cExport.cmake
[3.202s] -- Up-to-date: /home/ros2/ws01_plumbing/install/turtlesim/share/turtlesim/cmake/turtlesim__rosidl_typesupport_cExport-noconfig.cmake
[3.203s] -- Up-to-date: /home/ros2/ws01_plumbing/install/turtlesim/share/turtlesim/cmake/turtlesim__rosidl_typesupport_introspection_cppExport.cmake
[3.204s] -- Up-to-date: /home/ros2/ws01_plumbing/install/turtlesim/share/turtlesim/cmake/turtlesim__rosidl_typesupport_introspection_cppExport-noconfig.cmake
[3.205s] -- Up-to-date: /home/ros2/ws01_plumbing/install/turtlesim/share/turtlesim/cmake/turtlesim__rosidl_typesupport_cppExport.cmake
[3.206s] -- Up-to-date: /home/ros2/ws01_plumbing/install/turtlesim/share/turtlesim/cmake/turtlesim__rosidl_typesupport_cppExport-noconfig.cmake
[3.206s] -- Up-to-date: /home/ros2/ws01_plumbing/install/turtlesim/share/turtlesim/cmake/export_turtlesim__rosidl_generator_pyExport.cmake
[3.208s] -- Up-to-date: /home/ros2/ws01_plumbing/install/turtlesim/share/turtlesim/cmake/export_turtlesim__rosidl_generator_pyExport-noconfig.cmake
[3.209s] -- Up-to-date: /home/ros2/ws01_plumbing/install/turtlesim/share/turtlesim/cmake/rosidl_cmake-extras.cmake
[3.209s] -- Up-to-date: /home/ros2/ws01_plumbing/install/turtlesim/share/turtlesim/cmake/ament_cmake_export_dependencies-extras.cmake
[3.210s] -- Up-to-date: /home/ros2/ws01_plumbing/install/turtlesim/share/turtlesim/cmake/ament_cmake_export_include_directories-extras.cmake
[3.211s] -- Up-to-date: /home/ros2/ws01_plumbing/install/turtlesim/share/turtlesim/cmake/ament_cmake_export_libraries-extras.cmake
[3.212s] -- Up-to-date: /home/ros2/ws01_plumbing/install/turtlesim/share/turtlesim/cmake/ament_cmake_export_targets-extras.cmake
[3.213s] -- Up-to-date: /home/ros2/ws01_plumbing/install/turtlesim/share/turtlesim/cmake/rosidl_cmake_export_typesupport_targets-extras.cmake
[3.213s] -- Up-to-date: /home/ros2/ws01_plumbing/install/turtlesim/share/turtlesim/cmake/rosidl_cmake_export_typesupport_libraries-extras.cmake
[3.214s] -- Up-to-date: /home/ros2/ws01_plumbing/install/turtlesim/share/turtlesim/cmake/turtlesimConfig.cmake
[3.214s] -- Up-to-date: /home/ros2/ws01_plumbing/install/turtlesim/share/turtlesim/cmake/turtlesimConfig-version.cmake
[3.214s] -- Up-to-date: /home/ros2/ws01_plumbing/install/turtlesim/share/turtlesim/package.xml
[3.226s] Invoked command in '/home/ros2/ws01_plumbing/build/turtlesim' returned '0': CMAKE_PREFIX_PATH=${CMAKE_PREFIX_PATH}:/home/ros2/ws01_plumbing/install/py06_time:/home/ros2/ws01_plumbing/install/py05_names:/home/ros2/ws01_plumbing/install/py04_param:/home/ros2/ws01_plumbing/install/py03_action:/home/ros2/ws01_plumbing/install/py02_service:/home/ros2/ws01_plumbing/install/py01_topic:/opt/ros/humble /usr/bin/cmake --install /home/ros2/ws01_plumbing/build/turtlesim
