[1.636s] Invoking command in '/home/ros2/ws01_plumbing/src/py04_param': PYTHONPATH=/home/ros2/ws01_plumbing/install/py04_param/lib/python3.10/site-packages:${PYTHONPATH} /usr/bin/python3 setup.py egg_info --egg-base ../../build/py04_param build --build-base /home/ros2/ws01_plumbing/build/py04_param/build install --prefix /home/ros2/ws01_plumbing/install/py04_param --record /home/ros2/ws01_plumbing/build/py04_param/install.log --single-version-externally-managed
[2.299s] running egg_info
[2.301s] writing ../../build/py04_param/py04_param.egg-info/PKG-INFO
[2.302s] writing dependency_links to ../../build/py04_param/py04_param.egg-info/dependency_links.txt
[2.304s] writing entry points to ../../build/py04_param/py04_param.egg-info/entry_points.txt
[2.305s] writing requirements to ../../build/py04_param/py04_param.egg-info/requires.txt
[2.306s] writing top-level names to ../../build/py04_param/py04_param.egg-info/top_level.txt
[2.312s] reading manifest file '../../build/py04_param/py04_param.egg-info/SOURCES.txt'
[2.314s] writing manifest file '../../build/py04_param/py04_param.egg-info/SOURCES.txt'
[2.316s] running build
[2.316s] running build_py
[2.317s] copying py04_param/demo01_param_server_py.py -> /home/ros2/ws01_plumbing/build/py04_param/build/lib/py04_param
[2.317s] running install
[2.318s] /usr/lib/python3/dist-packages/setuptools/command/install.py:34: SetuptoolsDeprecationWarning: setup.py install is deprecated. Use build and pip and other standards-based tools.
[2.318s]   warnings.warn(
[2.318s] running install_lib
[2.320s] copying /home/ros2/ws01_plumbing/build/py04_param/build/lib/py04_param/demo01_param_server_py.py -> /home/ros2/ws01_plumbing/install/py04_param/lib/python3.10/site-packages/py04_param
[2.322s] byte-compiling /home/ros2/ws01_plumbing/install/py04_param/lib/python3.10/site-packages/py04_param/demo01_param_server_py.py to demo01_param_server_py.cpython-310.pyc
[2.325s] running install_data
[2.326s] running install_egg_info
[2.331s] removing '/home/ros2/ws01_plumbing/install/py04_param/lib/python3.10/site-packages/py04_param-0.0.0-py3.10.egg-info' (and everything under it)
[2.332s] Copying ../../build/py04_param/py04_param.egg-info to /home/ros2/ws01_plumbing/install/py04_param/lib/python3.10/site-packages/py04_param-0.0.0-py3.10.egg-info
[2.335s] running install_scripts
[2.396s] Installing demo00_param_py script to /home/ros2/ws01_plumbing/install/py04_param/lib/py04_param
[2.397s] Installing demo01_param_server_py script to /home/ros2/ws01_plumbing/install/py04_param/lib/py04_param
[2.399s] writing list of installed files to '/home/ros2/ws01_plumbing/build/py04_param/install.log'
[2.462s] Invoked command in '/home/ros2/ws01_plumbing/src/py04_param' returned '0': PYTHONPATH=/home/ros2/ws01_plumbing/install/py04_param/lib/python3.10/site-packages:${PYTHONPATH} /usr/bin/python3 setup.py egg_info --egg-base ../../build/py04_param build --build-base /home/ros2/ws01_plumbing/build/py04_param/build install --prefix /home/ros2/ws01_plumbing/install/py04_param --record /home/ros2/ws01_plumbing/build/py04_param/install.log --single-version-externally-managed
