[0.061s] Invoking command in '/home/ros2/ws01_plumbing/build/cpp04_param': CMAKE_PREFIX_PATH=${CMAKE_PREFIX_PATH}:/home/ros2/ws01_plumbing/install/py04_param:/home/ros2/ws01_plumbing/install/py03_action:/home/ros2/ws01_plumbing/install/py02_service:/home/ros2/ws01_plumbing/install/py01_topic:/opt/ros/humble /usr/bin/cmake --build /home/ros2/ws01_plumbing/build/cpp04_param -- -j4 -l4
[0.270s] [35m[1mConsolidate compiler generated dependencies of target demo01_param_server[0m
[0.303s] [ 33%] Built target demo00_param
[0.350s] [ 66%] Built target demo02_param_client
[0.377s] [ 83%] [32mBuilding CXX object CMakeFiles/demo01_param_server.dir/src/demo01_param_server.cpp.o[0m
[12.116s] [100%] [32m[1mLinking CXX executable demo01_param_server[0m
[12.589s] [100%] Built target demo01_param_server
[12.633s] Invoked command in '/home/ros2/ws01_plumbing/build/cpp04_param' returned '0': CMAKE_PREFIX_PATH=${CMAKE_PREFIX_PATH}:/home/ros2/ws01_plumbing/install/py04_param:/home/ros2/ws01_plumbing/install/py03_action:/home/ros2/ws01_plumbing/install/py02_service:/home/ros2/ws01_plumbing/install/py01_topic:/opt/ros/humble /usr/bin/cmake --build /home/ros2/ws01_plumbing/build/cpp04_param -- -j4 -l4
[12.882s] Invoking command in '/home/ros2/ws01_plumbing/build/cpp04_param': CMAKE_PREFIX_PATH=${CMAKE_PREFIX_PATH}:/home/ros2/ws01_plumbing/install/py04_param:/home/ros2/ws01_plumbing/install/py03_action:/home/ros2/ws01_plumbing/install/py02_service:/home/ros2/ws01_plumbing/install/py01_topic:/opt/ros/humble /usr/bin/cmake --install /home/ros2/ws01_plumbing/build/cpp04_param
[12.907s] -- Install configuration: ""
[12.909s] -- Up-to-date: /home/ros2/ws01_plumbing/install/cpp04_param/lib/cpp04_param/demo00_param
[12.909s] -- Installing: /home/ros2/ws01_plumbing/install/cpp04_param/lib/cpp04_param/demo01_param_server
[12.911s] -- Set runtime path of "/home/ros2/ws01_plumbing/install/cpp04_param/lib/cpp04_param/demo01_param_server" to ""
[12.912s] -- Up-to-date: /home/ros2/ws01_plumbing/install/cpp04_param/lib/cpp04_param/demo02_param_client
[12.913s] -- Up-to-date: /home/ros2/ws01_plumbing/install/cpp04_param/share/ament_index/resource_index/package_run_dependencies/cpp04_param
[12.914s] -- Up-to-date: /home/ros2/ws01_plumbing/install/cpp04_param/share/ament_index/resource_index/parent_prefix_path/cpp04_param
[12.914s] -- Up-to-date: /home/ros2/ws01_plumbing/install/cpp04_param/share/cpp04_param/environment/ament_prefix_path.sh
[12.914s] -- Up-to-date: /home/ros2/ws01_plumbing/install/cpp04_param/share/cpp04_param/environment/ament_prefix_path.dsv
[12.914s] -- Up-to-date: /home/ros2/ws01_plumbing/install/cpp04_param/share/cpp04_param/environment/path.sh
[12.915s] -- Up-to-date: /home/ros2/ws01_plumbing/install/cpp04_param/share/cpp04_param/environment/path.dsv
[12.915s] -- Up-to-date: /home/ros2/ws01_plumbing/install/cpp04_param/share/cpp04_param/local_setup.bash
[12.916s] -- Up-to-date: /home/ros2/ws01_plumbing/install/cpp04_param/share/cpp04_param/local_setup.sh
[12.916s] -- Up-to-date: /home/ros2/ws01_plumbing/install/cpp04_param/share/cpp04_param/local_setup.zsh
[12.917s] -- Up-to-date: /home/ros2/ws01_plumbing/install/cpp04_param/share/cpp04_param/local_setup.dsv
[12.917s] -- Installing: /home/ros2/ws01_plumbing/install/cpp04_param/share/cpp04_param/package.dsv
[12.917s] -- Up-to-date: /home/ros2/ws01_plumbing/install/cpp04_param/share/ament_index/resource_index/packages/cpp04_param
[12.917s] -- Up-to-date: /home/ros2/ws01_plumbing/install/cpp04_param/share/cpp04_param/cmake/cpp04_paramConfig.cmake
[12.918s] -- Up-to-date: /home/ros2/ws01_plumbing/install/cpp04_param/share/cpp04_param/cmake/cpp04_paramConfig-version.cmake
[12.918s] -- Up-to-date: /home/ros2/ws01_plumbing/install/cpp04_param/share/cpp04_param/package.xml
[12.933s] Invoked command in '/home/ros2/ws01_plumbing/build/cpp04_param' returned '0': CMAKE_PREFIX_PATH=${CMAKE_PREFIX_PATH}:/home/ros2/ws01_plumbing/install/py04_param:/home/ros2/ws01_plumbing/install/py03_action:/home/ros2/ws01_plumbing/install/py02_service:/home/ros2/ws01_plumbing/install/py01_topic:/opt/ros/humble /usr/bin/cmake --install /home/ros2/ws01_plumbing/build/cpp04_param
