[7.097s] DEBUG:colcon:Command line arguments: ['/usr/bin/colcon', 'build', '--packages-select', 'pkg03_hellovscode_cpp']
[7.097s] DEBUG:colcon:Parsed command line arguments: Namespace(log_base=None, log_level=None, verb_name='build', build_base='build', install_base='install', merge_install=False, symlink_install=False, test_result_base=None, continue_on_error=False, executor='parallel', parallel_workers=4, event_handlers=None, ignore_user_meta=False, metas=['./colcon.meta'], base_paths=['.'], packages_ignore=None, packages_ignore_regex=None, paths=None, packages_up_to=None, packages_up_to_regex=None, packages_above=None, packages_above_and_dependencies=None, packages_above_depth=None, packages_select_by_dep=None, packages_skip_by_dep=None, packages_skip_up_to=None, packages_select_build_failed=False, packages_skip_build_finished=False, packages_select_test_failures=False, packages_skip_test_passed=False, packages_select=['pkg03_hellovscode_cpp'], packages_skip=None, packages_select_regex=None, packages_skip_regex=None, packages_start=None, packages_end=None, allow_overriding=[], cmake_args=None, cmake_target=None, cmake_target_skip_unavailable=False, cmake_clean_cache=False, cmake_clean_first=False, cmake_force_configure=False, ament_cmake_args=None, catkin_cmake_args=None, catkin_skip_building_tests=False, verb_parser=<colcon_defaults.argument_parser.defaults.DefaultArgumentsDecorator object at 0x7ff2b82c04f0>, verb_extension=<colcon_core.verb.build.BuildVerb object at 0x7ff2b8c55e70>, main=<bound method BuildVerb.main of <colcon_core.verb.build.BuildVerb object at 0x7ff2b8c55e70>>)
[8.119s] Level 1:colcon.colcon_core.package_discovery:discover_packages(colcon_meta) check parameters
[8.120s] Level 1:colcon.colcon_core.package_discovery:discover_packages(recursive) check parameters
[8.120s] Level 1:colcon.colcon_core.package_discovery:discover_packages(ignore) check parameters
[8.120s] Level 1:colcon.colcon_core.package_discovery:discover_packages(path) check parameters
[8.120s] Level 1:colcon.colcon_core.package_discovery:discover_packages(colcon_meta) discover
[8.120s] Level 1:colcon.colcon_core.package_discovery:discover_packages(recursive) discover
[8.120s] INFO:colcon.colcon_core.package_discovery:Crawling recursively for packages in '/home/ros2/ws00_helloworld'
[8.121s] Level 1:colcon.colcon_core.package_identification:_identify(.) by extensions ['ignore', 'ignore_ament_install']
[8.121s] Level 1:colcon.colcon_core.package_identification:_identify(.) by extension 'ignore'
[8.122s] Level 1:colcon.colcon_core.package_identification:_identify(.) by extension 'ignore_ament_install'
[8.122s] Level 1:colcon.colcon_core.package_identification:_identify(.) by extensions ['colcon_pkg']
[8.122s] Level 1:colcon.colcon_core.package_identification:_identify(.) by extension 'colcon_pkg'
[8.122s] Level 1:colcon.colcon_core.package_identification:_identify(.) by extensions ['colcon_meta']
[8.122s] Level 1:colcon.colcon_core.package_identification:_identify(.) by extension 'colcon_meta'
[8.122s] Level 1:colcon.colcon_core.package_identification:_identify(.) by extensions ['ros']
[8.122s] Level 1:colcon.colcon_core.package_identification:_identify(.) by extension 'ros'
[8.248s] Level 1:colcon.colcon_core.package_identification:_identify(.) by extensions ['cmake', 'python']
[8.249s] Level 1:colcon.colcon_core.package_identification:_identify(.) by extension 'cmake'
[8.249s] Level 1:colcon.colcon_core.package_identification:_identify(.) by extension 'python'
[8.249s] Level 1:colcon.colcon_core.package_identification:_identify(.) by extensions ['python_setup_py']
[8.249s] Level 1:colcon.colcon_core.package_identification:_identify(.) by extension 'python_setup_py'
[8.250s] Level 1:colcon.colcon_core.package_identification:_identify(build) by extensions ['ignore', 'ignore_ament_install']
[8.250s] Level 1:colcon.colcon_core.package_identification:_identify(build) by extension 'ignore'
[8.251s] Level 1:colcon.colcon_core.package_identification:_identify(build) ignored
[8.251s] Level 1:colcon.colcon_core.package_identification:_identify(install) by extensions ['ignore', 'ignore_ament_install']
[8.252s] Level 1:colcon.colcon_core.package_identification:_identify(install) by extension 'ignore'
[8.252s] Level 1:colcon.colcon_core.package_identification:_identify(install) ignored
[8.252s] Level 1:colcon.colcon_core.package_identification:_identify(log) by extensions ['ignore', 'ignore_ament_install']
[8.252s] Level 1:colcon.colcon_core.package_identification:_identify(log) by extension 'ignore'
[8.253s] Level 1:colcon.colcon_core.package_identification:_identify(log) ignored
[8.253s] Level 1:colcon.colcon_core.package_identification:_identify(src) by extensions ['ignore', 'ignore_ament_install']
[8.253s] Level 1:colcon.colcon_core.package_identification:_identify(src) by extension 'ignore'
[8.253s] Level 1:colcon.colcon_core.package_identification:_identify(src) by extension 'ignore_ament_install'
[8.253s] Level 1:colcon.colcon_core.package_identification:_identify(src) by extensions ['colcon_pkg']
[8.253s] Level 1:colcon.colcon_core.package_identification:_identify(src) by extension 'colcon_pkg'
[8.254s] Level 1:colcon.colcon_core.package_identification:_identify(src) by extensions ['colcon_meta']
[8.254s] Level 1:colcon.colcon_core.package_identification:_identify(src) by extension 'colcon_meta'
[8.254s] Level 1:colcon.colcon_core.package_identification:_identify(src) by extensions ['ros']
[8.254s] Level 1:colcon.colcon_core.package_identification:_identify(src) by extension 'ros'
[8.254s] Level 1:colcon.colcon_core.package_identification:_identify(src) by extensions ['cmake', 'python']
[8.254s] Level 1:colcon.colcon_core.package_identification:_identify(src) by extension 'cmake'
[8.255s] Level 1:colcon.colcon_core.package_identification:_identify(src) by extension 'python'
[8.255s] Level 1:colcon.colcon_core.package_identification:_identify(src) by extensions ['python_setup_py']
[8.255s] Level 1:colcon.colcon_core.package_identification:_identify(src) by extension 'python_setup_py'
[8.255s] Level 1:colcon.colcon_core.package_identification:_identify(src/pkg01_helloworld_cpp) by extensions ['ignore', 'ignore_ament_install']
[8.255s] Level 1:colcon.colcon_core.package_identification:_identify(src/pkg01_helloworld_cpp) by extension 'ignore'
[8.256s] Level 1:colcon.colcon_core.package_identification:_identify(src/pkg01_helloworld_cpp) by extension 'ignore_ament_install'
[8.256s] Level 1:colcon.colcon_core.package_identification:_identify(src/pkg01_helloworld_cpp) by extensions ['colcon_pkg']
[8.256s] Level 1:colcon.colcon_core.package_identification:_identify(src/pkg01_helloworld_cpp) by extension 'colcon_pkg'
[8.256s] Level 1:colcon.colcon_core.package_identification:_identify(src/pkg01_helloworld_cpp) by extensions ['colcon_meta']
[8.256s] Level 1:colcon.colcon_core.package_identification:_identify(src/pkg01_helloworld_cpp) by extension 'colcon_meta'
[8.257s] Level 1:colcon.colcon_core.package_identification:_identify(src/pkg01_helloworld_cpp) by extensions ['ros']
[8.257s] Level 1:colcon.colcon_core.package_identification:_identify(src/pkg01_helloworld_cpp) by extension 'ros'
[8.317s] DEBUG:colcon.colcon_core.package_identification:Package 'src/pkg01_helloworld_cpp' with type 'ros.ament_cmake' and name 'pkg01_helloworld_cpp'
[8.318s] Level 1:colcon.colcon_core.package_identification:_identify(src/pkg02_helloworld_py) by extensions ['ignore', 'ignore_ament_install']
[8.318s] Level 1:colcon.colcon_core.package_identification:_identify(src/pkg02_helloworld_py) by extension 'ignore'
[8.318s] Level 1:colcon.colcon_core.package_identification:_identify(src/pkg02_helloworld_py) by extension 'ignore_ament_install'
[8.319s] Level 1:colcon.colcon_core.package_identification:_identify(src/pkg02_helloworld_py) by extensions ['colcon_pkg']
[8.319s] Level 1:colcon.colcon_core.package_identification:_identify(src/pkg02_helloworld_py) by extension 'colcon_pkg'
[8.319s] Level 1:colcon.colcon_core.package_identification:_identify(src/pkg02_helloworld_py) by extensions ['colcon_meta']
[8.319s] Level 1:colcon.colcon_core.package_identification:_identify(src/pkg02_helloworld_py) by extension 'colcon_meta'
[8.319s] Level 1:colcon.colcon_core.package_identification:_identify(src/pkg02_helloworld_py) by extensions ['ros']
[8.320s] Level 1:colcon.colcon_core.package_identification:_identify(src/pkg02_helloworld_py) by extension 'ros'
[8.322s] DEBUG:colcon.colcon_core.package_identification:Package 'src/pkg02_helloworld_py' with type 'ros.ament_python' and name 'pkg02_helloworld_py'
[8.322s] Level 1:colcon.colcon_core.package_identification:_identify(src/pkg03_hellovscode_cpp) by extensions ['ignore', 'ignore_ament_install']
[8.322s] Level 1:colcon.colcon_core.package_identification:_identify(src/pkg03_hellovscode_cpp) by extension 'ignore'
[8.323s] Level 1:colcon.colcon_core.package_identification:_identify(src/pkg03_hellovscode_cpp) by extension 'ignore_ament_install'
[8.323s] Level 1:colcon.colcon_core.package_identification:_identify(src/pkg03_hellovscode_cpp) by extensions ['colcon_pkg']
[8.323s] Level 1:colcon.colcon_core.package_identification:_identify(src/pkg03_hellovscode_cpp) by extension 'colcon_pkg'
[8.323s] Level 1:colcon.colcon_core.package_identification:_identify(src/pkg03_hellovscode_cpp) by extensions ['colcon_meta']
[8.323s] Level 1:colcon.colcon_core.package_identification:_identify(src/pkg03_hellovscode_cpp) by extension 'colcon_meta'
[8.323s] Level 1:colcon.colcon_core.package_identification:_identify(src/pkg03_hellovscode_cpp) by extensions ['ros']
[8.324s] Level 1:colcon.colcon_core.package_identification:_identify(src/pkg03_hellovscode_cpp) by extension 'ros'
[8.340s] DEBUG:colcon.colcon_core.package_identification:Package 'src/pkg03_hellovscode_cpp' with type 'ros.ament_cmake' and name 'pkg03_hellovscode_cpp'
[8.341s] Level 1:colcon.colcon_core.package_discovery:discover_packages(recursive) using defaults
[8.341s] Level 1:colcon.colcon_core.package_discovery:discover_packages(ignore) discover
[8.341s] Level 1:colcon.colcon_core.package_discovery:discover_packages(ignore) using defaults
[8.341s] Level 1:colcon.colcon_core.package_discovery:discover_packages(path) discover
[8.341s] Level 1:colcon.colcon_core.package_discovery:discover_packages(path) using defaults
[8.734s] INFO:colcon.colcon_core.package_selection:Skipping not selected package 'pkg01_helloworld_cpp' in 'src/pkg01_helloworld_cpp'
[8.734s] INFO:colcon.colcon_core.package_selection:Skipping not selected package 'pkg02_helloworld_py' in 'src/pkg02_helloworld_py'
[8.737s] Level 1:colcon.colcon_core.package_discovery:discover_packages(prefix_path) check parameters
[8.738s] Level 1:colcon.colcon_core.package_discovery:discover_packages(prefix_path) discover
[8.753s] DEBUG:colcon.colcon_installed_package_information.package_discovery:Found 3 installed packages in /home/ros2/ws00_helloworld/install
[8.767s] DEBUG:colcon.colcon_installed_package_information.package_discovery:Found 270 installed packages in /opt/ros/humble
[8.770s] Level 1:colcon.colcon_core.package_discovery:discover_packages(prefix_path) using defaults
[10.921s] Level 5:colcon.colcon_core.verb:set package 'pkg03_hellovscode_cpp' build argument 'cmake_args' from command line to 'None'
[10.922s] Level 5:colcon.colcon_core.verb:set package 'pkg03_hellovscode_cpp' build argument 'cmake_target' from command line to 'None'
[10.922s] Level 5:colcon.colcon_core.verb:set package 'pkg03_hellovscode_cpp' build argument 'cmake_target_skip_unavailable' from command line to 'False'
[10.922s] Level 5:colcon.colcon_core.verb:set package 'pkg03_hellovscode_cpp' build argument 'cmake_clean_cache' from command line to 'False'
[10.922s] Level 5:colcon.colcon_core.verb:set package 'pkg03_hellovscode_cpp' build argument 'cmake_clean_first' from command line to 'False'
[10.922s] Level 5:colcon.colcon_core.verb:set package 'pkg03_hellovscode_cpp' build argument 'cmake_force_configure' from command line to 'False'
[10.922s] Level 5:colcon.colcon_core.verb:set package 'pkg03_hellovscode_cpp' build argument 'ament_cmake_args' from command line to 'None'
[10.922s] Level 5:colcon.colcon_core.verb:set package 'pkg03_hellovscode_cpp' build argument 'catkin_cmake_args' from command line to 'None'
[10.922s] Level 5:colcon.colcon_core.verb:set package 'pkg03_hellovscode_cpp' build argument 'catkin_skip_building_tests' from command line to 'False'
[10.923s] DEBUG:colcon.colcon_core.verb:Building package 'pkg03_hellovscode_cpp' with the following arguments: {'ament_cmake_args': None, 'build_base': '/home/ros2/ws00_helloworld/build/pkg03_hellovscode_cpp', 'catkin_cmake_args': None, 'catkin_skip_building_tests': False, 'cmake_args': None, 'cmake_clean_cache': False, 'cmake_clean_first': False, 'cmake_force_configure': False, 'cmake_target': None, 'cmake_target_skip_unavailable': False, 'install_base': '/home/ros2/ws00_helloworld/install/pkg03_hellovscode_cpp', 'merge_install': False, 'path': '/home/ros2/ws00_helloworld/src/pkg03_hellovscode_cpp', 'symlink_install': False, 'test_result_base': None}
[10.926s] INFO:colcon.colcon_core.executor:Executing jobs using 'parallel' executor
[10.943s] DEBUG:colcon.colcon_parallel_executor.executor.parallel:run_until_complete
[10.944s] INFO:colcon.colcon_ros.task.ament_cmake.build:Building ROS package in '/home/ros2/ws00_helloworld/src/pkg03_hellovscode_cpp' with build type 'ament_cmake'
[10.945s] INFO:colcon.colcon_cmake.task.cmake.build:Building CMake package in '/home/ros2/ws00_helloworld/src/pkg03_hellovscode_cpp'
[11.057s] INFO:colcon.colcon_core.plugin_system:Skipping extension 'colcon_core.shell.bat': Not used on non-Windows systems
[11.058s] INFO:colcon.colcon_core.shell:Skip shell extension 'powershell' for command environment: Not usable outside of PowerShell
[11.058s] DEBUG:colcon.colcon_core.shell:Skip shell extension 'dsv' for command environment
[11.213s] DEBUG:colcon.colcon_core.event_handler.log_command:Invoking command in '/home/ros2/ws00_helloworld/build/pkg03_hellovscode_cpp': CMAKE_PREFIX_PATH=${CMAKE_PREFIX_PATH}:/home/ros2/ws00_helloworld/install/pkg02_helloworld_py:/opt/ros/humble /usr/bin/cmake --build /home/ros2/ws00_helloworld/build/pkg03_hellovscode_cpp -- -j4 -l4
[33.009s] DEBUG:colcon.colcon_core.event_handler.log_command:Invoked command in '/home/ros2/ws00_helloworld/build/pkg03_hellovscode_cpp' returned '0': CMAKE_PREFIX_PATH=${CMAKE_PREFIX_PATH}:/home/ros2/ws00_helloworld/install/pkg02_helloworld_py:/opt/ros/humble /usr/bin/cmake --build /home/ros2/ws00_helloworld/build/pkg03_hellovscode_cpp -- -j4 -l4
[33.222s] DEBUG:colcon.colcon_core.event_handler.log_command:Invoking command in '/home/ros2/ws00_helloworld/build/pkg03_hellovscode_cpp': CMAKE_PREFIX_PATH=${CMAKE_PREFIX_PATH}:/home/ros2/ws00_helloworld/install/pkg02_helloworld_py:/opt/ros/humble /usr/bin/cmake --install /home/ros2/ws00_helloworld/build/pkg03_hellovscode_cpp
[33.282s] Level 1:colcon.colcon_core.environment:create_environment_scripts_only(pkg03_hellovscode_cpp)
[33.287s] DEBUG:colcon.colcon_core.event_handler.log_command:Invoked command in '/home/ros2/ws00_helloworld/build/pkg03_hellovscode_cpp' returned '0': CMAKE_PREFIX_PATH=${CMAKE_PREFIX_PATH}:/home/ros2/ws00_helloworld/install/pkg02_helloworld_py:/opt/ros/humble /usr/bin/cmake --install /home/ros2/ws00_helloworld/build/pkg03_hellovscode_cpp
[33.474s] Level 1:colcon.colcon_core.environment:checking '/home/ros2/ws00_helloworld/install/pkg03_hellovscode_cpp' for CMake module files
[33.476s] Level 1:colcon.colcon_core.environment:checking '/home/ros2/ws00_helloworld/install/pkg03_hellovscode_cpp' for CMake config files
[33.477s] Level 1:colcon.colcon_core.shell:create_environment_hook('pkg03_hellovscode_cpp', 'cmake_prefix_path')
[33.483s] INFO:colcon.colcon_core.shell:Creating environment hook '/home/ros2/ws00_helloworld/install/pkg03_hellovscode_cpp/share/pkg03_hellovscode_cpp/hook/cmake_prefix_path.ps1'
[33.515s] INFO:colcon.colcon_core.shell:Creating environment descriptor '/home/ros2/ws00_helloworld/install/pkg03_hellovscode_cpp/share/pkg03_hellovscode_cpp/hook/cmake_prefix_path.dsv'
[33.527s] INFO:colcon.colcon_core.shell:Creating environment hook '/home/ros2/ws00_helloworld/install/pkg03_hellovscode_cpp/share/pkg03_hellovscode_cpp/hook/cmake_prefix_path.sh'
[33.533s] Level 1:colcon.colcon_core.environment:checking '/home/ros2/ws00_helloworld/install/pkg03_hellovscode_cpp/lib'
[33.534s] Level 1:colcon.colcon_core.environment:checking '/home/ros2/ws00_helloworld/install/pkg03_hellovscode_cpp/bin'
[33.535s] Level 1:colcon.colcon_core.environment:checking '/home/ros2/ws00_helloworld/install/pkg03_hellovscode_cpp/lib/pkgconfig/pkg03_hellovscode_cpp.pc'
[33.536s] Level 1:colcon.colcon_core.environment:checking '/home/ros2/ws00_helloworld/install/pkg03_hellovscode_cpp/lib/python3.10/site-packages'
[33.537s] Level 1:colcon.colcon_core.environment:checking '/home/ros2/ws00_helloworld/install/pkg03_hellovscode_cpp/bin'
[33.544s] INFO:colcon.colcon_core.shell:Creating package script '/home/ros2/ws00_helloworld/install/pkg03_hellovscode_cpp/share/pkg03_hellovscode_cpp/package.ps1'
[33.549s] INFO:colcon.colcon_core.shell:Creating package descriptor '/home/ros2/ws00_helloworld/install/pkg03_hellovscode_cpp/share/pkg03_hellovscode_cpp/package.dsv'
[33.553s] INFO:colcon.colcon_core.shell:Creating package script '/home/ros2/ws00_helloworld/install/pkg03_hellovscode_cpp/share/pkg03_hellovscode_cpp/package.sh'
[33.557s] INFO:colcon.colcon_core.shell:Creating package script '/home/ros2/ws00_helloworld/install/pkg03_hellovscode_cpp/share/pkg03_hellovscode_cpp/package.bash'
[33.571s] INFO:colcon.colcon_core.shell:Creating package script '/home/ros2/ws00_helloworld/install/pkg03_hellovscode_cpp/share/pkg03_hellovscode_cpp/package.zsh'
[33.592s] Level 1:colcon.colcon_core.environment:create_file_with_runtime_dependencies(/home/ros2/ws00_helloworld/install/pkg03_hellovscode_cpp/share/colcon-core/packages/pkg03_hellovscode_cpp)
[33.782s] Level 1:colcon.colcon_core.environment:create_environment_scripts_only(pkg03_hellovscode_cpp)
[33.794s] Level 1:colcon.colcon_core.environment:checking '/home/ros2/ws00_helloworld/install/pkg03_hellovscode_cpp' for CMake module files
[33.798s] Level 1:colcon.colcon_core.environment:checking '/home/ros2/ws00_helloworld/install/pkg03_hellovscode_cpp' for CMake config files
[33.799s] Level 1:colcon.colcon_core.shell:create_environment_hook('pkg03_hellovscode_cpp', 'cmake_prefix_path')
[33.803s] INFO:colcon.colcon_core.shell:Creating environment hook '/home/ros2/ws00_helloworld/install/pkg03_hellovscode_cpp/share/pkg03_hellovscode_cpp/hook/cmake_prefix_path.ps1'
[33.805s] INFO:colcon.colcon_core.shell:Creating environment descriptor '/home/ros2/ws00_helloworld/install/pkg03_hellovscode_cpp/share/pkg03_hellovscode_cpp/hook/cmake_prefix_path.dsv'
[33.806s] INFO:colcon.colcon_core.shell:Creating environment hook '/home/ros2/ws00_helloworld/install/pkg03_hellovscode_cpp/share/pkg03_hellovscode_cpp/hook/cmake_prefix_path.sh'
[33.807s] Level 1:colcon.colcon_core.environment:checking '/home/ros2/ws00_helloworld/install/pkg03_hellovscode_cpp/lib'
[33.808s] Level 1:colcon.colcon_core.environment:checking '/home/ros2/ws00_helloworld/install/pkg03_hellovscode_cpp/bin'
[33.808s] Level 1:colcon.colcon_core.environment:checking '/home/ros2/ws00_helloworld/install/pkg03_hellovscode_cpp/lib/pkgconfig/pkg03_hellovscode_cpp.pc'
[33.809s] Level 1:colcon.colcon_core.environment:checking '/home/ros2/ws00_helloworld/install/pkg03_hellovscode_cpp/lib/python3.10/site-packages'
[33.809s] Level 1:colcon.colcon_core.environment:checking '/home/ros2/ws00_helloworld/install/pkg03_hellovscode_cpp/bin'
[33.816s] INFO:colcon.colcon_core.shell:Creating package script '/home/ros2/ws00_helloworld/install/pkg03_hellovscode_cpp/share/pkg03_hellovscode_cpp/package.ps1'
[33.818s] INFO:colcon.colcon_core.shell:Creating package descriptor '/home/ros2/ws00_helloworld/install/pkg03_hellovscode_cpp/share/pkg03_hellovscode_cpp/package.dsv'
[33.822s] INFO:colcon.colcon_core.shell:Creating package script '/home/ros2/ws00_helloworld/install/pkg03_hellovscode_cpp/share/pkg03_hellovscode_cpp/package.sh'
[33.825s] INFO:colcon.colcon_core.shell:Creating package script '/home/ros2/ws00_helloworld/install/pkg03_hellovscode_cpp/share/pkg03_hellovscode_cpp/package.bash'
[33.827s] INFO:colcon.colcon_core.shell:Creating package script '/home/ros2/ws00_helloworld/install/pkg03_hellovscode_cpp/share/pkg03_hellovscode_cpp/package.zsh'
[33.832s] Level 1:colcon.colcon_core.environment:create_file_with_runtime_dependencies(/home/ros2/ws00_helloworld/install/pkg03_hellovscode_cpp/share/colcon-core/packages/pkg03_hellovscode_cpp)
[33.835s] DEBUG:colcon.colcon_parallel_executor.executor.parallel:closing loop
[33.837s] DEBUG:colcon.colcon_parallel_executor.executor.parallel:loop closed
[33.838s] DEBUG:colcon.colcon_parallel_executor.executor.parallel:run_until_complete finished with '0'
[33.838s] DEBUG:colcon.colcon_core.event_reactor:joining thread
[33.898s] INFO:colcon.colcon_core.plugin_system:Skipping extension 'colcon_notification.desktop_notification.terminal_notifier': Not used on non-Darwin systems
[33.900s] INFO:colcon.colcon_core.plugin_system:Skipping extension 'colcon_notification.desktop_notification.win32': Not used on non-Windows systems
[33.901s] INFO:colcon.colcon_notification.desktop_notification:Sending desktop notification using 'notify2'
[34.006s] DEBUG:colcon.colcon_core.event_reactor:joined thread
[34.011s] INFO:colcon.colcon_core.shell:Creating prefix script '/home/ros2/ws00_helloworld/install/local_setup.ps1'
[34.014s] INFO:colcon.colcon_core.shell:Creating prefix util module '/home/ros2/ws00_helloworld/install/_local_setup_util_ps1.py'
[34.025s] INFO:colcon.colcon_core.shell:Creating prefix chain script '/home/ros2/ws00_helloworld/install/setup.ps1'
[34.033s] INFO:colcon.colcon_core.shell:Creating prefix script '/home/ros2/ws00_helloworld/install/local_setup.sh'
[34.035s] INFO:colcon.colcon_core.shell:Creating prefix util module '/home/ros2/ws00_helloworld/install/_local_setup_util_sh.py'
[34.039s] INFO:colcon.colcon_core.shell:Creating prefix chain script '/home/ros2/ws00_helloworld/install/setup.sh'
[34.051s] INFO:colcon.colcon_core.shell:Creating prefix script '/home/ros2/ws00_helloworld/install/local_setup.bash'
[34.053s] INFO:colcon.colcon_core.shell:Creating prefix chain script '/home/ros2/ws00_helloworld/install/setup.bash'
[34.057s] INFO:colcon.colcon_core.shell:Creating prefix script '/home/ros2/ws00_helloworld/install/local_setup.zsh'
[34.059s] INFO:colcon.colcon_core.shell:Creating prefix chain script '/home/ros2/ws00_helloworld/install/setup.zsh'
