[0.063s] Invoking command in '/home/ros2/ws01_plumbing/build/cpp03_action': CMAKE_PREFIX_PATH=/home/ros2/ws01_plumbing/install/base_interfaces_demo:/home/ros2/ws01_plumbing/install/cpp03_action:/home/ros2/ws01_plumbing/install/cpp02_service:/home/ros2/ws01_plumbing/install/cpp01_topic:/home/ros2/ws01_plumbing/install/py02_service:/home/ros2/ws01_plumbing/install/py01_topic:/opt/ros/humble /usr/bin/cmake --build /home/ros2/ws01_plumbing/build/cpp03_action -- -j4 -l4
[0.201s] [35m[1mConsolidate compiler generated dependencies of target demo01_action_server[0m
[0.263s] [ 25%] [32mBuilding CXX object CMakeFiles/demo01_action_server.dir/src/demo01_action_server.cpp.o[0m
[0.263s] [ 75%] Built target demo02_action_client
[9.736s] [100%] [32m[1mLinking CXX executable demo01_action_server[0m
[10.128s] [100%] Built target demo01_action_server
[10.158s] Invoked command in '/home/ros2/ws01_plumbing/build/cpp03_action' returned '0': CMAKE_PREFIX_PATH=/home/ros2/ws01_plumbing/install/base_interfaces_demo:/home/ros2/ws01_plumbing/install/cpp03_action:/home/ros2/ws01_plumbing/install/cpp02_service:/home/ros2/ws01_plumbing/install/cpp01_topic:/home/ros2/ws01_plumbing/install/py02_service:/home/ros2/ws01_plumbing/install/py01_topic:/opt/ros/humble /usr/bin/cmake --build /home/ros2/ws01_plumbing/build/cpp03_action -- -j4 -l4
[10.301s] Invoking command in '/home/ros2/ws01_plumbing/build/cpp03_action': CMAKE_PREFIX_PATH=/home/ros2/ws01_plumbing/install/base_interfaces_demo:/home/ros2/ws01_plumbing/install/cpp03_action:/home/ros2/ws01_plumbing/install/cpp02_service:/home/ros2/ws01_plumbing/install/cpp01_topic:/home/ros2/ws01_plumbing/install/py02_service:/home/ros2/ws01_plumbing/install/py01_topic:/opt/ros/humble /usr/bin/cmake --install /home/ros2/ws01_plumbing/build/cpp03_action
[10.319s] -- Install configuration: ""
[10.320s] -- Installing: /home/ros2/ws01_plumbing/install/cpp03_action/lib/cpp03_action/demo01_action_server
[10.323s] -- Set runtime path of "/home/ros2/ws01_plumbing/install/cpp03_action/lib/cpp03_action/demo01_action_server" to ""
[10.323s] -- Up-to-date: /home/ros2/ws01_plumbing/install/cpp03_action/lib/cpp03_action/demo02_action_client
[10.324s] -- Up-to-date: /home/ros2/ws01_plumbing/install/cpp03_action/share/ament_index/resource_index/package_run_dependencies/cpp03_action
[10.325s] -- Up-to-date: /home/ros2/ws01_plumbing/install/cpp03_action/share/ament_index/resource_index/parent_prefix_path/cpp03_action
[10.325s] -- Up-to-date: /home/ros2/ws01_plumbing/install/cpp03_action/share/cpp03_action/environment/ament_prefix_path.sh
[10.325s] -- Up-to-date: /home/ros2/ws01_plumbing/install/cpp03_action/share/cpp03_action/environment/ament_prefix_path.dsv
[10.325s] -- Up-to-date: /home/ros2/ws01_plumbing/install/cpp03_action/share/cpp03_action/environment/path.sh
[10.326s] -- Up-to-date: /home/ros2/ws01_plumbing/install/cpp03_action/share/cpp03_action/environment/path.dsv
[10.326s] -- Up-to-date: /home/ros2/ws01_plumbing/install/cpp03_action/share/cpp03_action/local_setup.bash
[10.327s] -- Up-to-date: /home/ros2/ws01_plumbing/install/cpp03_action/share/cpp03_action/local_setup.sh
[10.327s] -- Up-to-date: /home/ros2/ws01_plumbing/install/cpp03_action/share/cpp03_action/local_setup.zsh
[10.327s] -- Up-to-date: /home/ros2/ws01_plumbing/install/cpp03_action/share/cpp03_action/local_setup.dsv
[10.327s] -- Installing: /home/ros2/ws01_plumbing/install/cpp03_action/share/cpp03_action/package.dsv
[10.328s] -- Up-to-date: /home/ros2/ws01_plumbing/install/cpp03_action/share/ament_index/resource_index/packages/cpp03_action
[10.328s] -- Up-to-date: /home/ros2/ws01_plumbing/install/cpp03_action/share/cpp03_action/cmake/cpp03_actionConfig.cmake
[10.328s] -- Up-to-date: /home/ros2/ws01_plumbing/install/cpp03_action/share/cpp03_action/cmake/cpp03_actionConfig-version.cmake
[10.328s] -- Up-to-date: /home/ros2/ws01_plumbing/install/cpp03_action/share/cpp03_action/package.xml
[10.348s] Invoked command in '/home/ros2/ws01_plumbing/build/cpp03_action' returned '0': CMAKE_PREFIX_PATH=/home/ros2/ws01_plumbing/install/base_interfaces_demo:/home/ros2/ws01_plumbing/install/cpp03_action:/home/ros2/ws01_plumbing/install/cpp02_service:/home/ros2/ws01_plumbing/install/cpp01_topic:/home/ros2/ws01_plumbing/install/py02_service:/home/ros2/ws01_plumbing/install/py01_topic:/opt/ros/humble /usr/bin/cmake --install /home/ros2/ws01_plumbing/build/cpp03_action
