[0.064s] Invoking command in '/home/ros2/ws01_plumbing/build/cpp06_time': CMAKE_PREFIX_PATH=${CMAKE_PREFIX_PATH}:/home/ros2/ws01_plumbing/install/py05_names:/home/ros2/ws01_plumbing/install/py04_param:/home/ros2/ws01_plumbing/install/py03_action:/home/ros2/ws01_plumbing/install/py02_service:/home/ros2/ws01_plumbing/install/py01_topic:/opt/ros/humble /usr/bin/cmake --build /home/ros2/ws01_plumbing/build/cpp06_time -- -j4 -l4
[0.187s] [35m[1mConsolidate compiler generated dependencies of target demo01_rate[0m
[0.255s] [100%] Built target demo01_rate
[0.297s] Invoked command in '/home/ros2/ws01_plumbing/build/cpp06_time' returned '0': CMAKE_PREFIX_PATH=${CMAKE_PREFIX_PATH}:/home/ros2/ws01_plumbing/install/py05_names:/home/ros2/ws01_plumbing/install/py04_param:/home/ros2/ws01_plumbing/install/py03_action:/home/ros2/ws01_plumbing/install/py02_service:/home/ros2/ws01_plumbing/install/py01_topic:/opt/ros/humble /usr/bin/cmake --build /home/ros2/ws01_plumbing/build/cpp06_time -- -j4 -l4
[0.459s] Invoking command in '/home/ros2/ws01_plumbing/build/cpp06_time': CMAKE_PREFIX_PATH=${CMAKE_PREFIX_PATH}:/home/ros2/ws01_plumbing/install/py05_names:/home/ros2/ws01_plumbing/install/py04_param:/home/ros2/ws01_plumbing/install/py03_action:/home/ros2/ws01_plumbing/install/py02_service:/home/ros2/ws01_plumbing/install/py01_topic:/opt/ros/humble /usr/bin/cmake --install /home/ros2/ws01_plumbing/build/cpp06_time
[0.486s] -- Install configuration: ""
[0.487s] -- Up-to-date: /home/ros2/ws01_plumbing/install/cpp06_time/lib/cpp06_time/demo01_rate
[0.487s] -- Up-to-date: /home/ros2/ws01_plumbing/install/cpp06_time/share/ament_index/resource_index/package_run_dependencies/cpp06_time
[0.487s] -- Up-to-date: /home/ros2/ws01_plumbing/install/cpp06_time/share/ament_index/resource_index/parent_prefix_path/cpp06_time
[0.488s] -- Up-to-date: /home/ros2/ws01_plumbing/install/cpp06_time/share/cpp06_time/environment/ament_prefix_path.sh
[0.488s] -- Up-to-date: /home/ros2/ws01_plumbing/install/cpp06_time/share/cpp06_time/environment/ament_prefix_path.dsv
[0.488s] -- Up-to-date: /home/ros2/ws01_plumbing/install/cpp06_time/share/cpp06_time/environment/path.sh
[0.489s] -- Up-to-date: /home/ros2/ws01_plumbing/install/cpp06_time/share/cpp06_time/environment/path.dsv
[0.489s] -- Up-to-date: /home/ros2/ws01_plumbing/install/cpp06_time/share/cpp06_time/local_setup.bash
[0.490s] -- Up-to-date: /home/ros2/ws01_plumbing/install/cpp06_time/share/cpp06_time/local_setup.sh
[0.493s] -- Up-to-date: /home/ros2/ws01_plumbing/install/cpp06_time/share/cpp06_time/local_setup.zsh
[0.494s] -- Up-to-date: /home/ros2/ws01_plumbing/install/cpp06_time/share/cpp06_time/local_setup.dsv
[0.494s] -- Installing: /home/ros2/ws01_plumbing/install/cpp06_time/share/cpp06_time/package.dsv
[0.494s] -- Up-to-date: /home/ros2/ws01_plumbing/install/cpp06_time/share/ament_index/resource_index/packages/cpp06_time
[0.494s] -- Up-to-date: /home/ros2/ws01_plumbing/install/cpp06_time/share/cpp06_time/cmake/cpp06_timeConfig.cmake
[0.495s] -- Up-to-date: /home/ros2/ws01_plumbing/install/cpp06_time/share/cpp06_time/cmake/cpp06_timeConfig-version.cmake
[0.495s] -- Up-to-date: /home/ros2/ws01_plumbing/install/cpp06_time/share/cpp06_time/package.xml
[0.500s] Invoked command in '/home/ros2/ws01_plumbing/build/cpp06_time' returned '0': CMAKE_PREFIX_PATH=${CMAKE_PREFIX_PATH}:/home/ros2/ws01_plumbing/install/py05_names:/home/ros2/ws01_plumbing/install/py04_param:/home/ros2/ws01_plumbing/install/py03_action:/home/ros2/ws01_plumbing/install/py02_service:/home/ros2/ws01_plumbing/install/py01_topic:/opt/ros/humble /usr/bin/cmake --install /home/ros2/ws01_plumbing/build/cpp06_time
