[0.305s] Invoking command in '/home/ros2/ws01_plumbing/build/cpp01_topic': CMAKE_PREFIX_PATH=/home/ros2/ws01_plumbing/install/base_interfaces_demo:/home/ros2/ws01_plumbing/install/cpp01_topic:/home/ros2/ws01_plumbing/install/py01_topic:/opt/ros/humble /usr/bin/cmake --build /home/ros2/ws01_plumbing/build/cpp01_topic -- -j4 -l4
[1.294s] -- Found ament_cmake: 1.3.2 (/opt/ros/humble/share/ament_cmake/cmake)
[2.761s] -- Found rclcpp: 16.0.1 (/opt/ros/humble/share/rclcpp/cmake)
[3.222s] -- Found rosidl_generator_c: 3.1.3 (/opt/ros/humble/share/rosidl_generator_c/cmake)
[3.244s] -- Found rosidl_adapter: 3.1.3 (/opt/ros/humble/share/rosidl_adapter/cmake)
[3.320s] -- Found rosidl_generator_cpp: 3.1.3 (/opt/ros/humble/share/rosidl_generator_cpp/cmake)
[3.452s] -- Using all available rosidl_typesupport_c: rosidl_typesupport_fastrtps_c;rosidl_typesupport_introspection_c
[3.616s] -- Using all available rosidl_typesupport_cpp: rosidl_typesupport_fastrtps_cpp;rosidl_typesupport_introspection_cpp
[4.432s] -- Found rmw_implementation_cmake: 6.1.0 (/opt/ros/humble/share/rmw_implementation_cmake/cmake)
[4.480s] -- Found rmw_fastrtps_cpp: 6.2.1 (/opt/ros/humble/share/rmw_fastrtps_cpp/cmake)
[5.409s] -- Using RMW implementation 'rmw_fastrtps_cpp' as default
[6.929s] -- Found base_interfaces_demo: 0.0.0 (/home/ros2/ws01_plumbing/install/base_interfaces_demo/share/base_interfaces_demo/cmake)
[7.229s] -- Found ament_lint_auto: 0.12.4 (/opt/ros/humble/share/ament_lint_auto/cmake)
[7.934s] -- Added test 'cppcheck' to perform static code analysis on C / C++ code
[7.936s] -- Configured cppcheck include dirs: $<BUILD_INTERFACE:/home/ros2/ws01_plumbing/src/cpp01_topic/include>
[7.937s] -- Configured cppcheck exclude dirs and/or files: 
[7.942s] -- Added test 'lint_cmake' to check CMake code style
[7.947s] -- Added test 'uncrustify' to check C / C++ code style
[7.948s] -- Configured uncrustify additional arguments: 
[7.951s] -- Added test 'xmllint' to check XML markup files
[7.960s] -- Configuring done
[8.347s] -- Generating done
[8.357s] -- Build files have been written to: /home/ros2/ws01_plumbing/build/cpp01_topic
[8.459s] [35m[1mConsolidate compiler generated dependencies of target demo02_listener_str[0m
[8.495s] [35m[1mConsolidate compiler generated dependencies of target demo04_listener_stu[0m
[8.495s] [35m[1mConsolidate compiler generated dependencies of target demo03_talker_stu[0m
[8.496s] [35m[1mConsolidate compiler generated dependencies of target demo01_talker_str[0m
[8.550s] [ 25%] Built target demo02_listener_str
[8.598s] [ 50%] Built target demo01_talker_str
[8.608s] [ 62%] [32mBuilding CXX object CMakeFiles/demo04_listener_stu.dir/src/demo04_listener_stu.cpp.o[0m
[8.628s] [ 75%] [32mBuilding CXX object CMakeFiles/demo03_talker_stu.dir/src/demo03_talker_stu.cpp.o[0m
[23.962s] [ 87%] [32m[1mLinking CXX executable demo04_listener_stu[0m
[24.035s] [100%] [32m[1mLinking CXX executable demo03_talker_stu[0m
[24.975s] [100%] Built target demo03_talker_stu
[24.993s] [100%] Built target demo04_listener_stu
[25.031s] Invoked command in '/home/ros2/ws01_plumbing/build/cpp01_topic' returned '0': CMAKE_PREFIX_PATH=/home/ros2/ws01_plumbing/install/base_interfaces_demo:/home/ros2/ws01_plumbing/install/cpp01_topic:/home/ros2/ws01_plumbing/install/py01_topic:/opt/ros/humble /usr/bin/cmake --build /home/ros2/ws01_plumbing/build/cpp01_topic -- -j4 -l4
[25.245s] Invoking command in '/home/ros2/ws01_plumbing/build/cpp01_topic': CMAKE_PREFIX_PATH=/home/ros2/ws01_plumbing/install/base_interfaces_demo:/home/ros2/ws01_plumbing/install/cpp01_topic:/home/ros2/ws01_plumbing/install/py01_topic:/opt/ros/humble /usr/bin/cmake --install /home/ros2/ws01_plumbing/build/cpp01_topic
[25.266s] -- Install configuration: ""
[25.271s] -- Up-to-date: /home/ros2/ws01_plumbing/install/cpp01_topic/lib/cpp01_topic/demo01_talker_str
[25.284s] -- Up-to-date: /home/ros2/ws01_plumbing/install/cpp01_topic/lib/cpp01_topic/demo02_listener_str
[25.285s] -- Installing: /home/ros2/ws01_plumbing/install/cpp01_topic/lib/cpp01_topic/demo03_talker_stu
[25.287s] -- Set runtime path of "/home/ros2/ws01_plumbing/install/cpp01_topic/lib/cpp01_topic/demo03_talker_stu" to ""
[25.287s] -- Installing: /home/ros2/ws01_plumbing/install/cpp01_topic/lib/cpp01_topic/demo04_listener_stu
[25.288s] -- Set runtime path of "/home/ros2/ws01_plumbing/install/cpp01_topic/lib/cpp01_topic/demo04_listener_stu" to ""
[25.289s] -- Up-to-date: /home/ros2/ws01_plumbing/install/cpp01_topic/share/ament_index/resource_index/package_run_dependencies/cpp01_topic
[25.290s] -- Up-to-date: /home/ros2/ws01_plumbing/install/cpp01_topic/share/ament_index/resource_index/parent_prefix_path/cpp01_topic
[25.291s] -- Up-to-date: /home/ros2/ws01_plumbing/install/cpp01_topic/share/cpp01_topic/environment/ament_prefix_path.sh
[25.292s] -- Installing: /home/ros2/ws01_plumbing/install/cpp01_topic/share/cpp01_topic/environment/ament_prefix_path.dsv
[25.292s] -- Up-to-date: /home/ros2/ws01_plumbing/install/cpp01_topic/share/cpp01_topic/environment/path.sh
[25.293s] -- Installing: /home/ros2/ws01_plumbing/install/cpp01_topic/share/cpp01_topic/environment/path.dsv
[25.293s] -- Up-to-date: /home/ros2/ws01_plumbing/install/cpp01_topic/share/cpp01_topic/local_setup.bash
[25.294s] -- Up-to-date: /home/ros2/ws01_plumbing/install/cpp01_topic/share/cpp01_topic/local_setup.sh
[25.294s] -- Up-to-date: /home/ros2/ws01_plumbing/install/cpp01_topic/share/cpp01_topic/local_setup.zsh
[25.295s] -- Installing: /home/ros2/ws01_plumbing/install/cpp01_topic/share/cpp01_topic/local_setup.dsv
[25.296s] -- Installing: /home/ros2/ws01_plumbing/install/cpp01_topic/share/cpp01_topic/package.dsv
[25.318s] -- Up-to-date: /home/ros2/ws01_plumbing/install/cpp01_topic/share/ament_index/resource_index/packages/cpp01_topic
[25.324s] -- Up-to-date: /home/ros2/ws01_plumbing/install/cpp01_topic/share/cpp01_topic/cmake/cpp01_topicConfig.cmake
[25.325s] -- Up-to-date: /home/ros2/ws01_plumbing/install/cpp01_topic/share/cpp01_topic/cmake/cpp01_topicConfig-version.cmake
[25.327s] -- Up-to-date: /home/ros2/ws01_plumbing/install/cpp01_topic/share/cpp01_topic/package.xml
[25.328s] Invoked command in '/home/ros2/ws01_plumbing/build/cpp01_topic' returned '0': CMAKE_PREFIX_PATH=/home/ros2/ws01_plumbing/install/base_interfaces_demo:/home/ros2/ws01_plumbing/install/cpp01_topic:/home/ros2/ws01_plumbing/install/py01_topic:/opt/ros/humble /usr/bin/cmake --install /home/ros2/ws01_plumbing/build/cpp01_topic
