[ 16%] Built target exer04_action_server
[ 25%] [32mBuilding CXX object CMakeFiles/exer03_client.dir/src/exer03_client.cpp.o[0m
[ 41%] Built target exer02_server
[ 58%] Built target exer01_pub_sub
[35m[1mConsolidate compiler generated dependencies of target exer06_param[0m
[ 75%] Built target exer05_action_client
[ 83%] [32mBuilding CXX object CMakeFiles/exer06_param.dir/src/exer06_param.cpp.o[0m
[01m[K/home/ros2/ws01_plumbing/src/cpp07_exercise/src/exer03_client.cpp:[m[K In function ‘[01m[Kint main(int, const char**)[m[K’:
[01m[K/home/ros2/ws01_plumbing/src/cpp07_exercise/src/exer03_client.cpp:66:26:[m[K [01;35m[Kwarning: [m[Kcomparison of integer expressions of different signedness: ‘[01m[Ksize_t[m[K’ {aka ‘[01m[Klong unsigned int[m[K’} and ‘[01m[Kint[m[K’ [[01;35m[K]8;;https://gcc.gnu.org/onlinedocs/gcc/Warning-Options.html#index-Wsign-compare-Wsign-compare]8;;[m[K]
   66 |     for (size_t i = 0; [01;35m[Ki < argc[m[K; i++)
      |                        [01;35m[K~~^~~~~~[m[K
In file included from [01m[K/opt/ros/humble/include/rclcpp/rclcpp/logging.hpp:24[m[K,
                 from [01m[K/opt/ros/humble/include/rclcpp/rclcpp/client.hpp:40[m[K,
                 from [01m[K/opt/ros/humble/include/rclcpp/rclcpp/callback_group.hpp:23[m[K,
                 from [01m[K/opt/ros/humble/include/rclcpp/rclcpp/any_executable.hpp:20[m[K,
                 from [01m[K/opt/ros/humble/include/rclcpp/rclcpp/memory_strategy.hpp:25[m[K,
                 from [01m[K/opt/ros/humble/include/rclcpp/rclcpp/memory_strategies.hpp:18[m[K,
                 from [01m[K/opt/ros/humble/include/rclcpp/rclcpp/executor_options.hpp:20[m[K,
                 from [01m[K/opt/ros/humble/include/rclcpp/rclcpp/executor.hpp:37[m[K,
                 from [01m[K/opt/ros/humble/include/rclcpp/rclcpp/executors/multi_threaded_executor.hpp:25[m[K,
                 from [01m[K/opt/ros/humble/include/rclcpp/rclcpp/executors.hpp:21[m[K,
                 from [01m[K/opt/ros/humble/include/rclcpp/rclcpp/rclcpp.hpp:155[m[K,
                 from [01m[K/home/ros2/ws01_plumbing/src/cpp07_exercise/src/exer03_client.cpp:15[m[K:
[01m[K/home/ros2/ws01_plumbing/src/cpp07_exercise/src/exer03_client.cpp:68:50:[m[K [01;35m[Kwarning: [m[Kformat ‘[01m[K%d[m[K’ expects argument of type ‘[01m[Kint[m[K’, but argument 5 has type ‘[01m[Ksize_t[m[K’ {aka ‘[01m[Klong unsigned int[m[K’} [[01;35m[K]8;;https://gcc.gnu.org/onlinedocs/gcc/Warning-Options.html#index-Wformat=-Wformat=]8;;[m[K]
   68 |         RCLCPP_INFO(rclcpp::get_logger("rclcpp"),[01;35m[K"%d = %s"[m[K,[32m[Ki[m[K,argv[i]);
      |                                                  [01;35m[K^~~~~~~~~[m[K [32m[K~[m[K
      |                                                            [32m[K|[m[K
      |                                                            [32m[Ksize_t {aka long unsigned int}[m[K
[01m[K/home/ros2/ws01_plumbing/src/cpp07_exercise/src/exer03_client.cpp:68:52:[m[K [01;36m[Knote: [m[Kformat string is defined here
   68 |         RCLCPP_INFO(rclcpp::get_logger("rclcpp"),"[01;36m[K%d[m[K = %s",i,argv[i]);
      |                                                   [01;36m[K~^[m[K
      |                                                    [01;36m[K|[m[K
      |                                                    [01;36m[Kint[m[K
      |                                                   [32m[K%ld[m[K
[ 91%] [32m[1mLinking CXX executable exer06_param[0m
[100%] [32m[1mLinking CXX executable exer03_client[0m
[100%] Built target exer06_param
[100%] Built target exer03_client
-- Install configuration: ""
-- Up-to-date: /home/ros2/ws01_plumbing/install/cpp07_exercise/lib/cpp07_exercise/exer01_pub_sub
-- Up-to-date: /home/ros2/ws01_plumbing/install/cpp07_exercise/lib/cpp07_exercise/exer02_server
-- Installing: /home/ros2/ws01_plumbing/install/cpp07_exercise/lib/cpp07_exercise/exer03_client
-- Set runtime path of "/home/ros2/ws01_plumbing/install/cpp07_exercise/lib/cpp07_exercise/exer03_client" to ""
-- Up-to-date: /home/ros2/ws01_plumbing/install/cpp07_exercise/lib/cpp07_exercise/exer04_action_server
-- Up-to-date: /home/ros2/ws01_plumbing/install/cpp07_exercise/lib/cpp07_exercise/exer05_action_client
-- Installing: /home/ros2/ws01_plumbing/install/cpp07_exercise/lib/cpp07_exercise/exer06_param
-- Set runtime path of "/home/ros2/ws01_plumbing/install/cpp07_exercise/lib/cpp07_exercise/exer06_param" to ""
-- Up-to-date: /home/ros2/ws01_plumbing/install/cpp07_exercise/share/cpp07_exercise/launch
-- Installing: /home/ros2/ws01_plumbing/install/cpp07_exercise/share/cpp07_exercise/launch/exer06_param_launch.py
-- Up-to-date: /home/ros2/ws01_plumbing/install/cpp07_exercise/share/cpp07_exercise/launch/exer04_server_launch.py
-- Installing: /home/ros2/ws01_plumbing/install/cpp07_exercise/share/cpp07_exercise/launch/exer02_server_launch.py
-- Up-to-date: /home/ros2/ws01_plumbing/install/cpp07_exercise/share/cpp07_exercise/launch/exer05_client_launch.py
-- Up-to-date: /home/ros2/ws01_plumbing/install/cpp07_exercise/share/cpp07_exercise/launch/exer03_client_launch.py
-- Up-to-date: /home/ros2/ws01_plumbing/install/cpp07_exercise/share/cpp07_exercise/launch/exer01_pub_sub_launch.py
-- Up-to-date: /home/ros2/ws01_plumbing/install/cpp07_exercise/share/ament_index/resource_index/package_run_dependencies/cpp07_exercise
-- Up-to-date: /home/ros2/ws01_plumbing/install/cpp07_exercise/share/ament_index/resource_index/parent_prefix_path/cpp07_exercise
-- Up-to-date: /home/ros2/ws01_plumbing/install/cpp07_exercise/share/cpp07_exercise/environment/ament_prefix_path.sh
-- Up-to-date: /home/ros2/ws01_plumbing/install/cpp07_exercise/share/cpp07_exercise/environment/ament_prefix_path.dsv
-- Up-to-date: /home/ros2/ws01_plumbing/install/cpp07_exercise/share/cpp07_exercise/environment/path.sh
-- Up-to-date: /home/ros2/ws01_plumbing/install/cpp07_exercise/share/cpp07_exercise/environment/path.dsv
-- Up-to-date: /home/ros2/ws01_plumbing/install/cpp07_exercise/share/cpp07_exercise/local_setup.bash
-- Up-to-date: /home/ros2/ws01_plumbing/install/cpp07_exercise/share/cpp07_exercise/local_setup.sh
-- Up-to-date: /home/ros2/ws01_plumbing/install/cpp07_exercise/share/cpp07_exercise/local_setup.zsh
-- Up-to-date: /home/ros2/ws01_plumbing/install/cpp07_exercise/share/cpp07_exercise/local_setup.dsv
-- Installing: /home/ros2/ws01_plumbing/install/cpp07_exercise/share/cpp07_exercise/package.dsv
-- Up-to-date: /home/ros2/ws01_plumbing/install/cpp07_exercise/share/ament_index/resource_index/packages/cpp07_exercise
-- Up-to-date: /home/ros2/ws01_plumbing/install/cpp07_exercise/share/cpp07_exercise/cmake/cpp07_exerciseConfig.cmake
-- Up-to-date: /home/ros2/ws01_plumbing/install/cpp07_exercise/share/cpp07_exercise/cmake/cpp07_exerciseConfig-version.cmake
-- Up-to-date: /home/ros2/ws01_plumbing/install/cpp07_exercise/share/cpp07_exercise/package.xml
