[0.345s] Invoking command in '/home/ros2/ws01_plumbing/build/cpp02_service': CMAKE_PREFIX_PATH=/home/ros2/ws01_plumbing/install/base_interfaces_demo:/home/ros2/ws01_plumbing/install/cpp02_service:/home/ros2/ws01_plumbing/install/cpp01_topic:/home/ros2/ws01_plumbing/install/py01_topic:/opt/ros/humble /usr/bin/cmake --build /home/ros2/ws01_plumbing/build/cpp02_service -- -j4 -l4
[1.449s] [ 50%] Built target demo02_client
[1.524s] [35m[1mConsolidate compiler generated dependencies of target demo01_server[0m
[1.926s] [ 75%] [32mBuilding CXX object CMakeFiles/demo01_server.dir/src/demo01_server.cpp.o[0m
[16.519s] [100%] [32m[1mLinking CXX executable demo01_server[0m
[16.961s] [100%] Built target demo01_server
[16.997s] Invoked command in '/home/ros2/ws01_plumbing/build/cpp02_service' returned '0': CMAKE_PREFIX_PATH=/home/ros2/ws01_plumbing/install/base_interfaces_demo:/home/ros2/ws01_plumbing/install/cpp02_service:/home/ros2/ws01_plumbing/install/cpp01_topic:/home/ros2/ws01_plumbing/install/py01_topic:/opt/ros/humble /usr/bin/cmake --build /home/ros2/ws01_plumbing/build/cpp02_service -- -j4 -l4
[17.180s] Invoking command in '/home/ros2/ws01_plumbing/build/cpp02_service': CMAKE_PREFIX_PATH=/home/ros2/ws01_plumbing/install/base_interfaces_demo:/home/ros2/ws01_plumbing/install/cpp02_service:/home/ros2/ws01_plumbing/install/cpp01_topic:/home/ros2/ws01_plumbing/install/py01_topic:/opt/ros/humble /usr/bin/cmake --install /home/ros2/ws01_plumbing/build/cpp02_service
[17.210s] -- Install configuration: ""
[17.210s] -- Installing: /home/ros2/ws01_plumbing/install/cpp02_service/lib/cpp02_service/demo01_server
[17.212s] -- Set runtime path of "/home/ros2/ws01_plumbing/install/cpp02_service/lib/cpp02_service/demo01_server" to ""
[17.212s] -- Up-to-date: /home/ros2/ws01_plumbing/install/cpp02_service/lib/cpp02_service/demo02_client
[17.213s] -- Up-to-date: /home/ros2/ws01_plumbing/install/cpp02_service/share/ament_index/resource_index/package_run_dependencies/cpp02_service
[17.213s] -- Up-to-date: /home/ros2/ws01_plumbing/install/cpp02_service/share/ament_index/resource_index/parent_prefix_path/cpp02_service
[17.214s] -- Up-to-date: /home/ros2/ws01_plumbing/install/cpp02_service/share/cpp02_service/environment/ament_prefix_path.sh
[17.215s] -- Up-to-date: /home/ros2/ws01_plumbing/install/cpp02_service/share/cpp02_service/environment/ament_prefix_path.dsv
[17.220s] -- Up-to-date: /home/ros2/ws01_plumbing/install/cpp02_service/share/cpp02_service/environment/path.sh
[17.222s] -- Up-to-date: /home/ros2/ws01_plumbing/install/cpp02_service/share/cpp02_service/environment/path.dsv
[17.225s] -- Up-to-date: /home/ros2/ws01_plumbing/install/cpp02_service/share/cpp02_service/local_setup.bash
[17.227s] -- Up-to-date: /home/ros2/ws01_plumbing/install/cpp02_service/share/cpp02_service/local_setup.sh
[17.228s] -- Up-to-date: /home/ros2/ws01_plumbing/install/cpp02_service/share/cpp02_service/local_setup.zsh
[17.237s] -- Up-to-date: /home/ros2/ws01_plumbing/install/cpp02_service/share/cpp02_service/local_setup.dsv
[17.237s] -- Installing: /home/ros2/ws01_plumbing/install/cpp02_service/share/cpp02_service/package.dsv
[17.241s] -- Up-to-date: /home/ros2/ws01_plumbing/install/cpp02_service/share/ament_index/resource_index/packages/cpp02_service
[17.241s] -- Up-to-date: /home/ros2/ws01_plumbing/install/cpp02_service/share/cpp02_service/cmake/cpp02_serviceConfig.cmake
[17.242s] -- Up-to-date: /home/ros2/ws01_plumbing/install/cpp02_service/share/cpp02_service/cmake/cpp02_serviceConfig-version.cmake
[17.242s] -- Up-to-date: /home/ros2/ws01_plumbing/install/cpp02_service/share/cpp02_service/package.xml
[17.245s] Invoked command in '/home/ros2/ws01_plumbing/build/cpp02_service' returned '0': CMAKE_PREFIX_PATH=/home/ros2/ws01_plumbing/install/base_interfaces_demo:/home/ros2/ws01_plumbing/install/cpp02_service:/home/ros2/ws01_plumbing/install/cpp01_topic:/home/ros2/ws01_plumbing/install/py01_topic:/opt/ros/humble /usr/bin/cmake --install /home/ros2/ws01_plumbing/build/cpp02_service
