[0.964s] DEBUG:colcon:Command line arguments: ['/usr/bin/colcon', 'build']
[0.964s] DEBUG:colcon:Parsed command line arguments: Namespace(log_base=None, log_level=None, verb_name='build', build_base='build', install_base='install', merge_install=False, symlink_install=False, test_result_base=None, continue_on_error=False, executor='parallel', parallel_workers=4, event_handlers=None, ignore_user_meta=False, metas=['./colcon.meta'], base_paths=['.'], packages_ignore=None, packages_ignore_regex=None, paths=None, packages_up_to=None, packages_up_to_regex=None, packages_above=None, packages_above_and_dependencies=None, packages_above_depth=None, packages_select_by_dep=None, packages_skip_by_dep=None, packages_skip_up_to=None, packages_select_build_failed=False, packages_skip_build_finished=False, packages_select_test_failures=False, packages_skip_test_passed=False, packages_select=None, packages_skip=None, packages_select_regex=None, packages_skip_regex=None, packages_start=None, packages_end=None, allow_overriding=[], cmake_args=None, cmake_target=None, cmake_target_skip_unavailable=False, cmake_clean_cache=False, cmake_clean_first=False, cmake_force_configure=False, ament_cmake_args=None, catkin_cmake_args=None, catkin_skip_building_tests=False, verb_parser=<colcon_defaults.argument_parser.defaults.DefaultArgumentsDecorator object at 0x7f26eb8f47f0>, verb_extension=<colcon_core.verb.build.BuildVerb object at 0x7f26ec291ba0>, main=<bound method BuildVerb.main of <colcon_core.verb.build.BuildVerb object at 0x7f26ec291ba0>>)
[0.991s] Level 1:colcon.colcon_core.package_discovery:discover_packages(colcon_meta) check parameters
[0.992s] Level 1:colcon.colcon_core.package_discovery:discover_packages(recursive) check parameters
[0.992s] Level 1:colcon.colcon_core.package_discovery:discover_packages(ignore) check parameters
[0.992s] Level 1:colcon.colcon_core.package_discovery:discover_packages(path) check parameters
[0.992s] Level 1:colcon.colcon_core.package_discovery:discover_packages(colcon_meta) discover
[0.992s] Level 1:colcon.colcon_core.package_discovery:discover_packages(recursive) discover
[0.992s] INFO:colcon.colcon_core.package_discovery:Crawling recursively for packages in '/home/ros2/ws00_helloworld'
[0.992s] Level 1:colcon.colcon_core.package_identification:_identify(.) by extensions ['ignore', 'ignore_ament_install']
[0.992s] Level 1:colcon.colcon_core.package_identification:_identify(.) by extension 'ignore'
[0.992s] Level 1:colcon.colcon_core.package_identification:_identify(.) by extension 'ignore_ament_install'
[0.992s] Level 1:colcon.colcon_core.package_identification:_identify(.) by extensions ['colcon_pkg']
[0.992s] Level 1:colcon.colcon_core.package_identification:_identify(.) by extension 'colcon_pkg'
[0.992s] Level 1:colcon.colcon_core.package_identification:_identify(.) by extensions ['colcon_meta']
[0.992s] Level 1:colcon.colcon_core.package_identification:_identify(.) by extension 'colcon_meta'
[0.993s] Level 1:colcon.colcon_core.package_identification:_identify(.) by extensions ['ros']
[0.993s] Level 1:colcon.colcon_core.package_identification:_identify(.) by extension 'ros'
[1.020s] Level 1:colcon.colcon_core.package_identification:_identify(.) by extensions ['cmake', 'python']
[1.020s] Level 1:colcon.colcon_core.package_identification:_identify(.) by extension 'cmake'
[1.020s] Level 1:colcon.colcon_core.package_identification:_identify(.) by extension 'python'
[1.021s] Level 1:colcon.colcon_core.package_identification:_identify(.) by extensions ['python_setup_py']
[1.021s] Level 1:colcon.colcon_core.package_identification:_identify(.) by extension 'python_setup_py'
[1.021s] Level 1:colcon.colcon_core.package_identification:_identify(build) by extensions ['ignore', 'ignore_ament_install']
[1.021s] Level 1:colcon.colcon_core.package_identification:_identify(build) by extension 'ignore'
[1.021s] Level 1:colcon.colcon_core.package_identification:_identify(build) ignored
[1.021s] Level 1:colcon.colcon_core.package_identification:_identify(install) by extensions ['ignore', 'ignore_ament_install']
[1.021s] Level 1:colcon.colcon_core.package_identification:_identify(install) by extension 'ignore'
[1.021s] Level 1:colcon.colcon_core.package_identification:_identify(install) ignored
[1.021s] Level 1:colcon.colcon_core.package_identification:_identify(log) by extensions ['ignore', 'ignore_ament_install']
[1.022s] Level 1:colcon.colcon_core.package_identification:_identify(log) by extension 'ignore'
[1.022s] Level 1:colcon.colcon_core.package_identification:_identify(log) ignored
[1.022s] Level 1:colcon.colcon_core.package_identification:_identify(src) by extensions ['ignore', 'ignore_ament_install']
[1.022s] Level 1:colcon.colcon_core.package_identification:_identify(src) by extension 'ignore'
[1.022s] Level 1:colcon.colcon_core.package_identification:_identify(src) by extension 'ignore_ament_install'
[1.022s] Level 1:colcon.colcon_core.package_identification:_identify(src) by extensions ['colcon_pkg']
[1.022s] Level 1:colcon.colcon_core.package_identification:_identify(src) by extension 'colcon_pkg'
[1.023s] Level 1:colcon.colcon_core.package_identification:_identify(src) by extensions ['colcon_meta']
[1.023s] Level 1:colcon.colcon_core.package_identification:_identify(src) by extension 'colcon_meta'
[1.023s] Level 1:colcon.colcon_core.package_identification:_identify(src) by extensions ['ros']
[1.023s] Level 1:colcon.colcon_core.package_identification:_identify(src) by extension 'ros'
[1.023s] Level 1:colcon.colcon_core.package_identification:_identify(src) by extensions ['cmake', 'python']
[1.023s] Level 1:colcon.colcon_core.package_identification:_identify(src) by extension 'cmake'
[1.023s] Level 1:colcon.colcon_core.package_identification:_identify(src) by extension 'python'
[1.023s] Level 1:colcon.colcon_core.package_identification:_identify(src) by extensions ['python_setup_py']
[1.023s] Level 1:colcon.colcon_core.package_identification:_identify(src) by extension 'python_setup_py'
[1.023s] Level 1:colcon.colcon_core.package_identification:_identify(src/pkg01_helloworld_cpp) by extensions ['ignore', 'ignore_ament_install']
[1.023s] Level 1:colcon.colcon_core.package_identification:_identify(src/pkg01_helloworld_cpp) by extension 'ignore'
[1.023s] Level 1:colcon.colcon_core.package_identification:_identify(src/pkg01_helloworld_cpp) by extension 'ignore_ament_install'
[1.023s] Level 1:colcon.colcon_core.package_identification:_identify(src/pkg01_helloworld_cpp) by extensions ['colcon_pkg']
[1.024s] Level 1:colcon.colcon_core.package_identification:_identify(src/pkg01_helloworld_cpp) by extension 'colcon_pkg'
[1.024s] Level 1:colcon.colcon_core.package_identification:_identify(src/pkg01_helloworld_cpp) by extensions ['colcon_meta']
[1.024s] Level 1:colcon.colcon_core.package_identification:_identify(src/pkg01_helloworld_cpp) by extension 'colcon_meta'
[1.024s] Level 1:colcon.colcon_core.package_identification:_identify(src/pkg01_helloworld_cpp) by extensions ['ros']
[1.024s] Level 1:colcon.colcon_core.package_identification:_identify(src/pkg01_helloworld_cpp) by extension 'ros'
[1.035s] DEBUG:colcon.colcon_core.package_identification:Package 'src/pkg01_helloworld_cpp' with type 'ros.ament_cmake' and name 'pkg01_helloworld_cpp'
[1.036s] Level 1:colcon.colcon_core.package_identification:_identify(src/pkg02_helloworld_py) by extensions ['ignore', 'ignore_ament_install']
[1.036s] Level 1:colcon.colcon_core.package_identification:_identify(src/pkg02_helloworld_py) by extension 'ignore'
[1.036s] Level 1:colcon.colcon_core.package_identification:_identify(src/pkg02_helloworld_py) by extension 'ignore_ament_install'
[1.036s] Level 1:colcon.colcon_core.package_identification:_identify(src/pkg02_helloworld_py) by extensions ['colcon_pkg']
[1.036s] Level 1:colcon.colcon_core.package_identification:_identify(src/pkg02_helloworld_py) by extension 'colcon_pkg'
[1.036s] Level 1:colcon.colcon_core.package_identification:_identify(src/pkg02_helloworld_py) by extensions ['colcon_meta']
[1.036s] Level 1:colcon.colcon_core.package_identification:_identify(src/pkg02_helloworld_py) by extension 'colcon_meta'
[1.036s] Level 1:colcon.colcon_core.package_identification:_identify(src/pkg02_helloworld_py) by extensions ['ros']
[1.036s] Level 1:colcon.colcon_core.package_identification:_identify(src/pkg02_helloworld_py) by extension 'ros'
[1.037s] DEBUG:colcon.colcon_core.package_identification:Package 'src/pkg02_helloworld_py' with type 'ros.ament_python' and name 'pkg02_helloworld_py'
[1.037s] Level 1:colcon.colcon_core.package_identification:_identify(src/pkg03_hellovscode_cpp) by extensions ['ignore', 'ignore_ament_install']
[1.037s] Level 1:colcon.colcon_core.package_identification:_identify(src/pkg03_hellovscode_cpp) by extension 'ignore'
[1.037s] Level 1:colcon.colcon_core.package_identification:_identify(src/pkg03_hellovscode_cpp) by extension 'ignore_ament_install'
[1.037s] Level 1:colcon.colcon_core.package_identification:_identify(src/pkg03_hellovscode_cpp) by extensions ['colcon_pkg']
[1.037s] Level 1:colcon.colcon_core.package_identification:_identify(src/pkg03_hellovscode_cpp) by extension 'colcon_pkg'
[1.037s] Level 1:colcon.colcon_core.package_identification:_identify(src/pkg03_hellovscode_cpp) by extensions ['colcon_meta']
[1.037s] Level 1:colcon.colcon_core.package_identification:_identify(src/pkg03_hellovscode_cpp) by extension 'colcon_meta'
[1.037s] Level 1:colcon.colcon_core.package_identification:_identify(src/pkg03_hellovscode_cpp) by extensions ['ros']
[1.037s] Level 1:colcon.colcon_core.package_identification:_identify(src/pkg03_hellovscode_cpp) by extension 'ros'
[1.038s] DEBUG:colcon.colcon_core.package_identification:Package 'src/pkg03_hellovscode_cpp' with type 'ros.ament_cmake' and name 'pkg03_hellovscode_cpp'
[1.038s] Level 1:colcon.colcon_core.package_discovery:discover_packages(recursive) using defaults
[1.038s] Level 1:colcon.colcon_core.package_discovery:discover_packages(ignore) discover
[1.038s] Level 1:colcon.colcon_core.package_discovery:discover_packages(ignore) using defaults
[1.038s] Level 1:colcon.colcon_core.package_discovery:discover_packages(path) discover
[1.038s] Level 1:colcon.colcon_core.package_discovery:discover_packages(path) using defaults
[1.060s] Level 1:colcon.colcon_core.package_discovery:discover_packages(prefix_path) check parameters
[1.060s] Level 1:colcon.colcon_core.package_discovery:discover_packages(prefix_path) discover
[1.063s] DEBUG:colcon.colcon_installed_package_information.package_discovery:Found 3 installed packages in /home/ros2/ws00_helloworld/install
[1.064s] DEBUG:colcon.colcon_installed_package_information.package_discovery:Found 270 installed packages in /opt/ros/humble
[1.065s] Level 1:colcon.colcon_core.package_discovery:discover_packages(prefix_path) using defaults
[1.123s] Level 5:colcon.colcon_core.verb:set package 'pkg01_helloworld_cpp' build argument 'cmake_args' from command line to 'None'
[1.123s] Level 5:colcon.colcon_core.verb:set package 'pkg01_helloworld_cpp' build argument 'cmake_target' from command line to 'None'
[1.123s] Level 5:colcon.colcon_core.verb:set package 'pkg01_helloworld_cpp' build argument 'cmake_target_skip_unavailable' from command line to 'False'
[1.123s] Level 5:colcon.colcon_core.verb:set package 'pkg01_helloworld_cpp' build argument 'cmake_clean_cache' from command line to 'False'
[1.123s] Level 5:colcon.colcon_core.verb:set package 'pkg01_helloworld_cpp' build argument 'cmake_clean_first' from command line to 'False'
[1.123s] Level 5:colcon.colcon_core.verb:set package 'pkg01_helloworld_cpp' build argument 'cmake_force_configure' from command line to 'False'
[1.123s] Level 5:colcon.colcon_core.verb:set package 'pkg01_helloworld_cpp' build argument 'ament_cmake_args' from command line to 'None'
[1.123s] Level 5:colcon.colcon_core.verb:set package 'pkg01_helloworld_cpp' build argument 'catkin_cmake_args' from command line to 'None'
[1.123s] Level 5:colcon.colcon_core.verb:set package 'pkg01_helloworld_cpp' build argument 'catkin_skip_building_tests' from command line to 'False'
[1.123s] DEBUG:colcon.colcon_core.verb:Building package 'pkg01_helloworld_cpp' with the following arguments: {'ament_cmake_args': None, 'build_base': '/home/ros2/ws00_helloworld/build/pkg01_helloworld_cpp', 'catkin_cmake_args': None, 'catkin_skip_building_tests': False, 'cmake_args': None, 'cmake_clean_cache': False, 'cmake_clean_first': False, 'cmake_force_configure': False, 'cmake_target': None, 'cmake_target_skip_unavailable': False, 'install_base': '/home/ros2/ws00_helloworld/install/pkg01_helloworld_cpp', 'merge_install': False, 'path': '/home/ros2/ws00_helloworld/src/pkg01_helloworld_cpp', 'symlink_install': False, 'test_result_base': None}
[1.124s] Level 5:colcon.colcon_core.verb:set package 'pkg02_helloworld_py' build argument 'cmake_args' from command line to 'None'
[1.124s] Level 5:colcon.colcon_core.verb:set package 'pkg02_helloworld_py' build argument 'cmake_target' from command line to 'None'
[1.124s] Level 5:colcon.colcon_core.verb:set package 'pkg02_helloworld_py' build argument 'cmake_target_skip_unavailable' from command line to 'False'
[1.124s] Level 5:colcon.colcon_core.verb:set package 'pkg02_helloworld_py' build argument 'cmake_clean_cache' from command line to 'False'
[1.124s] Level 5:colcon.colcon_core.verb:set package 'pkg02_helloworld_py' build argument 'cmake_clean_first' from command line to 'False'
[1.124s] Level 5:colcon.colcon_core.verb:set package 'pkg02_helloworld_py' build argument 'cmake_force_configure' from command line to 'False'
[1.124s] Level 5:colcon.colcon_core.verb:set package 'pkg02_helloworld_py' build argument 'ament_cmake_args' from command line to 'None'
[1.124s] Level 5:colcon.colcon_core.verb:set package 'pkg02_helloworld_py' build argument 'catkin_cmake_args' from command line to 'None'
[1.124s] Level 5:colcon.colcon_core.verb:set package 'pkg02_helloworld_py' build argument 'catkin_skip_building_tests' from command line to 'False'
[1.124s] DEBUG:colcon.colcon_core.verb:Building package 'pkg02_helloworld_py' with the following arguments: {'ament_cmake_args': None, 'build_base': '/home/ros2/ws00_helloworld/build/pkg02_helloworld_py', 'catkin_cmake_args': None, 'catkin_skip_building_tests': False, 'cmake_args': None, 'cmake_clean_cache': False, 'cmake_clean_first': False, 'cmake_force_configure': False, 'cmake_target': None, 'cmake_target_skip_unavailable': False, 'install_base': '/home/ros2/ws00_helloworld/install/pkg02_helloworld_py', 'merge_install': False, 'path': '/home/ros2/ws00_helloworld/src/pkg02_helloworld_py', 'symlink_install': False, 'test_result_base': None}
[1.125s] Level 5:colcon.colcon_core.verb:set package 'pkg03_hellovscode_cpp' build argument 'cmake_args' from command line to 'None'
[1.125s] Level 5:colcon.colcon_core.verb:set package 'pkg03_hellovscode_cpp' build argument 'cmake_target' from command line to 'None'
[1.125s] Level 5:colcon.colcon_core.verb:set package 'pkg03_hellovscode_cpp' build argument 'cmake_target_skip_unavailable' from command line to 'False'
[1.126s] Level 5:colcon.colcon_core.verb:set package 'pkg03_hellovscode_cpp' build argument 'cmake_clean_cache' from command line to 'False'
[1.126s] Level 5:colcon.colcon_core.verb:set package 'pkg03_hellovscode_cpp' build argument 'cmake_clean_first' from command line to 'False'
[1.126s] Level 5:colcon.colcon_core.verb:set package 'pkg03_hellovscode_cpp' build argument 'cmake_force_configure' from command line to 'False'
[1.126s] Level 5:colcon.colcon_core.verb:set package 'pkg03_hellovscode_cpp' build argument 'ament_cmake_args' from command line to 'None'
[1.126s] Level 5:colcon.colcon_core.verb:set package 'pkg03_hellovscode_cpp' build argument 'catkin_cmake_args' from command line to 'None'
[1.126s] Level 5:colcon.colcon_core.verb:set package 'pkg03_hellovscode_cpp' build argument 'catkin_skip_building_tests' from command line to 'False'
[1.126s] DEBUG:colcon.colcon_core.verb:Building package 'pkg03_hellovscode_cpp' with the following arguments: {'ament_cmake_args': None, 'build_base': '/home/ros2/ws00_helloworld/build/pkg03_hellovscode_cpp', 'catkin_cmake_args': None, 'catkin_skip_building_tests': False, 'cmake_args': None, 'cmake_clean_cache': False, 'cmake_clean_first': False, 'cmake_force_configure': False, 'cmake_target': None, 'cmake_target_skip_unavailable': False, 'install_base': '/home/ros2/ws00_helloworld/install/pkg03_hellovscode_cpp', 'merge_install': False, 'path': '/home/ros2/ws00_helloworld/src/pkg03_hellovscode_cpp', 'symlink_install': False, 'test_result_base': None}
[1.126s] INFO:colcon.colcon_core.executor:Executing jobs using 'parallel' executor
[1.130s] DEBUG:colcon.colcon_parallel_executor.executor.parallel:run_until_complete
[1.131s] INFO:colcon.colcon_ros.task.ament_cmake.build:Building ROS package in '/home/ros2/ws00_helloworld/src/pkg01_helloworld_cpp' with build type 'ament_cmake'
[1.131s] INFO:colcon.colcon_cmake.task.cmake.build:Building CMake package in '/home/ros2/ws00_helloworld/src/pkg01_helloworld_cpp'
[1.137s] INFO:colcon.colcon_core.plugin_system:Skipping extension 'colcon_core.shell.bat': Not used on non-Windows systems
[1.137s] INFO:colcon.colcon_core.shell:Skip shell extension 'powershell' for command environment: Not usable outside of PowerShell
[1.137s] DEBUG:colcon.colcon_core.shell:Skip shell extension 'dsv' for command environment
[1.146s] INFO:colcon.colcon_ros.task.ament_python.build:Building ROS package in '/home/ros2/ws00_helloworld/src/pkg02_helloworld_py' with build type 'ament_python'
[1.146s] Level 1:colcon.colcon_core.shell:create_environment_hook('pkg02_helloworld_py', 'ament_prefix_path')
[1.148s] INFO:colcon.colcon_core.shell:Creating environment hook '/home/ros2/ws00_helloworld/install/pkg02_helloworld_py/share/pkg02_helloworld_py/hook/ament_prefix_path.ps1'
[1.149s] INFO:colcon.colcon_core.shell:Creating environment descriptor '/home/ros2/ws00_helloworld/install/pkg02_helloworld_py/share/pkg02_helloworld_py/hook/ament_prefix_path.dsv'
[1.149s] INFO:colcon.colcon_core.shell:Creating environment hook '/home/ros2/ws00_helloworld/install/pkg02_helloworld_py/share/pkg02_helloworld_py/hook/ament_prefix_path.sh'
[1.152s] INFO:colcon.colcon_core.shell:Skip shell extension 'powershell' for command environment: Not usable outside of PowerShell
[1.152s] DEBUG:colcon.colcon_core.shell:Skip shell extension 'dsv' for command environment
[1.159s] INFO:colcon.colcon_ros.task.ament_cmake.build:Building ROS package in '/home/ros2/ws00_helloworld/src/pkg03_hellovscode_cpp' with build type 'ament_cmake'
[1.159s] INFO:colcon.colcon_cmake.task.cmake.build:Building CMake package in '/home/ros2/ws00_helloworld/src/pkg03_hellovscode_cpp'
[1.161s] INFO:colcon.colcon_core.shell:Skip shell extension 'powershell' for command environment: Not usable outside of PowerShell
[1.161s] DEBUG:colcon.colcon_core.shell:Skip shell extension 'dsv' for command environment
[1.181s] DEBUG:colcon.colcon_core.event_handler.log_command:Invoking command in '/home/ros2/ws00_helloworld/build/pkg01_helloworld_cpp': CMAKE_PREFIX_PATH=${CMAKE_PREFIX_PATH}:/home/ros2/ws00_helloworld/install/pkg02_helloworld_py:/opt/ros/humble /usr/bin/cmake --build /home/ros2/ws00_helloworld/build/pkg01_helloworld_cpp -- -j4 -l4
[1.554s] INFO:colcon.colcon_core.task.python.build:Building Python package in '/home/ros2/ws00_helloworld/src/pkg02_helloworld_py'
[1.555s] INFO:colcon.colcon_core.shell:Skip shell extension 'powershell' for command environment: Not usable outside of PowerShell
[1.555s] DEBUG:colcon.colcon_core.shell:Skip shell extension 'dsv' for command environment
[1.576s] DEBUG:colcon.colcon_core.event_handler.log_command:Invoking command in '/home/ros2/ws00_helloworld/build/pkg03_hellovscode_cpp': CMAKE_PREFIX_PATH=${CMAKE_PREFIX_PATH}:/home/ros2/ws00_helloworld/install/pkg02_helloworld_py:/opt/ros/humble /usr/bin/cmake --build /home/ros2/ws00_helloworld/build/pkg03_hellovscode_cpp -- -j4 -l4
[2.407s] DEBUG:colcon.colcon_core.event_handler.log_command:Invoking command in '/home/ros2/ws00_helloworld/src/pkg02_helloworld_py': PYTHONPATH=/home/ros2/ws00_helloworld/install/pkg02_helloworld_py/lib/python3.10/site-packages:${PYTHONPATH} /usr/bin/python3 setup.py egg_info --egg-base ../../build/pkg02_helloworld_py build --build-base /home/ros2/ws00_helloworld/build/pkg02_helloworld_py/build install --prefix /home/ros2/ws00_helloworld/install/pkg02_helloworld_py --record /home/ros2/ws00_helloworld/build/pkg02_helloworld_py/install.log --single-version-externally-managed
[2.426s] DEBUG:colcon.colcon_core.event_handler.log_command:Invoked command in '/home/ros2/ws00_helloworld/build/pkg03_hellovscode_cpp' returned '0': CMAKE_PREFIX_PATH=${CMAKE_PREFIX_PATH}:/home/ros2/ws00_helloworld/install/pkg02_helloworld_py:/opt/ros/humble /usr/bin/cmake --build /home/ros2/ws00_helloworld/build/pkg03_hellovscode_cpp -- -j4 -l4
[2.756s] DEBUG:colcon.colcon_core.event_handler.log_command:Invoking command in '/home/ros2/ws00_helloworld/build/pkg03_hellovscode_cpp': CMAKE_PREFIX_PATH=${CMAKE_PREFIX_PATH}:/home/ros2/ws00_helloworld/install/pkg02_helloworld_py:/opt/ros/humble /usr/bin/cmake --install /home/ros2/ws00_helloworld/build/pkg03_hellovscode_cpp
[2.827s] Level 1:colcon.colcon_core.environment:create_environment_scripts_only(pkg03_hellovscode_cpp)
[2.829s] DEBUG:colcon.colcon_core.event_handler.log_command:Invoked command in '/home/ros2/ws00_helloworld/build/pkg03_hellovscode_cpp' returned '0': CMAKE_PREFIX_PATH=${CMAKE_PREFIX_PATH}:/home/ros2/ws00_helloworld/install/pkg02_helloworld_py:/opt/ros/humble /usr/bin/cmake --install /home/ros2/ws00_helloworld/build/pkg03_hellovscode_cpp
[2.909s] Level 1:colcon.colcon_core.environment:checking '/home/ros2/ws00_helloworld/install/pkg03_hellovscode_cpp' for CMake module files
[2.911s] Level 1:colcon.colcon_core.environment:checking '/home/ros2/ws00_helloworld/install/pkg03_hellovscode_cpp' for CMake config files
[2.921s] Level 1:colcon.colcon_core.shell:create_environment_hook('pkg03_hellovscode_cpp', 'cmake_prefix_path')
[2.925s] INFO:colcon.colcon_core.shell:Creating environment hook '/home/ros2/ws00_helloworld/install/pkg03_hellovscode_cpp/share/pkg03_hellovscode_cpp/hook/cmake_prefix_path.ps1'
[2.929s] INFO:colcon.colcon_core.shell:Creating environment descriptor '/home/ros2/ws00_helloworld/install/pkg03_hellovscode_cpp/share/pkg03_hellovscode_cpp/hook/cmake_prefix_path.dsv'
[2.931s] INFO:colcon.colcon_core.shell:Creating environment hook '/home/ros2/ws00_helloworld/install/pkg03_hellovscode_cpp/share/pkg03_hellovscode_cpp/hook/cmake_prefix_path.sh'
[2.945s] Level 1:colcon.colcon_core.environment:checking '/home/ros2/ws00_helloworld/install/pkg03_hellovscode_cpp/lib'
[2.945s] Level 1:colcon.colcon_core.environment:checking '/home/ros2/ws00_helloworld/install/pkg03_hellovscode_cpp/bin'
[2.949s] Level 1:colcon.colcon_core.environment:checking '/home/ros2/ws00_helloworld/install/pkg03_hellovscode_cpp/lib/pkgconfig/pkg03_hellovscode_cpp.pc'
[2.950s] Level 1:colcon.colcon_core.environment:checking '/home/ros2/ws00_helloworld/install/pkg03_hellovscode_cpp/lib/python3.10/site-packages'
[2.951s] Level 1:colcon.colcon_core.environment:checking '/home/ros2/ws00_helloworld/install/pkg03_hellovscode_cpp/bin'
[2.954s] INFO:colcon.colcon_core.shell:Creating package script '/home/ros2/ws00_helloworld/install/pkg03_hellovscode_cpp/share/pkg03_hellovscode_cpp/package.ps1'
[2.969s] INFO:colcon.colcon_core.shell:Creating package descriptor '/home/ros2/ws00_helloworld/install/pkg03_hellovscode_cpp/share/pkg03_hellovscode_cpp/package.dsv'
[2.971s] INFO:colcon.colcon_core.shell:Creating package script '/home/ros2/ws00_helloworld/install/pkg03_hellovscode_cpp/share/pkg03_hellovscode_cpp/package.sh'
[2.983s] INFO:colcon.colcon_core.shell:Creating package script '/home/ros2/ws00_helloworld/install/pkg03_hellovscode_cpp/share/pkg03_hellovscode_cpp/package.bash'
[2.985s] INFO:colcon.colcon_core.shell:Creating package script '/home/ros2/ws00_helloworld/install/pkg03_hellovscode_cpp/share/pkg03_hellovscode_cpp/package.zsh'
[2.995s] Level 1:colcon.colcon_core.environment:create_file_with_runtime_dependencies(/home/ros2/ws00_helloworld/install/pkg03_hellovscode_cpp/share/colcon-core/packages/pkg03_hellovscode_cpp)
[3.240s] DEBUG:colcon.colcon_core.event_handler.log_command:Invoked command in '/home/ros2/ws00_helloworld/src/pkg02_helloworld_py' returned '0': PYTHONPATH=/home/ros2/ws00_helloworld/install/pkg02_helloworld_py/lib/python3.10/site-packages:${PYTHONPATH} /usr/bin/python3 setup.py egg_info --egg-base ../../build/pkg02_helloworld_py build --build-base /home/ros2/ws00_helloworld/build/pkg02_helloworld_py/build install --prefix /home/ros2/ws00_helloworld/install/pkg02_helloworld_py --record /home/ros2/ws00_helloworld/build/pkg02_helloworld_py/install.log --single-version-externally-managed
[3.249s] Level 1:colcon.colcon_core.environment:checking '/home/ros2/ws00_helloworld/install/pkg02_helloworld_py' for CMake module files
[3.250s] Level 1:colcon.colcon_core.environment:checking '/home/ros2/ws00_helloworld/install/pkg02_helloworld_py' for CMake config files
[3.251s] Level 1:colcon.colcon_core.environment:checking '/home/ros2/ws00_helloworld/install/pkg02_helloworld_py/lib'
[3.252s] Level 1:colcon.colcon_core.environment:checking '/home/ros2/ws00_helloworld/install/pkg02_helloworld_py/bin'
[3.252s] Level 1:colcon.colcon_core.environment:checking '/home/ros2/ws00_helloworld/install/pkg02_helloworld_py/lib/pkgconfig/pkg02_helloworld_py.pc'
[3.252s] Level 1:colcon.colcon_core.environment:checking '/home/ros2/ws00_helloworld/install/pkg02_helloworld_py/lib/python3.10/site-packages'
[3.253s] Level 1:colcon.colcon_core.shell:create_environment_hook('pkg02_helloworld_py', 'pythonpath')
[3.266s] INFO:colcon.colcon_core.shell:Creating environment hook '/home/ros2/ws00_helloworld/install/pkg02_helloworld_py/share/pkg02_helloworld_py/hook/pythonpath.ps1'
[3.269s] INFO:colcon.colcon_core.shell:Creating environment descriptor '/home/ros2/ws00_helloworld/install/pkg02_helloworld_py/share/pkg02_helloworld_py/hook/pythonpath.dsv'
[3.272s] INFO:colcon.colcon_core.shell:Creating environment hook '/home/ros2/ws00_helloworld/install/pkg02_helloworld_py/share/pkg02_helloworld_py/hook/pythonpath.sh'
[3.275s] Level 1:colcon.colcon_core.environment:checking '/home/ros2/ws00_helloworld/install/pkg02_helloworld_py/bin'
[3.275s] Level 1:colcon.colcon_core.environment:create_environment_scripts_only(pkg02_helloworld_py)
[3.279s] INFO:colcon.colcon_core.shell:Creating package script '/home/ros2/ws00_helloworld/install/pkg02_helloworld_py/share/pkg02_helloworld_py/package.ps1'
[3.282s] INFO:colcon.colcon_core.shell:Creating package descriptor '/home/ros2/ws00_helloworld/install/pkg02_helloworld_py/share/pkg02_helloworld_py/package.dsv'
[3.286s] INFO:colcon.colcon_core.shell:Creating package script '/home/ros2/ws00_helloworld/install/pkg02_helloworld_py/share/pkg02_helloworld_py/package.sh'
[3.289s] INFO:colcon.colcon_core.shell:Creating package script '/home/ros2/ws00_helloworld/install/pkg02_helloworld_py/share/pkg02_helloworld_py/package.bash'
[3.292s] INFO:colcon.colcon_core.shell:Creating package script '/home/ros2/ws00_helloworld/install/pkg02_helloworld_py/share/pkg02_helloworld_py/package.zsh'
[3.294s] Level 1:colcon.colcon_core.environment:create_file_with_runtime_dependencies(/home/ros2/ws00_helloworld/install/pkg02_helloworld_py/share/colcon-core/packages/pkg02_helloworld_py)
[3.302s] Level 1:colcon.colcon_core.environment:create_environment_scripts_only(pkg03_hellovscode_cpp)
[3.308s] Level 1:colcon.colcon_core.environment:checking '/home/ros2/ws00_helloworld/install/pkg03_hellovscode_cpp' for CMake module files
[3.309s] Level 1:colcon.colcon_core.environment:checking '/home/ros2/ws00_helloworld/install/pkg03_hellovscode_cpp' for CMake config files
[3.310s] Level 1:colcon.colcon_core.shell:create_environment_hook('pkg03_hellovscode_cpp', 'cmake_prefix_path')
[3.313s] INFO:colcon.colcon_core.shell:Creating environment hook '/home/ros2/ws00_helloworld/install/pkg03_hellovscode_cpp/share/pkg03_hellovscode_cpp/hook/cmake_prefix_path.ps1'
[3.316s] INFO:colcon.colcon_core.shell:Creating environment descriptor '/home/ros2/ws00_helloworld/install/pkg03_hellovscode_cpp/share/pkg03_hellovscode_cpp/hook/cmake_prefix_path.dsv'
[3.317s] INFO:colcon.colcon_core.shell:Creating environment hook '/home/ros2/ws00_helloworld/install/pkg03_hellovscode_cpp/share/pkg03_hellovscode_cpp/hook/cmake_prefix_path.sh'
[3.320s] Level 1:colcon.colcon_core.environment:checking '/home/ros2/ws00_helloworld/install/pkg03_hellovscode_cpp/lib'
[3.320s] Level 1:colcon.colcon_core.environment:checking '/home/ros2/ws00_helloworld/install/pkg03_hellovscode_cpp/bin'
[3.321s] Level 1:colcon.colcon_core.environment:checking '/home/ros2/ws00_helloworld/install/pkg03_hellovscode_cpp/lib/pkgconfig/pkg03_hellovscode_cpp.pc'
[3.321s] Level 1:colcon.colcon_core.environment:checking '/home/ros2/ws00_helloworld/install/pkg03_hellovscode_cpp/lib/python3.10/site-packages'
[3.323s] Level 1:colcon.colcon_core.environment:checking '/home/ros2/ws00_helloworld/install/pkg03_hellovscode_cpp/bin'
[3.329s] INFO:colcon.colcon_core.shell:Creating package script '/home/ros2/ws00_helloworld/install/pkg03_hellovscode_cpp/share/pkg03_hellovscode_cpp/package.ps1'
[3.332s] INFO:colcon.colcon_core.shell:Creating package descriptor '/home/ros2/ws00_helloworld/install/pkg03_hellovscode_cpp/share/pkg03_hellovscode_cpp/package.dsv'
[3.334s] INFO:colcon.colcon_core.shell:Creating package script '/home/ros2/ws00_helloworld/install/pkg03_hellovscode_cpp/share/pkg03_hellovscode_cpp/package.sh'
[3.338s] INFO:colcon.colcon_core.shell:Creating package script '/home/ros2/ws00_helloworld/install/pkg03_hellovscode_cpp/share/pkg03_hellovscode_cpp/package.bash'
[3.345s] INFO:colcon.colcon_core.shell:Creating package script '/home/ros2/ws00_helloworld/install/pkg03_hellovscode_cpp/share/pkg03_hellovscode_cpp/package.zsh'
[3.347s] Level 1:colcon.colcon_core.environment:create_file_with_runtime_dependencies(/home/ros2/ws00_helloworld/install/pkg03_hellovscode_cpp/share/colcon-core/packages/pkg03_hellovscode_cpp)
[11.157s] DEBUG:colcon.colcon_core.event_handler.log_command:Invoked command in '/home/ros2/ws00_helloworld/build/pkg01_helloworld_cpp' returned '0': CMAKE_PREFIX_PATH=${CMAKE_PREFIX_PATH}:/home/ros2/ws00_helloworld/install/pkg02_helloworld_py:/opt/ros/humble /usr/bin/cmake --build /home/ros2/ws00_helloworld/build/pkg01_helloworld_cpp -- -j4 -l4
[11.307s] DEBUG:colcon.colcon_core.event_handler.log_command:Invoking command in '/home/ros2/ws00_helloworld/build/pkg01_helloworld_cpp': CMAKE_PREFIX_PATH=${CMAKE_PREFIX_PATH}:/home/ros2/ws00_helloworld/install/pkg02_helloworld_py:/opt/ros/humble /usr/bin/cmake --install /home/ros2/ws00_helloworld/build/pkg01_helloworld_cpp
[11.346s] Level 1:colcon.colcon_core.environment:create_environment_scripts_only(pkg01_helloworld_cpp)
[11.347s] DEBUG:colcon.colcon_core.event_handler.log_command:Invoked command in '/home/ros2/ws00_helloworld/build/pkg01_helloworld_cpp' returned '0': CMAKE_PREFIX_PATH=${CMAKE_PREFIX_PATH}:/home/ros2/ws00_helloworld/install/pkg02_helloworld_py:/opt/ros/humble /usr/bin/cmake --install /home/ros2/ws00_helloworld/build/pkg01_helloworld_cpp
[11.352s] Level 1:colcon.colcon_core.environment:checking '/home/ros2/ws00_helloworld/install/pkg01_helloworld_cpp' for CMake module files
[11.355s] Level 1:colcon.colcon_core.environment:checking '/home/ros2/ws00_helloworld/install/pkg01_helloworld_cpp' for CMake config files
[11.356s] Level 1:colcon.colcon_core.shell:create_environment_hook('pkg01_helloworld_cpp', 'cmake_prefix_path')
[11.361s] INFO:colcon.colcon_core.shell:Creating environment hook '/home/ros2/ws00_helloworld/install/pkg01_helloworld_cpp/share/pkg01_helloworld_cpp/hook/cmake_prefix_path.ps1'
[11.363s] INFO:colcon.colcon_core.shell:Creating environment descriptor '/home/ros2/ws00_helloworld/install/pkg01_helloworld_cpp/share/pkg01_helloworld_cpp/hook/cmake_prefix_path.dsv'
[11.365s] INFO:colcon.colcon_core.shell:Creating environment hook '/home/ros2/ws00_helloworld/install/pkg01_helloworld_cpp/share/pkg01_helloworld_cpp/hook/cmake_prefix_path.sh'
[11.368s] Level 1:colcon.colcon_core.environment:checking '/home/ros2/ws00_helloworld/install/pkg01_helloworld_cpp/lib'
[11.368s] Level 1:colcon.colcon_core.environment:checking '/home/ros2/ws00_helloworld/install/pkg01_helloworld_cpp/bin'
[11.369s] Level 1:colcon.colcon_core.environment:checking '/home/ros2/ws00_helloworld/install/pkg01_helloworld_cpp/lib/pkgconfig/pkg01_helloworld_cpp.pc'
[11.369s] Level 1:colcon.colcon_core.environment:checking '/home/ros2/ws00_helloworld/install/pkg01_helloworld_cpp/lib/python3.10/site-packages'
[11.370s] Level 1:colcon.colcon_core.environment:checking '/home/ros2/ws00_helloworld/install/pkg01_helloworld_cpp/bin'
[11.375s] INFO:colcon.colcon_core.shell:Creating package script '/home/ros2/ws00_helloworld/install/pkg01_helloworld_cpp/share/pkg01_helloworld_cpp/package.ps1'
[11.377s] INFO:colcon.colcon_core.shell:Creating package descriptor '/home/ros2/ws00_helloworld/install/pkg01_helloworld_cpp/share/pkg01_helloworld_cpp/package.dsv'
[11.380s] INFO:colcon.colcon_core.shell:Creating package script '/home/ros2/ws00_helloworld/install/pkg01_helloworld_cpp/share/pkg01_helloworld_cpp/package.sh'
[11.382s] INFO:colcon.colcon_core.shell:Creating package script '/home/ros2/ws00_helloworld/install/pkg01_helloworld_cpp/share/pkg01_helloworld_cpp/package.bash'
[11.384s] INFO:colcon.colcon_core.shell:Creating package script '/home/ros2/ws00_helloworld/install/pkg01_helloworld_cpp/share/pkg01_helloworld_cpp/package.zsh'
[11.386s] Level 1:colcon.colcon_core.environment:create_file_with_runtime_dependencies(/home/ros2/ws00_helloworld/install/pkg01_helloworld_cpp/share/colcon-core/packages/pkg01_helloworld_cpp)
[11.515s] Level 1:colcon.colcon_core.environment:create_environment_scripts_only(pkg01_helloworld_cpp)
[11.520s] Level 1:colcon.colcon_core.environment:checking '/home/ros2/ws00_helloworld/install/pkg01_helloworld_cpp' for CMake module files
[11.524s] Level 1:colcon.colcon_core.environment:checking '/home/ros2/ws00_helloworld/install/pkg01_helloworld_cpp' for CMake config files
[11.525s] Level 1:colcon.colcon_core.shell:create_environment_hook('pkg01_helloworld_cpp', 'cmake_prefix_path')
[11.528s] INFO:colcon.colcon_core.shell:Creating environment hook '/home/ros2/ws00_helloworld/install/pkg01_helloworld_cpp/share/pkg01_helloworld_cpp/hook/cmake_prefix_path.ps1'
[11.529s] INFO:colcon.colcon_core.shell:Creating environment descriptor '/home/ros2/ws00_helloworld/install/pkg01_helloworld_cpp/share/pkg01_helloworld_cpp/hook/cmake_prefix_path.dsv'
[11.531s] INFO:colcon.colcon_core.shell:Creating environment hook '/home/ros2/ws00_helloworld/install/pkg01_helloworld_cpp/share/pkg01_helloworld_cpp/hook/cmake_prefix_path.sh'
[11.533s] Level 1:colcon.colcon_core.environment:checking '/home/ros2/ws00_helloworld/install/pkg01_helloworld_cpp/lib'
[11.533s] Level 1:colcon.colcon_core.environment:checking '/home/ros2/ws00_helloworld/install/pkg01_helloworld_cpp/bin'
[11.533s] Level 1:colcon.colcon_core.environment:checking '/home/ros2/ws00_helloworld/install/pkg01_helloworld_cpp/lib/pkgconfig/pkg01_helloworld_cpp.pc'
[11.534s] Level 1:colcon.colcon_core.environment:checking '/home/ros2/ws00_helloworld/install/pkg01_helloworld_cpp/lib/python3.10/site-packages'
[11.534s] Level 1:colcon.colcon_core.environment:checking '/home/ros2/ws00_helloworld/install/pkg01_helloworld_cpp/bin'
[11.541s] INFO:colcon.colcon_core.shell:Creating package script '/home/ros2/ws00_helloworld/install/pkg01_helloworld_cpp/share/pkg01_helloworld_cpp/package.ps1'
[11.543s] INFO:colcon.colcon_core.shell:Creating package descriptor '/home/ros2/ws00_helloworld/install/pkg01_helloworld_cpp/share/pkg01_helloworld_cpp/package.dsv'
[11.545s] INFO:colcon.colcon_core.shell:Creating package script '/home/ros2/ws00_helloworld/install/pkg01_helloworld_cpp/share/pkg01_helloworld_cpp/package.sh'
[11.546s] INFO:colcon.colcon_core.shell:Creating package script '/home/ros2/ws00_helloworld/install/pkg01_helloworld_cpp/share/pkg01_helloworld_cpp/package.bash'
[11.548s] INFO:colcon.colcon_core.shell:Creating package script '/home/ros2/ws00_helloworld/install/pkg01_helloworld_cpp/share/pkg01_helloworld_cpp/package.zsh'
[11.549s] Level 1:colcon.colcon_core.environment:create_file_with_runtime_dependencies(/home/ros2/ws00_helloworld/install/pkg01_helloworld_cpp/share/colcon-core/packages/pkg01_helloworld_cpp)
[11.550s] DEBUG:colcon.colcon_parallel_executor.executor.parallel:closing loop
[11.551s] DEBUG:colcon.colcon_parallel_executor.executor.parallel:loop closed
[11.551s] DEBUG:colcon.colcon_parallel_executor.executor.parallel:run_until_complete finished with '0'
[11.551s] DEBUG:colcon.colcon_core.event_reactor:joining thread
[11.643s] INFO:colcon.colcon_core.plugin_system:Skipping extension 'colcon_notification.desktop_notification.terminal_notifier': Not used on non-Darwin systems
[11.643s] INFO:colcon.colcon_core.plugin_system:Skipping extension 'colcon_notification.desktop_notification.win32': Not used on non-Windows systems
[11.643s] INFO:colcon.colcon_notification.desktop_notification:Sending desktop notification using 'notify2'
[11.687s] DEBUG:colcon.colcon_core.event_reactor:joined thread
[11.690s] INFO:colcon.colcon_core.shell:Creating prefix script '/home/ros2/ws00_helloworld/install/local_setup.ps1'
[11.693s] INFO:colcon.colcon_core.shell:Creating prefix util module '/home/ros2/ws00_helloworld/install/_local_setup_util_ps1.py'
[11.729s] INFO:colcon.colcon_core.shell:Creating prefix chain script '/home/ros2/ws00_helloworld/install/setup.ps1'
[11.733s] INFO:colcon.colcon_core.shell:Creating prefix script '/home/ros2/ws00_helloworld/install/local_setup.sh'
[11.749s] INFO:colcon.colcon_core.shell:Creating prefix util module '/home/ros2/ws00_helloworld/install/_local_setup_util_sh.py'
[11.750s] INFO:colcon.colcon_core.shell:Creating prefix chain script '/home/ros2/ws00_helloworld/install/setup.sh'
[11.756s] INFO:colcon.colcon_core.shell:Creating prefix script '/home/ros2/ws00_helloworld/install/local_setup.bash'
[11.758s] INFO:colcon.colcon_core.shell:Creating prefix chain script '/home/ros2/ws00_helloworld/install/setup.bash'
[11.762s] INFO:colcon.colcon_core.shell:Creating prefix script '/home/ros2/ws00_helloworld/install/local_setup.zsh'
[11.764s] INFO:colcon.colcon_core.shell:Creating prefix chain script '/home/ros2/ws00_helloworld/install/setup.zsh'
