[0.230s] Invoking command in '/home/ros2/ws01_plumbing/build/cpp02_service': CMAKE_PREFIX_PATH=/home/ros2/ws01_plumbing/install/base_interfaces_demo:/home/ros2/ws01_plumbing/install/cpp01_topic:/home/ros2/ws01_plumbing/install/py01_topic:/opt/ros/humble /usr/bin/cmake --build /home/ros2/ws01_plumbing/build/cpp02_service -- -j4 -l4
[0.401s] -- Found ament_cmake: 1.3.2 (/opt/ros/humble/share/ament_cmake/cmake)
[1.099s] -- Found rclcpp: 16.0.1 (/opt/ros/humble/share/rclcpp/cmake)
[1.416s] -- Found rosidl_generator_c: 3.1.3 (/opt/ros/humble/share/rosidl_generator_c/cmake)
[1.429s] -- Found rosidl_adapter: 3.1.3 (/opt/ros/humble/share/rosidl_adapter/cmake)
[1.450s] -- Found rosidl_generator_cpp: 3.1.3 (/opt/ros/humble/share/rosidl_generator_cpp/cmake)
[1.496s] -- Using all available rosidl_typesupport_c: rosidl_typesupport_fastrtps_c;rosidl_typesupport_introspection_c
[1.572s] -- Using all available rosidl_typesupport_cpp: rosidl_typesupport_fastrtps_cpp;rosidl_typesupport_introspection_cpp
[1.911s] -- Found rmw_implementation_cmake: 6.1.0 (/opt/ros/humble/share/rmw_implementation_cmake/cmake)
[1.937s] -- Found rmw_fastrtps_cpp: 6.2.1 (/opt/ros/humble/share/rmw_fastrtps_cpp/cmake)
[2.726s] -- Using RMW implementation 'rmw_fastrtps_cpp' as default
[3.605s] -- Found base_interfaces_demo: 0.0.0 (/home/ros2/ws01_plumbing/install/base_interfaces_demo/share/base_interfaces_demo/cmake)
[3.757s] -- Found ament_lint_auto: 0.12.4 (/opt/ros/humble/share/ament_lint_auto/cmake)
[4.193s] -- Added test 'cppcheck' to perform static code analysis on C / C++ code
[4.194s] -- Configured cppcheck include dirs: $<BUILD_INTERFACE:/home/ros2/ws01_plumbing/src/cpp02_service/include>
[4.194s] -- Configured cppcheck exclude dirs and/or files: 
[4.201s] -- Added test 'lint_cmake' to check CMake code style
[4.206s] -- Added test 'uncrustify' to check C / C++ code style
[4.208s] -- Configured uncrustify additional arguments: 
[4.212s] -- Added test 'xmllint' to check XML markup files
[4.237s] -- Configuring done
[4.351s] -- Generating done
[4.362s] -- Build files have been written to: /home/ros2/ws01_plumbing/build/cpp02_service
[4.519s] [35m[1mConsolidate compiler generated dependencies of target demo01_server[0m
[4.546s] [ 25%] [32mBuilding CXX object CMakeFiles/demo02_client.dir/src/demo02_client.cpp.o[0m
[4.624s] [ 50%] [32mBuilding CXX object CMakeFiles/demo01_server.dir/src/demo01_server.cpp.o[0m
[21.167s] [100%] [32m[1mLinking CXX executable demo01_server[0m
[21.183s] [100%] [32m[1mLinking CXX executable demo02_client[0m
[24.510s] [100%] Built target demo02_client
[24.549s] [100%] Built target demo01_server
[24.616s] Invoked command in '/home/ros2/ws01_plumbing/build/cpp02_service' returned '0': CMAKE_PREFIX_PATH=/home/ros2/ws01_plumbing/install/base_interfaces_demo:/home/ros2/ws01_plumbing/install/cpp01_topic:/home/ros2/ws01_plumbing/install/py01_topic:/opt/ros/humble /usr/bin/cmake --build /home/ros2/ws01_plumbing/build/cpp02_service -- -j4 -l4
[24.898s] Invoking command in '/home/ros2/ws01_plumbing/build/cpp02_service': CMAKE_PREFIX_PATH=/home/ros2/ws01_plumbing/install/base_interfaces_demo:/home/ros2/ws01_plumbing/install/cpp01_topic:/home/ros2/ws01_plumbing/install/py01_topic:/opt/ros/humble /usr/bin/cmake --install /home/ros2/ws01_plumbing/build/cpp02_service
[24.923s] -- Install configuration: ""
[25.003s] -- Installing: /home/ros2/ws01_plumbing/install/cpp02_service/lib/cpp02_service/demo01_server
[25.048s] -- Set runtime path of "/home/ros2/ws01_plumbing/install/cpp02_service/lib/cpp02_service/demo01_server" to ""
[25.049s] -- Installing: /home/ros2/ws01_plumbing/install/cpp02_service/lib/cpp02_service/demo02_client
[25.050s] -- Set runtime path of "/home/ros2/ws01_plumbing/install/cpp02_service/lib/cpp02_service/demo02_client" to ""
[25.051s] -- Up-to-date: /home/ros2/ws01_plumbing/install/cpp02_service/share/ament_index/resource_index/package_run_dependencies/cpp02_service
[25.052s] -- Installing: /home/ros2/ws01_plumbing/install/cpp02_service/share/ament_index/resource_index/parent_prefix_path/cpp02_service
[25.079s] -- Up-to-date: /home/ros2/ws01_plumbing/install/cpp02_service/share/cpp02_service/environment/ament_prefix_path.sh
[25.079s] -- Installing: /home/ros2/ws01_plumbing/install/cpp02_service/share/cpp02_service/environment/ament_prefix_path.dsv
[25.129s] -- Up-to-date: /home/ros2/ws01_plumbing/install/cpp02_service/share/cpp02_service/environment/path.sh
[25.129s] -- Installing: /home/ros2/ws01_plumbing/install/cpp02_service/share/cpp02_service/environment/path.dsv
[25.144s] -- Up-to-date: /home/ros2/ws01_plumbing/install/cpp02_service/share/cpp02_service/local_setup.bash
[25.144s] -- Up-to-date: /home/ros2/ws01_plumbing/install/cpp02_service/share/cpp02_service/local_setup.sh
[25.144s] -- Up-to-date: /home/ros2/ws01_plumbing/install/cpp02_service/share/cpp02_service/local_setup.zsh
[25.145s] -- Installing: /home/ros2/ws01_plumbing/install/cpp02_service/share/cpp02_service/local_setup.dsv
[25.153s] -- Installing: /home/ros2/ws01_plumbing/install/cpp02_service/share/cpp02_service/package.dsv
[25.157s] -- Up-to-date: /home/ros2/ws01_plumbing/install/cpp02_service/share/ament_index/resource_index/packages/cpp02_service
[25.157s] -- Up-to-date: /home/ros2/ws01_plumbing/install/cpp02_service/share/cpp02_service/cmake/cpp02_serviceConfig.cmake
[25.157s] -- Up-to-date: /home/ros2/ws01_plumbing/install/cpp02_service/share/cpp02_service/cmake/cpp02_serviceConfig-version.cmake
[25.157s] -- Up-to-date: /home/ros2/ws01_plumbing/install/cpp02_service/share/cpp02_service/package.xml
[25.173s] Invoked command in '/home/ros2/ws01_plumbing/build/cpp02_service' returned '0': CMAKE_PREFIX_PATH=/home/ros2/ws01_plumbing/install/base_interfaces_demo:/home/ros2/ws01_plumbing/install/cpp01_topic:/home/ros2/ws01_plumbing/install/py01_topic:/opt/ros/humble /usr/bin/cmake --install /home/ros2/ws01_plumbing/build/cpp02_service
