[0.109s] Invoking command in '/home/ros2/ws01_plumbing/build/cpp07_exercise': CMAKE_PREFIX_PATH=/home/ros2/ws01_plumbing/install/turtlesim:/home/ros2/ws01_plumbing/install/base_interfaces_demo:/home/ros2/ws01_plumbing/install/tutorails_plumbing:/home/ros2/ws01_plumbing/install/cpp07_exercise:/home/ros2/ws01_plumbing/install/cpp06_time:/home/ros2/ws01_plumbing/install/cpp05_names:/home/ros2/ws01_plumbing/install/cpp04_param:/home/ros2/ws01_plumbing/install/cpp03_action:/home/ros2/ws01_plumbing/install/cpp02_service:/home/ros2/ws01_plumbing/install/cpp01_topic:/home/ros2/ws01_plumbing/install/py06_time:/home/ros2/ws01_plumbing/install/py05_names:/home/ros2/ws01_plumbing/install/py04_param:/home/ros2/ws01_plumbing/install/py03_action:/home/ros2/ws01_plumbing/install/py02_service:/home/ros2/ws01_plumbing/install/py01_topic:/opt/ros/humble /usr/bin/cmake --build /home/ros2/ws01_plumbing/build/cpp07_exercise -- -j4 -l4
[0.395s] [35m[1mConsolidate compiler generated dependencies of target exer04_action_server[0m
[0.442s] [ 20%] Built target exer02_server
[0.457s] [ 40%] Built target exer01_pub_sub
[0.508s] [ 60%] Built target exer03_client
[0.524s] [ 70%] [32mBuilding CXX object CMakeFiles/exer04_action_server.dir/src/exer04_action_server.cpp.o[0m
[0.653s] [ 90%] Built target exer05_action_client
[11.399s] [01m[K/home/ros2/ws01_plumbing/src/cpp07_exercise/src/exer04_action_server.cpp:70:66:[m[K [01;31m[Kerror: [m[K‘[01m[KactionGoalUUID[m[K’ in namespace ‘[01m[Krclcpp_action[m[K’ does not name a type
[11.399s]    70 |     rclcpp_action::GoalResponse handle_goal(const rclcpp_action::[01;31m[KactionGoalUUID[m[K & uuid, std::shared_ptr<const Nav::Goal> goal){
[11.400s]       |                                                                  [01;31m[K^~~~~~~~~~~~~~[m[K
[11.471s] [01m[K/home/ros2/ws01_plumbing/src/cpp07_exercise/src/exer04_action_server.cpp:[m[K In constructor ‘[01m[KExer04ActionServer::Exer04ActionServer()[m[K’:
[11.472s] [01m[K/home/ros2/ws01_plumbing/src/cpp07_exercise/src/exer04_action_server.cpp:45:59:[m[K [01;31m[Kerror: [m[Kno matching function for call to ‘[01m[Kcreate_server<base_interfaces_demo::action::Nav>(Exer04ActionServer*, const char [4], std::_Bind_helper<false, rclcpp_action::GoalResponse (Exer04ActionServer::*)(const int&, std::shared_ptr<const base_interfaces_demo::action::Nav_Goal_<std::allocator<void> > >), Exer04ActionServer*, const std::_Placeholder<1>&, const std::_Placeholder<2>&>::type, std::_Bind_helper<false, rclcpp_action::CancelResponse (Exer04ActionServer::*)(std::shared_ptr<rclcpp_action::ServerGoalHandle<base_interfaces_demo::action::Nav> >), Exer04ActionServer*, const std::_Placeholder<1>&>::type, std::_Bind_helper<false, void (Exer04ActionServer::*)(std::shared_ptr<rclcpp_action::ServerGoalHandle<base_interfaces_demo::action::Nav> >), Exer04ActionServer*, const std::_Placeholder<1>&>::type)[m[K’
[11.472s]    45 |         action_server_ = [01;31m[Krclcpp_action::create_server<Nav>([m[K
[11.472s]       |                          [01;31m[K~~~~~~~~~~~~~~~~~~~~~~~~~~~~~~~~~^[m[K
[11.472s]    46 | [01;31m[K            this,[m[K
[11.472s]       |             [01;31m[K~~~~~[m[K                                          
[11.473s]    47 | [01;31m[K            "nav",[m[K
[11.473s]       |             [01;31m[K~~~~~~[m[K                                         
[11.473s]    48 | [01;31m[K            std::bind(&Exer04ActionServer::handle_goal,this,_1,_2),[m[K
[11.474s]       |             [01;31m[K~~~~~~~~~~~~~~~~~~~~~~~~~~~~~~~~~~~~~~~~~~~~~~~~~~~~~~~[m[K
[11.476s]    49 | [01;31m[K            std::bind(&Exer04ActionServer::handle_cancel,this,_1),[m[K
[11.476s]       |             [01;31m[K~~~~~~~~~~~~~~~~~~~~~~~~~~~~~~~~~~~~~~~~~~~~~~~~~~~~~~[m[K
[11.476s]    50 | [01;31m[K            std::bind(&Exer04ActionServer::handle_accepted,this,_1)[m[K
[11.476s]       |             [01;31m[K~~~~~~~~~~~~~~~~~~~~~~~~~~~~~~~~~~~~~~~~~~~~~~~~~~~~~~~[m[K
[11.477s]    51 | [01;31m[K            )[m[K;
[11.477s]       |             [01;31m[K~[m[K                                              
[11.477s] In file included from [01m[K/opt/ros/humble/include/rclcpp_action/rclcpp_action/rclcpp_action.hpp:39[m[K,
[11.477s]                  from [01m[K/home/ros2/ws01_plumbing/src/cpp07_exercise/src/exer04_action_server.cpp:22[m[K:
[11.477s] [01m[K/opt/ros/humble/include/rclcpp_action/rclcpp_action/create_server.hpp:58:1:[m[K [01;36m[Knote: [m[Kcandidate: ‘[01m[Ktypename rclcpp_action::Server<ActionT>::SharedPtr rclcpp_action::create_server(rclcpp::node_interfaces::NodeBaseInterface::SharedPtr, rclcpp::node_interfaces::NodeClockInterface::SharedPtr, rclcpp::node_interfaces::NodeLoggingInterface::SharedPtr, rclcpp::node_interfaces::NodeWaitablesInterface::SharedPtr, const string&, typename rclcpp_action::Server<ActionT>::GoalCallback, typename rclcpp_action::Server<ActionT>::CancelCallback, typename rclcpp_action::Server<ActionT>::AcceptedCallback, const rcl_action_server_options_t&, rclcpp::CallbackGroup::SharedPtr) [with ActionT = base_interfaces_demo::action::Nav; typename rclcpp_action::Server<ActionT>::SharedPtr = std::shared_ptr<rclcpp_action::Server<base_interfaces_demo::action::Nav> >; rclcpp::node_interfaces::NodeBaseInterface::SharedPtr = std::shared_ptr<rclcpp::node_interfaces::NodeBaseInterface>; rclcpp::node_interfaces::NodeClockInterface::SharedPtr = std::shared_ptr<rclcpp::node_interfaces::NodeClockInterface>; rclcpp::node_interfaces::NodeLoggingInterface::SharedPtr = std::shared_ptr<rclcpp::node_interfaces::NodeLoggingInterface>; rclcpp::node_interfaces::NodeWaitablesInterface::SharedPtr = std::shared_ptr<rclcpp::node_interfaces::NodeWaitablesInterface>; std::string = std::__cxx11::basic_string<char>; typename rclcpp_action::Server<ActionT>::GoalCallback = std::function<rclcpp_action::GoalResponse(const std::array<unsigned char, 16>&, std::shared_ptr<const base_interfaces_demo::action::Nav_Goal_<std::allocator<void> > >)>; typename rclcpp_action::Server<ActionT>::CancelCallback = std::function<rclcpp_action::CancelResponse(std::shared_ptr<rclcpp_action::ServerGoalHandle<base_interfaces_demo::action::Nav> >)>; typename rclcpp_action::Server<ActionT>::AcceptedCallback = std::function<void(std::shared_ptr<rclcpp_action::ServerGoalHandle<base_interfaces_demo::action::Nav> >)>; rcl_action_server_options_t = rcl_action_server_options_s; rclcpp::CallbackGroup::SharedPtr = std::shared_ptr<rclcpp::CallbackGroup>][m[K’
[11.478s]    58 | [01;36m[Kcreate_server[m[K(
[11.478s]       | [01;36m[K^~~~~~~~~~~~~[m[K
[11.478s] [01m[K/opt/ros/humble/include/rclcpp_action/rclcpp_action/create_server.hpp:58:1:[m[K [01;36m[Knote: [m[K  candidate expects 10 arguments, 5 provided
[11.480s] [01m[K/opt/ros/humble/include/rclcpp_action/rclcpp_action/create_server.hpp:132:1:[m[K [01;36m[Knote: [m[Kcandidate: ‘[01m[Ktemplate<class ActionT, class NodeT> typename rclcpp_action::Server<ActionT>::SharedPtr rclcpp_action::create_server(NodeT, const string&, typename rclcpp_action::Server<ActionT>::GoalCallback, typename rclcpp_action::Server<ActionT>::CancelCallback, typename rclcpp_action::Server<ActionT>::AcceptedCallback, const rcl_action_server_options_t&, rclcpp::CallbackGroup::SharedPtr)[m[K’
[11.480s]   132 | [01;36m[Kcreate_server[m[K(
[11.480s]       | [01;36m[K^~~~~~~~~~~~~[m[K
[11.481s] [01m[K/opt/ros/humble/include/rclcpp_action/rclcpp_action/create_server.hpp:132:1:[m[K [01;36m[Knote: [m[K  template argument deduction/substitution failed:
[11.481s] [01m[K/home/ros2/ws01_plumbing/src/cpp07_exercise/src/exer04_action_server.cpp:48:22:[m[K [01;36m[Knote: [m[K  cannot convert ‘[01m[Kstd::bind(_Func&&, _BoundArgs&& ...) [with _Func = rclcpp_action::GoalResponse (Exer04ActionServer::*)(const int&, std::shared_ptr<const base_interfaces_demo::action::Nav_Goal_<std::allocator<void> > >); _BoundArgs = {Exer04ActionServer*, const std::_Placeholder<1>&, const std::_Placeholder<2>&}; typename std::_Bind_helper<std::__is_socketlike<_Func>::value, _Func, _BoundArgs ...>::type = std::_Bind_helper<false, rclcpp_action::GoalResponse (Exer04ActionServer::*)(const int&, std::shared_ptr<const base_interfaces_demo::action::Nav_Goal_<std::allocator<void> > >), Exer04ActionServer*, const std::_Placeholder<1>&, const std::_Placeholder<2>&>::type; std::__is_socketlike<_Func> = std::__is_socketlike<rclcpp_action::GoalResponse (Exer04ActionServer::*)(const int&, std::shared_ptr<const base_interfaces_demo::action::Nav_Goal_<std::allocator<void> > >), rclcpp_action::GoalResponse (Exer04ActionServer::*)(const int&, std::shared_ptr<const base_interfaces_demo::action::Nav_Goal_<std::allocator<void> > >)>; typename std::decay<_Tp>::type = rclcpp_action::GoalResponse (Exer04ActionServer::*)(const int&, std::shared_ptr<const base_interfaces_demo::action::Nav_Goal_<std::allocator<void> > >)](((Exer04ActionServer*)this), std::placeholders::_1, std::placeholders::_2)[m[K’ (type ‘[01m[Kstd::_Bind_helper<false, rclcpp_action::GoalResponse (Exer04ActionServer::*)(const int&, std::shared_ptr<const base_interfaces_demo::action::Nav_Goal_<std::allocator<void> > >), Exer04ActionServer*, const std::_Placeholder<1>&, const std::_Placeholder<2>&>::type[m[K’) to type ‘[01m[Krclcpp_action::Server<base_interfaces_demo::action::Nav>::GoalCallback[m[K’ {aka ‘[01m[Kstd::function<rclcpp_action::GoalResponse(const std::array<unsigned char, 16>&, std::shared_ptr<const base_interfaces_demo::action::Nav_Goal_<std::allocator<void> > >)>[m[K’}
[11.481s]    48 |             [01;36m[Kstd::bind(&Exer04ActionServer::handle_goal,this,_1,_2)[m[K,
[11.481s]       |             [01;36m[K~~~~~~~~~^~~~~~~~~~~~~~~~~~~~~~~~~~~~~~~~~~~~~~~~~~~~~[m[K
[21.946s] gmake[2]: *** [CMakeFiles/exer04_action_server.dir/build.make:76：CMakeFiles/exer04_action_server.dir/src/exer04_action_server.cpp.o] 错误 1
[21.948s] gmake[1]: *** [CMakeFiles/Makefile2:223：CMakeFiles/exer04_action_server.dir/all] 错误 2
[21.948s] gmake: *** [Makefile:146：all] 错误 2
[21.958s] Invoked command in '/home/ros2/ws01_plumbing/build/cpp07_exercise' returned '2': CMAKE_PREFIX_PATH=/home/ros2/ws01_plumbing/install/turtlesim:/home/ros2/ws01_plumbing/install/base_interfaces_demo:/home/ros2/ws01_plumbing/install/tutorails_plumbing:/home/ros2/ws01_plumbing/install/cpp07_exercise:/home/ros2/ws01_plumbing/install/cpp06_time:/home/ros2/ws01_plumbing/install/cpp05_names:/home/ros2/ws01_plumbing/install/cpp04_param:/home/ros2/ws01_plumbing/install/cpp03_action:/home/ros2/ws01_plumbing/install/cpp02_service:/home/ros2/ws01_plumbing/install/cpp01_topic:/home/ros2/ws01_plumbing/install/py06_time:/home/ros2/ws01_plumbing/install/py05_names:/home/ros2/ws01_plumbing/install/py04_param:/home/ros2/ws01_plumbing/install/py03_action:/home/ros2/ws01_plumbing/install/py02_service:/home/ros2/ws01_plumbing/install/py01_topic:/opt/ros/humble /usr/bin/cmake --build /home/ros2/ws01_plumbing/build/cpp07_exercise -- -j4 -l4
