[0.126s] Invoking command in '/home/ros2/ws01_plumbing/build/cpp07_exercise': CMAKE_PREFIX_PATH=/home/ros2/ws01_plumbing/install/base_interfaces_demo:/home/ros2/ws01_plumbing/install/tutorails_plumbing:/home/ros2/ws01_plumbing/install/cpp07_exercise:/home/ros2/ws01_plumbing/install/cpp06_time:/home/ros2/ws01_plumbing/install/cpp05_names:/home/ros2/ws01_plumbing/install/cpp04_param:/home/ros2/ws01_plumbing/install/cpp03_action:/home/ros2/ws01_plumbing/install/cpp02_service:/home/ros2/ws01_plumbing/install/cpp01_topic:/home/ros2/ws01_plumbing/install/py06_time:/home/ros2/ws01_plumbing/install/py05_names:/home/ros2/ws01_plumbing/install/py04_param:/home/ros2/ws01_plumbing/install/py03_action:/home/ros2/ws01_plumbing/install/py02_service:/home/ros2/ws01_plumbing/install/py01_topic:/opt/ros/humble /usr/bin/cmake --build /home/ros2/ws01_plumbing/build/cpp07_exercise -- -j4 -l4
[0.703s] [ 50%] [32mBuilding CXX object CMakeFiles/exer01_pub_sub.dir/src/exer01_pub_sub.cpp.o[0m
[14.358s] [100%] [32m[1mLinking CXX executable exer01_pub_sub[0m
[15.848s] [100%] Built target exer01_pub_sub
[15.891s] Invoked command in '/home/ros2/ws01_plumbing/build/cpp07_exercise' returned '0': CMAKE_PREFIX_PATH=/home/ros2/ws01_plumbing/install/base_interfaces_demo:/home/ros2/ws01_plumbing/install/tutorails_plumbing:/home/ros2/ws01_plumbing/install/cpp07_exercise:/home/ros2/ws01_plumbing/install/cpp06_time:/home/ros2/ws01_plumbing/install/cpp05_names:/home/ros2/ws01_plumbing/install/cpp04_param:/home/ros2/ws01_plumbing/install/cpp03_action:/home/ros2/ws01_plumbing/install/cpp02_service:/home/ros2/ws01_plumbing/install/cpp01_topic:/home/ros2/ws01_plumbing/install/py06_time:/home/ros2/ws01_plumbing/install/py05_names:/home/ros2/ws01_plumbing/install/py04_param:/home/ros2/ws01_plumbing/install/py03_action:/home/ros2/ws01_plumbing/install/py02_service:/home/ros2/ws01_plumbing/install/py01_topic:/opt/ros/humble /usr/bin/cmake --build /home/ros2/ws01_plumbing/build/cpp07_exercise -- -j4 -l4
[16.056s] Invoking command in '/home/ros2/ws01_plumbing/build/cpp07_exercise': CMAKE_PREFIX_PATH=/home/ros2/ws01_plumbing/install/base_interfaces_demo:/home/ros2/ws01_plumbing/install/tutorails_plumbing:/home/ros2/ws01_plumbing/install/cpp07_exercise:/home/ros2/ws01_plumbing/install/cpp06_time:/home/ros2/ws01_plumbing/install/cpp05_names:/home/ros2/ws01_plumbing/install/cpp04_param:/home/ros2/ws01_plumbing/install/cpp03_action:/home/ros2/ws01_plumbing/install/cpp02_service:/home/ros2/ws01_plumbing/install/cpp01_topic:/home/ros2/ws01_plumbing/install/py06_time:/home/ros2/ws01_plumbing/install/py05_names:/home/ros2/ws01_plumbing/install/py04_param:/home/ros2/ws01_plumbing/install/py03_action:/home/ros2/ws01_plumbing/install/py02_service:/home/ros2/ws01_plumbing/install/py01_topic:/opt/ros/humble /usr/bin/cmake --install /home/ros2/ws01_plumbing/build/cpp07_exercise
[16.086s] -- Install configuration: ""
[16.087s] -- Installing: /home/ros2/ws01_plumbing/install/cpp07_exercise/lib/cpp07_exercise/exer01_pub_sub
[16.089s] -- Set runtime path of "/home/ros2/ws01_plumbing/install/cpp07_exercise/lib/cpp07_exercise/exer01_pub_sub" to ""
[16.090s] -- Up-to-date: /home/ros2/ws01_plumbing/install/cpp07_exercise/share/cpp07_exercise/launch
[16.092s] -- Installing: /home/ros2/ws01_plumbing/install/cpp07_exercise/share/cpp07_exercise/launch/exer01_pub_sub_launch.py
[16.093s] -- Up-to-date: /home/ros2/ws01_plumbing/install/cpp07_exercise/share/ament_index/resource_index/package_run_dependencies/cpp07_exercise
[16.094s] -- Up-to-date: /home/ros2/ws01_plumbing/install/cpp07_exercise/share/ament_index/resource_index/parent_prefix_path/cpp07_exercise
[16.094s] -- Up-to-date: /home/ros2/ws01_plumbing/install/cpp07_exercise/share/cpp07_exercise/environment/ament_prefix_path.sh
[16.094s] -- Up-to-date: /home/ros2/ws01_plumbing/install/cpp07_exercise/share/cpp07_exercise/environment/ament_prefix_path.dsv
[16.095s] -- Up-to-date: /home/ros2/ws01_plumbing/install/cpp07_exercise/share/cpp07_exercise/environment/path.sh
[16.095s] -- Up-to-date: /home/ros2/ws01_plumbing/install/cpp07_exercise/share/cpp07_exercise/environment/path.dsv
[16.095s] -- Up-to-date: /home/ros2/ws01_plumbing/install/cpp07_exercise/share/cpp07_exercise/local_setup.bash
[16.096s] -- Up-to-date: /home/ros2/ws01_plumbing/install/cpp07_exercise/share/cpp07_exercise/local_setup.sh
[16.096s] -- Up-to-date: /home/ros2/ws01_plumbing/install/cpp07_exercise/share/cpp07_exercise/local_setup.zsh
[16.096s] -- Up-to-date: /home/ros2/ws01_plumbing/install/cpp07_exercise/share/cpp07_exercise/local_setup.dsv
[16.096s] -- Installing: /home/ros2/ws01_plumbing/install/cpp07_exercise/share/cpp07_exercise/package.dsv
[16.099s] -- Up-to-date: /home/ros2/ws01_plumbing/install/cpp07_exercise/share/ament_index/resource_index/packages/cpp07_exercise
[16.101s] -- Up-to-date: /home/ros2/ws01_plumbing/install/cpp07_exercise/share/cpp07_exercise/cmake/cpp07_exerciseConfig.cmake
[16.102s] -- Up-to-date: /home/ros2/ws01_plumbing/install/cpp07_exercise/share/cpp07_exercise/cmake/cpp07_exerciseConfig-version.cmake
[16.103s] -- Up-to-date: /home/ros2/ws01_plumbing/install/cpp07_exercise/share/cpp07_exercise/package.xml
[16.108s] Invoked command in '/home/ros2/ws01_plumbing/build/cpp07_exercise' returned '0': CMAKE_PREFIX_PATH=/home/ros2/ws01_plumbing/install/base_interfaces_demo:/home/ros2/ws01_plumbing/install/tutorails_plumbing:/home/ros2/ws01_plumbing/install/cpp07_exercise:/home/ros2/ws01_plumbing/install/cpp06_time:/home/ros2/ws01_plumbing/install/cpp05_names:/home/ros2/ws01_plumbing/install/cpp04_param:/home/ros2/ws01_plumbing/install/cpp03_action:/home/ros2/ws01_plumbing/install/cpp02_service:/home/ros2/ws01_plumbing/install/cpp01_topic:/home/ros2/ws01_plumbing/install/py06_time:/home/ros2/ws01_plumbing/install/py05_names:/home/ros2/ws01_plumbing/install/py04_param:/home/ros2/ws01_plumbing/install/py03_action:/home/ros2/ws01_plumbing/install/py02_service:/home/ros2/ws01_plumbing/install/py01_topic:/opt/ros/humble /usr/bin/cmake --install /home/ros2/ws01_plumbing/build/cpp07_exercise
