[2.510s] Invoking command in '/home/ros2/ws01_plumbing/src/py03_action': CMAKE_PREFIX_PATH=/home/ros2/ws01_plumbing/install/base_interfaces_demo:/home/ros2/ws01_plumbing/install/cpp03_action:/home/ros2/ws01_plumbing/install/cpp02_service:/home/ros2/ws01_plumbing/install/cpp01_topic PYTHONPATH=/home/ros2/ws01_plumbing/install/py03_action/lib/python3.10/site-packages:${PYTHONPATH} /usr/bin/python3 setup.py egg_info --egg-base ../../build/py03_action build --build-base /home/ros2/ws01_plumbing/build/py03_action/build install --prefix /home/ros2/ws01_plumbing/install/py03_action --record /home/ros2/ws01_plumbing/build/py03_action/install.log --single-version-externally-managed
[3.553s] running egg_info
[3.554s] writing ../../build/py03_action/py03_action.egg-info/PKG-INFO
[3.556s] writing dependency_links to ../../build/py03_action/py03_action.egg-info/dependency_links.txt
[3.557s] writing entry points to ../../build/py03_action/py03_action.egg-info/entry_points.txt
[3.557s] writing requirements to ../../build/py03_action/py03_action.egg-info/requires.txt
[3.559s] writing top-level names to ../../build/py03_action/py03_action.egg-info/top_level.txt
[3.567s] reading manifest file '../../build/py03_action/py03_action.egg-info/SOURCES.txt'
[3.571s] writing manifest file '../../build/py03_action/py03_action.egg-info/SOURCES.txt'
[3.571s] running build
[3.571s] running build_py
[3.572s] copying py03_action/demo02_action_client_py.py -> /home/ros2/ws01_plumbing/build/py03_action/build/lib/py03_action
[3.575s] /usr/lib/python3/dist-packages/setuptools/command/install.py:34: SetuptoolsDeprecationWarning: setup.py install is deprecated. Use build and pip and other standards-based tools.
[3.575s]   warnings.warn(
[3.575s] running install
[3.576s] running install_lib
[3.578s] copying /home/ros2/ws01_plumbing/build/py03_action/build/lib/py03_action/demo02_action_client_py.py -> /home/ros2/ws01_plumbing/install/py03_action/lib/python3.10/site-packages/py03_action
[3.580s] byte-compiling /home/ros2/ws01_plumbing/install/py03_action/lib/python3.10/site-packages/py03_action/demo02_action_client_py.py to demo02_action_client_py.cpython-310.pyc
[3.583s] running install_data
[3.585s] running install_egg_info
[3.591s] removing '/home/ros2/ws01_plumbing/install/py03_action/lib/python3.10/site-packages/py03_action-0.0.0-py3.10.egg-info' (and everything under it)
[3.593s] Copying ../../build/py03_action/py03_action.egg-info to /home/ros2/ws01_plumbing/install/py03_action/lib/python3.10/site-packages/py03_action-0.0.0-py3.10.egg-info
[3.595s] running install_scripts
[3.686s] Installing demo01_action_server_py script to /home/ros2/ws01_plumbing/install/py03_action/lib/py03_action
[3.687s] Installing demo02_action_client_py script to /home/ros2/ws01_plumbing/install/py03_action/lib/py03_action
[3.690s] writing list of installed files to '/home/ros2/ws01_plumbing/build/py03_action/install.log'
[3.797s] Invoked command in '/home/ros2/ws01_plumbing/src/py03_action' returned '0': CMAKE_PREFIX_PATH=/home/ros2/ws01_plumbing/install/base_interfaces_demo:/home/ros2/ws01_plumbing/install/cpp03_action:/home/ros2/ws01_plumbing/install/cpp02_service:/home/ros2/ws01_plumbing/install/cpp01_topic PYTHONPATH=/home/ros2/ws01_plumbing/install/py03_action/lib/python3.10/site-packages:${PYTHONPATH} /usr/bin/python3 setup.py egg_info --egg-base ../../build/py03_action build --build-base /home/ros2/ws01_plumbing/build/py03_action/build install --prefix /home/ros2/ws01_plumbing/install/py03_action --record /home/ros2/ws01_plumbing/build/py03_action/install.log --single-version-externally-managed
