[0.079s] Invoking command in '/home/ros2/ws01_plumbing/build/haha': CMAKE_PREFIX_PATH=/opt/ros/humble /usr/bin/cmake /home/ros2/ws01_plumbing/src/haha -DCMAKE_INSTALL_PREFIX=/home/ros2/ws01_plumbing/install/haha
[1.103s] -- The C compiler identification is GNU 11.2.0
[1.452s] -- The CXX compiler identification is GNU 11.2.0
[1.486s] -- Detecting C compiler ABI info
[1.670s] -- Detecting C compiler ABI info - done
[1.678s] -- Check for working C compiler: /usr/bin/cc - skipped
[1.679s] -- Detecting C compile features
[1.693s] -- Detecting C compile features - done
[1.703s] -- Detecting CXX compiler ABI info
[1.859s] -- Detecting CXX compiler ABI info - done
[1.868s] -- Check for working CXX compiler: /usr/bin/c++ - skipped
[1.869s] -- Detecting CXX compile features
[1.869s] -- Detecting CXX compile features - done
[2.045s] -- Found ament_cmake: 1.3.2 (/opt/ros/humble/share/ament_cmake/cmake)
[2.341s] -- Found Python3: /usr/bin/python3.10 (found version "3.10.4") found components: Interpreter 
[2.665s] -- Found rosidl_default_generators: 1.2.0 (/opt/ros/humble/share/rosidl_default_generators/cmake)
[2.705s] -- Using all available rosidl_typesupport_c: rosidl_typesupport_fastrtps_c;rosidl_typesupport_introspection_c
[2.739s] -- Found rosidl_adapter: 3.1.3 (/opt/ros/humble/share/rosidl_adapter/cmake)
[2.940s] -- Using all available rosidl_typesupport_cpp: rosidl_typesupport_fastrtps_cpp;rosidl_typesupport_introspection_cpp
[3.733s] -- Found ament_cmake_ros: 0.10.0 (/opt/ros/humble/share/ament_cmake_ros/cmake)
[3.999s] -- Using all available rosidl_typesupport_c: rosidl_typesupport_fastrtps_c;rosidl_typesupport_introspection_c
[4.317s] -- Using all available rosidl_typesupport_cpp: rosidl_typesupport_fastrtps_cpp;rosidl_typesupport_introspection_cpp
[4.341s] -- Found PythonInterp: /usr/bin/python3 (found suitable version "3.10.4", minimum required is "3.6") 
[4.351s] -- Found python_cmake_module: 0.10.0 (/opt/ros/humble/share/python_cmake_module/cmake)
[4.406s] -- Found PythonLibs: /usr/lib/x86_64-linux-gnu/libpython3.10.so (found suitable version "3.10.4", minimum required is "3.5") 
[4.407s] -- Using PYTHON_EXECUTABLE: /usr/bin/python3
[4.407s] -- Using PYTHON_INCLUDE_DIRS: /usr/include/python3.10
[4.407s] -- Using PYTHON_LIBRARIES: /usr/lib/x86_64-linux-gnu/libpython3.10.so
[4.461s] -- Found PythonExtra: .so  
[4.601s] -- Found ament_lint_auto: 0.12.4 (/opt/ros/humble/share/ament_lint_auto/cmake)
[4.712s] -- Configuring done
[4.850s] -- Generating done
[4.863s] -- Build files have been written to: /home/ros2/ws01_plumbing/build/haha
[4.885s] Invoked command in '/home/ros2/ws01_plumbing/build/haha' returned '0': CMAKE_PREFIX_PATH=/opt/ros/humble /usr/bin/cmake /home/ros2/ws01_plumbing/src/haha -DCMAKE_INSTALL_PREFIX=/home/ros2/ws01_plumbing/install/haha
[4.887s] Invoking command in '/home/ros2/ws01_plumbing/build/haha': CMAKE_PREFIX_PATH=/opt/ros/humble /usr/bin/cmake --build /home/ros2/ws01_plumbing/build/haha -- -j4 -l4
[5.051s] [  3%] [34m[1mGenerating C++ code for ROS interfaces[0m
[5.067s] [  6%] [34m[1mGenerating C code for ROS interfaces[0m
[5.159s] [  6%] Built target ament_cmake_python_copy_haha
[6.235s] running egg_info
[6.236s] creating haha.egg-info
[6.236s] writing haha.egg-info/PKG-INFO
[6.236s] writing dependency_links to haha.egg-info/dependency_links.txt
[6.236s] writing top-level names to haha.egg-info/top_level.txt
[6.236s] writing manifest file 'haha.egg-info/SOURCES.txt'
[6.274s] reading manifest file 'haha.egg-info/SOURCES.txt'
[6.275s] writing manifest file 'haha.egg-info/SOURCES.txt'
[6.364s] [  6%] Built target ament_cmake_python_build_haha_egg
[6.644s] [  6%] Built target haha__cpp
[6.677s] [  9%] [34m[1mGenerating C++ type support for eProsima Fast-RTPS[0m
[6.685s] [ 12%] [34m[1mGenerating C++ introspection for ROS interfaces[0m
[6.695s] [ 16%] [34m[1mGenerating C++ type support dispatch for ROS interfaces[0m
[6.721s] [ 19%] [32mBuilding C object CMakeFiles/haha__rosidl_generator_c.dir/rosidl_generator_c/haha/action/detail/progress__functions.c.o[0m
[7.699s] [ 22%] [32mBuilding CXX object CMakeFiles/haha__rosidl_typesupport_cpp.dir/rosidl_typesupport_cpp/haha/action/progress__type_support.cpp.o[0m
[7.707s] [ 25%] [32m[1mLinking C shared library libhaha__rosidl_generator_c.so[0m
[7.913s] [ 29%] [32mBuilding CXX object CMakeFiles/haha__rosidl_typesupport_introspection_cpp.dir/rosidl_typesupport_introspection_cpp/haha/action/detail/progress__type_support.cpp.o[0m
[7.958s] [ 29%] Built target haha__rosidl_generator_c
[8.002s] [ 32%] [34m[1mGenerating C type support for eProsima Fast-RTPS[0m
[8.496s] [ 35%] [32mBuilding CXX object CMakeFiles/haha__rosidl_typesupport_fastrtps_cpp.dir/rosidl_typesupport_fastrtps_cpp/haha/action/detail/dds_fastrtps/progress__type_support.cpp.o[0m
[10.648s] [ 38%] [32mBuilding CXX object CMakeFiles/haha__rosidl_typesupport_fastrtps_c.dir/rosidl_typesupport_fastrtps_c/haha/action/detail/progress__type_support_c.cpp.o[0m
[12.359s] [ 41%] [32m[1mLinking CXX shared library libhaha__rosidl_typesupport_fastrtps_cpp.so[0m
[12.360s] [ 45%] [32m[1mLinking CXX shared library libhaha__rosidl_typesupport_introspection_cpp.so[0m
[12.362s] [ 48%] [32m[1mLinking CXX shared library libhaha__rosidl_typesupport_cpp.so[0m
[12.528s] [ 51%] [32m[1mLinking CXX shared library libhaha__rosidl_typesupport_fastrtps_c.so[0m
[12.722s] [ 51%] Built target haha__rosidl_typesupport_cpp
[12.788s] [ 54%] [34m[1mGenerating C introspection for ROS interfaces[0m
[12.796s] [ 54%] Built target haha__rosidl_typesupport_introspection_cpp
[12.815s] [ 54%] Built target haha__rosidl_typesupport_fastrtps_cpp
[12.836s] [ 58%] [34m[1mGenerating C type support dispatch for ROS interfaces[0m
[12.900s] [ 58%] Built target haha__rosidl_typesupport_fastrtps_c
[13.962s] [ 61%] [32mBuilding CXX object CMakeFiles/haha__rosidl_typesupport_c.dir/rosidl_typesupport_c/haha/action/progress__type_support.cpp.o[0m
[14.141s] [ 64%] [32m[1mLinking CXX shared library libhaha__rosidl_typesupport_c.so[0m
[14.176s] [ 67%] [32mBuilding C object CMakeFiles/haha__rosidl_typesupport_introspection_c.dir/rosidl_typesupport_introspection_c/haha/action/detail/progress__type_support.c.o[0m
[14.284s] [ 67%] Built target haha__rosidl_typesupport_c
[14.339s] [ 70%] [32m[1mLinking C shared library libhaha__rosidl_typesupport_introspection_c.so[0m
[14.463s] [ 70%] Built target haha__rosidl_typesupport_introspection_c
[14.521s] [ 70%] Built target haha
[14.585s] [ 74%] [34m[1mGenerating Python code for ROS interfaces[0m
[17.583s] [ 74%] Built target haha__py
[17.643s] [ 77%] [32mBuilding C object CMakeFiles/haha__rosidl_generator_py.dir/rosidl_generator_py/haha/action/_progress_s.c.o[0m
[18.424s] [ 80%] [32m[1mLinking C shared library rosidl_generator_py/haha/libhaha__rosidl_generator_py.so[0m
[18.607s] [ 80%] Built target haha__rosidl_generator_py
[18.665s] [ 83%] [32mBuilding C object CMakeFiles/haha__rosidl_typesupport_introspection_c__pyext.dir/rosidl_generator_py/haha/_haha_s.ep.rosidl_typesupport_introspection_c.c.o[0m
[18.694s] [ 87%] [32mBuilding C object CMakeFiles/haha__rosidl_typesupport_c__pyext.dir/rosidl_generator_py/haha/_haha_s.ep.rosidl_typesupport_c.c.o[0m
[18.703s] [ 90%] [32mBuilding C object CMakeFiles/haha__rosidl_typesupport_fastrtps_c__pyext.dir/rosidl_generator_py/haha/_haha_s.ep.rosidl_typesupport_fastrtps_c.c.o[0m
[19.024s] [ 93%] [32m[1mLinking C shared library rosidl_generator_py/haha/haha_s__rosidl_typesupport_introspection_c.cpython-310-x86_64-linux-gnu.so[0m
[19.147s] [ 96%] [32m[1mLinking C shared library rosidl_generator_py/haha/haha_s__rosidl_typesupport_fastrtps_c.cpython-310-x86_64-linux-gnu.so[0m
[19.150s] [100%] [32m[1mLinking C shared library rosidl_generator_py/haha/haha_s__rosidl_typesupport_c.cpython-310-x86_64-linux-gnu.so[0m
[19.163s] [100%] Built target haha__rosidl_typesupport_introspection_c__pyext
[19.254s] [100%] Built target haha__rosidl_typesupport_fastrtps_c__pyext
[19.277s] [100%] Built target haha__rosidl_typesupport_c__pyext
[19.311s] Invoked command in '/home/ros2/ws01_plumbing/build/haha' returned '0': CMAKE_PREFIX_PATH=/opt/ros/humble /usr/bin/cmake --build /home/ros2/ws01_plumbing/build/haha -- -j4 -l4
[19.631s] Invoking command in '/home/ros2/ws01_plumbing/build/haha': CMAKE_PREFIX_PATH=/opt/ros/humble /usr/bin/cmake --install /home/ros2/ws01_plumbing/build/haha
[19.650s] -- Install configuration: ""
[19.662s] -- Installing: /home/ros2/ws01_plumbing/install/haha/share/ament_index/resource_index/rosidl_interfaces/haha
[19.662s] -- Installing: /home/ros2/ws01_plumbing/install/haha/include/haha/haha
[19.663s] -- Installing: /home/ros2/ws01_plumbing/install/haha/include/haha/haha/action
[19.663s] -- Installing: /home/ros2/ws01_plumbing/install/haha/include/haha/haha/action/detail
[19.663s] -- Installing: /home/ros2/ws01_plumbing/install/haha/include/haha/haha/action/detail/progress__type_support.h
[19.663s] -- Installing: /home/ros2/ws01_plumbing/install/haha/include/haha/haha/action/detail/progress__functions.h
[19.664s] -- Installing: /home/ros2/ws01_plumbing/install/haha/include/haha/haha/action/detail/progress__functions.c
[19.664s] -- Installing: /home/ros2/ws01_plumbing/install/haha/include/haha/haha/action/detail/progress__struct.h
[19.665s] -- Installing: /home/ros2/ws01_plumbing/install/haha/include/haha/haha/action/progress.h
[19.665s] -- Installing: /home/ros2/ws01_plumbing/install/haha/include/haha/haha/msg
[19.666s] -- Installing: /home/ros2/ws01_plumbing/install/haha/include/haha/haha/msg/rosidl_generator_c__visibility_control.h
[19.666s] -- Installing: /home/ros2/ws01_plumbing/install/haha/share/haha/environment/library_path.sh
[19.670s] -- Installing: /home/ros2/ws01_plumbing/install/haha/share/haha/environment/library_path.dsv
[19.670s] -- Installing: /home/ros2/ws01_plumbing/install/haha/lib/libhaha__rosidl_generator_c.so
[19.671s] -- Set runtime path of "/home/ros2/ws01_plumbing/install/haha/lib/libhaha__rosidl_generator_c.so" to ""
[19.671s] -- Up-to-date: /home/ros2/ws01_plumbing/install/haha/include/haha/haha
[19.671s] -- Up-to-date: /home/ros2/ws01_plumbing/install/haha/include/haha/haha/action
[19.672s] -- Up-to-date: /home/ros2/ws01_plumbing/install/haha/include/haha/haha/action/detail
[19.672s] -- Installing: /home/ros2/ws01_plumbing/install/haha/include/haha/haha/action/detail/progress__rosidl_typesupport_fastrtps_c.h
[19.672s] -- Up-to-date: /home/ros2/ws01_plumbing/install/haha/include/haha/haha/msg
[19.672s] -- Installing: /home/ros2/ws01_plumbing/install/haha/include/haha/haha/msg/rosidl_typesupport_fastrtps_c__visibility_control.h
[19.672s] -- Installing: /home/ros2/ws01_plumbing/install/haha/lib/libhaha__rosidl_typesupport_fastrtps_c.so
[19.672s] -- Set runtime path of "/home/ros2/ws01_plumbing/install/haha/lib/libhaha__rosidl_typesupport_fastrtps_c.so" to ""
[19.673s] -- Up-to-date: /home/ros2/ws01_plumbing/install/haha/include/haha/haha
[19.673s] -- Up-to-date: /home/ros2/ws01_plumbing/install/haha/include/haha/haha/action
[19.673s] -- Up-to-date: /home/ros2/ws01_plumbing/install/haha/include/haha/haha/action/detail
[19.674s] -- Installing: /home/ros2/ws01_plumbing/install/haha/include/haha/haha/action/detail/progress__rosidl_typesupport_introspection_c.h
[19.674s] -- Installing: /home/ros2/ws01_plumbing/install/haha/include/haha/haha/action/detail/progress__type_support.c
[19.674s] -- Up-to-date: /home/ros2/ws01_plumbing/install/haha/include/haha/haha/msg
[19.674s] -- Installing: /home/ros2/ws01_plumbing/install/haha/include/haha/haha/msg/rosidl_typesupport_introspection_c__visibility_control.h
[19.675s] -- Installing: /home/ros2/ws01_plumbing/install/haha/lib/libhaha__rosidl_typesupport_introspection_c.so
[19.675s] -- Set runtime path of "/home/ros2/ws01_plumbing/install/haha/lib/libhaha__rosidl_typesupport_introspection_c.so" to ""
[19.676s] -- Installing: /home/ros2/ws01_plumbing/install/haha/lib/libhaha__rosidl_typesupport_c.so
[19.676s] -- Set runtime path of "/home/ros2/ws01_plumbing/install/haha/lib/libhaha__rosidl_typesupport_c.so" to ""
[19.677s] -- Up-to-date: /home/ros2/ws01_plumbing/install/haha/include/haha/haha
[19.677s] -- Up-to-date: /home/ros2/ws01_plumbing/install/haha/include/haha/haha/action
[19.677s] -- Up-to-date: /home/ros2/ws01_plumbing/install/haha/include/haha/haha/action/detail
[19.677s] -- Installing: /home/ros2/ws01_plumbing/install/haha/include/haha/haha/action/detail/progress__builder.hpp
[19.678s] -- Installing: /home/ros2/ws01_plumbing/install/haha/include/haha/haha/action/detail/progress__traits.hpp
[19.678s] -- Installing: /home/ros2/ws01_plumbing/install/haha/include/haha/haha/action/detail/progress__struct.hpp
[19.678s] -- Installing: /home/ros2/ws01_plumbing/install/haha/include/haha/haha/action/progress.hpp
[19.678s] -- Up-to-date: /home/ros2/ws01_plumbing/install/haha/include/haha/haha
[19.678s] -- Up-to-date: /home/ros2/ws01_plumbing/install/haha/include/haha/haha/action
[19.679s] -- Up-to-date: /home/ros2/ws01_plumbing/install/haha/include/haha/haha/action/detail
[19.679s] -- Installing: /home/ros2/ws01_plumbing/install/haha/include/haha/haha/action/detail/progress__rosidl_typesupport_fastrtps_cpp.hpp
[19.680s] -- Installing: /home/ros2/ws01_plumbing/install/haha/include/haha/haha/action/detail/dds_fastrtps
[19.680s] -- Up-to-date: /home/ros2/ws01_plumbing/install/haha/include/haha/haha/msg
[19.680s] -- Installing: /home/ros2/ws01_plumbing/install/haha/include/haha/haha/msg/rosidl_typesupport_fastrtps_cpp__visibility_control.h
[19.680s] -- Installing: /home/ros2/ws01_plumbing/install/haha/lib/libhaha__rosidl_typesupport_fastrtps_cpp.so
[19.680s] -- Set runtime path of "/home/ros2/ws01_plumbing/install/haha/lib/libhaha__rosidl_typesupport_fastrtps_cpp.so" to ""
[19.681s] -- Up-to-date: /home/ros2/ws01_plumbing/install/haha/include/haha/haha
[19.681s] -- Up-to-date: /home/ros2/ws01_plumbing/install/haha/include/haha/haha/action
[19.681s] -- Up-to-date: /home/ros2/ws01_plumbing/install/haha/include/haha/haha/action/detail
[19.681s] -- Installing: /home/ros2/ws01_plumbing/install/haha/include/haha/haha/action/detail/progress__type_support.cpp
[19.682s] -- Installing: /home/ros2/ws01_plumbing/install/haha/include/haha/haha/action/detail/progress__rosidl_typesupport_introspection_cpp.hpp
[19.682s] -- Installing: /home/ros2/ws01_plumbing/install/haha/lib/libhaha__rosidl_typesupport_introspection_cpp.so
[19.689s] -- Set runtime path of "/home/ros2/ws01_plumbing/install/haha/lib/libhaha__rosidl_typesupport_introspection_cpp.so" to ""
[19.690s] -- Installing: /home/ros2/ws01_plumbing/install/haha/lib/libhaha__rosidl_typesupport_cpp.so
[19.690s] -- Set runtime path of "/home/ros2/ws01_plumbing/install/haha/lib/libhaha__rosidl_typesupport_cpp.so" to ""
[19.690s] -- Installing: /home/ros2/ws01_plumbing/install/haha/share/haha/environment/pythonpath.sh
[19.690s] -- Installing: /home/ros2/ws01_plumbing/install/haha/share/haha/environment/pythonpath.dsv
[19.690s] -- Installing: /home/ros2/ws01_plumbing/install/haha/local/lib/python3.10/dist-packages/haha-0.0.0-py3.10.egg-info
[19.690s] -- Installing: /home/ros2/ws01_plumbing/install/haha/local/lib/python3.10/dist-packages/haha-0.0.0-py3.10.egg-info/top_level.txt
[19.691s] -- Installing: /home/ros2/ws01_plumbing/install/haha/local/lib/python3.10/dist-packages/haha-0.0.0-py3.10.egg-info/dependency_links.txt
[19.691s] -- Installing: /home/ros2/ws01_plumbing/install/haha/local/lib/python3.10/dist-packages/haha-0.0.0-py3.10.egg-info/SOURCES.txt
[19.691s] -- Installing: /home/ros2/ws01_plumbing/install/haha/local/lib/python3.10/dist-packages/haha-0.0.0-py3.10.egg-info/PKG-INFO
[19.691s] -- Installing: /home/ros2/ws01_plumbing/install/haha/local/lib/python3.10/dist-packages/haha
[19.691s] -- Installing: /home/ros2/ws01_plumbing/install/haha/local/lib/python3.10/dist-packages/haha/_haha_s.ep.rosidl_typesupport_fastrtps_c.c
[19.691s] -- Installing: /home/ros2/ws01_plumbing/install/haha/local/lib/python3.10/dist-packages/haha/haha_s__rosidl_typesupport_c.cpython-310-x86_64-linux-gnu.so
[19.692s] -- Installing: /home/ros2/ws01_plumbing/install/haha/local/lib/python3.10/dist-packages/haha/action
[19.692s] -- Installing: /home/ros2/ws01_plumbing/install/haha/local/lib/python3.10/dist-packages/haha/action/__init__.py
[19.692s] -- Installing: /home/ros2/ws01_plumbing/install/haha/local/lib/python3.10/dist-packages/haha/action/_progress_s.c
[19.692s] -- Installing: /home/ros2/ws01_plumbing/install/haha/local/lib/python3.10/dist-packages/haha/action/_progress.py
[19.692s] -- Installing: /home/ros2/ws01_plumbing/install/haha/local/lib/python3.10/dist-packages/haha/haha_s__rosidl_typesupport_introspection_c.cpython-310-x86_64-linux-gnu.so
[19.693s] -- Installing: /home/ros2/ws01_plumbing/install/haha/local/lib/python3.10/dist-packages/haha/__init__.py
[19.693s] -- Installing: /home/ros2/ws01_plumbing/install/haha/local/lib/python3.10/dist-packages/haha/_haha_s.ep.rosidl_typesupport_introspection_c.c
[19.693s] -- Installing: /home/ros2/ws01_plumbing/install/haha/local/lib/python3.10/dist-packages/haha/_haha_s.ep.rosidl_typesupport_c.c
[19.693s] -- Installing: /home/ros2/ws01_plumbing/install/haha/local/lib/python3.10/dist-packages/haha/haha_s__rosidl_typesupport_fastrtps_c.cpython-310-x86_64-linux-gnu.so
[19.693s] -- Installing: /home/ros2/ws01_plumbing/install/haha/local/lib/python3.10/dist-packages/haha/libhaha__rosidl_generator_py.so
[19.815s] Listing '/home/ros2/ws01_plumbing/install/haha/local/lib/python3.10/dist-packages/haha'...
[19.815s] Compiling '/home/ros2/ws01_plumbing/install/haha/local/lib/python3.10/dist-packages/haha/__init__.py'...
[19.816s] Listing '/home/ros2/ws01_plumbing/install/haha/local/lib/python3.10/dist-packages/haha/action'...
[19.816s] Compiling '/home/ros2/ws01_plumbing/install/haha/local/lib/python3.10/dist-packages/haha/action/__init__.py'...
[19.816s] Compiling '/home/ros2/ws01_plumbing/install/haha/local/lib/python3.10/dist-packages/haha/action/_progress.py'...
[19.829s] -- Installing: /home/ros2/ws01_plumbing/install/haha/local/lib/python3.10/dist-packages/haha/haha_s__rosidl_typesupport_fastrtps_c.cpython-310-x86_64-linux-gnu.so
[19.830s] -- Set runtime path of "/home/ros2/ws01_plumbing/install/haha/local/lib/python3.10/dist-packages/haha/haha_s__rosidl_typesupport_fastrtps_c.cpython-310-x86_64-linux-gnu.so" to ""
[19.831s] -- Installing: /home/ros2/ws01_plumbing/install/haha/local/lib/python3.10/dist-packages/haha/haha_s__rosidl_typesupport_introspection_c.cpython-310-x86_64-linux-gnu.so
[19.831s] -- Set runtime path of "/home/ros2/ws01_plumbing/install/haha/local/lib/python3.10/dist-packages/haha/haha_s__rosidl_typesupport_introspection_c.cpython-310-x86_64-linux-gnu.so" to ""
[19.832s] -- Installing: /home/ros2/ws01_plumbing/install/haha/local/lib/python3.10/dist-packages/haha/haha_s__rosidl_typesupport_c.cpython-310-x86_64-linux-gnu.so
[19.832s] -- Set runtime path of "/home/ros2/ws01_plumbing/install/haha/local/lib/python3.10/dist-packages/haha/haha_s__rosidl_typesupport_c.cpython-310-x86_64-linux-gnu.so" to ""
[19.832s] -- Installing: /home/ros2/ws01_plumbing/install/haha/lib/libhaha__rosidl_generator_py.so
[19.834s] -- Set runtime path of "/home/ros2/ws01_plumbing/install/haha/lib/libhaha__rosidl_generator_py.so" to ""
[19.835s] -- Installing: /home/ros2/ws01_plumbing/install/haha/share/haha/action/Progress.idl
[19.835s] -- Installing: /home/ros2/ws01_plumbing/install/haha/share/haha/action/Progress.action
[19.836s] -- Installing: /home/ros2/ws01_plumbing/install/haha/share/ament_index/resource_index/package_run_dependencies/haha
[19.837s] -- Installing: /home/ros2/ws01_plumbing/install/haha/share/ament_index/resource_index/parent_prefix_path/haha
[19.837s] -- Installing: /home/ros2/ws01_plumbing/install/haha/share/haha/environment/ament_prefix_path.sh
[19.838s] -- Installing: /home/ros2/ws01_plumbing/install/haha/share/haha/environment/ament_prefix_path.dsv
[19.839s] -- Installing: /home/ros2/ws01_plumbing/install/haha/share/haha/environment/path.sh
[19.840s] -- Installing: /home/ros2/ws01_plumbing/install/haha/share/haha/environment/path.dsv
[19.840s] -- Installing: /home/ros2/ws01_plumbing/install/haha/share/haha/local_setup.bash
[19.840s] -- Installing: /home/ros2/ws01_plumbing/install/haha/share/haha/local_setup.sh
[19.840s] -- Installing: /home/ros2/ws01_plumbing/install/haha/share/haha/local_setup.zsh
[19.841s] -- Installing: /home/ros2/ws01_plumbing/install/haha/share/haha/local_setup.dsv
[19.841s] -- Installing: /home/ros2/ws01_plumbing/install/haha/share/haha/package.dsv
[19.842s] -- Installing: /home/ros2/ws01_plumbing/install/haha/share/ament_index/resource_index/packages/haha
[19.842s] -- Installing: /home/ros2/ws01_plumbing/install/haha/share/haha/cmake/export_haha__rosidl_generator_cExport.cmake
[19.843s] -- Installing: /home/ros2/ws01_plumbing/install/haha/share/haha/cmake/export_haha__rosidl_generator_cExport-noconfig.cmake
[19.843s] -- Installing: /home/ros2/ws01_plumbing/install/haha/share/haha/cmake/export_haha__rosidl_typesupport_fastrtps_cExport.cmake
[19.843s] -- Installing: /home/ros2/ws01_plumbing/install/haha/share/haha/cmake/export_haha__rosidl_typesupport_fastrtps_cExport-noconfig.cmake
[19.844s] -- Installing: /home/ros2/ws01_plumbing/install/haha/share/haha/cmake/haha__rosidl_typesupport_introspection_cExport.cmake
[19.845s] -- Installing: /home/ros2/ws01_plumbing/install/haha/share/haha/cmake/haha__rosidl_typesupport_introspection_cExport-noconfig.cmake
[19.845s] -- Installing: /home/ros2/ws01_plumbing/install/haha/share/haha/cmake/haha__rosidl_typesupport_cExport.cmake
[19.846s] -- Installing: /home/ros2/ws01_plumbing/install/haha/share/haha/cmake/haha__rosidl_typesupport_cExport-noconfig.cmake
[19.846s] -- Installing: /home/ros2/ws01_plumbing/install/haha/share/haha/cmake/export_haha__rosidl_generator_cppExport.cmake
[19.847s] -- Installing: /home/ros2/ws01_plumbing/install/haha/share/haha/cmake/export_haha__rosidl_typesupport_fastrtps_cppExport.cmake
[19.847s] -- Installing: /home/ros2/ws01_plumbing/install/haha/share/haha/cmake/export_haha__rosidl_typesupport_fastrtps_cppExport-noconfig.cmake
[19.847s] -- Installing: /home/ros2/ws01_plumbing/install/haha/share/haha/cmake/haha__rosidl_typesupport_introspection_cppExport.cmake
[19.848s] -- Installing: /home/ros2/ws01_plumbing/install/haha/share/haha/cmake/haha__rosidl_typesupport_introspection_cppExport-noconfig.cmake
[19.848s] -- Installing: /home/ros2/ws01_plumbing/install/haha/share/haha/cmake/haha__rosidl_typesupport_cppExport.cmake
[19.851s] -- Installing: /home/ros2/ws01_plumbing/install/haha/share/haha/cmake/haha__rosidl_typesupport_cppExport-noconfig.cmake
[19.851s] -- Installing: /home/ros2/ws01_plumbing/install/haha/share/haha/cmake/export_haha__rosidl_generator_pyExport.cmake
[19.851s] -- Installing: /home/ros2/ws01_plumbing/install/haha/share/haha/cmake/export_haha__rosidl_generator_pyExport-noconfig.cmake
[19.851s] -- Installing: /home/ros2/ws01_plumbing/install/haha/share/haha/cmake/rosidl_cmake-extras.cmake
[19.852s] -- Installing: /home/ros2/ws01_plumbing/install/haha/share/haha/cmake/ament_cmake_export_dependencies-extras.cmake
[19.853s] -- Installing: /home/ros2/ws01_plumbing/install/haha/share/haha/cmake/ament_cmake_export_include_directories-extras.cmake
[19.853s] -- Installing: /home/ros2/ws01_plumbing/install/haha/share/haha/cmake/ament_cmake_export_libraries-extras.cmake
[19.854s] -- Installing: /home/ros2/ws01_plumbing/install/haha/share/haha/cmake/ament_cmake_export_targets-extras.cmake
[19.855s] -- Installing: /home/ros2/ws01_plumbing/install/haha/share/haha/cmake/rosidl_cmake_export_typesupport_targets-extras.cmake
[19.855s] -- Installing: /home/ros2/ws01_plumbing/install/haha/share/haha/cmake/rosidl_cmake_export_typesupport_libraries-extras.cmake
[19.855s] -- Installing: /home/ros2/ws01_plumbing/install/haha/share/haha/cmake/hahaConfig.cmake
[19.855s] -- Installing: /home/ros2/ws01_plumbing/install/haha/share/haha/cmake/hahaConfig-version.cmake
[19.855s] -- Installing: /home/ros2/ws01_plumbing/install/haha/share/haha/package.xml
[19.858s] Invoked command in '/home/ros2/ws01_plumbing/build/haha' returned '0': CMAKE_PREFIX_PATH=/opt/ros/humble /usr/bin/cmake --install /home/ros2/ws01_plumbing/build/haha
