[2.501s] Invoking command in '/home/ros2/ws01_plumbing/src/py02_service': PYTHONPATH=/home/ros2/ws01_plumbing/install/py02_service/lib/python3.10/site-packages:${PYTHONPATH} /usr/bin/python3 setup.py egg_info --egg-base ../../build/py02_service build --build-base /home/ros2/ws01_plumbing/build/py02_service/build install --prefix /home/ros2/ws01_plumbing/install/py02_service --record /home/ros2/ws01_plumbing/build/py02_service/install.log --single-version-externally-managed
[3.400s] running egg_info
[3.404s] writing ../../build/py02_service/py02_service.egg-info/PKG-INFO
[3.406s] writing dependency_links to ../../build/py02_service/py02_service.egg-info/dependency_links.txt
[3.408s] writing entry points to ../../build/py02_service/py02_service.egg-info/entry_points.txt
[3.410s] writing requirements to ../../build/py02_service/py02_service.egg-info/requires.txt
[3.412s] writing top-level names to ../../build/py02_service/py02_service.egg-info/top_level.txt
[3.422s] reading manifest file '../../build/py02_service/py02_service.egg-info/SOURCES.txt'
[3.426s] writing manifest file '../../build/py02_service/py02_service.egg-info/SOURCES.txt'
[3.427s] running build
[3.427s] running build_py
[3.428s] copying py02_service/demo02_client_py.py -> /home/ros2/ws01_plumbing/build/py02_service/build/lib/py02_service
[3.429s] running install
[3.430s] /usr/lib/python3/dist-packages/setuptools/command/install.py:34: SetuptoolsDeprecationWarning: setup.py install is deprecated. Use build and pip and other standards-based tools.
[3.431s]   warnings.warn(
[3.433s] running install_lib
[3.435s] copying /home/ros2/ws01_plumbing/build/py02_service/build/lib/py02_service/demo02_client_py.py -> /home/ros2/ws01_plumbing/install/py02_service/lib/python3.10/site-packages/py02_service
[3.437s] byte-compiling /home/ros2/ws01_plumbing/install/py02_service/lib/python3.10/site-packages/py02_service/demo02_client_py.py to demo02_client_py.cpython-310.pyc
[3.440s] running install_data
[3.442s] running install_egg_info
[3.446s] removing '/home/ros2/ws01_plumbing/install/py02_service/lib/python3.10/site-packages/py02_service-0.0.0-py3.10.egg-info' (and everything under it)
[3.447s] Copying ../../build/py02_service/py02_service.egg-info to /home/ros2/ws01_plumbing/install/py02_service/lib/python3.10/site-packages/py02_service-0.0.0-py3.10.egg-info
[3.449s] running install_scripts
[3.538s] Installing demo01_server_py script to /home/ros2/ws01_plumbing/install/py02_service/lib/py02_service
[3.540s] Installing demo02_client_py script to /home/ros2/ws01_plumbing/install/py02_service/lib/py02_service
[3.542s] writing list of installed files to '/home/ros2/ws01_plumbing/build/py02_service/install.log'
[3.631s] Invoked command in '/home/ros2/ws01_plumbing/src/py02_service' returned '0': PYTHONPATH=/home/ros2/ws01_plumbing/install/py02_service/lib/python3.10/site-packages:${PYTHONPATH} /usr/bin/python3 setup.py egg_info --egg-base ../../build/py02_service build --build-base /home/ros2/ws01_plumbing/build/py02_service/build install --prefix /home/ros2/ws01_plumbing/install/py02_service --record /home/ros2/ws01_plumbing/build/py02_service/install.log --single-version-externally-managed
