[0.061s] Invoking command in '/home/ros2/ws01_plumbing/build/cpp07_exercise': CMAKE_PREFIX_PATH=/home/ros2/ws01_plumbing/install/base_interfaces_demo:/home/ros2/ws01_plumbing/install/tutorails_plumbing:/home/ros2/ws01_plumbing/install/cpp07_exercise:/home/ros2/ws01_plumbing/install/cpp06_time:/home/ros2/ws01_plumbing/install/cpp05_names:/home/ros2/ws01_plumbing/install/cpp04_param:/home/ros2/ws01_plumbing/install/cpp03_action:/home/ros2/ws01_plumbing/install/cpp02_service:/home/ros2/ws01_plumbing/install/cpp01_topic:/home/ros2/ws01_plumbing/install/py06_time:/home/ros2/ws01_plumbing/install/py05_names:/home/ros2/ws01_plumbing/install/py04_param:/home/ros2/ws01_plumbing/install/py03_action:/home/ros2/ws01_plumbing/install/py02_service:/home/ros2/ws01_plumbing/install/py01_topic:/opt/ros/humble /usr/bin/cmake --build /home/ros2/ws01_plumbing/build/cpp07_exercise -- -j4 -l4
[0.329s] [100%] Built target exer01_pub_sub
[0.380s] Invoked command in '/home/ros2/ws01_plumbing/build/cpp07_exercise' returned '0': CMAKE_PREFIX_PATH=/home/ros2/ws01_plumbing/install/base_interfaces_demo:/home/ros2/ws01_plumbing/install/tutorails_plumbing:/home/ros2/ws01_plumbing/install/cpp07_exercise:/home/ros2/ws01_plumbing/install/cpp06_time:/home/ros2/ws01_plumbing/install/cpp05_names:/home/ros2/ws01_plumbing/install/cpp04_param:/home/ros2/ws01_plumbing/install/cpp03_action:/home/ros2/ws01_plumbing/install/cpp02_service:/home/ros2/ws01_plumbing/install/cpp01_topic:/home/ros2/ws01_plumbing/install/py06_time:/home/ros2/ws01_plumbing/install/py05_names:/home/ros2/ws01_plumbing/install/py04_param:/home/ros2/ws01_plumbing/install/py03_action:/home/ros2/ws01_plumbing/install/py02_service:/home/ros2/ws01_plumbing/install/py01_topic:/opt/ros/humble /usr/bin/cmake --build /home/ros2/ws01_plumbing/build/cpp07_exercise -- -j4 -l4
[0.573s] Invoking command in '/home/ros2/ws01_plumbing/build/cpp07_exercise': CMAKE_PREFIX_PATH=/home/ros2/ws01_plumbing/install/base_interfaces_demo:/home/ros2/ws01_plumbing/install/tutorails_plumbing:/home/ros2/ws01_plumbing/install/cpp07_exercise:/home/ros2/ws01_plumbing/install/cpp06_time:/home/ros2/ws01_plumbing/install/cpp05_names:/home/ros2/ws01_plumbing/install/cpp04_param:/home/ros2/ws01_plumbing/install/cpp03_action:/home/ros2/ws01_plumbing/install/cpp02_service:/home/ros2/ws01_plumbing/install/cpp01_topic:/home/ros2/ws01_plumbing/install/py06_time:/home/ros2/ws01_plumbing/install/py05_names:/home/ros2/ws01_plumbing/install/py04_param:/home/ros2/ws01_plumbing/install/py03_action:/home/ros2/ws01_plumbing/install/py02_service:/home/ros2/ws01_plumbing/install/py01_topic:/opt/ros/humble /usr/bin/cmake --install /home/ros2/ws01_plumbing/build/cpp07_exercise
[0.608s] -- Install configuration: ""
[0.611s] -- Up-to-date: /home/ros2/ws01_plumbing/install/cpp07_exercise/lib/cpp07_exercise/exer01_pub_sub
[0.614s] -- Up-to-date: /home/ros2/ws01_plumbing/install/cpp07_exercise/share/cpp07_exercise/launch
[0.615s] -- Installing: /home/ros2/ws01_plumbing/install/cpp07_exercise/share/cpp07_exercise/launch/exer01_pub_sub_launch.py
[0.615s] -- Up-to-date: /home/ros2/ws01_plumbing/install/cpp07_exercise/share/ament_index/resource_index/package_run_dependencies/cpp07_exercise
[0.621s] -- Up-to-date: /home/ros2/ws01_plumbing/install/cpp07_exercise/share/ament_index/resource_index/parent_prefix_path/cpp07_exercise
[0.621s] -- Up-to-date: /home/ros2/ws01_plumbing/install/cpp07_exercise/share/cpp07_exercise/environment/ament_prefix_path.sh
[0.622s] -- Up-to-date: /home/ros2/ws01_plumbing/install/cpp07_exercise/share/cpp07_exercise/environment/ament_prefix_path.dsv
[0.622s] -- Up-to-date: /home/ros2/ws01_plumbing/install/cpp07_exercise/share/cpp07_exercise/environment/path.sh
[0.622s] -- Up-to-date: /home/ros2/ws01_plumbing/install/cpp07_exercise/share/cpp07_exercise/environment/path.dsv
[0.622s] -- Up-to-date: /home/ros2/ws01_plumbing/install/cpp07_exercise/share/cpp07_exercise/local_setup.bash
[0.623s] -- Up-to-date: /home/ros2/ws01_plumbing/install/cpp07_exercise/share/cpp07_exercise/local_setup.sh
[0.623s] -- Up-to-date: /home/ros2/ws01_plumbing/install/cpp07_exercise/share/cpp07_exercise/local_setup.zsh
[0.624s] -- Up-to-date: /home/ros2/ws01_plumbing/install/cpp07_exercise/share/cpp07_exercise/local_setup.dsv
[0.628s] -- Up-to-date: /home/ros2/ws01_plumbing/install/cpp07_exercise/share/cpp07_exercise/package.dsv
[0.629s] -- Up-to-date: /home/ros2/ws01_plumbing/install/cpp07_exercise/share/ament_index/resource_index/packages/cpp07_exercise
[0.629s] -- Up-to-date: /home/ros2/ws01_plumbing/install/cpp07_exercise/share/cpp07_exercise/cmake/cpp07_exerciseConfig.cmake
[0.630s] -- Up-to-date: /home/ros2/ws01_plumbing/install/cpp07_exercise/share/cpp07_exercise/cmake/cpp07_exerciseConfig-version.cmake
[0.631s] -- Up-to-date: /home/ros2/ws01_plumbing/install/cpp07_exercise/share/cpp07_exercise/package.xml
[0.649s] Invoked command in '/home/ros2/ws01_plumbing/build/cpp07_exercise' returned '0': CMAKE_PREFIX_PATH=/home/ros2/ws01_plumbing/install/base_interfaces_demo:/home/ros2/ws01_plumbing/install/tutorails_plumbing:/home/ros2/ws01_plumbing/install/cpp07_exercise:/home/ros2/ws01_plumbing/install/cpp06_time:/home/ros2/ws01_plumbing/install/cpp05_names:/home/ros2/ws01_plumbing/install/cpp04_param:/home/ros2/ws01_plumbing/install/cpp03_action:/home/ros2/ws01_plumbing/install/cpp02_service:/home/ros2/ws01_plumbing/install/cpp01_topic:/home/ros2/ws01_plumbing/install/py06_time:/home/ros2/ws01_plumbing/install/py05_names:/home/ros2/ws01_plumbing/install/py04_param:/home/ros2/ws01_plumbing/install/py03_action:/home/ros2/ws01_plumbing/install/py02_service:/home/ros2/ws01_plumbing/install/py01_topic:/opt/ros/humble /usr/bin/cmake --install /home/ros2/ws01_plumbing/build/cpp07_exercise
