[0.064s] Invoking command in '/home/ros2/ws00_helloworld/build/turtlesim': CMAKE_PREFIX_PATH=${CMAKE_PREFIX_PATH}:/home/ros2/ws00_helloworld/install/pkg02_helloworld_py:/opt/ros/humble /usr/bin/cmake /home/ros2/ws00_helloworld/src/turtlesim -DCMAKE_INSTALL_PREFIX=/home/ros2/ws00_helloworld/install/turtlesim
[3.725s] -- The C compiler identification is GNU 11.2.0
[5.520s] -- The CXX compiler identification is GNU 11.2.0
[5.761s] -- Detecting C compiler ABI info
[6.519s] -- Detecting C compiler ABI info - done
[6.547s] -- Check for working C compiler: /usr/bin/cc - skipped
[6.552s] -- Detecting C compile features
[6.593s] -- Detecting C compile features - done
[6.615s] -- Detecting CXX compiler ABI info
[7.341s] -- Detecting CXX compiler ABI info - done
[7.372s] -- Check for working CXX compiler: /usr/bin/c++ - skipped
[7.373s] -- Detecting CXX compile features
[7.375s] -- Detecting CXX compile features - done
[8.020s] -- Found ament_cmake: 1.3.2 (/opt/ros/humble/share/ament_cmake/cmake)
[9.107s] -- Found Python3: /usr/bin/python3.10 (found version "3.10.4") found components: Interpreter 
[10.930s] -- Found ament_index_cpp: 1.4.0 (/opt/ros/humble/share/ament_index_cpp/cmake)
[11.041s] -- Found geometry_msgs: 4.2.2 (/opt/ros/humble/share/geometry_msgs/cmake)
[12.191s] -- Found rosidl_generator_c: 3.1.3 (/opt/ros/humble/share/rosidl_generator_c/cmake)
[12.283s] -- Found rosidl_adapter: 3.1.3 (/opt/ros/humble/share/rosidl_adapter/cmake)
[12.407s] -- Found rosidl_generator_cpp: 3.1.3 (/opt/ros/humble/share/rosidl_generator_cpp/cmake)
[12.658s] -- Using all available rosidl_typesupport_c: rosidl_typesupport_fastrtps_c;rosidl_typesupport_introspection_c
[12.946s] -- Using all available rosidl_typesupport_cpp: rosidl_typesupport_fastrtps_cpp;rosidl_typesupport_introspection_cpp
[14.600s] -- Found rclcpp: 16.0.1 (/opt/ros/humble/share/rclcpp/cmake)
[15.702s] -- Found rmw_implementation_cmake: 6.1.0 (/opt/ros/humble/share/rmw_implementation_cmake/cmake)
[15.769s] -- Found rmw_fastrtps_cpp: 6.2.1 (/opt/ros/humble/share/rmw_fastrtps_cpp/cmake)
[17.327s] -- Found OpenSSL: /usr/lib/x86_64-linux-gnu/libcrypto.so (found version "3.0.2")  
[17.530s] -- Found FastRTPS: /opt/ros/humble/include  
[17.741s] -- Using RMW implementation 'rmw_fastrtps_cpp' as default
[18.701s] -- Found rclcpp_action: 16.0.1 (/opt/ros/humble/share/rclcpp_action/cmake)
[19.656s] -- Found rosidl_default_generators: 1.2.0 (/opt/ros/humble/share/rosidl_default_generators/cmake)
[19.856s] -- Found std_srvs: 4.2.2 (/opt/ros/humble/share/std_srvs/cmake)
[22.192s] -- Found ament_cmake_ros: 0.10.0 (/opt/ros/humble/share/ament_cmake_ros/cmake)
[24.000s] -- Using all available rosidl_typesupport_c: rosidl_typesupport_fastrtps_c;rosidl_typesupport_introspection_c
[24.735s] -- Using all available rosidl_typesupport_cpp: rosidl_typesupport_fastrtps_cpp;rosidl_typesupport_introspection_cpp
[24.856s] -- Found PythonInterp: /usr/bin/python3 (found suitable version "3.10.4", minimum required is "3.6") 
[24.904s] -- Found python_cmake_module: 0.10.0 (/opt/ros/humble/share/python_cmake_module/cmake)
[25.179s] -- Found PythonLibs: /usr/lib/x86_64-linux-gnu/libpython3.10.so (found suitable version "3.10.4", minimum required is "3.5") 
[25.180s] -- Using PYTHON_EXECUTABLE: /usr/bin/python3
[25.180s] -- Using PYTHON_INCLUDE_DIRS: /usr/include/python3.10
[25.181s] -- Using PYTHON_LIBRARIES: /usr/lib/x86_64-linux-gnu/libpython3.10.so
[25.273s] -- Found PythonExtra: .so  
[25.753s] -- Configuring done
[26.131s] -- Generating done
[26.148s] -- Build files have been written to: /home/ros2/ws00_helloworld/build/turtlesim
[26.219s] Invoked command in '/home/ros2/ws00_helloworld/build/turtlesim' returned '0': CMAKE_PREFIX_PATH=${CMAKE_PREFIX_PATH}:/home/ros2/ws00_helloworld/install/pkg02_helloworld_py:/opt/ros/humble /usr/bin/cmake /home/ros2/ws00_helloworld/src/turtlesim -DCMAKE_INSTALL_PREFIX=/home/ros2/ws00_helloworld/install/turtlesim
[26.222s] Invoking command in '/home/ros2/ws00_helloworld/build/turtlesim': CMAKE_PREFIX_PATH=${CMAKE_PREFIX_PATH}:/home/ros2/ws00_helloworld/install/pkg02_helloworld_py:/opt/ros/humble /usr/bin/cmake --build /home/ros2/ws00_helloworld/build/turtlesim -- -j4 -l4
[26.537s] [  1%] [34m[1mGenerating C++ code for ROS interfaces[0m
[31.344s] [  1%] Built target turtlesim__cpp
[31.499s] [  1%] Built target ament_cmake_python_copy_turtlesim
[31.546s] [  2%] [34m[1mGenerating C++ type support for eProsima Fast-RTPS[0m
[35.175s] [  3%] [32mBuilding CXX object CMakeFiles/turtlesim__rosidl_typesupport_fastrtps_cpp.dir/rosidl_typesupport_fastrtps_cpp/turtlesim/action/detail/dds_fastrtps/rotate_absolute__type_support.cpp.o[0m
[41.316s] [  4%] [32mBuilding CXX object CMakeFiles/turtlesim__rosidl_typesupport_fastrtps_cpp.dir/rosidl_typesupport_fastrtps_cpp/turtlesim/msg/detail/dds_fastrtps/color__type_support.cpp.o[0m
[43.864s] [  5%] [32mBuilding CXX object CMakeFiles/turtlesim__rosidl_typesupport_fastrtps_cpp.dir/rosidl_typesupport_fastrtps_cpp/turtlesim/msg/detail/dds_fastrtps/pose__type_support.cpp.o[0m
[45.627s] [  6%] [32mBuilding CXX object CMakeFiles/turtlesim__rosidl_typesupport_fastrtps_cpp.dir/rosidl_typesupport_fastrtps_cpp/turtlesim/srv/detail/dds_fastrtps/kill__type_support.cpp.o[0m
[47.343s] [  7%] [32mBuilding CXX object CMakeFiles/turtlesim__rosidl_typesupport_fastrtps_cpp.dir/rosidl_typesupport_fastrtps_cpp/turtlesim/srv/detail/dds_fastrtps/set_pen__type_support.cpp.o[0m
[48.894s] [  8%] [32mBuilding CXX object CMakeFiles/turtlesim__rosidl_typesupport_fastrtps_cpp.dir/rosidl_typesupport_fastrtps_cpp/turtlesim/srv/detail/dds_fastrtps/spawn__type_support.cpp.o[0m
[50.381s] [  9%] [32mBuilding CXX object CMakeFiles/turtlesim__rosidl_typesupport_fastrtps_cpp.dir/rosidl_typesupport_fastrtps_cpp/turtlesim/srv/detail/dds_fastrtps/teleport_absolute__type_support.cpp.o[0m
[50.541s] gmake[2]: *** [CMakeFiles/turtlesim__rosidl_typesupport_fastrtps_cpp.dir/build.make:231: CMakeFiles/turtlesim__rosidl_typesupport_fastrtps_cpp.dir/rosidl_typesupport_fastrtps_cpp/turtlesim/srv/detail/dds_fastrtps/teleport_absolute__type_support.cpp.o] 中断
[50.543s] gmake[1]: *** [CMakeFiles/Makefile2:299: CMakeFiles/turtlesim__rosidl_typesupport_fastrtps_cpp.dir/all] 中断
[50.543s] gmake: *** [Makefile:146: all] 中断
[50.554s] Invoked command in '/home/ros2/ws00_helloworld/build/turtlesim' returned '-2': CMAKE_PREFIX_PATH=${CMAKE_PREFIX_PATH}:/home/ros2/ws00_helloworld/install/pkg02_helloworld_py:/opt/ros/humble /usr/bin/cmake --build /home/ros2/ws00_helloworld/build/turtlesim -- -j4 -l4
