[0.347s] Invoking command in '/home/ros2/ws00_helloworld/build/pkg01_helloworld_cpp': CMAKE_PREFIX_PATH=/opt/ros/humble /usr/bin/cmake --build /home/ros2/ws00_helloworld/build/pkg01_helloworld_cpp -- -j4 -l4
[1.791s] [ 50%] [32mBuilding CXX object CMakeFiles/helloworld.dir/src/helloworld.cpp.o[0m
[24.646s] [100%] [32m[1mLinking CXX executable helloworld[0m
[26.475s] [100%] Built target helloworld
[26.546s] Invoked command in '/home/ros2/ws00_helloworld/build/pkg01_helloworld_cpp' returned '0': CMAKE_PREFIX_PATH=/opt/ros/humble /usr/bin/cmake --build /home/ros2/ws00_helloworld/build/pkg01_helloworld_cpp -- -j4 -l4
[26.767s] Invoking command in '/home/ros2/ws00_helloworld/build/pkg01_helloworld_cpp': CMAKE_PREFIX_PATH=/opt/ros/humble /usr/bin/cmake --install /home/ros2/ws00_helloworld/build/pkg01_helloworld_cpp
[26.872s] -- Install configuration: ""
[26.919s] -- Installing: /home/ros2/ws00_helloworld/install/pkg01_helloworld_cpp/lib/pkg01_helloworld_cpp/helloworld
[26.920s] -- Set runtime path of "/home/ros2/ws00_helloworld/install/pkg01_helloworld_cpp/lib/pkg01_helloworld_cpp/helloworld" to ""
[26.920s] -- Up-to-date: /home/ros2/ws00_helloworld/install/pkg01_helloworld_cpp/share/ament_index/resource_index/package_run_dependencies/pkg01_helloworld_cpp
[26.921s] -- Up-to-date: /home/ros2/ws00_helloworld/install/pkg01_helloworld_cpp/share/ament_index/resource_index/parent_prefix_path/pkg01_helloworld_cpp
[26.921s] -- Up-to-date: /home/ros2/ws00_helloworld/install/pkg01_helloworld_cpp/share/pkg01_helloworld_cpp/environment/ament_prefix_path.sh
[26.921s] -- Up-to-date: /home/ros2/ws00_helloworld/install/pkg01_helloworld_cpp/share/pkg01_helloworld_cpp/environment/ament_prefix_path.dsv
[26.921s] -- Up-to-date: /home/ros2/ws00_helloworld/install/pkg01_helloworld_cpp/share/pkg01_helloworld_cpp/environment/path.sh
[26.922s] -- Up-to-date: /home/ros2/ws00_helloworld/install/pkg01_helloworld_cpp/share/pkg01_helloworld_cpp/environment/path.dsv
[26.926s] -- Up-to-date: /home/ros2/ws00_helloworld/install/pkg01_helloworld_cpp/share/pkg01_helloworld_cpp/local_setup.bash
[26.932s] -- Up-to-date: /home/ros2/ws00_helloworld/install/pkg01_helloworld_cpp/share/pkg01_helloworld_cpp/local_setup.sh
[26.932s] -- Up-to-date: /home/ros2/ws00_helloworld/install/pkg01_helloworld_cpp/share/pkg01_helloworld_cpp/local_setup.zsh
[26.932s] -- Up-to-date: /home/ros2/ws00_helloworld/install/pkg01_helloworld_cpp/share/pkg01_helloworld_cpp/local_setup.dsv
[26.932s] -- Installing: /home/ros2/ws00_helloworld/install/pkg01_helloworld_cpp/share/pkg01_helloworld_cpp/package.dsv
[26.941s] -- Up-to-date: /home/ros2/ws00_helloworld/install/pkg01_helloworld_cpp/share/ament_index/resource_index/packages/pkg01_helloworld_cpp
[26.942s] -- Up-to-date: /home/ros2/ws00_helloworld/install/pkg01_helloworld_cpp/share/pkg01_helloworld_cpp/cmake/pkg01_helloworld_cppConfig.cmake
[26.944s] -- Up-to-date: /home/ros2/ws00_helloworld/install/pkg01_helloworld_cpp/share/pkg01_helloworld_cpp/cmake/pkg01_helloworld_cppConfig-version.cmake
[26.944s] -- Up-to-date: /home/ros2/ws00_helloworld/install/pkg01_helloworld_cpp/share/pkg01_helloworld_cpp/package.xml
[26.955s] Invoked command in '/home/ros2/ws00_helloworld/build/pkg01_helloworld_cpp' returned '0': CMAKE_PREFIX_PATH=/opt/ros/humble /usr/bin/cmake --install /home/ros2/ws00_helloworld/build/pkg01_helloworld_cpp
