[0.754s] Invoking command in '/home/ros2/ws01_plumbing/src/py06_time': PYTHONPATH=/home/ros2/ws01_plumbing/install/py06_time/lib/python3.10/site-packages:${PYTHONPATH} /usr/bin/python3 setup.py egg_info --egg-base ../../build/py06_time build --build-base /home/ros2/ws01_plumbing/build/py06_time/build install --prefix /home/ros2/ws01_plumbing/install/py06_time --record /home/ros2/ws01_plumbing/build/py06_time/install.log --single-version-externally-managed
[1.036s] running egg_info
[1.037s] writing ../../build/py06_time/py06_time.egg-info/PKG-INFO
[1.039s] writing dependency_links to ../../build/py06_time/py06_time.egg-info/dependency_links.txt
[1.039s] writing entry points to ../../build/py06_time/py06_time.egg-info/entry_points.txt
[1.040s] writing requirements to ../../build/py06_time/py06_time.egg-info/requires.txt
[1.040s] writing top-level names to ../../build/py06_time/py06_time.egg-info/top_level.txt
[1.043s] reading manifest file '../../build/py06_time/py06_time.egg-info/SOURCES.txt'
[1.045s] writing manifest file '../../build/py06_time/py06_time.egg-info/SOURCES.txt'
[1.046s] running build
[1.047s] running build_py
[1.047s] copying py06_time/demo01_rate.py -> /home/ros2/ws01_plumbing/build/py06_time/build/lib/py06_time
[1.048s] running install
[1.049s] /usr/lib/python3/dist-packages/setuptools/command/install.py:34: SetuptoolsDeprecationWarning: setup.py install is deprecated. Use build and pip and other standards-based tools.
[1.049s]   warnings.warn(
[1.050s] running install_lib
[1.051s] copying /home/ros2/ws01_plumbing/build/py06_time/build/lib/py06_time/demo01_rate.py -> /home/ros2/ws01_plumbing/install/py06_time/lib/python3.10/site-packages/py06_time
[1.052s] byte-compiling /home/ros2/ws01_plumbing/install/py06_time/lib/python3.10/site-packages/py06_time/demo01_rate.py to demo01_rate.cpython-310.pyc
[1.053s] running install_data
[1.054s] running install_egg_info
[1.056s] removing '/home/ros2/ws01_plumbing/install/py06_time/lib/python3.10/site-packages/py06_time-0.0.0-py3.10.egg-info' (and everything under it)
[1.057s] Copying ../../build/py06_time/py06_time.egg-info to /home/ros2/ws01_plumbing/install/py06_time/lib/python3.10/site-packages/py06_time-0.0.0-py3.10.egg-info
[1.058s] running install_scripts
[1.083s] Installing demo01_rate script to /home/ros2/ws01_plumbing/install/py06_time/lib/py06_time
[1.084s] writing list of installed files to '/home/ros2/ws01_plumbing/build/py06_time/install.log'
[1.117s] Invoked command in '/home/ros2/ws01_plumbing/src/py06_time' returned '0': PYTHONPATH=/home/ros2/ws01_plumbing/install/py06_time/lib/python3.10/site-packages:${PYTHONPATH} /usr/bin/python3 setup.py egg_info --egg-base ../../build/py06_time build --build-base /home/ros2/ws01_plumbing/build/py06_time/build install --prefix /home/ros2/ws01_plumbing/install/py06_time --record /home/ros2/ws01_plumbing/build/py06_time/install.log --single-version-externally-managed
