[0.059s] Invoking command in '/home/ros2/ws01_plumbing/build/cpp01_topic': AMENT_PREFIX_PATH=/home/ros2/ws01_plumbing/install/base_interfaces_demo:${AMENT_PREFIX_PATH} CMAKE_PREFIX_PATH=/home/ros2/ws01_plumbing/install/base_interfaces_demo:/opt/ros/humble /usr/bin/cmake /home/ros2/ws01_plumbing/src/cpp01_topic -DCMAKE_INSTALL_PREFIX=/home/ros2/ws01_plumbing/install/cpp01_topic
[1.548s] -- The C compiler identification is GNU 11.2.0
[2.636s] -- The CXX compiler identification is GNU 11.2.0
[2.845s] -- Detecting C compiler ABI info
[3.305s] -- Detecting C compiler ABI info - done
[3.345s] -- Check for working C compiler: /usr/bin/cc - skipped
[3.349s] -- Detecting C compile features
[3.365s] -- Detecting C compile features - done
[3.390s] -- Detecting CXX compiler ABI info
[3.762s] -- Detecting CXX compiler ABI info - done
[3.800s] -- Check for working CXX compiler: /usr/bin/c++ - skipped
[3.800s] -- Detecting CXX compile features
[3.804s] -- Detecting CXX compile features - done
[4.155s] -- Found ament_cmake: 1.3.2 (/opt/ros/humble/share/ament_cmake/cmake)
[5.179s] -- Found Python3: /usr/bin/python3.10 (found version "3.10.4") found components: Interpreter 
[5.986s] -- Found rclcpp: 16.0.1 (/opt/ros/humble/share/rclcpp/cmake)
[6.755s] -- Found rosidl_generator_c: 3.1.3 (/opt/ros/humble/share/rosidl_generator_c/cmake)
[6.798s] -- Found rosidl_adapter: 3.1.3 (/opt/ros/humble/share/rosidl_adapter/cmake)
[6.900s] -- Found rosidl_generator_cpp: 3.1.3 (/opt/ros/humble/share/rosidl_generator_cpp/cmake)
[7.075s] -- Using all available rosidl_typesupport_c: rosidl_typesupport_fastrtps_c;rosidl_typesupport_introspection_c
[7.229s] -- Using all available rosidl_typesupport_cpp: rosidl_typesupport_fastrtps_cpp;rosidl_typesupport_introspection_cpp
[7.753s] -- Found rmw_implementation_cmake: 6.1.0 (/opt/ros/humble/share/rmw_implementation_cmake/cmake)
[7.775s] -- Found rmw_fastrtps_cpp: 6.2.1 (/opt/ros/humble/share/rmw_fastrtps_cpp/cmake)
[8.581s] -- Found OpenSSL: /usr/lib/x86_64-linux-gnu/libcrypto.so (found version "3.0.2")  
[8.702s] -- Found FastRTPS: /opt/ros/humble/include  
[8.871s] -- Using RMW implementation 'rmw_fastrtps_cpp' as default
[9.830s] -- Found base_interfaces_demo: 0.0.0 (/home/ros2/ws01_plumbing/install/base_interfaces_demo/share/base_interfaces_demo/cmake)
[9.853s] -- Found ament_lint_auto: 0.12.4 (/opt/ros/humble/share/ament_lint_auto/cmake)
[10.328s] -- Added test 'cppcheck' to perform static code analysis on C / C++ code
[10.329s] -- Configured cppcheck include dirs: $<BUILD_INTERFACE:/home/ros2/ws01_plumbing/src/cpp01_topic/include>
[10.329s] -- Configured cppcheck exclude dirs and/or files: 
[10.334s] -- Added test 'lint_cmake' to check CMake code style
[10.342s] -- Added test 'uncrustify' to check C / C++ code style
[10.342s] -- Configured uncrustify additional arguments: 
[10.346s] -- Added test 'xmllint' to check XML markup files
[10.354s] -- Configuring done
[10.451s] -- Generating done
[10.458s] -- Build files have been written to: /home/ros2/ws01_plumbing/build/cpp01_topic
[10.502s] Invoked command in '/home/ros2/ws01_plumbing/build/cpp01_topic' returned '0': AMENT_PREFIX_PATH=/home/ros2/ws01_plumbing/install/base_interfaces_demo:${AMENT_PREFIX_PATH} CMAKE_PREFIX_PATH=/home/ros2/ws01_plumbing/install/base_interfaces_demo:/opt/ros/humble /usr/bin/cmake /home/ros2/ws01_plumbing/src/cpp01_topic -DCMAKE_INSTALL_PREFIX=/home/ros2/ws01_plumbing/install/cpp01_topic
[10.505s] Invoking command in '/home/ros2/ws01_plumbing/build/cpp01_topic': AMENT_PREFIX_PATH=/home/ros2/ws01_plumbing/install/base_interfaces_demo:${AMENT_PREFIX_PATH} CMAKE_PREFIX_PATH=/home/ros2/ws01_plumbing/install/base_interfaces_demo:/opt/ros/humble /usr/bin/cmake --build /home/ros2/ws01_plumbing/build/cpp01_topic -- -j4 -l4
[10.716s] [ 50%] [32mBuilding CXX object CMakeFiles/demo01_talker_str.dir/src/demo01_talker_str.cpp.o[0m
[24.254s] [100%] [32m[1mLinking CXX executable demo01_talker_str[0m
[25.376s] [100%] Built target demo01_talker_str
[25.414s] Invoked command in '/home/ros2/ws01_plumbing/build/cpp01_topic' returned '0': AMENT_PREFIX_PATH=/home/ros2/ws01_plumbing/install/base_interfaces_demo:${AMENT_PREFIX_PATH} CMAKE_PREFIX_PATH=/home/ros2/ws01_plumbing/install/base_interfaces_demo:/opt/ros/humble /usr/bin/cmake --build /home/ros2/ws01_plumbing/build/cpp01_topic -- -j4 -l4
[25.545s] Invoking command in '/home/ros2/ws01_plumbing/build/cpp01_topic': AMENT_PREFIX_PATH=/home/ros2/ws01_plumbing/install/base_interfaces_demo:${AMENT_PREFIX_PATH} CMAKE_PREFIX_PATH=/home/ros2/ws01_plumbing/install/base_interfaces_demo:/opt/ros/humble /usr/bin/cmake --install /home/ros2/ws01_plumbing/build/cpp01_topic
[25.591s] -- Install configuration: ""
[25.593s] -- Installing: /home/ros2/ws01_plumbing/install/cpp01_topic/lib/cpp01_topic/demo01_talker_str
[25.595s] -- Set runtime path of "/home/ros2/ws01_plumbing/install/cpp01_topic/lib/cpp01_topic/demo01_talker_str" to ""
[25.596s] -- Installing: /home/ros2/ws01_plumbing/install/cpp01_topic/share/ament_index/resource_index/package_run_dependencies/cpp01_topic
[25.602s] -- Installing: /home/ros2/ws01_plumbing/install/cpp01_topic/share/ament_index/resource_index/parent_prefix_path/cpp01_topic
[25.602s] -- Installing: /home/ros2/ws01_plumbing/install/cpp01_topic/share/cpp01_topic/environment/ament_prefix_path.sh
[25.606s] -- Installing: /home/ros2/ws01_plumbing/install/cpp01_topic/share/cpp01_topic/environment/ament_prefix_path.dsv
[25.607s] -- Installing: /home/ros2/ws01_plumbing/install/cpp01_topic/share/cpp01_topic/environment/path.sh
[25.607s] -- Installing: /home/ros2/ws01_plumbing/install/cpp01_topic/share/cpp01_topic/environment/path.dsv
[25.608s] -- Installing: /home/ros2/ws01_plumbing/install/cpp01_topic/share/cpp01_topic/local_setup.bash
[25.610s] -- Installing: /home/ros2/ws01_plumbing/install/cpp01_topic/share/cpp01_topic/local_setup.sh
[25.610s] -- Installing: /home/ros2/ws01_plumbing/install/cpp01_topic/share/cpp01_topic/local_setup.zsh
[25.611s] -- Installing: /home/ros2/ws01_plumbing/install/cpp01_topic/share/cpp01_topic/local_setup.dsv
[25.611s] -- Installing: /home/ros2/ws01_plumbing/install/cpp01_topic/share/cpp01_topic/package.dsv
[25.612s] -- Installing: /home/ros2/ws01_plumbing/install/cpp01_topic/share/ament_index/resource_index/packages/cpp01_topic
[25.612s] -- Installing: /home/ros2/ws01_plumbing/install/cpp01_topic/share/cpp01_topic/cmake/cpp01_topicConfig.cmake
[25.613s] -- Installing: /home/ros2/ws01_plumbing/install/cpp01_topic/share/cpp01_topic/cmake/cpp01_topicConfig-version.cmake
[25.613s] -- Installing: /home/ros2/ws01_plumbing/install/cpp01_topic/share/cpp01_topic/package.xml
[25.623s] Invoked command in '/home/ros2/ws01_plumbing/build/cpp01_topic' returned '0': AMENT_PREFIX_PATH=/home/ros2/ws01_plumbing/install/base_interfaces_demo:${AMENT_PREFIX_PATH} CMAKE_PREFIX_PATH=/home/ros2/ws01_plumbing/install/base_interfaces_demo:/opt/ros/humble /usr/bin/cmake --install /home/ros2/ws01_plumbing/build/cpp01_topic
