[3.185s] Invoking command in '/home/ros2/ws01_plumbing/src/py01_topic': AMENT_PREFIX_PATH=/home/ros2/ws01_plumbing/install/base_interfaces_demo:${AMENT_PREFIX_PATH} CMAKE_PREFIX_PATH=/home/ros2/ws01_plumbing/install/base_interfaces_demo PYTHONPATH=/home/ros2/ws01_plumbing/install/py01_topic/lib/python3.10/site-packages:${PYTHONPATH} /usr/bin/python3 setup.py egg_info --egg-base ../../build/py01_topic build --build-base /home/ros2/ws01_plumbing/build/py01_topic/build install --prefix /home/ros2/ws01_plumbing/install/py01_topic --record /home/ros2/ws01_plumbing/build/py01_topic/install.log --single-version-externally-managed
[4.121s] running egg_info
[4.123s] writing ../../build/py01_topic/py01_topic.egg-info/PKG-INFO
[4.125s] writing dependency_links to ../../build/py01_topic/py01_topic.egg-info/dependency_links.txt
[4.128s] writing entry points to ../../build/py01_topic/py01_topic.egg-info/entry_points.txt
[4.129s] writing requirements to ../../build/py01_topic/py01_topic.egg-info/requires.txt
[4.131s] writing top-level names to ../../build/py01_topic/py01_topic.egg-info/top_level.txt
[4.138s] reading manifest file '../../build/py01_topic/py01_topic.egg-info/SOURCES.txt'
[4.230s] writing manifest file '../../build/py01_topic/py01_topic.egg-info/SOURCES.txt'
[4.232s] running build
[4.234s] running build_py
[4.234s] copying py01_topic/demo01_talker_str_py.py -> /home/ros2/ws01_plumbing/build/py01_topic/build/lib/py01_topic
[4.234s] running install
[4.243s] /usr/lib/python3/dist-packages/setuptools/command/install.py:34: SetuptoolsDeprecationWarning: setup.py install is deprecated. Use build and pip and other standards-based tools.
[4.243s]   warnings.warn(
[4.244s] running install_lib
[4.247s] copying /home/ros2/ws01_plumbing/build/py01_topic/build/lib/py01_topic/demo01_talker_str_py.py -> /home/ros2/ws01_plumbing/install/py01_topic/lib/python3.10/site-packages/py01_topic
[4.248s] byte-compiling /home/ros2/ws01_plumbing/install/py01_topic/lib/python3.10/site-packages/py01_topic/demo01_talker_str_py.py to demo01_talker_str_py.cpython-310.pyc
[4.250s] running install_data
[4.252s] running install_egg_info
[4.259s] removing '/home/ros2/ws01_plumbing/install/py01_topic/lib/python3.10/site-packages/py01_topic-0.0.0-py3.10.egg-info' (and everything under it)
[4.259s] Copying ../../build/py01_topic/py01_topic.egg-info to /home/ros2/ws01_plumbing/install/py01_topic/lib/python3.10/site-packages/py01_topic-0.0.0-py3.10.egg-info
[4.267s] running install_scripts
[4.352s] Installing demo01_talker_str_py script to /home/ros2/ws01_plumbing/install/py01_topic/lib/py01_topic
[4.354s] writing list of installed files to '/home/ros2/ws01_plumbing/build/py01_topic/install.log'
[4.462s] Invoked command in '/home/ros2/ws01_plumbing/src/py01_topic' returned '0': AMENT_PREFIX_PATH=/home/ros2/ws01_plumbing/install/base_interfaces_demo:${AMENT_PREFIX_PATH} CMAKE_PREFIX_PATH=/home/ros2/ws01_plumbing/install/base_interfaces_demo PYTHONPATH=/home/ros2/ws01_plumbing/install/py01_topic/lib/python3.10/site-packages:${PYTHONPATH} /usr/bin/python3 setup.py egg_info --egg-base ../../build/py01_topic build --build-base /home/ros2/ws01_plumbing/build/py01_topic/build install --prefix /home/ros2/ws01_plumbing/install/py01_topic --record /home/ros2/ws01_plumbing/build/py01_topic/install.log --single-version-externally-managed
