[0.318s] DEBUG:colcon:Command line arguments: ['/usr/bin/colcon', 'build', '--packages-select', 'pkg01_helloworld_cpp']
[0.318s] DEBUG:colcon:Parsed command line arguments: Namespace(log_base=None, log_level=None, verb_name='build', build_base='build', install_base='install', merge_install=False, symlink_install=False, test_result_base=None, continue_on_error=False, executor='parallel', parallel_workers=4, event_handlers=None, ignore_user_meta=False, metas=['./colcon.meta'], base_paths=['.'], packages_ignore=None, packages_ignore_regex=None, paths=None, packages_up_to=None, packages_up_to_regex=None, packages_above=None, packages_above_and_dependencies=None, packages_above_depth=None, packages_select_by_dep=None, packages_skip_by_dep=None, packages_skip_up_to=None, packages_select_build_failed=False, packages_skip_build_finished=False, packages_select_test_failures=False, packages_skip_test_passed=False, packages_select=['pkg01_helloworld_cpp'], packages_skip=None, packages_select_regex=None, packages_skip_regex=None, packages_start=None, packages_end=None, allow_overriding=[], cmake_args=None, cmake_target=None, cmake_target_skip_unavailable=False, cmake_clean_cache=False, cmake_clean_first=False, cmake_force_configure=False, ament_cmake_args=None, catkin_cmake_args=None, catkin_skip_building_tests=False, verb_parser=<colcon_defaults.argument_parser.defaults.DefaultArgumentsDecorator object at 0x7fdf63388940>, verb_extension=<colcon_core.verb.build.BuildVerb object at 0x7fdf63d26d10>, main=<bound method BuildVerb.main of <colcon_core.verb.build.BuildVerb object at 0x7fdf63d26d10>>)
[0.340s] Level 1:colcon.colcon_core.package_discovery:discover_packages(colcon_meta) check parameters
[0.340s] Level 1:colcon.colcon_core.package_discovery:discover_packages(recursive) check parameters
[0.341s] Level 1:colcon.colcon_core.package_discovery:discover_packages(ignore) check parameters
[0.341s] Level 1:colcon.colcon_core.package_discovery:discover_packages(path) check parameters
[0.341s] Level 1:colcon.colcon_core.package_discovery:discover_packages(colcon_meta) discover
[0.341s] Level 1:colcon.colcon_core.package_discovery:discover_packages(recursive) discover
[0.341s] INFO:colcon.colcon_core.package_discovery:Crawling recursively for packages in '/home/ros2/ws00_helloworld'
[0.341s] Level 1:colcon.colcon_core.package_identification:_identify(.) by extensions ['ignore', 'ignore_ament_install']
[0.341s] Level 1:colcon.colcon_core.package_identification:_identify(.) by extension 'ignore'
[0.341s] Level 1:colcon.colcon_core.package_identification:_identify(.) by extension 'ignore_ament_install'
[0.341s] Level 1:colcon.colcon_core.package_identification:_identify(.) by extensions ['colcon_pkg']
[0.341s] Level 1:colcon.colcon_core.package_identification:_identify(.) by extension 'colcon_pkg'
[0.342s] Level 1:colcon.colcon_core.package_identification:_identify(.) by extensions ['colcon_meta']
[0.342s] Level 1:colcon.colcon_core.package_identification:_identify(.) by extension 'colcon_meta'
[0.342s] Level 1:colcon.colcon_core.package_identification:_identify(.) by extensions ['ros']
[0.342s] Level 1:colcon.colcon_core.package_identification:_identify(.) by extension 'ros'
[0.353s] Level 1:colcon.colcon_core.package_identification:_identify(.) by extensions ['cmake', 'python']
[0.353s] Level 1:colcon.colcon_core.package_identification:_identify(.) by extension 'cmake'
[0.353s] Level 1:colcon.colcon_core.package_identification:_identify(.) by extension 'python'
[0.353s] Level 1:colcon.colcon_core.package_identification:_identify(.) by extensions ['python_setup_py']
[0.353s] Level 1:colcon.colcon_core.package_identification:_identify(.) by extension 'python_setup_py'
[0.354s] Level 1:colcon.colcon_core.package_identification:_identify(build) by extensions ['ignore', 'ignore_ament_install']
[0.354s] Level 1:colcon.colcon_core.package_identification:_identify(build) by extension 'ignore'
[0.354s] Level 1:colcon.colcon_core.package_identification:_identify(build) ignored
[0.354s] Level 1:colcon.colcon_core.package_identification:_identify(install) by extensions ['ignore', 'ignore_ament_install']
[0.354s] Level 1:colcon.colcon_core.package_identification:_identify(install) by extension 'ignore'
[0.354s] Level 1:colcon.colcon_core.package_identification:_identify(install) ignored
[0.355s] Level 1:colcon.colcon_core.package_identification:_identify(log) by extensions ['ignore', 'ignore_ament_install']
[0.355s] Level 1:colcon.colcon_core.package_identification:_identify(log) by extension 'ignore'
[0.355s] Level 1:colcon.colcon_core.package_identification:_identify(log) ignored
[0.355s] Level 1:colcon.colcon_core.package_identification:_identify(src) by extensions ['ignore', 'ignore_ament_install']
[0.355s] Level 1:colcon.colcon_core.package_identification:_identify(src) by extension 'ignore'
[0.355s] Level 1:colcon.colcon_core.package_identification:_identify(src) by extension 'ignore_ament_install'
[0.355s] Level 1:colcon.colcon_core.package_identification:_identify(src) by extensions ['colcon_pkg']
[0.355s] Level 1:colcon.colcon_core.package_identification:_identify(src) by extension 'colcon_pkg'
[0.355s] Level 1:colcon.colcon_core.package_identification:_identify(src) by extensions ['colcon_meta']
[0.355s] Level 1:colcon.colcon_core.package_identification:_identify(src) by extension 'colcon_meta'
[0.356s] Level 1:colcon.colcon_core.package_identification:_identify(src) by extensions ['ros']
[0.356s] Level 1:colcon.colcon_core.package_identification:_identify(src) by extension 'ros'
[0.356s] Level 1:colcon.colcon_core.package_identification:_identify(src) by extensions ['cmake', 'python']
[0.356s] Level 1:colcon.colcon_core.package_identification:_identify(src) by extension 'cmake'
[0.356s] Level 1:colcon.colcon_core.package_identification:_identify(src) by extension 'python'
[0.356s] Level 1:colcon.colcon_core.package_identification:_identify(src) by extensions ['python_setup_py']
[0.356s] Level 1:colcon.colcon_core.package_identification:_identify(src) by extension 'python_setup_py'
[0.356s] Level 1:colcon.colcon_core.package_identification:_identify(src/pkg01_helloworld_cpp) by extensions ['ignore', 'ignore_ament_install']
[0.356s] Level 1:colcon.colcon_core.package_identification:_identify(src/pkg01_helloworld_cpp) by extension 'ignore'
[0.356s] Level 1:colcon.colcon_core.package_identification:_identify(src/pkg01_helloworld_cpp) by extension 'ignore_ament_install'
[0.357s] Level 1:colcon.colcon_core.package_identification:_identify(src/pkg01_helloworld_cpp) by extensions ['colcon_pkg']
[0.357s] Level 1:colcon.colcon_core.package_identification:_identify(src/pkg01_helloworld_cpp) by extension 'colcon_pkg'
[0.357s] Level 1:colcon.colcon_core.package_identification:_identify(src/pkg01_helloworld_cpp) by extensions ['colcon_meta']
[0.357s] Level 1:colcon.colcon_core.package_identification:_identify(src/pkg01_helloworld_cpp) by extension 'colcon_meta'
[0.357s] Level 1:colcon.colcon_core.package_identification:_identify(src/pkg01_helloworld_cpp) by extensions ['ros']
[0.357s] Level 1:colcon.colcon_core.package_identification:_identify(src/pkg01_helloworld_cpp) by extension 'ros'
[0.368s] DEBUG:colcon.colcon_core.package_identification:Package 'src/pkg01_helloworld_cpp' with type 'ros.ament_cmake' and name 'pkg01_helloworld_cpp'
[0.368s] Level 1:colcon.colcon_core.package_identification:_identify(src/pkg02_helloworld_py) by extensions ['ignore', 'ignore_ament_install']
[0.368s] Level 1:colcon.colcon_core.package_identification:_identify(src/pkg02_helloworld_py) by extension 'ignore'
[0.368s] Level 1:colcon.colcon_core.package_identification:_identify(src/pkg02_helloworld_py) by extension 'ignore_ament_install'
[0.369s] Level 1:colcon.colcon_core.package_identification:_identify(src/pkg02_helloworld_py) by extensions ['colcon_pkg']
[0.369s] Level 1:colcon.colcon_core.package_identification:_identify(src/pkg02_helloworld_py) by extension 'colcon_pkg'
[0.369s] Level 1:colcon.colcon_core.package_identification:_identify(src/pkg02_helloworld_py) by extensions ['colcon_meta']
[0.369s] Level 1:colcon.colcon_core.package_identification:_identify(src/pkg02_helloworld_py) by extension 'colcon_meta'
[0.369s] Level 1:colcon.colcon_core.package_identification:_identify(src/pkg02_helloworld_py) by extensions ['ros']
[0.369s] Level 1:colcon.colcon_core.package_identification:_identify(src/pkg02_helloworld_py) by extension 'ros'
[0.369s] DEBUG:colcon.colcon_core.package_identification:Package 'src/pkg02_helloworld_py' with type 'ros.ament_python' and name 'pkg02_helloworld_py'
[0.370s] Level 1:colcon.colcon_core.package_identification:_identify(src/pkg03_hellovscode_cpp) by extensions ['ignore', 'ignore_ament_install']
[0.370s] Level 1:colcon.colcon_core.package_identification:_identify(src/pkg03_hellovscode_cpp) by extension 'ignore'
[0.370s] Level 1:colcon.colcon_core.package_identification:_identify(src/pkg03_hellovscode_cpp) by extension 'ignore_ament_install'
[0.370s] Level 1:colcon.colcon_core.package_identification:_identify(src/pkg03_hellovscode_cpp) by extensions ['colcon_pkg']
[0.370s] Level 1:colcon.colcon_core.package_identification:_identify(src/pkg03_hellovscode_cpp) by extension 'colcon_pkg'
[0.370s] Level 1:colcon.colcon_core.package_identification:_identify(src/pkg03_hellovscode_cpp) by extensions ['colcon_meta']
[0.370s] Level 1:colcon.colcon_core.package_identification:_identify(src/pkg03_hellovscode_cpp) by extension 'colcon_meta'
[0.370s] Level 1:colcon.colcon_core.package_identification:_identify(src/pkg03_hellovscode_cpp) by extensions ['ros']
[0.370s] Level 1:colcon.colcon_core.package_identification:_identify(src/pkg03_hellovscode_cpp) by extension 'ros'
[0.371s] DEBUG:colcon.colcon_core.package_identification:Package 'src/pkg03_hellovscode_cpp' with type 'ros.ament_cmake' and name 'pkg03_hellovscode_cpp'
[0.371s] Level 1:colcon.colcon_core.package_discovery:discover_packages(recursive) using defaults
[0.371s] Level 1:colcon.colcon_core.package_discovery:discover_packages(ignore) discover
[0.371s] Level 1:colcon.colcon_core.package_discovery:discover_packages(ignore) using defaults
[0.371s] Level 1:colcon.colcon_core.package_discovery:discover_packages(path) discover
[0.371s] Level 1:colcon.colcon_core.package_discovery:discover_packages(path) using defaults
[0.393s] INFO:colcon.colcon_core.package_selection:Skipping not selected package 'pkg02_helloworld_py' in 'src/pkg02_helloworld_py'
[0.393s] INFO:colcon.colcon_core.package_selection:Skipping not selected package 'pkg03_hellovscode_cpp' in 'src/pkg03_hellovscode_cpp'
[0.394s] Level 1:colcon.colcon_core.package_discovery:discover_packages(prefix_path) check parameters
[0.394s] Level 1:colcon.colcon_core.package_discovery:discover_packages(prefix_path) discover
[0.396s] DEBUG:colcon.colcon_installed_package_information.package_discovery:Found 3 installed packages in /home/ros2/ws00_helloworld/install
[0.398s] DEBUG:colcon.colcon_installed_package_information.package_discovery:Found 270 installed packages in /opt/ros/humble
[0.399s] Level 1:colcon.colcon_core.package_discovery:discover_packages(prefix_path) using defaults
[0.459s] Level 5:colcon.colcon_core.verb:set package 'pkg01_helloworld_cpp' build argument 'cmake_args' from command line to 'None'
[0.459s] Level 5:colcon.colcon_core.verb:set package 'pkg01_helloworld_cpp' build argument 'cmake_target' from command line to 'None'
[0.459s] Level 5:colcon.colcon_core.verb:set package 'pkg01_helloworld_cpp' build argument 'cmake_target_skip_unavailable' from command line to 'False'
[0.459s] Level 5:colcon.colcon_core.verb:set package 'pkg01_helloworld_cpp' build argument 'cmake_clean_cache' from command line to 'False'
[0.459s] Level 5:colcon.colcon_core.verb:set package 'pkg01_helloworld_cpp' build argument 'cmake_clean_first' from command line to 'False'
[0.459s] Level 5:colcon.colcon_core.verb:set package 'pkg01_helloworld_cpp' build argument 'cmake_force_configure' from command line to 'False'
[0.459s] Level 5:colcon.colcon_core.verb:set package 'pkg01_helloworld_cpp' build argument 'ament_cmake_args' from command line to 'None'
[0.459s] Level 5:colcon.colcon_core.verb:set package 'pkg01_helloworld_cpp' build argument 'catkin_cmake_args' from command line to 'None'
[0.459s] Level 5:colcon.colcon_core.verb:set package 'pkg01_helloworld_cpp' build argument 'catkin_skip_building_tests' from command line to 'False'
[0.459s] DEBUG:colcon.colcon_core.verb:Building package 'pkg01_helloworld_cpp' with the following arguments: {'ament_cmake_args': None, 'build_base': '/home/ros2/ws00_helloworld/build/pkg01_helloworld_cpp', 'catkin_cmake_args': None, 'catkin_skip_building_tests': False, 'cmake_args': None, 'cmake_clean_cache': False, 'cmake_clean_first': False, 'cmake_force_configure': False, 'cmake_target': None, 'cmake_target_skip_unavailable': False, 'install_base': '/home/ros2/ws00_helloworld/install/pkg01_helloworld_cpp', 'merge_install': False, 'path': '/home/ros2/ws00_helloworld/src/pkg01_helloworld_cpp', 'symlink_install': False, 'test_result_base': None}
[0.460s] INFO:colcon.colcon_core.executor:Executing jobs using 'parallel' executor
[0.465s] DEBUG:colcon.colcon_parallel_executor.executor.parallel:run_until_complete
[0.465s] INFO:colcon.colcon_ros.task.ament_cmake.build:Building ROS package in '/home/ros2/ws00_helloworld/src/pkg01_helloworld_cpp' with build type 'ament_cmake'
[0.465s] INFO:colcon.colcon_cmake.task.cmake.build:Building CMake package in '/home/ros2/ws00_helloworld/src/pkg01_helloworld_cpp'
[0.471s] INFO:colcon.colcon_core.plugin_system:Skipping extension 'colcon_core.shell.bat': Not used on non-Windows systems
[0.471s] INFO:colcon.colcon_core.shell:Skip shell extension 'powershell' for command environment: Not usable outside of PowerShell
[0.471s] DEBUG:colcon.colcon_core.shell:Skip shell extension 'dsv' for command environment
[0.494s] DEBUG:colcon.colcon_core.event_handler.log_command:Invoking command in '/home/ros2/ws00_helloworld/build/pkg01_helloworld_cpp': CMAKE_PREFIX_PATH=${CMAKE_PREFIX_PATH}:/home/ros2/ws00_helloworld/install/pkg02_helloworld_py:/opt/ros/humble /usr/bin/cmake --build /home/ros2/ws00_helloworld/build/pkg01_helloworld_cpp -- -j4 -l4
[0.613s] DEBUG:colcon.colcon_core.event_handler.log_command:Invoked command in '/home/ros2/ws00_helloworld/build/pkg01_helloworld_cpp' returned '0': CMAKE_PREFIX_PATH=${CMAKE_PREFIX_PATH}:/home/ros2/ws00_helloworld/install/pkg02_helloworld_py:/opt/ros/humble /usr/bin/cmake --build /home/ros2/ws00_helloworld/build/pkg01_helloworld_cpp -- -j4 -l4
[0.733s] DEBUG:colcon.colcon_core.event_handler.log_command:Invoking command in '/home/ros2/ws00_helloworld/build/pkg01_helloworld_cpp': CMAKE_PREFIX_PATH=${CMAKE_PREFIX_PATH}:/home/ros2/ws00_helloworld/install/pkg02_helloworld_py:/opt/ros/humble /usr/bin/cmake --install /home/ros2/ws00_helloworld/build/pkg01_helloworld_cpp
[0.759s] Level 1:colcon.colcon_core.environment:create_environment_scripts_only(pkg01_helloworld_cpp)
[0.765s] DEBUG:colcon.colcon_core.event_handler.log_command:Invoked command in '/home/ros2/ws00_helloworld/build/pkg01_helloworld_cpp' returned '0': CMAKE_PREFIX_PATH=${CMAKE_PREFIX_PATH}:/home/ros2/ws00_helloworld/install/pkg02_helloworld_py:/opt/ros/humble /usr/bin/cmake --install /home/ros2/ws00_helloworld/build/pkg01_helloworld_cpp
[0.774s] Level 1:colcon.colcon_core.environment:checking '/home/ros2/ws00_helloworld/install/pkg01_helloworld_cpp' for CMake module files
[0.776s] Level 1:colcon.colcon_core.environment:checking '/home/ros2/ws00_helloworld/install/pkg01_helloworld_cpp' for CMake config files
[0.777s] Level 1:colcon.colcon_core.shell:create_environment_hook('pkg01_helloworld_cpp', 'cmake_prefix_path')
[0.782s] INFO:colcon.colcon_core.shell:Creating environment hook '/home/ros2/ws00_helloworld/install/pkg01_helloworld_cpp/share/pkg01_helloworld_cpp/hook/cmake_prefix_path.ps1'
[0.784s] INFO:colcon.colcon_core.shell:Creating environment descriptor '/home/ros2/ws00_helloworld/install/pkg01_helloworld_cpp/share/pkg01_helloworld_cpp/hook/cmake_prefix_path.dsv'
[0.786s] INFO:colcon.colcon_core.shell:Creating environment hook '/home/ros2/ws00_helloworld/install/pkg01_helloworld_cpp/share/pkg01_helloworld_cpp/hook/cmake_prefix_path.sh'
[0.789s] Level 1:colcon.colcon_core.environment:checking '/home/ros2/ws00_helloworld/install/pkg01_helloworld_cpp/lib'
[0.790s] Level 1:colcon.colcon_core.environment:checking '/home/ros2/ws00_helloworld/install/pkg01_helloworld_cpp/bin'
[0.790s] Level 1:colcon.colcon_core.environment:checking '/home/ros2/ws00_helloworld/install/pkg01_helloworld_cpp/lib/pkgconfig/pkg01_helloworld_cpp.pc'
[0.791s] Level 1:colcon.colcon_core.environment:checking '/home/ros2/ws00_helloworld/install/pkg01_helloworld_cpp/lib/python3.10/site-packages'
[0.791s] Level 1:colcon.colcon_core.environment:checking '/home/ros2/ws00_helloworld/install/pkg01_helloworld_cpp/bin'
[0.800s] INFO:colcon.colcon_core.shell:Creating package script '/home/ros2/ws00_helloworld/install/pkg01_helloworld_cpp/share/pkg01_helloworld_cpp/package.ps1'
[0.802s] INFO:colcon.colcon_core.shell:Creating package descriptor '/home/ros2/ws00_helloworld/install/pkg01_helloworld_cpp/share/pkg01_helloworld_cpp/package.dsv'
[0.805s] INFO:colcon.colcon_core.shell:Creating package script '/home/ros2/ws00_helloworld/install/pkg01_helloworld_cpp/share/pkg01_helloworld_cpp/package.sh'
[0.807s] INFO:colcon.colcon_core.shell:Creating package script '/home/ros2/ws00_helloworld/install/pkg01_helloworld_cpp/share/pkg01_helloworld_cpp/package.bash'
[0.809s] INFO:colcon.colcon_core.shell:Creating package script '/home/ros2/ws00_helloworld/install/pkg01_helloworld_cpp/share/pkg01_helloworld_cpp/package.zsh'
[0.811s] Level 1:colcon.colcon_core.environment:create_file_with_runtime_dependencies(/home/ros2/ws00_helloworld/install/pkg01_helloworld_cpp/share/colcon-core/packages/pkg01_helloworld_cpp)
[0.929s] Level 1:colcon.colcon_core.environment:create_environment_scripts_only(pkg01_helloworld_cpp)
[0.935s] Level 1:colcon.colcon_core.environment:checking '/home/ros2/ws00_helloworld/install/pkg01_helloworld_cpp' for CMake module files
[0.936s] Level 1:colcon.colcon_core.environment:checking '/home/ros2/ws00_helloworld/install/pkg01_helloworld_cpp' for CMake config files
[0.936s] Level 1:colcon.colcon_core.shell:create_environment_hook('pkg01_helloworld_cpp', 'cmake_prefix_path')
[0.942s] INFO:colcon.colcon_core.shell:Creating environment hook '/home/ros2/ws00_helloworld/install/pkg01_helloworld_cpp/share/pkg01_helloworld_cpp/hook/cmake_prefix_path.ps1'
[0.945s] INFO:colcon.colcon_core.shell:Creating environment descriptor '/home/ros2/ws00_helloworld/install/pkg01_helloworld_cpp/share/pkg01_helloworld_cpp/hook/cmake_prefix_path.dsv'
[0.948s] INFO:colcon.colcon_core.shell:Creating environment hook '/home/ros2/ws00_helloworld/install/pkg01_helloworld_cpp/share/pkg01_helloworld_cpp/hook/cmake_prefix_path.sh'
[0.951s] Level 1:colcon.colcon_core.environment:checking '/home/ros2/ws00_helloworld/install/pkg01_helloworld_cpp/lib'
[0.951s] Level 1:colcon.colcon_core.environment:checking '/home/ros2/ws00_helloworld/install/pkg01_helloworld_cpp/bin'
[0.951s] Level 1:colcon.colcon_core.environment:checking '/home/ros2/ws00_helloworld/install/pkg01_helloworld_cpp/lib/pkgconfig/pkg01_helloworld_cpp.pc'
[0.952s] Level 1:colcon.colcon_core.environment:checking '/home/ros2/ws00_helloworld/install/pkg01_helloworld_cpp/lib/python3.10/site-packages'
[0.953s] Level 1:colcon.colcon_core.environment:checking '/home/ros2/ws00_helloworld/install/pkg01_helloworld_cpp/bin'
[0.956s] INFO:colcon.colcon_core.shell:Creating package script '/home/ros2/ws00_helloworld/install/pkg01_helloworld_cpp/share/pkg01_helloworld_cpp/package.ps1'
[0.959s] INFO:colcon.colcon_core.shell:Creating package descriptor '/home/ros2/ws00_helloworld/install/pkg01_helloworld_cpp/share/pkg01_helloworld_cpp/package.dsv'
[0.961s] INFO:colcon.colcon_core.shell:Creating package script '/home/ros2/ws00_helloworld/install/pkg01_helloworld_cpp/share/pkg01_helloworld_cpp/package.sh'
[0.964s] INFO:colcon.colcon_core.shell:Creating package script '/home/ros2/ws00_helloworld/install/pkg01_helloworld_cpp/share/pkg01_helloworld_cpp/package.bash'
[0.966s] INFO:colcon.colcon_core.shell:Creating package script '/home/ros2/ws00_helloworld/install/pkg01_helloworld_cpp/share/pkg01_helloworld_cpp/package.zsh'
[0.968s] Level 1:colcon.colcon_core.environment:create_file_with_runtime_dependencies(/home/ros2/ws00_helloworld/install/pkg01_helloworld_cpp/share/colcon-core/packages/pkg01_helloworld_cpp)
[0.971s] DEBUG:colcon.colcon_parallel_executor.executor.parallel:closing loop
[0.971s] DEBUG:colcon.colcon_parallel_executor.executor.parallel:loop closed
[0.972s] DEBUG:colcon.colcon_parallel_executor.executor.parallel:run_until_complete finished with '0'
[0.972s] DEBUG:colcon.colcon_core.event_reactor:joining thread
[1.005s] INFO:colcon.colcon_core.plugin_system:Skipping extension 'colcon_notification.desktop_notification.terminal_notifier': Not used on non-Darwin systems
[1.005s] INFO:colcon.colcon_core.plugin_system:Skipping extension 'colcon_notification.desktop_notification.win32': Not used on non-Windows systems
[1.005s] INFO:colcon.colcon_notification.desktop_notification:Sending desktop notification using 'notify2'
[1.045s] DEBUG:colcon.colcon_core.event_reactor:joined thread
[1.049s] INFO:colcon.colcon_core.shell:Creating prefix script '/home/ros2/ws00_helloworld/install/local_setup.ps1'
[1.053s] INFO:colcon.colcon_core.shell:Creating prefix util module '/home/ros2/ws00_helloworld/install/_local_setup_util_ps1.py'
[1.057s] INFO:colcon.colcon_core.shell:Creating prefix chain script '/home/ros2/ws00_helloworld/install/setup.ps1'
[1.065s] INFO:colcon.colcon_core.shell:Creating prefix script '/home/ros2/ws00_helloworld/install/local_setup.sh'
[1.068s] INFO:colcon.colcon_core.shell:Creating prefix util module '/home/ros2/ws00_helloworld/install/_local_setup_util_sh.py'
[1.071s] INFO:colcon.colcon_core.shell:Creating prefix chain script '/home/ros2/ws00_helloworld/install/setup.sh'
[1.076s] INFO:colcon.colcon_core.shell:Creating prefix script '/home/ros2/ws00_helloworld/install/local_setup.bash'
[1.078s] INFO:colcon.colcon_core.shell:Creating prefix chain script '/home/ros2/ws00_helloworld/install/setup.bash'
[1.084s] INFO:colcon.colcon_core.shell:Creating prefix script '/home/ros2/ws00_helloworld/install/local_setup.zsh'
[1.088s] INFO:colcon.colcon_core.shell:Creating prefix chain script '/home/ros2/ws00_helloworld/install/setup.zsh'
