[0.056s] Invoking command in '/home/ros2/ws01_plumbing/build/cpp04_param': CMAKE_PREFIX_PATH=${CMAKE_PREFIX_PATH}:/home/ros2/ws01_plumbing/install/py04_param:/home/ros2/ws01_plumbing/install/py03_action:/home/ros2/ws01_plumbing/install/py02_service:/home/ros2/ws01_plumbing/install/py01_topic:/opt/ros/humble /usr/bin/cmake --build /home/ros2/ws01_plumbing/build/cpp04_param -- -j4 -l4
[0.294s] [35m[1mConsolidate compiler generated dependencies of target demo02_param_client[0m
[0.316s] [ 33%] Built target demo00_param
[0.344s] [ 66%] Built target demo01_param_server
[0.361s] [ 83%] [32mBuilding CXX object CMakeFiles/demo02_param_client.dir/src/demo02_param_client.cpp.o[0m
[13.148s] [100%] [32m[1mLinking CXX executable demo02_param_client[0m
[13.991s] [100%] Built target demo02_param_client
[14.032s] Invoked command in '/home/ros2/ws01_plumbing/build/cpp04_param' returned '0': CMAKE_PREFIX_PATH=${CMAKE_PREFIX_PATH}:/home/ros2/ws01_plumbing/install/py04_param:/home/ros2/ws01_plumbing/install/py03_action:/home/ros2/ws01_plumbing/install/py02_service:/home/ros2/ws01_plumbing/install/py01_topic:/opt/ros/humble /usr/bin/cmake --build /home/ros2/ws01_plumbing/build/cpp04_param -- -j4 -l4
[14.232s] Invoking command in '/home/ros2/ws01_plumbing/build/cpp04_param': CMAKE_PREFIX_PATH=${CMAKE_PREFIX_PATH}:/home/ros2/ws01_plumbing/install/py04_param:/home/ros2/ws01_plumbing/install/py03_action:/home/ros2/ws01_plumbing/install/py02_service:/home/ros2/ws01_plumbing/install/py01_topic:/opt/ros/humble /usr/bin/cmake --install /home/ros2/ws01_plumbing/build/cpp04_param
[14.276s] -- Install configuration: ""
[14.305s] -- Up-to-date: /home/ros2/ws01_plumbing/install/cpp04_param/lib/cpp04_param/demo00_param
[14.308s] -- Up-to-date: /home/ros2/ws01_plumbing/install/cpp04_param/lib/cpp04_param/demo01_param_server
[14.325s] -- Installing: /home/ros2/ws01_plumbing/install/cpp04_param/lib/cpp04_param/demo02_param_client
[14.330s] -- Set runtime path of "/home/ros2/ws01_plumbing/install/cpp04_param/lib/cpp04_param/demo02_param_client" to ""
[14.331s] -- Up-to-date: /home/ros2/ws01_plumbing/install/cpp04_param/share/ament_index/resource_index/package_run_dependencies/cpp04_param
[14.332s] -- Up-to-date: /home/ros2/ws01_plumbing/install/cpp04_param/share/ament_index/resource_index/parent_prefix_path/cpp04_param
[14.333s] -- Up-to-date: /home/ros2/ws01_plumbing/install/cpp04_param/share/cpp04_param/environment/ament_prefix_path.sh
[14.335s] -- Up-to-date: /home/ros2/ws01_plumbing/install/cpp04_param/share/cpp04_param/environment/ament_prefix_path.dsv
[14.336s] -- Up-to-date: /home/ros2/ws01_plumbing/install/cpp04_param/share/cpp04_param/environment/path.sh
[14.337s] -- Up-to-date: /home/ros2/ws01_plumbing/install/cpp04_param/share/cpp04_param/environment/path.dsv
[14.338s] -- Up-to-date: /home/ros2/ws01_plumbing/install/cpp04_param/share/cpp04_param/local_setup.bash
[14.341s] -- Up-to-date: /home/ros2/ws01_plumbing/install/cpp04_param/share/cpp04_param/local_setup.sh
[14.342s] -- Up-to-date: /home/ros2/ws01_plumbing/install/cpp04_param/share/cpp04_param/local_setup.zsh
[14.344s] -- Up-to-date: /home/ros2/ws01_plumbing/install/cpp04_param/share/cpp04_param/local_setup.dsv
[14.345s] -- Installing: /home/ros2/ws01_plumbing/install/cpp04_param/share/cpp04_param/package.dsv
[14.349s] -- Up-to-date: /home/ros2/ws01_plumbing/install/cpp04_param/share/ament_index/resource_index/packages/cpp04_param
[14.349s] -- Up-to-date: /home/ros2/ws01_plumbing/install/cpp04_param/share/cpp04_param/cmake/cpp04_paramConfig.cmake
[14.349s] -- Up-to-date: /home/ros2/ws01_plumbing/install/cpp04_param/share/cpp04_param/cmake/cpp04_paramConfig-version.cmake
[14.350s] -- Up-to-date: /home/ros2/ws01_plumbing/install/cpp04_param/share/cpp04_param/package.xml
[14.365s] Invoked command in '/home/ros2/ws01_plumbing/build/cpp04_param' returned '0': CMAKE_PREFIX_PATH=${CMAKE_PREFIX_PATH}:/home/ros2/ws01_plumbing/install/py04_param:/home/ros2/ws01_plumbing/install/py03_action:/home/ros2/ws01_plumbing/install/py02_service:/home/ros2/ws01_plumbing/install/py01_topic:/opt/ros/humble /usr/bin/cmake --install /home/ros2/ws01_plumbing/build/cpp04_param
