[3.259s] DEBUG:colcon:Command line arguments: ['/usr/bin/colcon', 'build', '--packages-select', 'turtlesim']
[3.259s] DEBUG:colcon:Parsed command line arguments: Namespace(log_base=None, log_level=None, verb_name='build', build_base='build', install_base='install', merge_install=False, symlink_install=False, test_result_base=None, continue_on_error=False, executor='parallel', parallel_workers=4, event_handlers=None, ignore_user_meta=False, metas=['./colcon.meta'], base_paths=['.'], packages_ignore=None, packages_ignore_regex=None, paths=None, packages_up_to=None, packages_up_to_regex=None, packages_above=None, packages_above_and_dependencies=None, packages_above_depth=None, packages_select_by_dep=None, packages_skip_by_dep=None, packages_skip_up_to=None, packages_select_build_failed=False, packages_skip_build_finished=False, packages_select_test_failures=False, packages_skip_test_passed=False, packages_select=['turtlesim'], packages_skip=None, packages_select_regex=None, packages_skip_regex=None, packages_start=None, packages_end=None, allow_overriding=[], cmake_args=None, cmake_target=None, cmake_target_skip_unavailable=False, cmake_clean_cache=False, cmake_clean_first=False, cmake_force_configure=False, ament_cmake_args=None, catkin_cmake_args=None, catkin_skip_building_tests=False, verb_parser=<colcon_defaults.argument_parser.defaults.DefaultArgumentsDecorator object at 0x7f4f28390850>, verb_extension=<colcon_core.verb.build.BuildVerb object at 0x7f4f28cef010>, main=<bound method BuildVerb.main of <colcon_core.verb.build.BuildVerb object at 0x7f4f28cef010>>)
[3.678s] Level 1:colcon.colcon_core.package_discovery:discover_packages(colcon_meta) check parameters
[3.678s] Level 1:colcon.colcon_core.package_discovery:discover_packages(recursive) check parameters
[3.678s] Level 1:colcon.colcon_core.package_discovery:discover_packages(ignore) check parameters
[3.678s] Level 1:colcon.colcon_core.package_discovery:discover_packages(path) check parameters
[3.678s] Level 1:colcon.colcon_core.package_discovery:discover_packages(colcon_meta) discover
[3.679s] Level 1:colcon.colcon_core.package_discovery:discover_packages(recursive) discover
[3.679s] INFO:colcon.colcon_core.package_discovery:Crawling recursively for packages in '/home/ros2/ws01_plumbing'
[3.679s] Level 1:colcon.colcon_core.package_identification:_identify(.) by extensions ['ignore', 'ignore_ament_install']
[3.680s] Level 1:colcon.colcon_core.package_identification:_identify(.) by extension 'ignore'
[3.680s] Level 1:colcon.colcon_core.package_identification:_identify(.) by extension 'ignore_ament_install'
[3.680s] Level 1:colcon.colcon_core.package_identification:_identify(.) by extensions ['colcon_pkg']
[3.680s] Level 1:colcon.colcon_core.package_identification:_identify(.) by extension 'colcon_pkg'
[3.680s] Level 1:colcon.colcon_core.package_identification:_identify(.) by extensions ['colcon_meta']
[3.680s] Level 1:colcon.colcon_core.package_identification:_identify(.) by extension 'colcon_meta'
[3.680s] Level 1:colcon.colcon_core.package_identification:_identify(.) by extensions ['ros']
[3.681s] Level 1:colcon.colcon_core.package_identification:_identify(.) by extension 'ros'
[3.709s] Level 1:colcon.colcon_core.package_identification:_identify(.) by extensions ['cmake', 'python']
[3.709s] Level 1:colcon.colcon_core.package_identification:_identify(.) by extension 'cmake'
[3.709s] Level 1:colcon.colcon_core.package_identification:_identify(.) by extension 'python'
[3.709s] Level 1:colcon.colcon_core.package_identification:_identify(.) by extensions ['python_setup_py']
[3.709s] Level 1:colcon.colcon_core.package_identification:_identify(.) by extension 'python_setup_py'
[3.710s] Level 1:colcon.colcon_core.package_identification:_identify(build) by extensions ['ignore', 'ignore_ament_install']
[3.710s] Level 1:colcon.colcon_core.package_identification:_identify(build) by extension 'ignore'
[3.710s] Level 1:colcon.colcon_core.package_identification:_identify(build) ignored
[3.710s] Level 1:colcon.colcon_core.package_identification:_identify(install) by extensions ['ignore', 'ignore_ament_install']
[3.711s] Level 1:colcon.colcon_core.package_identification:_identify(install) by extension 'ignore'
[3.711s] Level 1:colcon.colcon_core.package_identification:_identify(install) ignored
[3.712s] Level 1:colcon.colcon_core.package_identification:_identify(log) by extensions ['ignore', 'ignore_ament_install']
[3.712s] Level 1:colcon.colcon_core.package_identification:_identify(log) by extension 'ignore'
[3.712s] Level 1:colcon.colcon_core.package_identification:_identify(log) ignored
[3.712s] Level 1:colcon.colcon_core.package_identification:_identify(src) by extensions ['ignore', 'ignore_ament_install']
[3.713s] Level 1:colcon.colcon_core.package_identification:_identify(src) by extension 'ignore'
[3.713s] Level 1:colcon.colcon_core.package_identification:_identify(src) by extension 'ignore_ament_install'
[3.713s] Level 1:colcon.colcon_core.package_identification:_identify(src) by extensions ['colcon_pkg']
[3.713s] Level 1:colcon.colcon_core.package_identification:_identify(src) by extension 'colcon_pkg'
[3.713s] Level 1:colcon.colcon_core.package_identification:_identify(src) by extensions ['colcon_meta']
[3.713s] Level 1:colcon.colcon_core.package_identification:_identify(src) by extension 'colcon_meta'
[3.714s] Level 1:colcon.colcon_core.package_identification:_identify(src) by extensions ['ros']
[3.714s] Level 1:colcon.colcon_core.package_identification:_identify(src) by extension 'ros'
[3.714s] Level 1:colcon.colcon_core.package_identification:_identify(src) by extensions ['cmake', 'python']
[3.714s] Level 1:colcon.colcon_core.package_identification:_identify(src) by extension 'cmake'
[3.714s] Level 1:colcon.colcon_core.package_identification:_identify(src) by extension 'python'
[3.714s] Level 1:colcon.colcon_core.package_identification:_identify(src) by extensions ['python_setup_py']
[3.714s] Level 1:colcon.colcon_core.package_identification:_identify(src) by extension 'python_setup_py'
[3.715s] Level 1:colcon.colcon_core.package_identification:_identify(src/base_interfaces_demo) by extensions ['ignore', 'ignore_ament_install']
[3.715s] Level 1:colcon.colcon_core.package_identification:_identify(src/base_interfaces_demo) by extension 'ignore'
[3.715s] Level 1:colcon.colcon_core.package_identification:_identify(src/base_interfaces_demo) by extension 'ignore_ament_install'
[3.716s] Level 1:colcon.colcon_core.package_identification:_identify(src/base_interfaces_demo) by extensions ['colcon_pkg']
[3.716s] Level 1:colcon.colcon_core.package_identification:_identify(src/base_interfaces_demo) by extension 'colcon_pkg'
[3.716s] Level 1:colcon.colcon_core.package_identification:_identify(src/base_interfaces_demo) by extensions ['colcon_meta']
[3.716s] Level 1:colcon.colcon_core.package_identification:_identify(src/base_interfaces_demo) by extension 'colcon_meta'
[3.716s] Level 1:colcon.colcon_core.package_identification:_identify(src/base_interfaces_demo) by extensions ['ros']
[3.716s] Level 1:colcon.colcon_core.package_identification:_identify(src/base_interfaces_demo) by extension 'ros'
[3.739s] DEBUG:colcon.colcon_core.package_identification:Package 'src/base_interfaces_demo' with type 'ros.ament_cmake' and name 'base_interfaces_demo'
[3.740s] Level 1:colcon.colcon_core.package_identification:_identify(src/cpp01_topic) by extensions ['ignore', 'ignore_ament_install']
[3.740s] Level 1:colcon.colcon_core.package_identification:_identify(src/cpp01_topic) by extension 'ignore'
[3.740s] Level 1:colcon.colcon_core.package_identification:_identify(src/cpp01_topic) by extension 'ignore_ament_install'
[3.740s] Level 1:colcon.colcon_core.package_identification:_identify(src/cpp01_topic) by extensions ['colcon_pkg']
[3.740s] Level 1:colcon.colcon_core.package_identification:_identify(src/cpp01_topic) by extension 'colcon_pkg'
[3.741s] Level 1:colcon.colcon_core.package_identification:_identify(src/cpp01_topic) by extensions ['colcon_meta']
[3.741s] Level 1:colcon.colcon_core.package_identification:_identify(src/cpp01_topic) by extension 'colcon_meta'
[3.741s] Level 1:colcon.colcon_core.package_identification:_identify(src/cpp01_topic) by extensions ['ros']
[3.741s] Level 1:colcon.colcon_core.package_identification:_identify(src/cpp01_topic) by extension 'ros'
[3.743s] DEBUG:colcon.colcon_core.package_identification:Package 'src/cpp01_topic' with type 'ros.ament_cmake' and name 'cpp01_topic'
[3.743s] Level 1:colcon.colcon_core.package_identification:_identify(src/cpp02_service) by extensions ['ignore', 'ignore_ament_install']
[3.743s] Level 1:colcon.colcon_core.package_identification:_identify(src/cpp02_service) by extension 'ignore'
[3.744s] Level 1:colcon.colcon_core.package_identification:_identify(src/cpp02_service) by extension 'ignore_ament_install'
[3.744s] Level 1:colcon.colcon_core.package_identification:_identify(src/cpp02_service) by extensions ['colcon_pkg']
[3.744s] Level 1:colcon.colcon_core.package_identification:_identify(src/cpp02_service) by extension 'colcon_pkg'
[3.744s] Level 1:colcon.colcon_core.package_identification:_identify(src/cpp02_service) by extensions ['colcon_meta']
[3.744s] Level 1:colcon.colcon_core.package_identification:_identify(src/cpp02_service) by extension 'colcon_meta'
[3.744s] Level 1:colcon.colcon_core.package_identification:_identify(src/cpp02_service) by extensions ['ros']
[3.745s] Level 1:colcon.colcon_core.package_identification:_identify(src/cpp02_service) by extension 'ros'
[3.746s] DEBUG:colcon.colcon_core.package_identification:Package 'src/cpp02_service' with type 'ros.ament_cmake' and name 'cpp02_service'
[3.746s] Level 1:colcon.colcon_core.package_identification:_identify(src/cpp03_action) by extensions ['ignore', 'ignore_ament_install']
[3.747s] Level 1:colcon.colcon_core.package_identification:_identify(src/cpp03_action) by extension 'ignore'
[3.747s] Level 1:colcon.colcon_core.package_identification:_identify(src/cpp03_action) by extension 'ignore_ament_install'
[3.747s] Level 1:colcon.colcon_core.package_identification:_identify(src/cpp03_action) by extensions ['colcon_pkg']
[3.747s] Level 1:colcon.colcon_core.package_identification:_identify(src/cpp03_action) by extension 'colcon_pkg'
[3.748s] Level 1:colcon.colcon_core.package_identification:_identify(src/cpp03_action) by extensions ['colcon_meta']
[3.748s] Level 1:colcon.colcon_core.package_identification:_identify(src/cpp03_action) by extension 'colcon_meta'
[3.748s] Level 1:colcon.colcon_core.package_identification:_identify(src/cpp03_action) by extensions ['ros']
[3.748s] Level 1:colcon.colcon_core.package_identification:_identify(src/cpp03_action) by extension 'ros'
[3.749s] DEBUG:colcon.colcon_core.package_identification:Package 'src/cpp03_action' with type 'ros.ament_cmake' and name 'cpp03_action'
[3.750s] Level 1:colcon.colcon_core.package_identification:_identify(src/cpp04_param) by extensions ['ignore', 'ignore_ament_install']
[3.750s] Level 1:colcon.colcon_core.package_identification:_identify(src/cpp04_param) by extension 'ignore'
[3.750s] Level 1:colcon.colcon_core.package_identification:_identify(src/cpp04_param) by extension 'ignore_ament_install'
[3.750s] Level 1:colcon.colcon_core.package_identification:_identify(src/cpp04_param) by extensions ['colcon_pkg']
[3.750s] Level 1:colcon.colcon_core.package_identification:_identify(src/cpp04_param) by extension 'colcon_pkg'
[3.751s] Level 1:colcon.colcon_core.package_identification:_identify(src/cpp04_param) by extensions ['colcon_meta']
[3.751s] Level 1:colcon.colcon_core.package_identification:_identify(src/cpp04_param) by extension 'colcon_meta'
[3.751s] Level 1:colcon.colcon_core.package_identification:_identify(src/cpp04_param) by extensions ['ros']
[3.751s] Level 1:colcon.colcon_core.package_identification:_identify(src/cpp04_param) by extension 'ros'
[3.752s] DEBUG:colcon.colcon_core.package_identification:Package 'src/cpp04_param' with type 'ros.ament_cmake' and name 'cpp04_param'
[3.753s] Level 1:colcon.colcon_core.package_identification:_identify(src/cpp05_names) by extensions ['ignore', 'ignore_ament_install']
[3.753s] Level 1:colcon.colcon_core.package_identification:_identify(src/cpp05_names) by extension 'ignore'
[3.753s] Level 1:colcon.colcon_core.package_identification:_identify(src/cpp05_names) by extension 'ignore_ament_install'
[3.753s] Level 1:colcon.colcon_core.package_identification:_identify(src/cpp05_names) by extensions ['colcon_pkg']
[3.753s] Level 1:colcon.colcon_core.package_identification:_identify(src/cpp05_names) by extension 'colcon_pkg'
[3.753s] Level 1:colcon.colcon_core.package_identification:_identify(src/cpp05_names) by extensions ['colcon_meta']
[3.754s] Level 1:colcon.colcon_core.package_identification:_identify(src/cpp05_names) by extension 'colcon_meta'
[3.754s] Level 1:colcon.colcon_core.package_identification:_identify(src/cpp05_names) by extensions ['ros']
[3.754s] Level 1:colcon.colcon_core.package_identification:_identify(src/cpp05_names) by extension 'ros'
[3.756s] DEBUG:colcon.colcon_core.package_identification:Package 'src/cpp05_names' with type 'ros.ament_cmake' and name 'cpp05_names'
[3.756s] Level 1:colcon.colcon_core.package_identification:_identify(src/cpp06_time) by extensions ['ignore', 'ignore_ament_install']
[3.756s] Level 1:colcon.colcon_core.package_identification:_identify(src/cpp06_time) by extension 'ignore'
[3.756s] Level 1:colcon.colcon_core.package_identification:_identify(src/cpp06_time) by extension 'ignore_ament_install'
[3.757s] Level 1:colcon.colcon_core.package_identification:_identify(src/cpp06_time) by extensions ['colcon_pkg']
[3.757s] Level 1:colcon.colcon_core.package_identification:_identify(src/cpp06_time) by extension 'colcon_pkg'
[3.757s] Level 1:colcon.colcon_core.package_identification:_identify(src/cpp06_time) by extensions ['colcon_meta']
[3.757s] Level 1:colcon.colcon_core.package_identification:_identify(src/cpp06_time) by extension 'colcon_meta'
[3.757s] Level 1:colcon.colcon_core.package_identification:_identify(src/cpp06_time) by extensions ['ros']
[3.757s] Level 1:colcon.colcon_core.package_identification:_identify(src/cpp06_time) by extension 'ros'
[3.758s] DEBUG:colcon.colcon_core.package_identification:Package 'src/cpp06_time' with type 'ros.ament_cmake' and name 'cpp06_time'
[3.759s] Level 1:colcon.colcon_core.package_identification:_identify(src/cpp07_exercise) by extensions ['ignore', 'ignore_ament_install']
[3.759s] Level 1:colcon.colcon_core.package_identification:_identify(src/cpp07_exercise) by extension 'ignore'
[3.760s] Level 1:colcon.colcon_core.package_identification:_identify(src/cpp07_exercise) by extension 'ignore_ament_install'
[3.760s] Level 1:colcon.colcon_core.package_identification:_identify(src/cpp07_exercise) by extensions ['colcon_pkg']
[3.760s] Level 1:colcon.colcon_core.package_identification:_identify(src/cpp07_exercise) by extension 'colcon_pkg'
[3.760s] Level 1:colcon.colcon_core.package_identification:_identify(src/cpp07_exercise) by extensions ['colcon_meta']
[3.760s] Level 1:colcon.colcon_core.package_identification:_identify(src/cpp07_exercise) by extension 'colcon_meta'
[3.761s] Level 1:colcon.colcon_core.package_identification:_identify(src/cpp07_exercise) by extensions ['ros']
[3.761s] Level 1:colcon.colcon_core.package_identification:_identify(src/cpp07_exercise) by extension 'ros'
[3.762s] DEBUG:colcon.colcon_core.package_identification:Package 'src/cpp07_exercise' with type 'ros.ament_cmake' and name 'cpp07_exercise'
[3.763s] Level 1:colcon.colcon_core.package_identification:_identify(src/py01_topic) by extensions ['ignore', 'ignore_ament_install']
[3.763s] Level 1:colcon.colcon_core.package_identification:_identify(src/py01_topic) by extension 'ignore'
[3.764s] Level 1:colcon.colcon_core.package_identification:_identify(src/py01_topic) by extension 'ignore_ament_install'
[3.764s] Level 1:colcon.colcon_core.package_identification:_identify(src/py01_topic) by extensions ['colcon_pkg']
[3.764s] Level 1:colcon.colcon_core.package_identification:_identify(src/py01_topic) by extension 'colcon_pkg'
[3.764s] Level 1:colcon.colcon_core.package_identification:_identify(src/py01_topic) by extensions ['colcon_meta']
[3.764s] Level 1:colcon.colcon_core.package_identification:_identify(src/py01_topic) by extension 'colcon_meta'
[3.764s] Level 1:colcon.colcon_core.package_identification:_identify(src/py01_topic) by extensions ['ros']
[3.764s] Level 1:colcon.colcon_core.package_identification:_identify(src/py01_topic) by extension 'ros'
[3.766s] DEBUG:colcon.colcon_core.package_identification:Package 'src/py01_topic' with type 'ros.ament_python' and name 'py01_topic'
[3.766s] Level 1:colcon.colcon_core.package_identification:_identify(src/py02_service) by extensions ['ignore', 'ignore_ament_install']
[3.766s] Level 1:colcon.colcon_core.package_identification:_identify(src/py02_service) by extension 'ignore'
[3.767s] Level 1:colcon.colcon_core.package_identification:_identify(src/py02_service) by extension 'ignore_ament_install'
[3.767s] Level 1:colcon.colcon_core.package_identification:_identify(src/py02_service) by extensions ['colcon_pkg']
[3.767s] Level 1:colcon.colcon_core.package_identification:_identify(src/py02_service) by extension 'colcon_pkg'
[3.768s] Level 1:colcon.colcon_core.package_identification:_identify(src/py02_service) by extensions ['colcon_meta']
[3.768s] Level 1:colcon.colcon_core.package_identification:_identify(src/py02_service) by extension 'colcon_meta'
[3.768s] Level 1:colcon.colcon_core.package_identification:_identify(src/py02_service) by extensions ['ros']
[3.768s] Level 1:colcon.colcon_core.package_identification:_identify(src/py02_service) by extension 'ros'
[3.769s] DEBUG:colcon.colcon_core.package_identification:Package 'src/py02_service' with type 'ros.ament_python' and name 'py02_service'
[3.769s] Level 1:colcon.colcon_core.package_identification:_identify(src/py03_action) by extensions ['ignore', 'ignore_ament_install']
[3.770s] Level 1:colcon.colcon_core.package_identification:_identify(src/py03_action) by extension 'ignore'
[3.770s] Level 1:colcon.colcon_core.package_identification:_identify(src/py03_action) by extension 'ignore_ament_install'
[3.770s] Level 1:colcon.colcon_core.package_identification:_identify(src/py03_action) by extensions ['colcon_pkg']
[3.770s] Level 1:colcon.colcon_core.package_identification:_identify(src/py03_action) by extension 'colcon_pkg'
[3.770s] Level 1:colcon.colcon_core.package_identification:_identify(src/py03_action) by extensions ['colcon_meta']
[3.770s] Level 1:colcon.colcon_core.package_identification:_identify(src/py03_action) by extension 'colcon_meta'
[3.771s] Level 1:colcon.colcon_core.package_identification:_identify(src/py03_action) by extensions ['ros']
[3.771s] Level 1:colcon.colcon_core.package_identification:_identify(src/py03_action) by extension 'ros'
[3.773s] DEBUG:colcon.colcon_core.package_identification:Package 'src/py03_action' with type 'ros.ament_python' and name 'py03_action'
[3.773s] Level 1:colcon.colcon_core.package_identification:_identify(src/py04_param) by extensions ['ignore', 'ignore_ament_install']
[3.773s] Level 1:colcon.colcon_core.package_identification:_identify(src/py04_param) by extension 'ignore'
[3.773s] Level 1:colcon.colcon_core.package_identification:_identify(src/py04_param) by extension 'ignore_ament_install'
[3.774s] Level 1:colcon.colcon_core.package_identification:_identify(src/py04_param) by extensions ['colcon_pkg']
[3.774s] Level 1:colcon.colcon_core.package_identification:_identify(src/py04_param) by extension 'colcon_pkg'
[3.774s] Level 1:colcon.colcon_core.package_identification:_identify(src/py04_param) by extensions ['colcon_meta']
[3.774s] Level 1:colcon.colcon_core.package_identification:_identify(src/py04_param) by extension 'colcon_meta'
[3.774s] Level 1:colcon.colcon_core.package_identification:_identify(src/py04_param) by extensions ['ros']
[3.774s] Level 1:colcon.colcon_core.package_identification:_identify(src/py04_param) by extension 'ros'
[3.776s] DEBUG:colcon.colcon_core.package_identification:Package 'src/py04_param' with type 'ros.ament_python' and name 'py04_param'
[3.776s] Level 1:colcon.colcon_core.package_identification:_identify(src/py05_names) by extensions ['ignore', 'ignore_ament_install']
[3.776s] Level 1:colcon.colcon_core.package_identification:_identify(src/py05_names) by extension 'ignore'
[3.777s] Level 1:colcon.colcon_core.package_identification:_identify(src/py05_names) by extension 'ignore_ament_install'
[3.777s] Level 1:colcon.colcon_core.package_identification:_identify(src/py05_names) by extensions ['colcon_pkg']
[3.777s] Level 1:colcon.colcon_core.package_identification:_identify(src/py05_names) by extension 'colcon_pkg'
[3.777s] Level 1:colcon.colcon_core.package_identification:_identify(src/py05_names) by extensions ['colcon_meta']
[3.777s] Level 1:colcon.colcon_core.package_identification:_identify(src/py05_names) by extension 'colcon_meta'
[3.777s] Level 1:colcon.colcon_core.package_identification:_identify(src/py05_names) by extensions ['ros']
[3.777s] Level 1:colcon.colcon_core.package_identification:_identify(src/py05_names) by extension 'ros'
[3.779s] DEBUG:colcon.colcon_core.package_identification:Package 'src/py05_names' with type 'ros.ament_python' and name 'py05_names'
[3.779s] Level 1:colcon.colcon_core.package_identification:_identify(src/py06_time) by extensions ['ignore', 'ignore_ament_install']
[3.780s] Level 1:colcon.colcon_core.package_identification:_identify(src/py06_time) by extension 'ignore'
[3.780s] Level 1:colcon.colcon_core.package_identification:_identify(src/py06_time) by extension 'ignore_ament_install'
[3.780s] Level 1:colcon.colcon_core.package_identification:_identify(src/py06_time) by extensions ['colcon_pkg']
[3.780s] Level 1:colcon.colcon_core.package_identification:_identify(src/py06_time) by extension 'colcon_pkg'
[3.780s] Level 1:colcon.colcon_core.package_identification:_identify(src/py06_time) by extensions ['colcon_meta']
[3.780s] Level 1:colcon.colcon_core.package_identification:_identify(src/py06_time) by extension 'colcon_meta'
[3.780s] Level 1:colcon.colcon_core.package_identification:_identify(src/py06_time) by extensions ['ros']
[3.781s] Level 1:colcon.colcon_core.package_identification:_identify(src/py06_time) by extension 'ros'
[3.782s] DEBUG:colcon.colcon_core.package_identification:Package 'src/py06_time' with type 'ros.ament_python' and name 'py06_time'
[3.782s] Level 1:colcon.colcon_core.package_identification:_identify(src/turtlesim) by extensions ['ignore', 'ignore_ament_install']
[3.782s] Level 1:colcon.colcon_core.package_identification:_identify(src/turtlesim) by extension 'ignore'
[3.782s] Level 1:colcon.colcon_core.package_identification:_identify(src/turtlesim) by extension 'ignore_ament_install'
[3.783s] Level 1:colcon.colcon_core.package_identification:_identify(src/turtlesim) by extensions ['colcon_pkg']
[3.783s] Level 1:colcon.colcon_core.package_identification:_identify(src/turtlesim) by extension 'colcon_pkg'
[3.783s] Level 1:colcon.colcon_core.package_identification:_identify(src/turtlesim) by extensions ['colcon_meta']
[3.783s] Level 1:colcon.colcon_core.package_identification:_identify(src/turtlesim) by extension 'colcon_meta'
[3.783s] Level 1:colcon.colcon_core.package_identification:_identify(src/turtlesim) by extensions ['ros']
[3.783s] Level 1:colcon.colcon_core.package_identification:_identify(src/turtlesim) by extension 'ros'
[3.786s] DEBUG:colcon.colcon_core.package_identification:Package 'src/turtlesim' with type 'ros.ament_cmake' and name 'turtlesim'
[3.786s] Level 1:colcon.colcon_core.package_identification:_identify(src/tutorails_plumbing) by extensions ['ignore', 'ignore_ament_install']
[3.786s] Level 1:colcon.colcon_core.package_identification:_identify(src/tutorails_plumbing) by extension 'ignore'
[3.787s] Level 1:colcon.colcon_core.package_identification:_identify(src/tutorails_plumbing) by extension 'ignore_ament_install'
[3.787s] Level 1:colcon.colcon_core.package_identification:_identify(src/tutorails_plumbing) by extensions ['colcon_pkg']
[3.787s] Level 1:colcon.colcon_core.package_identification:_identify(src/tutorails_plumbing) by extension 'colcon_pkg'
[3.787s] Level 1:colcon.colcon_core.package_identification:_identify(src/tutorails_plumbing) by extensions ['colcon_meta']
[3.787s] Level 1:colcon.colcon_core.package_identification:_identify(src/tutorails_plumbing) by extension 'colcon_meta'
[3.787s] Level 1:colcon.colcon_core.package_identification:_identify(src/tutorails_plumbing) by extensions ['ros']
[3.787s] Level 1:colcon.colcon_core.package_identification:_identify(src/tutorails_plumbing) by extension 'ros'
[3.789s] DEBUG:colcon.colcon_core.package_identification:Package 'src/tutorails_plumbing' with type 'ros.ament_cmake' and name 'tutorails_plumbing'
[3.789s] Level 1:colcon.colcon_core.package_discovery:discover_packages(recursive) using defaults
[3.789s] Level 1:colcon.colcon_core.package_discovery:discover_packages(ignore) discover
[3.789s] Level 1:colcon.colcon_core.package_discovery:discover_packages(ignore) using defaults
[3.789s] Level 1:colcon.colcon_core.package_discovery:discover_packages(path) discover
[3.789s] Level 1:colcon.colcon_core.package_discovery:discover_packages(path) using defaults
[3.853s] INFO:colcon.colcon_core.package_selection:Skipping not selected package 'base_interfaces_demo' in 'src/base_interfaces_demo'
[3.854s] INFO:colcon.colcon_core.package_selection:Skipping not selected package 'cpp04_param' in 'src/cpp04_param'
[3.854s] INFO:colcon.colcon_core.package_selection:Skipping not selected package 'cpp05_names' in 'src/cpp05_names'
[3.854s] INFO:colcon.colcon_core.package_selection:Skipping not selected package 'cpp06_time' in 'src/cpp06_time'
[3.854s] INFO:colcon.colcon_core.package_selection:Skipping not selected package 'py02_service' in 'src/py02_service'
[3.854s] INFO:colcon.colcon_core.package_selection:Skipping not selected package 'py04_param' in 'src/py04_param'
[3.854s] INFO:colcon.colcon_core.package_selection:Skipping not selected package 'py05_names' in 'src/py05_names'
[3.854s] INFO:colcon.colcon_core.package_selection:Skipping not selected package 'py06_time' in 'src/py06_time'
[3.854s] INFO:colcon.colcon_core.package_selection:Skipping not selected package 'cpp01_topic' in 'src/cpp01_topic'
[3.854s] INFO:colcon.colcon_core.package_selection:Skipping not selected package 'cpp02_service' in 'src/cpp02_service'
[3.854s] INFO:colcon.colcon_core.package_selection:Skipping not selected package 'cpp03_action' in 'src/cpp03_action'
[3.855s] INFO:colcon.colcon_core.package_selection:Skipping not selected package 'cpp07_exercise' in 'src/cpp07_exercise'
[3.855s] INFO:colcon.colcon_core.package_selection:Skipping not selected package 'py01_topic' in 'src/py01_topic'
[3.855s] INFO:colcon.colcon_core.package_selection:Skipping not selected package 'py03_action' in 'src/py03_action'
[3.855s] INFO:colcon.colcon_core.package_selection:Skipping not selected package 'tutorails_plumbing' in 'src/tutorails_plumbing'
[3.857s] Level 1:colcon.colcon_core.package_discovery:discover_packages(prefix_path) check parameters
[3.858s] Level 1:colcon.colcon_core.package_discovery:discover_packages(prefix_path) discover
[3.866s] DEBUG:colcon.colcon_installed_package_information.package_discovery:Found 16 installed packages in /home/ros2/ws01_plumbing/install
[3.871s] DEBUG:colcon.colcon_installed_package_information.package_discovery:Found 277 installed packages in /opt/ros/humble
[3.876s] Level 1:colcon.colcon_core.package_discovery:discover_packages(prefix_path) using defaults
[4.049s] WARNING:colcon.colcon_core.package_selection:Some selected packages are already built in one or more underlay workspaces:
	'turtlesim' is in: /home/ros2/ws01_plumbing/install/turtlesim, /opt/ros/humble
If a package in a merged underlay workspace is overridden and it installs headers, then all packages in the overlay must sort their include directories by workspace order. Failure to do so may result in build failures or undefined behavior at run time.
If the overridden package is used by another package in any underlay, then the overriding package in the overlay must be API and ABI compatible or undefined behavior at run time may occur.

If you understand the risks and want to override a package anyways, add the following to the command line:
	--allow-overriding turtlesim

This may be promoted to an error in a future release of colcon-override-check.
[4.053s] Level 5:colcon.colcon_core.verb:set package 'turtlesim' build argument 'cmake_args' from command line to 'None'
[4.054s] Level 5:colcon.colcon_core.verb:set package 'turtlesim' build argument 'cmake_target' from command line to 'None'
[4.054s] Level 5:colcon.colcon_core.verb:set package 'turtlesim' build argument 'cmake_target_skip_unavailable' from command line to 'False'
[4.054s] Level 5:colcon.colcon_core.verb:set package 'turtlesim' build argument 'cmake_clean_cache' from command line to 'False'
[4.054s] Level 5:colcon.colcon_core.verb:set package 'turtlesim' build argument 'cmake_clean_first' from command line to 'False'
[4.054s] Level 5:colcon.colcon_core.verb:set package 'turtlesim' build argument 'cmake_force_configure' from command line to 'False'
[4.054s] Level 5:colcon.colcon_core.verb:set package 'turtlesim' build argument 'ament_cmake_args' from command line to 'None'
[4.054s] Level 5:colcon.colcon_core.verb:set package 'turtlesim' build argument 'catkin_cmake_args' from command line to 'None'
[4.054s] Level 5:colcon.colcon_core.verb:set package 'turtlesim' build argument 'catkin_skip_building_tests' from command line to 'False'
[4.055s] DEBUG:colcon.colcon_core.verb:Building package 'turtlesim' with the following arguments: {'ament_cmake_args': None, 'build_base': '/home/ros2/ws01_plumbing/build/turtlesim', 'catkin_cmake_args': None, 'catkin_skip_building_tests': False, 'cmake_args': None, 'cmake_clean_cache': False, 'cmake_clean_first': False, 'cmake_force_configure': False, 'cmake_target': None, 'cmake_target_skip_unavailable': False, 'install_base': '/home/ros2/ws01_plumbing/install/turtlesim', 'merge_install': False, 'path': '/home/ros2/ws01_plumbing/src/turtlesim', 'symlink_install': False, 'test_result_base': None}
[4.057s] INFO:colcon.colcon_core.executor:Executing jobs using 'parallel' executor
[4.070s] DEBUG:colcon.colcon_parallel_executor.executor.parallel:run_until_complete
[4.080s] INFO:colcon.colcon_ros.task.ament_cmake.build:Building ROS package in '/home/ros2/ws01_plumbing/src/turtlesim' with build type 'ament_cmake'
[4.080s] INFO:colcon.colcon_cmake.task.cmake.build:Building CMake package in '/home/ros2/ws01_plumbing/src/turtlesim'
[4.094s] INFO:colcon.colcon_core.plugin_system:Skipping extension 'colcon_core.shell.bat': Not used on non-Windows systems
[4.098s] INFO:colcon.colcon_core.shell:Skip shell extension 'powershell' for command environment: Not usable outside of PowerShell
[4.099s] DEBUG:colcon.colcon_core.shell:Skip shell extension 'dsv' for command environment
[4.244s] DEBUG:colcon.colcon_core.event_handler.log_command:Invoking command in '/home/ros2/ws01_plumbing/build/turtlesim': CMAKE_PREFIX_PATH=${CMAKE_PREFIX_PATH}:/home/ros2/ws01_plumbing/install/py06_time:/home/ros2/ws01_plumbing/install/py05_names:/home/ros2/ws01_plumbing/install/py04_param:/home/ros2/ws01_plumbing/install/py03_action:/home/ros2/ws01_plumbing/install/py02_service:/home/ros2/ws01_plumbing/install/py01_topic:/opt/ros/humble /usr/bin/cmake --build /home/ros2/ws01_plumbing/build/turtlesim -- -j4 -l4
[5.828s] DEBUG:colcon.colcon_core.event_handler.log_command:Invoked command in '/home/ros2/ws01_plumbing/build/turtlesim' returned '0': CMAKE_PREFIX_PATH=${CMAKE_PREFIX_PATH}:/home/ros2/ws01_plumbing/install/py06_time:/home/ros2/ws01_plumbing/install/py05_names:/home/ros2/ws01_plumbing/install/py04_param:/home/ros2/ws01_plumbing/install/py03_action:/home/ros2/ws01_plumbing/install/py02_service:/home/ros2/ws01_plumbing/install/py01_topic:/opt/ros/humble /usr/bin/cmake --build /home/ros2/ws01_plumbing/build/turtlesim -- -j4 -l4
[7.036s] DEBUG:colcon.colcon_core.event_handler.log_command:Invoking command in '/home/ros2/ws01_plumbing/build/turtlesim': CMAKE_PREFIX_PATH=${CMAKE_PREFIX_PATH}:/home/ros2/ws01_plumbing/install/py06_time:/home/ros2/ws01_plumbing/install/py05_names:/home/ros2/ws01_plumbing/install/py04_param:/home/ros2/ws01_plumbing/install/py03_action:/home/ros2/ws01_plumbing/install/py02_service:/home/ros2/ws01_plumbing/install/py01_topic:/opt/ros/humble /usr/bin/cmake --install /home/ros2/ws01_plumbing/build/turtlesim
[7.310s] Level 1:colcon.colcon_core.environment:create_environment_scripts_only(turtlesim)
[7.316s] DEBUG:colcon.colcon_core.event_handler.log_command:Invoked command in '/home/ros2/ws01_plumbing/build/turtlesim' returned '0': CMAKE_PREFIX_PATH=${CMAKE_PREFIX_PATH}:/home/ros2/ws01_plumbing/install/py06_time:/home/ros2/ws01_plumbing/install/py05_names:/home/ros2/ws01_plumbing/install/py04_param:/home/ros2/ws01_plumbing/install/py03_action:/home/ros2/ws01_plumbing/install/py02_service:/home/ros2/ws01_plumbing/install/py01_topic:/opt/ros/humble /usr/bin/cmake --install /home/ros2/ws01_plumbing/build/turtlesim
[7.325s] Level 1:colcon.colcon_core.environment:checking '/home/ros2/ws01_plumbing/install/turtlesim' for CMake module files
[7.326s] Level 1:colcon.colcon_core.environment:checking '/home/ros2/ws01_plumbing/install/turtlesim' for CMake config files
[7.327s] Level 1:colcon.colcon_core.shell:create_environment_hook('turtlesim', 'cmake_prefix_path')
[7.331s] INFO:colcon.colcon_core.shell:Creating environment hook '/home/ros2/ws01_plumbing/install/turtlesim/share/turtlesim/hook/cmake_prefix_path.ps1'
[7.333s] INFO:colcon.colcon_core.shell:Creating environment descriptor '/home/ros2/ws01_plumbing/install/turtlesim/share/turtlesim/hook/cmake_prefix_path.dsv'
[7.335s] INFO:colcon.colcon_core.shell:Creating environment hook '/home/ros2/ws01_plumbing/install/turtlesim/share/turtlesim/hook/cmake_prefix_path.sh'
[7.338s] Level 1:colcon.colcon_core.environment:checking '/home/ros2/ws01_plumbing/install/turtlesim/lib'
[7.338s] Level 1:colcon.colcon_core.shell:create_environment_hook('turtlesim', 'ld_library_path_lib')
[7.341s] INFO:colcon.colcon_core.shell:Creating environment hook '/home/ros2/ws01_plumbing/install/turtlesim/share/turtlesim/hook/ld_library_path_lib.ps1'
[7.343s] INFO:colcon.colcon_core.shell:Creating environment descriptor '/home/ros2/ws01_plumbing/install/turtlesim/share/turtlesim/hook/ld_library_path_lib.dsv'
[7.345s] INFO:colcon.colcon_core.shell:Creating environment hook '/home/ros2/ws01_plumbing/install/turtlesim/share/turtlesim/hook/ld_library_path_lib.sh'
[7.346s] Level 1:colcon.colcon_core.environment:checking '/home/ros2/ws01_plumbing/install/turtlesim/bin'
[7.346s] Level 1:colcon.colcon_core.environment:checking '/home/ros2/ws01_plumbing/install/turtlesim/lib/pkgconfig/turtlesim.pc'
[7.347s] Level 1:colcon.colcon_core.environment:checking '/home/ros2/ws01_plumbing/install/turtlesim/lib/python3.10/site-packages'
[7.348s] Level 1:colcon.colcon_core.environment:checking '/home/ros2/ws01_plumbing/install/turtlesim/bin'
[7.352s] INFO:colcon.colcon_core.shell:Creating package script '/home/ros2/ws01_plumbing/install/turtlesim/share/turtlesim/package.ps1'
[7.354s] INFO:colcon.colcon_core.shell:Creating package descriptor '/home/ros2/ws01_plumbing/install/turtlesim/share/turtlesim/package.dsv'
[7.356s] INFO:colcon.colcon_core.shell:Creating package script '/home/ros2/ws01_plumbing/install/turtlesim/share/turtlesim/package.sh'
[7.358s] INFO:colcon.colcon_core.shell:Creating package script '/home/ros2/ws01_plumbing/install/turtlesim/share/turtlesim/package.bash'
[7.361s] INFO:colcon.colcon_core.shell:Creating package script '/home/ros2/ws01_plumbing/install/turtlesim/share/turtlesim/package.zsh'
[7.362s] Level 1:colcon.colcon_core.environment:create_file_with_runtime_dependencies(/home/ros2/ws01_plumbing/install/turtlesim/share/colcon-core/packages/turtlesim)
[8.532s] Level 1:colcon.colcon_core.environment:create_environment_scripts_only(turtlesim)
[8.537s] Level 1:colcon.colcon_core.environment:checking '/home/ros2/ws01_plumbing/install/turtlesim' for CMake module files
[8.538s] Level 1:colcon.colcon_core.environment:checking '/home/ros2/ws01_plumbing/install/turtlesim' for CMake config files
[8.539s] Level 1:colcon.colcon_core.shell:create_environment_hook('turtlesim', 'cmake_prefix_path')
[8.543s] INFO:colcon.colcon_core.shell:Creating environment hook '/home/ros2/ws01_plumbing/install/turtlesim/share/turtlesim/hook/cmake_prefix_path.ps1'
[8.548s] INFO:colcon.colcon_core.shell:Creating environment descriptor '/home/ros2/ws01_plumbing/install/turtlesim/share/turtlesim/hook/cmake_prefix_path.dsv'
[8.549s] INFO:colcon.colcon_core.shell:Creating environment hook '/home/ros2/ws01_plumbing/install/turtlesim/share/turtlesim/hook/cmake_prefix_path.sh'
[8.551s] Level 1:colcon.colcon_core.environment:checking '/home/ros2/ws01_plumbing/install/turtlesim/lib'
[8.551s] Level 1:colcon.colcon_core.shell:create_environment_hook('turtlesim', 'ld_library_path_lib')
[8.554s] INFO:colcon.colcon_core.shell:Creating environment hook '/home/ros2/ws01_plumbing/install/turtlesim/share/turtlesim/hook/ld_library_path_lib.ps1'
[8.556s] INFO:colcon.colcon_core.shell:Creating environment descriptor '/home/ros2/ws01_plumbing/install/turtlesim/share/turtlesim/hook/ld_library_path_lib.dsv'
[8.557s] INFO:colcon.colcon_core.shell:Creating environment hook '/home/ros2/ws01_plumbing/install/turtlesim/share/turtlesim/hook/ld_library_path_lib.sh'
[8.559s] Level 1:colcon.colcon_core.environment:checking '/home/ros2/ws01_plumbing/install/turtlesim/bin'
[8.559s] Level 1:colcon.colcon_core.environment:checking '/home/ros2/ws01_plumbing/install/turtlesim/lib/pkgconfig/turtlesim.pc'
[8.560s] Level 1:colcon.colcon_core.environment:checking '/home/ros2/ws01_plumbing/install/turtlesim/lib/python3.10/site-packages'
[8.561s] Level 1:colcon.colcon_core.environment:checking '/home/ros2/ws01_plumbing/install/turtlesim/bin'
[8.565s] INFO:colcon.colcon_core.shell:Creating package script '/home/ros2/ws01_plumbing/install/turtlesim/share/turtlesim/package.ps1'
[8.567s] INFO:colcon.colcon_core.shell:Creating package descriptor '/home/ros2/ws01_plumbing/install/turtlesim/share/turtlesim/package.dsv'
[8.569s] INFO:colcon.colcon_core.shell:Creating package script '/home/ros2/ws01_plumbing/install/turtlesim/share/turtlesim/package.sh'
[8.571s] INFO:colcon.colcon_core.shell:Creating package script '/home/ros2/ws01_plumbing/install/turtlesim/share/turtlesim/package.bash'
[8.573s] INFO:colcon.colcon_core.shell:Creating package script '/home/ros2/ws01_plumbing/install/turtlesim/share/turtlesim/package.zsh'
[8.574s] Level 1:colcon.colcon_core.environment:create_file_with_runtime_dependencies(/home/ros2/ws01_plumbing/install/turtlesim/share/colcon-core/packages/turtlesim)
[8.575s] DEBUG:colcon.colcon_parallel_executor.executor.parallel:closing loop
[8.576s] DEBUG:colcon.colcon_parallel_executor.executor.parallel:loop closed
[8.576s] DEBUG:colcon.colcon_parallel_executor.executor.parallel:run_until_complete finished with '0'
[8.577s] DEBUG:colcon.colcon_core.event_reactor:joining thread
[8.598s] INFO:colcon.colcon_core.plugin_system:Skipping extension 'colcon_notification.desktop_notification.terminal_notifier': Not used on non-Darwin systems
[8.598s] INFO:colcon.colcon_core.plugin_system:Skipping extension 'colcon_notification.desktop_notification.win32': Not used on non-Windows systems
[8.598s] INFO:colcon.colcon_notification.desktop_notification:Sending desktop notification using 'notify2'
[8.637s] DEBUG:colcon.colcon_core.event_reactor:joined thread
[8.641s] INFO:colcon.colcon_core.shell:Creating prefix script '/home/ros2/ws01_plumbing/install/local_setup.ps1'
[8.644s] INFO:colcon.colcon_core.shell:Creating prefix util module '/home/ros2/ws01_plumbing/install/_local_setup_util_ps1.py'
[8.647s] INFO:colcon.colcon_core.shell:Creating prefix chain script '/home/ros2/ws01_plumbing/install/setup.ps1'
[8.653s] INFO:colcon.colcon_core.shell:Creating prefix script '/home/ros2/ws01_plumbing/install/local_setup.sh'
[8.655s] INFO:colcon.colcon_core.shell:Creating prefix util module '/home/ros2/ws01_plumbing/install/_local_setup_util_sh.py'
[8.656s] INFO:colcon.colcon_core.shell:Creating prefix chain script '/home/ros2/ws01_plumbing/install/setup.sh'
[8.662s] INFO:colcon.colcon_core.shell:Creating prefix script '/home/ros2/ws01_plumbing/install/local_setup.bash'
[8.665s] INFO:colcon.colcon_core.shell:Creating prefix chain script '/home/ros2/ws01_plumbing/install/setup.bash'
[8.670s] INFO:colcon.colcon_core.shell:Creating prefix script '/home/ros2/ws01_plumbing/install/local_setup.zsh'
[8.672s] INFO:colcon.colcon_core.shell:Creating prefix chain script '/home/ros2/ws01_plumbing/install/setup.zsh'
