[3.181s] Invoking command in '/home/ros2/ws01_plumbing/src/py04_param': PYTHONPATH=/home/ros2/ws01_plumbing/install/py04_param/lib/python3.10/site-packages:${PYTHONPATH} /usr/bin/python3 setup.py egg_info --egg-base ../../build/py04_param build --build-base /home/ros2/ws01_plumbing/build/py04_param/build install --prefix /home/ros2/ws01_plumbing/install/py04_param --record /home/ros2/ws01_plumbing/build/py04_param/install.log --single-version-externally-managed
[4.271s] running egg_info
[4.273s] writing ../../build/py04_param/py04_param.egg-info/PKG-INFO
[4.274s] writing dependency_links to ../../build/py04_param/py04_param.egg-info/dependency_links.txt
[4.276s] writing entry points to ../../build/py04_param/py04_param.egg-info/entry_points.txt
[4.277s] writing requirements to ../../build/py04_param/py04_param.egg-info/requires.txt
[4.278s] writing top-level names to ../../build/py04_param/py04_param.egg-info/top_level.txt
[4.288s] reading manifest file '../../build/py04_param/py04_param.egg-info/SOURCES.txt'
[4.323s] writing manifest file '../../build/py04_param/py04_param.egg-info/SOURCES.txt'
[4.323s] running build
[4.323s] running build_py
[4.324s] running install
[4.341s] /usr/lib/python3/dist-packages/setuptools/command/install.py:34: SetuptoolsDeprecationWarning: setup.py install is deprecated. Use build and pip and other standards-based tools.
[4.341s]   warnings.warn(
[4.342s] running install_lib
[4.349s] running install_data
[4.351s] running install_egg_info
[4.358s] removing '/home/ros2/ws01_plumbing/install/py04_param/lib/python3.10/site-packages/py04_param-0.0.0-py3.10.egg-info' (and everything under it)
[4.359s] Copying ../../build/py04_param/py04_param.egg-info to /home/ros2/ws01_plumbing/install/py04_param/lib/python3.10/site-packages/py04_param-0.0.0-py3.10.egg-info
[4.378s] running install_scripts
[4.477s] Installing demo00_param_py script to /home/ros2/ws01_plumbing/install/py04_param/lib/py04_param
[4.481s] writing list of installed files to '/home/ros2/ws01_plumbing/build/py04_param/install.log'
[4.600s] Invoked command in '/home/ros2/ws01_plumbing/src/py04_param' returned '0': PYTHONPATH=/home/ros2/ws01_plumbing/install/py04_param/lib/python3.10/site-packages:${PYTHONPATH} /usr/bin/python3 setup.py egg_info --egg-base ../../build/py04_param build --build-base /home/ros2/ws01_plumbing/build/py04_param/build install --prefix /home/ros2/ws01_plumbing/install/py04_param --record /home/ros2/ws01_plumbing/build/py04_param/install.log --single-version-externally-managed
