[0.126s] Invoking command in '/home/ros2/ws01_plumbing/build/turtlesim': CMAKE_PREFIX_PATH=${CMAKE_PREFIX_PATH}:/home/ros2/ws01_plumbing/install/py06_time:/home/ros2/ws01_plumbing/install/py05_names:/home/ros2/ws01_plumbing/install/py04_param:/home/ros2/ws01_plumbing/install/py03_action:/home/ros2/ws01_plumbing/install/py02_service:/home/ros2/ws01_plumbing/install/py01_topic:/opt/ros/humble /usr/bin/cmake --build /home/ros2/ws01_plumbing/build/turtlesim -- -j4 -l4
[0.126s] [  1%] Built target turtlesim__cpp
[0.126s] [ 11%] Built target turtlesim__rosidl_generator_c
[0.140s] [ 11%] Built target ament_cmake_python_copy_turtlesim
[0.164s] [ 21%] Built target turtlesim__rosidl_typesupport_cpp
[0.171s] [ 31%] Built target turtlesim__rosidl_typesupport_fastrtps_cpp
[0.185s] [ 41%] Built target turtlesim__rosidl_typesupport_introspection_cpp
[0.193s] [ 51%] Built target turtlesim__rosidl_typesupport_fastrtps_c
[0.218s] [ 61%] Built target turtlesim__rosidl_typesupport_introspection_c
[0.233s] [ 71%] Built target turtlesim__rosidl_typesupport_c
[0.290s] [ 73%] Built target turtle_teleop_key
[0.310s] [ 79%] Built target turtlesim_node
[0.339s] [ 81%] Built target draw_square
[0.356s] [ 83%] Built target mimic
[0.383s] [ 83%] Built target turtlesim
[0.420s] [ 84%] Built target turtlesim__py
[0.481s] [ 93%] Built target turtlesim__rosidl_generator_py
[0.535s] [ 95%] Built target turtlesim__rosidl_typesupport_fastrtps_c__pyext
[0.543s] [ 97%] Built target turtlesim__rosidl_typesupport_introspection_c__pyext
[0.560s] [100%] Built target turtlesim__rosidl_typesupport_c__pyext
[0.608s] running egg_info
[0.609s] writing turtlesim.egg-info/PKG-INFO
[0.610s] writing dependency_links to turtlesim.egg-info/dependency_links.txt
[0.610s] writing top-level names to turtlesim.egg-info/top_level.txt
[0.615s] reading manifest file 'turtlesim.egg-info/SOURCES.txt'
[0.616s] writing manifest file 'turtlesim.egg-info/SOURCES.txt'
[0.667s] [100%] Built target ament_cmake_python_build_turtlesim_egg
[0.697s] Invoked command in '/home/ros2/ws01_plumbing/build/turtlesim' returned '0': CMAKE_PREFIX_PATH=${CMAKE_PREFIX_PATH}:/home/ros2/ws01_plumbing/install/py06_time:/home/ros2/ws01_plumbing/install/py05_names:/home/ros2/ws01_plumbing/install/py04_param:/home/ros2/ws01_plumbing/install/py03_action:/home/ros2/ws01_plumbing/install/py02_service:/home/ros2/ws01_plumbing/install/py01_topic:/opt/ros/humble /usr/bin/cmake --build /home/ros2/ws01_plumbing/build/turtlesim -- -j4 -l4
[1.257s] Invoking command in '/home/ros2/ws01_plumbing/build/turtlesim': CMAKE_PREFIX_PATH=${CMAKE_PREFIX_PATH}:/home/ros2/ws01_plumbing/install/py06_time:/home/ros2/ws01_plumbing/install/py05_names:/home/ros2/ws01_plumbing/install/py04_param:/home/ros2/ws01_plumbing/install/py03_action:/home/ros2/ws01_plumbing/install/py02_service:/home/ros2/ws01_plumbing/install/py01_topic:/opt/ros/humble /usr/bin/cmake --install /home/ros2/ws01_plumbing/build/turtlesim
[1.270s] -- Install configuration: ""
[1.270s] -- Up-to-date: /home/ros2/ws01_plumbing/install/turtlesim/share/ament_index/resource_index/rosidl_interfaces/turtlesim
[1.270s] -- Up-to-date: /home/ros2/ws01_plumbing/install/turtlesim/include/turtlesim/turtlesim
[1.270s] -- Up-to-date: /home/ros2/ws01_plumbing/install/turtlesim/include/turtlesim/turtlesim/action
[1.270s] -- Up-to-date: /home/ros2/ws01_plumbing/install/turtlesim/include/turtlesim/turtlesim/action/detail
[1.272s] -- Up-to-date: /home/ros2/ws01_plumbing/install/turtlesim/include/turtlesim/turtlesim/action/detail/rotate_absolute__struct.h
[1.272s] -- Up-to-date: /home/ros2/ws01_plumbing/install/turtlesim/include/turtlesim/turtlesim/action/detail/rotate_absolute__type_support.h
[1.272s] -- Up-to-date: /home/ros2/ws01_plumbing/install/turtlesim/include/turtlesim/turtlesim/action/detail/rotate_absolute__functions.c
[1.272s] -- Up-to-date: /home/ros2/ws01_plumbing/install/turtlesim/include/turtlesim/turtlesim/action/detail/rotate_absolute__functions.h
[1.272s] -- Up-to-date: /home/ros2/ws01_plumbing/install/turtlesim/include/turtlesim/turtlesim/action/rotate_absolute.h
[1.273s] -- Up-to-date: /home/ros2/ws01_plumbing/install/turtlesim/include/turtlesim/turtlesim/msg
[1.273s] -- Up-to-date: /home/ros2/ws01_plumbing/install/turtlesim/include/turtlesim/turtlesim/msg/detail
[1.273s] -- Up-to-date: /home/ros2/ws01_plumbing/install/turtlesim/include/turtlesim/turtlesim/msg/detail/color__functions.h
[1.275s] -- Up-to-date: /home/ros2/ws01_plumbing/install/turtlesim/include/turtlesim/turtlesim/msg/detail/pose__struct.h
[1.276s] -- Up-to-date: /home/ros2/ws01_plumbing/install/turtlesim/include/turtlesim/turtlesim/msg/detail/color__type_support.h
[1.276s] -- Up-to-date: /home/ros2/ws01_plumbing/install/turtlesim/include/turtlesim/turtlesim/msg/detail/color__struct.h
[1.276s] -- Up-to-date: /home/ros2/ws01_plumbing/install/turtlesim/include/turtlesim/turtlesim/msg/detail/pose__functions.c
[1.277s] -- Up-to-date: /home/ros2/ws01_plumbing/install/turtlesim/include/turtlesim/turtlesim/msg/detail/color__functions.c
[1.280s] -- Up-to-date: /home/ros2/ws01_plumbing/install/turtlesim/include/turtlesim/turtlesim/msg/detail/pose__type_support.h
[1.280s] -- Up-to-date: /home/ros2/ws01_plumbing/install/turtlesim/include/turtlesim/turtlesim/msg/detail/pose__functions.h
[1.280s] -- Up-to-date: /home/ros2/ws01_plumbing/install/turtlesim/include/turtlesim/turtlesim/msg/pose.h
[1.280s] -- Up-to-date: /home/ros2/ws01_plumbing/install/turtlesim/include/turtlesim/turtlesim/msg/color.h
[1.280s] -- Up-to-date: /home/ros2/ws01_plumbing/install/turtlesim/include/turtlesim/turtlesim/msg/rosidl_generator_c__visibility_control.h
[1.281s] -- Up-to-date: /home/ros2/ws01_plumbing/install/turtlesim/include/turtlesim/turtlesim/srv
[1.281s] -- Up-to-date: /home/ros2/ws01_plumbing/install/turtlesim/include/turtlesim/turtlesim/srv/kill.h
[1.282s] -- Up-to-date: /home/ros2/ws01_plumbing/install/turtlesim/include/turtlesim/turtlesim/srv/set_pen.h
[1.282s] -- Up-to-date: /home/ros2/ws01_plumbing/install/turtlesim/include/turtlesim/turtlesim/srv/detail
[1.282s] -- Up-to-date: /home/ros2/ws01_plumbing/install/turtlesim/include/turtlesim/turtlesim/srv/detail/set_pen__functions.h
[1.283s] -- Up-to-date: /home/ros2/ws01_plumbing/install/turtlesim/include/turtlesim/turtlesim/srv/detail/teleport_absolute__type_support.h
[1.283s] -- Up-to-date: /home/ros2/ws01_plumbing/install/turtlesim/include/turtlesim/turtlesim/srv/detail/teleport_absolute__functions.h
[1.284s] -- Up-to-date: /home/ros2/ws01_plumbing/install/turtlesim/include/turtlesim/turtlesim/srv/detail/spawn__functions.h
[1.284s] -- Up-to-date: /home/ros2/ws01_plumbing/install/turtlesim/include/turtlesim/turtlesim/srv/detail/spawn__functions.c
[1.284s] -- Up-to-date: /home/ros2/ws01_plumbing/install/turtlesim/include/turtlesim/turtlesim/srv/detail/teleport_absolute__struct.h
[1.284s] -- Up-to-date: /home/ros2/ws01_plumbing/install/turtlesim/include/turtlesim/turtlesim/srv/detail/kill__functions.c
[1.285s] -- Up-to-date: /home/ros2/ws01_plumbing/install/turtlesim/include/turtlesim/turtlesim/srv/detail/set_pen__functions.c
[1.287s] -- Up-to-date: /home/ros2/ws01_plumbing/install/turtlesim/include/turtlesim/turtlesim/srv/detail/teleport_absolute__functions.c
[1.287s] -- Up-to-date: /home/ros2/ws01_plumbing/install/turtlesim/include/turtlesim/turtlesim/srv/detail/teleport_relative__functions.h
[1.288s] -- Up-to-date: /home/ros2/ws01_plumbing/install/turtlesim/include/turtlesim/turtlesim/srv/detail/teleport_relative__struct.h
[1.288s] -- Up-to-date: /home/ros2/ws01_plumbing/install/turtlesim/include/turtlesim/turtlesim/srv/detail/spawn__struct.h
[1.289s] -- Up-to-date: /home/ros2/ws01_plumbing/install/turtlesim/include/turtlesim/turtlesim/srv/detail/teleport_relative__functions.c
[1.289s] -- Up-to-date: /home/ros2/ws01_plumbing/install/turtlesim/include/turtlesim/turtlesim/srv/detail/spawn__type_support.h
[1.295s] -- Up-to-date: /home/ros2/ws01_plumbing/install/turtlesim/include/turtlesim/turtlesim/srv/detail/set_pen__struct.h
[1.296s] -- Up-to-date: /home/ros2/ws01_plumbing/install/turtlesim/include/turtlesim/turtlesim/srv/detail/kill__struct.h
[1.296s] -- Up-to-date: /home/ros2/ws01_plumbing/install/turtlesim/include/turtlesim/turtlesim/srv/detail/set_pen__type_support.h
[1.296s] -- Up-to-date: /home/ros2/ws01_plumbing/install/turtlesim/include/turtlesim/turtlesim/srv/detail/kill__functions.h
[1.296s] -- Up-to-date: /home/ros2/ws01_plumbing/install/turtlesim/include/turtlesim/turtlesim/srv/detail/teleport_relative__type_support.h
[1.296s] -- Up-to-date: /home/ros2/ws01_plumbing/install/turtlesim/include/turtlesim/turtlesim/srv/detail/kill__type_support.h
[1.296s] -- Up-to-date: /home/ros2/ws01_plumbing/install/turtlesim/include/turtlesim/turtlesim/srv/teleport_relative.h
[1.297s] -- Up-to-date: /home/ros2/ws01_plumbing/install/turtlesim/include/turtlesim/turtlesim/srv/teleport_absolute.h
[1.297s] -- Up-to-date: /home/ros2/ws01_plumbing/install/turtlesim/include/turtlesim/turtlesim/srv/spawn.h
[1.297s] -- Up-to-date: /home/ros2/ws01_plumbing/install/turtlesim/share/turtlesim/environment/library_path.sh
[1.297s] -- Up-to-date: /home/ros2/ws01_plumbing/install/turtlesim/share/turtlesim/environment/library_path.dsv
[1.297s] -- Up-to-date: /home/ros2/ws01_plumbing/install/turtlesim/lib/libturtlesim__rosidl_generator_c.so
[1.298s] -- Up-to-date: /home/ros2/ws01_plumbing/install/turtlesim/include/turtlesim/turtlesim
[1.298s] -- Up-to-date: /home/ros2/ws01_plumbing/install/turtlesim/include/turtlesim/turtlesim/action
[1.298s] -- Up-to-date: /home/ros2/ws01_plumbing/install/turtlesim/include/turtlesim/turtlesim/action/detail
[1.298s] -- Up-to-date: /home/ros2/ws01_plumbing/install/turtlesim/include/turtlesim/turtlesim/action/detail/rotate_absolute__rosidl_typesupport_fastrtps_c.h
[1.305s] -- Up-to-date: /home/ros2/ws01_plumbing/install/turtlesim/include/turtlesim/turtlesim/msg
[1.305s] -- Up-to-date: /home/ros2/ws01_plumbing/install/turtlesim/include/turtlesim/turtlesim/msg/detail
[1.305s] -- Up-to-date: /home/ros2/ws01_plumbing/install/turtlesim/include/turtlesim/turtlesim/msg/detail/color__rosidl_typesupport_fastrtps_c.h
[1.305s] -- Up-to-date: /home/ros2/ws01_plumbing/install/turtlesim/include/turtlesim/turtlesim/msg/detail/pose__rosidl_typesupport_fastrtps_c.h
[1.306s] -- Up-to-date: /home/ros2/ws01_plumbing/install/turtlesim/include/turtlesim/turtlesim/msg/rosidl_typesupport_fastrtps_c__visibility_control.h
[1.306s] -- Up-to-date: /home/ros2/ws01_plumbing/install/turtlesim/include/turtlesim/turtlesim/srv
[1.306s] -- Up-to-date: /home/ros2/ws01_plumbing/install/turtlesim/include/turtlesim/turtlesim/srv/detail
[1.306s] -- Up-to-date: /home/ros2/ws01_plumbing/install/turtlesim/include/turtlesim/turtlesim/srv/detail/teleport_absolute__rosidl_typesupport_fastrtps_c.h
[1.307s] -- Up-to-date: /home/ros2/ws01_plumbing/install/turtlesim/include/turtlesim/turtlesim/srv/detail/kill__rosidl_typesupport_fastrtps_c.h
[1.307s] -- Up-to-date: /home/ros2/ws01_plumbing/install/turtlesim/include/turtlesim/turtlesim/srv/detail/set_pen__rosidl_typesupport_fastrtps_c.h
[1.307s] -- Up-to-date: /home/ros2/ws01_plumbing/install/turtlesim/include/turtlesim/turtlesim/srv/detail/teleport_relative__rosidl_typesupport_fastrtps_c.h
[1.307s] -- Up-to-date: /home/ros2/ws01_plumbing/install/turtlesim/include/turtlesim/turtlesim/srv/detail/spawn__rosidl_typesupport_fastrtps_c.h
[1.308s] -- Up-to-date: /home/ros2/ws01_plumbing/install/turtlesim/lib/libturtlesim__rosidl_typesupport_fastrtps_c.so
[1.308s] -- Up-to-date: /home/ros2/ws01_plumbing/install/turtlesim/include/turtlesim/turtlesim
[1.308s] -- Up-to-date: /home/ros2/ws01_plumbing/install/turtlesim/include/turtlesim/turtlesim/action
[1.308s] -- Up-to-date: /home/ros2/ws01_plumbing/install/turtlesim/include/turtlesim/turtlesim/action/detail
[1.309s] -- Up-to-date: /home/ros2/ws01_plumbing/install/turtlesim/include/turtlesim/turtlesim/action/detail/rotate_absolute__traits.hpp
[1.309s] -- Up-to-date: /home/ros2/ws01_plumbing/install/turtlesim/include/turtlesim/turtlesim/action/detail/rotate_absolute__struct.hpp
[1.309s] -- Up-to-date: /home/ros2/ws01_plumbing/install/turtlesim/include/turtlesim/turtlesim/action/detail/rotate_absolute__builder.hpp
[1.309s] -- Up-to-date: /home/ros2/ws01_plumbing/install/turtlesim/include/turtlesim/turtlesim/action/rotate_absolute.hpp
[1.309s] -- Up-to-date: /home/ros2/ws01_plumbing/install/turtlesim/include/turtlesim/turtlesim/msg
[1.309s] -- Up-to-date: /home/ros2/ws01_plumbing/install/turtlesim/include/turtlesim/turtlesim/msg/detail
[1.310s] -- Up-to-date: /home/ros2/ws01_plumbing/install/turtlesim/include/turtlesim/turtlesim/msg/detail/pose__builder.hpp
[1.310s] -- Up-to-date: /home/ros2/ws01_plumbing/install/turtlesim/include/turtlesim/turtlesim/msg/detail/color__builder.hpp
[1.310s] -- Up-to-date: /home/ros2/ws01_plumbing/install/turtlesim/include/turtlesim/turtlesim/msg/detail/pose__traits.hpp
[1.310s] -- Up-to-date: /home/ros2/ws01_plumbing/install/turtlesim/include/turtlesim/turtlesim/msg/detail/color__traits.hpp
[1.311s] -- Up-to-date: /home/ros2/ws01_plumbing/install/turtlesim/include/turtlesim/turtlesim/msg/detail/pose__struct.hpp
[1.311s] -- Up-to-date: /home/ros2/ws01_plumbing/install/turtlesim/include/turtlesim/turtlesim/msg/detail/color__struct.hpp
[1.311s] -- Up-to-date: /home/ros2/ws01_plumbing/install/turtlesim/include/turtlesim/turtlesim/msg/color.hpp
[1.311s] -- Up-to-date: /home/ros2/ws01_plumbing/install/turtlesim/include/turtlesim/turtlesim/msg/pose.hpp
[1.311s] -- Up-to-date: /home/ros2/ws01_plumbing/install/turtlesim/include/turtlesim/turtlesim/srv
[1.312s] -- Up-to-date: /home/ros2/ws01_plumbing/install/turtlesim/include/turtlesim/turtlesim/srv/detail
[1.312s] -- Up-to-date: /home/ros2/ws01_plumbing/install/turtlesim/include/turtlesim/turtlesim/srv/detail/set_pen__traits.hpp
[1.312s] -- Up-to-date: /home/ros2/ws01_plumbing/install/turtlesim/include/turtlesim/turtlesim/srv/detail/teleport_absolute__struct.hpp
[1.312s] -- Up-to-date: /home/ros2/ws01_plumbing/install/turtlesim/include/turtlesim/turtlesim/srv/detail/teleport_relative__traits.hpp
[1.312s] -- Up-to-date: /home/ros2/ws01_plumbing/install/turtlesim/include/turtlesim/turtlesim/srv/detail/set_pen__struct.hpp
[1.312s] -- Up-to-date: /home/ros2/ws01_plumbing/install/turtlesim/include/turtlesim/turtlesim/srv/detail/teleport_absolute__traits.hpp
[1.313s] -- Up-to-date: /home/ros2/ws01_plumbing/install/turtlesim/include/turtlesim/turtlesim/srv/detail/kill__builder.hpp
[1.313s] -- Up-to-date: /home/ros2/ws01_plumbing/install/turtlesim/include/turtlesim/turtlesim/srv/detail/spawn__builder.hpp
[1.313s] -- Up-to-date: /home/ros2/ws01_plumbing/install/turtlesim/include/turtlesim/turtlesim/srv/detail/spawn__traits.hpp
[1.313s] -- Up-to-date: /home/ros2/ws01_plumbing/install/turtlesim/include/turtlesim/turtlesim/srv/detail/kill__traits.hpp
[1.313s] -- Up-to-date: /home/ros2/ws01_plumbing/install/turtlesim/include/turtlesim/turtlesim/srv/detail/teleport_absolute__builder.hpp
[1.314s] -- Up-to-date: /home/ros2/ws01_plumbing/install/turtlesim/include/turtlesim/turtlesim/srv/detail/teleport_relative__struct.hpp
[1.314s] -- Up-to-date: /home/ros2/ws01_plumbing/install/turtlesim/include/turtlesim/turtlesim/srv/detail/kill__struct.hpp
[1.314s] -- Up-to-date: /home/ros2/ws01_plumbing/install/turtlesim/include/turtlesim/turtlesim/srv/detail/set_pen__builder.hpp
[1.314s] -- Up-to-date: /home/ros2/ws01_plumbing/install/turtlesim/include/turtlesim/turtlesim/srv/detail/spawn__struct.hpp
[1.314s] -- Up-to-date: /home/ros2/ws01_plumbing/install/turtlesim/include/turtlesim/turtlesim/srv/detail/teleport_relative__builder.hpp
[1.316s] -- Up-to-date: /home/ros2/ws01_plumbing/install/turtlesim/include/turtlesim/turtlesim/srv/kill.hpp
[1.319s] -- Up-to-date: /home/ros2/ws01_plumbing/install/turtlesim/include/turtlesim/turtlesim/srv/teleport_absolute.hpp
[1.320s] -- Up-to-date: /home/ros2/ws01_plumbing/install/turtlesim/include/turtlesim/turtlesim/srv/set_pen.hpp
[1.320s] -- Up-to-date: /home/ros2/ws01_plumbing/install/turtlesim/include/turtlesim/turtlesim/srv/spawn.hpp
[1.320s] -- Up-to-date: /home/ros2/ws01_plumbing/install/turtlesim/include/turtlesim/turtlesim/srv/teleport_relative.hpp
[1.320s] -- Up-to-date: /home/ros2/ws01_plumbing/install/turtlesim/include/turtlesim/turtlesim
[1.320s] -- Up-to-date: /home/ros2/ws01_plumbing/install/turtlesim/include/turtlesim/turtlesim/action
[1.320s] -- Up-to-date: /home/ros2/ws01_plumbing/install/turtlesim/include/turtlesim/turtlesim/action/detail
[1.321s] -- Up-to-date: /home/ros2/ws01_plumbing/install/turtlesim/include/turtlesim/turtlesim/action/detail/rotate_absolute__rosidl_typesupport_fastrtps_cpp.hpp
[1.321s] -- Up-to-date: /home/ros2/ws01_plumbing/install/turtlesim/include/turtlesim/turtlesim/action/detail/dds_fastrtps
[1.321s] -- Up-to-date: /home/ros2/ws01_plumbing/install/turtlesim/include/turtlesim/turtlesim/msg
[1.321s] -- Up-to-date: /home/ros2/ws01_plumbing/install/turtlesim/include/turtlesim/turtlesim/msg/detail
[1.321s] -- Up-to-date: /home/ros2/ws01_plumbing/install/turtlesim/include/turtlesim/turtlesim/msg/detail/pose__rosidl_typesupport_fastrtps_cpp.hpp
[1.321s] -- Up-to-date: /home/ros2/ws01_plumbing/install/turtlesim/include/turtlesim/turtlesim/msg/detail/dds_fastrtps
[1.321s] -- Up-to-date: /home/ros2/ws01_plumbing/install/turtlesim/include/turtlesim/turtlesim/msg/detail/color__rosidl_typesupport_fastrtps_cpp.hpp
[1.322s] -- Up-to-date: /home/ros2/ws01_plumbing/install/turtlesim/include/turtlesim/turtlesim/msg/rosidl_typesupport_fastrtps_cpp__visibility_control.h
[1.322s] -- Up-to-date: /home/ros2/ws01_plumbing/install/turtlesim/include/turtlesim/turtlesim/srv
[1.322s] -- Up-to-date: /home/ros2/ws01_plumbing/install/turtlesim/include/turtlesim/turtlesim/srv/detail
[1.322s] -- Up-to-date: /home/ros2/ws01_plumbing/install/turtlesim/include/turtlesim/turtlesim/srv/detail/teleport_absolute__rosidl_typesupport_fastrtps_cpp.hpp
[1.322s] -- Up-to-date: /home/ros2/ws01_plumbing/install/turtlesim/include/turtlesim/turtlesim/srv/detail/kill__rosidl_typesupport_fastrtps_cpp.hpp
[1.322s] -- Up-to-date: /home/ros2/ws01_plumbing/install/turtlesim/include/turtlesim/turtlesim/srv/detail/set_pen__rosidl_typesupport_fastrtps_cpp.hpp
[1.322s] -- Up-to-date: /home/ros2/ws01_plumbing/install/turtlesim/include/turtlesim/turtlesim/srv/detail/spawn__rosidl_typesupport_fastrtps_cpp.hpp
[1.323s] -- Up-to-date: /home/ros2/ws01_plumbing/install/turtlesim/include/turtlesim/turtlesim/srv/detail/dds_fastrtps
[1.323s] -- Up-to-date: /home/ros2/ws01_plumbing/install/turtlesim/include/turtlesim/turtlesim/srv/detail/teleport_relative__rosidl_typesupport_fastrtps_cpp.hpp
[1.323s] -- Up-to-date: /home/ros2/ws01_plumbing/install/turtlesim/lib/libturtlesim__rosidl_typesupport_fastrtps_cpp.so
[1.324s] -- Up-to-date: /home/ros2/ws01_plumbing/install/turtlesim/include/turtlesim/turtlesim
[1.324s] -- Up-to-date: /home/ros2/ws01_plumbing/install/turtlesim/include/turtlesim/turtlesim/action
[1.324s] -- Up-to-date: /home/ros2/ws01_plumbing/install/turtlesim/include/turtlesim/turtlesim/action/detail
[1.324s] -- Up-to-date: /home/ros2/ws01_plumbing/install/turtlesim/include/turtlesim/turtlesim/action/detail/rotate_absolute__type_support.c
[1.324s] -- Up-to-date: /home/ros2/ws01_plumbing/install/turtlesim/include/turtlesim/turtlesim/action/detail/rotate_absolute__rosidl_typesupport_introspection_c.h
[1.325s] -- Up-to-date: /home/ros2/ws01_plumbing/install/turtlesim/include/turtlesim/turtlesim/msg
[1.325s] -- Up-to-date: /home/ros2/ws01_plumbing/install/turtlesim/include/turtlesim/turtlesim/msg/detail
[1.325s] -- Up-to-date: /home/ros2/ws01_plumbing/install/turtlesim/include/turtlesim/turtlesim/msg/detail/pose__rosidl_typesupport_introspection_c.h
[1.325s] -- Up-to-date: /home/ros2/ws01_plumbing/install/turtlesim/include/turtlesim/turtlesim/msg/detail/color__rosidl_typesupport_introspection_c.h
[1.325s] -- Up-to-date: /home/ros2/ws01_plumbing/install/turtlesim/include/turtlesim/turtlesim/msg/detail/color__type_support.c
[1.326s] -- Up-to-date: /home/ros2/ws01_plumbing/install/turtlesim/include/turtlesim/turtlesim/msg/detail/pose__type_support.c
[1.326s] -- Up-to-date: /home/ros2/ws01_plumbing/install/turtlesim/include/turtlesim/turtlesim/msg/rosidl_typesupport_introspection_c__visibility_control.h
[1.326s] -- Up-to-date: /home/ros2/ws01_plumbing/install/turtlesim/include/turtlesim/turtlesim/srv
[1.326s] -- Up-to-date: /home/ros2/ws01_plumbing/install/turtlesim/include/turtlesim/turtlesim/srv/detail
[1.327s] -- Up-to-date: /home/ros2/ws01_plumbing/install/turtlesim/include/turtlesim/turtlesim/srv/detail/set_pen__rosidl_typesupport_introspection_c.h
[1.328s] -- Up-to-date: /home/ros2/ws01_plumbing/install/turtlesim/include/turtlesim/turtlesim/srv/detail/teleport_absolute__type_support.c
[1.329s] -- Up-to-date: /home/ros2/ws01_plumbing/install/turtlesim/include/turtlesim/turtlesim/srv/detail/kill__type_support.c
[1.329s] -- Up-to-date: /home/ros2/ws01_plumbing/install/turtlesim/include/turtlesim/turtlesim/srv/detail/teleport_absolute__rosidl_typesupport_introspection_c.h
[1.329s] -- Up-to-date: /home/ros2/ws01_plumbing/install/turtlesim/include/turtlesim/turtlesim/srv/detail/set_pen__type_support.c
[1.329s] -- Up-to-date: /home/ros2/ws01_plumbing/install/turtlesim/include/turtlesim/turtlesim/srv/detail/kill__rosidl_typesupport_introspection_c.h
[1.330s] -- Up-to-date: /home/ros2/ws01_plumbing/install/turtlesim/include/turtlesim/turtlesim/srv/detail/teleport_relative__type_support.c
[1.330s] -- Up-to-date: /home/ros2/ws01_plumbing/install/turtlesim/include/turtlesim/turtlesim/srv/detail/spawn__rosidl_typesupport_introspection_c.h
[1.330s] -- Up-to-date: /home/ros2/ws01_plumbing/install/turtlesim/include/turtlesim/turtlesim/srv/detail/spawn__type_support.c
[1.330s] -- Up-to-date: /home/ros2/ws01_plumbing/install/turtlesim/include/turtlesim/turtlesim/srv/detail/teleport_relative__rosidl_typesupport_introspection_c.h
[1.330s] -- Up-to-date: /home/ros2/ws01_plumbing/install/turtlesim/lib/libturtlesim__rosidl_typesupport_introspection_c.so
[1.331s] -- Up-to-date: /home/ros2/ws01_plumbing/install/turtlesim/lib/libturtlesim__rosidl_typesupport_c.so
[1.331s] -- Up-to-date: /home/ros2/ws01_plumbing/install/turtlesim/include/turtlesim/turtlesim
[1.332s] -- Up-to-date: /home/ros2/ws01_plumbing/install/turtlesim/include/turtlesim/turtlesim/action
[1.332s] -- Up-to-date: /home/ros2/ws01_plumbing/install/turtlesim/include/turtlesim/turtlesim/action/detail
[1.332s] -- Up-to-date: /home/ros2/ws01_plumbing/install/turtlesim/include/turtlesim/turtlesim/action/detail/rotate_absolute__rosidl_typesupport_introspection_cpp.hpp
[1.332s] -- Up-to-date: /home/ros2/ws01_plumbing/install/turtlesim/include/turtlesim/turtlesim/action/detail/rotate_absolute__type_support.cpp
[1.332s] -- Up-to-date: /home/ros2/ws01_plumbing/install/turtlesim/include/turtlesim/turtlesim/msg
[1.332s] -- Up-to-date: /home/ros2/ws01_plumbing/install/turtlesim/include/turtlesim/turtlesim/msg/detail
[1.333s] -- Up-to-date: /home/ros2/ws01_plumbing/install/turtlesim/include/turtlesim/turtlesim/msg/detail/pose__rosidl_typesupport_introspection_cpp.hpp
[1.333s] -- Up-to-date: /home/ros2/ws01_plumbing/install/turtlesim/include/turtlesim/turtlesim/msg/detail/color__rosidl_typesupport_introspection_cpp.hpp
[1.333s] -- Up-to-date: /home/ros2/ws01_plumbing/install/turtlesim/include/turtlesim/turtlesim/msg/detail/color__type_support.cpp
[1.333s] -- Up-to-date: /home/ros2/ws01_plumbing/install/turtlesim/include/turtlesim/turtlesim/msg/detail/pose__type_support.cpp
[1.333s] -- Up-to-date: /home/ros2/ws01_plumbing/install/turtlesim/include/turtlesim/turtlesim/srv
[1.334s] -- Up-to-date: /home/ros2/ws01_plumbing/install/turtlesim/include/turtlesim/turtlesim/srv/detail
[1.334s] -- Up-to-date: /home/ros2/ws01_plumbing/install/turtlesim/include/turtlesim/turtlesim/srv/detail/kill__type_support.cpp
[1.334s] -- Up-to-date: /home/ros2/ws01_plumbing/install/turtlesim/include/turtlesim/turtlesim/srv/detail/teleport_absolute__type_support.cpp
[1.334s] -- Up-to-date: /home/ros2/ws01_plumbing/install/turtlesim/include/turtlesim/turtlesim/srv/detail/kill__rosidl_typesupport_introspection_cpp.hpp
[1.334s] -- Up-to-date: /home/ros2/ws01_plumbing/install/turtlesim/include/turtlesim/turtlesim/srv/detail/set_pen__type_support.cpp
[1.334s] -- Up-to-date: /home/ros2/ws01_plumbing/install/turtlesim/include/turtlesim/turtlesim/srv/detail/teleport_relative__rosidl_typesupport_introspection_cpp.hpp
[1.335s] -- Up-to-date: /home/ros2/ws01_plumbing/install/turtlesim/include/turtlesim/turtlesim/srv/detail/teleport_relative__type_support.cpp
[1.335s] -- Up-to-date: /home/ros2/ws01_plumbing/install/turtlesim/include/turtlesim/turtlesim/srv/detail/set_pen__rosidl_typesupport_introspection_cpp.hpp
[1.336s] -- Up-to-date: /home/ros2/ws01_plumbing/install/turtlesim/include/turtlesim/turtlesim/srv/detail/teleport_absolute__rosidl_typesupport_introspection_cpp.hpp
[1.336s] -- Up-to-date: /home/ros2/ws01_plumbing/install/turtlesim/include/turtlesim/turtlesim/srv/detail/spawn__type_support.cpp
[1.336s] -- Up-to-date: /home/ros2/ws01_plumbing/install/turtlesim/include/turtlesim/turtlesim/srv/detail/spawn__rosidl_typesupport_introspection_cpp.hpp
[1.336s] -- Up-to-date: /home/ros2/ws01_plumbing/install/turtlesim/lib/libturtlesim__rosidl_typesupport_introspection_cpp.so
[1.336s] -- Up-to-date: /home/ros2/ws01_plumbing/install/turtlesim/lib/libturtlesim__rosidl_typesupport_cpp.so
[1.336s] -- Up-to-date: /home/ros2/ws01_plumbing/install/turtlesim/share/turtlesim/environment/pythonpath.sh
[1.337s] -- Up-to-date: /home/ros2/ws01_plumbing/install/turtlesim/share/turtlesim/environment/pythonpath.dsv
[1.337s] -- Up-to-date: /home/ros2/ws01_plumbing/install/turtlesim/local/lib/python3.10/dist-packages/turtlesim-1.4.2-py3.10.egg-info
[1.337s] -- Installing: /home/ros2/ws01_plumbing/install/turtlesim/local/lib/python3.10/dist-packages/turtlesim-1.4.2-py3.10.egg-info/top_level.txt
[1.337s] -- Installing: /home/ros2/ws01_plumbing/install/turtlesim/local/lib/python3.10/dist-packages/turtlesim-1.4.2-py3.10.egg-info/dependency_links.txt
[1.337s] -- Installing: /home/ros2/ws01_plumbing/install/turtlesim/local/lib/python3.10/dist-packages/turtlesim-1.4.2-py3.10.egg-info/SOURCES.txt
[1.338s] -- Installing: /home/ros2/ws01_plumbing/install/turtlesim/local/lib/python3.10/dist-packages/turtlesim-1.4.2-py3.10.egg-info/PKG-INFO
[1.338s] -- Up-to-date: /home/ros2/ws01_plumbing/install/turtlesim/local/lib/python3.10/dist-packages/turtlesim
[1.338s] -- Up-to-date: /home/ros2/ws01_plumbing/install/turtlesim/local/lib/python3.10/dist-packages/turtlesim/_turtlesim_s.ep.rosidl_typesupport_c.c
[1.338s] -- Up-to-date: /home/ros2/ws01_plumbing/install/turtlesim/local/lib/python3.10/dist-packages/turtlesim/action
[1.338s] -- Up-to-date: /home/ros2/ws01_plumbing/install/turtlesim/local/lib/python3.10/dist-packages/turtlesim/action/_rotate_absolute.py
[1.338s] -- Up-to-date: /home/ros2/ws01_plumbing/install/turtlesim/local/lib/python3.10/dist-packages/turtlesim/action/_rotate_absolute_s.c
[1.339s] -- Up-to-date: /home/ros2/ws01_plumbing/install/turtlesim/local/lib/python3.10/dist-packages/turtlesim/action/__init__.py
[1.339s] -- Up-to-date: /home/ros2/ws01_plumbing/install/turtlesim/local/lib/python3.10/dist-packages/turtlesim/msg
[1.339s] -- Up-to-date: /home/ros2/ws01_plumbing/install/turtlesim/local/lib/python3.10/dist-packages/turtlesim/msg/_pose_s.c
[1.339s] -- Up-to-date: /home/ros2/ws01_plumbing/install/turtlesim/local/lib/python3.10/dist-packages/turtlesim/msg/__init__.py
[1.339s] -- Up-to-date: /home/ros2/ws01_plumbing/install/turtlesim/local/lib/python3.10/dist-packages/turtlesim/msg/_color.py
[1.340s] -- Up-to-date: /home/ros2/ws01_plumbing/install/turtlesim/local/lib/python3.10/dist-packages/turtlesim/msg/_pose.py
[1.340s] -- Up-to-date: /home/ros2/ws01_plumbing/install/turtlesim/local/lib/python3.10/dist-packages/turtlesim/msg/_color_s.c
[1.340s] -- Up-to-date: /home/ros2/ws01_plumbing/install/turtlesim/local/lib/python3.10/dist-packages/turtlesim/__init__.py
[1.340s] -- Up-to-date: /home/ros2/ws01_plumbing/install/turtlesim/local/lib/python3.10/dist-packages/turtlesim/libturtlesim__rosidl_generator_py.so
[1.340s] -- Up-to-date: /home/ros2/ws01_plumbing/install/turtlesim/local/lib/python3.10/dist-packages/turtlesim/turtlesim_s__rosidl_typesupport_c.cpython-310-x86_64-linux-gnu.so
[1.340s] -- Up-to-date: /home/ros2/ws01_plumbing/install/turtlesim/local/lib/python3.10/dist-packages/turtlesim/srv
[1.341s] -- Up-to-date: /home/ros2/ws01_plumbing/install/turtlesim/local/lib/python3.10/dist-packages/turtlesim/srv/_teleport_absolute.py
[1.341s] -- Up-to-date: /home/ros2/ws01_plumbing/install/turtlesim/local/lib/python3.10/dist-packages/turtlesim/srv/__init__.py
[1.341s] -- Up-to-date: /home/ros2/ws01_plumbing/install/turtlesim/local/lib/python3.10/dist-packages/turtlesim/srv/_teleport_relative.py
[1.341s] -- Up-to-date: /home/ros2/ws01_plumbing/install/turtlesim/local/lib/python3.10/dist-packages/turtlesim/srv/_kill.py
[1.341s] -- Up-to-date: /home/ros2/ws01_plumbing/install/turtlesim/local/lib/python3.10/dist-packages/turtlesim/srv/_set_pen.py
[1.342s] -- Up-to-date: /home/ros2/ws01_plumbing/install/turtlesim/local/lib/python3.10/dist-packages/turtlesim/srv/_spawn_s.c
[1.342s] -- Up-to-date: /home/ros2/ws01_plumbing/install/turtlesim/local/lib/python3.10/dist-packages/turtlesim/srv/_kill_s.c
[1.342s] -- Up-to-date: /home/ros2/ws01_plumbing/install/turtlesim/local/lib/python3.10/dist-packages/turtlesim/srv/_set_pen_s.c
[1.342s] -- Up-to-date: /home/ros2/ws01_plumbing/install/turtlesim/local/lib/python3.10/dist-packages/turtlesim/srv/_teleport_relative_s.c
[1.343s] -- Up-to-date: /home/ros2/ws01_plumbing/install/turtlesim/local/lib/python3.10/dist-packages/turtlesim/srv/_teleport_absolute_s.c
[1.344s] -- Up-to-date: /home/ros2/ws01_plumbing/install/turtlesim/local/lib/python3.10/dist-packages/turtlesim/srv/_spawn.py
[1.344s] -- Up-to-date: /home/ros2/ws01_plumbing/install/turtlesim/local/lib/python3.10/dist-packages/turtlesim/_turtlesim_s.ep.rosidl_typesupport_fastrtps_c.c
[1.344s] -- Up-to-date: /home/ros2/ws01_plumbing/install/turtlesim/local/lib/python3.10/dist-packages/turtlesim/turtlesim_s__rosidl_typesupport_introspection_c.cpython-310-x86_64-linux-gnu.so
[1.345s] -- Up-to-date: /home/ros2/ws01_plumbing/install/turtlesim/local/lib/python3.10/dist-packages/turtlesim/turtlesim_s__rosidl_typesupport_fastrtps_c.cpython-310-x86_64-linux-gnu.so
[1.345s] -- Up-to-date: /home/ros2/ws01_plumbing/install/turtlesim/local/lib/python3.10/dist-packages/turtlesim/_turtlesim_s.ep.rosidl_typesupport_introspection_c.c
[1.388s] Listing '/home/ros2/ws01_plumbing/install/turtlesim/local/lib/python3.10/dist-packages/turtlesim'...
[1.388s] Listing '/home/ros2/ws01_plumbing/install/turtlesim/local/lib/python3.10/dist-packages/turtlesim/action'...
[1.388s] Listing '/home/ros2/ws01_plumbing/install/turtlesim/local/lib/python3.10/dist-packages/turtlesim/msg'...
[1.388s] Listing '/home/ros2/ws01_plumbing/install/turtlesim/local/lib/python3.10/dist-packages/turtlesim/srv'...
[1.400s] -- Up-to-date: /home/ros2/ws01_plumbing/install/turtlesim/local/lib/python3.10/dist-packages/turtlesim/turtlesim_s__rosidl_typesupport_fastrtps_c.cpython-310-x86_64-linux-gnu.so
[1.400s] -- Up-to-date: /home/ros2/ws01_plumbing/install/turtlesim/local/lib/python3.10/dist-packages/turtlesim/turtlesim_s__rosidl_typesupport_introspection_c.cpython-310-x86_64-linux-gnu.so
[1.401s] -- Up-to-date: /home/ros2/ws01_plumbing/install/turtlesim/local/lib/python3.10/dist-packages/turtlesim/turtlesim_s__rosidl_typesupport_c.cpython-310-x86_64-linux-gnu.so
[1.402s] -- Up-to-date: /home/ros2/ws01_plumbing/install/turtlesim/lib/libturtlesim__rosidl_generator_py.so
[1.402s] -- Up-to-date: /home/ros2/ws01_plumbing/install/turtlesim/share/turtlesim/action/RotateAbsolute.idl
[1.403s] -- Up-to-date: /home/ros2/ws01_plumbing/install/turtlesim/share/turtlesim/msg/Color.idl
[1.404s] -- Up-to-date: /home/ros2/ws01_plumbing/install/turtlesim/share/turtlesim/msg/Pose.idl
[1.404s] -- Up-to-date: /home/ros2/ws01_plumbing/install/turtlesim/share/turtlesim/srv/Kill.idl
[1.404s] -- Up-to-date: /home/ros2/ws01_plumbing/install/turtlesim/share/turtlesim/srv/SetPen.idl
[1.405s] -- Up-to-date: /home/ros2/ws01_plumbing/install/turtlesim/share/turtlesim/srv/Spawn.idl
[1.406s] -- Up-to-date: /home/ros2/ws01_plumbing/install/turtlesim/share/turtlesim/srv/TeleportAbsolute.idl
[1.406s] -- Up-to-date: /home/ros2/ws01_plumbing/install/turtlesim/share/turtlesim/srv/TeleportRelative.idl
[1.406s] -- Up-to-date: /home/ros2/ws01_plumbing/install/turtlesim/share/turtlesim/action/RotateAbsolute.action
[1.406s] -- Up-to-date: /home/ros2/ws01_plumbing/install/turtlesim/share/turtlesim/msg/Color.msg
[1.407s] -- Up-to-date: /home/ros2/ws01_plumbing/install/turtlesim/share/turtlesim/msg/Pose.msg
[1.407s] -- Up-to-date: /home/ros2/ws01_plumbing/install/turtlesim/share/turtlesim/srv/Kill.srv
[1.408s] -- Up-to-date: /home/ros2/ws01_plumbing/install/turtlesim/share/turtlesim/srv/Kill_Request.msg
[1.408s] -- Up-to-date: /home/ros2/ws01_plumbing/install/turtlesim/share/turtlesim/srv/Kill_Response.msg
[1.408s] -- Up-to-date: /home/ros2/ws01_plumbing/install/turtlesim/share/turtlesim/srv/SetPen.srv
[1.408s] -- Up-to-date: /home/ros2/ws01_plumbing/install/turtlesim/share/turtlesim/srv/SetPen_Request.msg
[1.408s] -- Up-to-date: /home/ros2/ws01_plumbing/install/turtlesim/share/turtlesim/srv/SetPen_Response.msg
[1.409s] -- Up-to-date: /home/ros2/ws01_plumbing/install/turtlesim/share/turtlesim/srv/Spawn.srv
[1.409s] -- Up-to-date: /home/ros2/ws01_plumbing/install/turtlesim/share/turtlesim/srv/Spawn_Request.msg
[1.409s] -- Up-to-date: /home/ros2/ws01_plumbing/install/turtlesim/share/turtlesim/srv/Spawn_Response.msg
[1.409s] -- Up-to-date: /home/ros2/ws01_plumbing/install/turtlesim/share/turtlesim/srv/TeleportAbsolute.srv
[1.410s] -- Up-to-date: /home/ros2/ws01_plumbing/install/turtlesim/share/turtlesim/srv/TeleportAbsolute_Request.msg
[1.410s] -- Up-to-date: /home/ros2/ws01_plumbing/install/turtlesim/share/turtlesim/srv/TeleportAbsolute_Response.msg
[1.410s] -- Up-to-date: /home/ros2/ws01_plumbing/install/turtlesim/share/turtlesim/srv/TeleportRelative.srv
[1.411s] -- Up-to-date: /home/ros2/ws01_plumbing/install/turtlesim/share/turtlesim/srv/TeleportRelative_Request.msg
[1.411s] -- Up-to-date: /home/ros2/ws01_plumbing/install/turtlesim/share/turtlesim/srv/TeleportRelative_Response.msg
[1.412s] -- Up-to-date: /home/ros2/ws01_plumbing/install/turtlesim/lib/turtlesim/turtlesim_node
[1.412s] -- Up-to-date: /home/ros2/ws01_plumbing/install/turtlesim/lib/turtlesim/turtle_teleop_key
[1.413s] -- Up-to-date: /home/ros2/ws01_plumbing/install/turtlesim/lib/turtlesim/draw_square
[1.413s] -- Up-to-date: /home/ros2/ws01_plumbing/install/turtlesim/lib/turtlesim/mimic
[1.413s] -- Up-to-date: /home/ros2/ws01_plumbing/install/turtlesim/share/turtlesim/images
[1.414s] -- Up-to-date: /home/ros2/ws01_plumbing/install/turtlesim/share/turtlesim/images/eloquent.png
[1.414s] -- Up-to-date: /home/ros2/ws01_plumbing/install/turtlesim/share/turtlesim/images/galactic.png
[1.414s] -- Up-to-date: /home/ros2/ws01_plumbing/install/turtlesim/share/turtlesim/images/bouncy.png
[1.414s] -- Up-to-date: /home/ros2/ws01_plumbing/install/turtlesim/share/turtlesim/images/foxy.png
[1.415s] -- Up-to-date: /home/ros2/ws01_plumbing/install/turtlesim/share/turtlesim/images/ardent.png
[1.418s] -- Up-to-date: /home/ros2/ws01_plumbing/install/turtlesim/share/turtlesim/images/humble.png
[1.418s] -- Up-to-date: /home/ros2/ws01_plumbing/install/turtlesim/share/turtlesim/images/dashing.png
[1.418s] -- Up-to-date: /home/ros2/ws01_plumbing/install/turtlesim/share/turtlesim/images/rolling.png
[1.419s] -- Up-to-date: /home/ros2/ws01_plumbing/install/turtlesim/share/turtlesim/images/crystal.png
[1.419s] -- Up-to-date: /home/ros2/ws01_plumbing/install/turtlesim/share/turtlesim/launch
[1.420s] -- Up-to-date: /home/ros2/ws01_plumbing/install/turtlesim/share/turtlesim/launch/multisim.launch.py
[1.420s] -- Up-to-date: /home/ros2/ws01_plumbing/install/turtlesim/share/ament_index/resource_index/package_run_dependencies/turtlesim
[1.420s] -- Up-to-date: /home/ros2/ws01_plumbing/install/turtlesim/share/ament_index/resource_index/parent_prefix_path/turtlesim
[1.420s] -- Up-to-date: /home/ros2/ws01_plumbing/install/turtlesim/share/turtlesim/environment/ament_prefix_path.sh
[1.420s] -- Up-to-date: /home/ros2/ws01_plumbing/install/turtlesim/share/turtlesim/environment/ament_prefix_path.dsv
[1.420s] -- Up-to-date: /home/ros2/ws01_plumbing/install/turtlesim/share/turtlesim/environment/path.sh
[1.420s] -- Up-to-date: /home/ros2/ws01_plumbing/install/turtlesim/share/turtlesim/environment/path.dsv
[1.421s] -- Up-to-date: /home/ros2/ws01_plumbing/install/turtlesim/share/turtlesim/local_setup.bash
[1.421s] -- Up-to-date: /home/ros2/ws01_plumbing/install/turtlesim/share/turtlesim/local_setup.sh
[1.421s] -- Up-to-date: /home/ros2/ws01_plumbing/install/turtlesim/share/turtlesim/local_setup.zsh
[1.421s] -- Up-to-date: /home/ros2/ws01_plumbing/install/turtlesim/share/turtlesim/local_setup.dsv
[1.421s] -- Installing: /home/ros2/ws01_plumbing/install/turtlesim/share/turtlesim/package.dsv
[1.421s] -- Up-to-date: /home/ros2/ws01_plumbing/install/turtlesim/share/ament_index/resource_index/packages/turtlesim
[1.421s] -- Up-to-date: /home/ros2/ws01_plumbing/install/turtlesim/share/turtlesim/cmake/export_turtlesim__rosidl_generator_cExport.cmake
[1.422s] -- Up-to-date: /home/ros2/ws01_plumbing/install/turtlesim/share/turtlesim/cmake/export_turtlesim__rosidl_generator_cExport-noconfig.cmake
[1.422s] -- Up-to-date: /home/ros2/ws01_plumbing/install/turtlesim/share/turtlesim/cmake/export_turtlesim__rosidl_typesupport_fastrtps_cExport.cmake
[1.422s] -- Up-to-date: /home/ros2/ws01_plumbing/install/turtlesim/share/turtlesim/cmake/export_turtlesim__rosidl_typesupport_fastrtps_cExport-noconfig.cmake
[1.422s] -- Up-to-date: /home/ros2/ws01_plumbing/install/turtlesim/share/turtlesim/cmake/export_turtlesim__rosidl_generator_cppExport.cmake
[1.422s] -- Up-to-date: /home/ros2/ws01_plumbing/install/turtlesim/share/turtlesim/cmake/export_turtlesim__rosidl_typesupport_fastrtps_cppExport.cmake
[1.424s] -- Up-to-date: /home/ros2/ws01_plumbing/install/turtlesim/share/turtlesim/cmake/export_turtlesim__rosidl_typesupport_fastrtps_cppExport-noconfig.cmake
[1.424s] -- Up-to-date: /home/ros2/ws01_plumbing/install/turtlesim/share/turtlesim/cmake/turtlesim__rosidl_typesupport_introspection_cExport.cmake
[1.434s] -- Up-to-date: /home/ros2/ws01_plumbing/install/turtlesim/share/turtlesim/cmake/turtlesim__rosidl_typesupport_introspection_cExport-noconfig.cmake
[1.434s] -- Up-to-date: /home/ros2/ws01_plumbing/install/turtlesim/share/turtlesim/cmake/turtlesim__rosidl_typesupport_cExport.cmake
[1.434s] -- Up-to-date: /home/ros2/ws01_plumbing/install/turtlesim/share/turtlesim/cmake/turtlesim__rosidl_typesupport_cExport-noconfig.cmake
[1.435s] -- Up-to-date: /home/ros2/ws01_plumbing/install/turtlesim/share/turtlesim/cmake/turtlesim__rosidl_typesupport_introspection_cppExport.cmake
[1.436s] -- Up-to-date: /home/ros2/ws01_plumbing/install/turtlesim/share/turtlesim/cmake/turtlesim__rosidl_typesupport_introspection_cppExport-noconfig.cmake
[1.436s] -- Up-to-date: /home/ros2/ws01_plumbing/install/turtlesim/share/turtlesim/cmake/turtlesim__rosidl_typesupport_cppExport.cmake
[1.444s] -- Up-to-date: /home/ros2/ws01_plumbing/install/turtlesim/share/turtlesim/cmake/turtlesim__rosidl_typesupport_cppExport-noconfig.cmake
[1.445s] -- Up-to-date: /home/ros2/ws01_plumbing/install/turtlesim/share/turtlesim/cmake/export_turtlesim__rosidl_generator_pyExport.cmake
[1.445s] -- Up-to-date: /home/ros2/ws01_plumbing/install/turtlesim/share/turtlesim/cmake/export_turtlesim__rosidl_generator_pyExport-noconfig.cmake
[1.445s] -- Up-to-date: /home/ros2/ws01_plumbing/install/turtlesim/share/turtlesim/cmake/rosidl_cmake-extras.cmake
[1.445s] -- Up-to-date: /home/ros2/ws01_plumbing/install/turtlesim/share/turtlesim/cmake/ament_cmake_export_dependencies-extras.cmake
[1.446s] -- Up-to-date: /home/ros2/ws01_plumbing/install/turtlesim/share/turtlesim/cmake/ament_cmake_export_include_directories-extras.cmake
[1.446s] -- Up-to-date: /home/ros2/ws01_plumbing/install/turtlesim/share/turtlesim/cmake/ament_cmake_export_libraries-extras.cmake
[1.446s] -- Up-to-date: /home/ros2/ws01_plumbing/install/turtlesim/share/turtlesim/cmake/ament_cmake_export_targets-extras.cmake
[1.446s] -- Up-to-date: /home/ros2/ws01_plumbing/install/turtlesim/share/turtlesim/cmake/rosidl_cmake_export_typesupport_targets-extras.cmake
[1.447s] -- Up-to-date: /home/ros2/ws01_plumbing/install/turtlesim/share/turtlesim/cmake/rosidl_cmake_export_typesupport_libraries-extras.cmake
[1.448s] -- Up-to-date: /home/ros2/ws01_plumbing/install/turtlesim/share/turtlesim/cmake/turtlesimConfig.cmake
[1.448s] -- Up-to-date: /home/ros2/ws01_plumbing/install/turtlesim/share/turtlesim/cmake/turtlesimConfig-version.cmake
[1.449s] -- Up-to-date: /home/ros2/ws01_plumbing/install/turtlesim/share/turtlesim/package.xml
[1.449s] Invoked command in '/home/ros2/ws01_plumbing/build/turtlesim' returned '0': CMAKE_PREFIX_PATH=${CMAKE_PREFIX_PATH}:/home/ros2/ws01_plumbing/install/py06_time:/home/ros2/ws01_plumbing/install/py05_names:/home/ros2/ws01_plumbing/install/py04_param:/home/ros2/ws01_plumbing/install/py03_action:/home/ros2/ws01_plumbing/install/py02_service:/home/ros2/ws01_plumbing/install/py01_topic:/opt/ros/humble /usr/bin/cmake --install /home/ros2/ws01_plumbing/build/turtlesim
