[0.240s] Invoking command in '/home/ros2/ws01_plumbing/build/cpp05_names': CMAKE_PREFIX_PATH=${CMAKE_PREFIX_PATH}:/home/ros2/ws01_plumbing/install/py04_param:/home/ros2/ws01_plumbing/install/py03_action:/home/ros2/ws01_plumbing/install/py02_service:/home/ros2/ws01_plumbing/install/py01_topic:/opt/ros/humble /usr/bin/cmake --build /home/ros2/ws01_plumbing/build/cpp05_names -- -j4 -l4
[1.425s] [ 50%] [32mBuilding CXX object CMakeFiles/demo01_names.dir/src/demo01_names.cpp.o[0m
[15.892s] [100%] [32m[1mLinking CXX executable demo01_names[0m
[17.156s] [100%] Built target demo01_names
[17.207s] Invoked command in '/home/ros2/ws01_plumbing/build/cpp05_names' returned '0': CMAKE_PREFIX_PATH=${CMAKE_PREFIX_PATH}:/home/ros2/ws01_plumbing/install/py04_param:/home/ros2/ws01_plumbing/install/py03_action:/home/ros2/ws01_plumbing/install/py02_service:/home/ros2/ws01_plumbing/install/py01_topic:/opt/ros/humble /usr/bin/cmake --build /home/ros2/ws01_plumbing/build/cpp05_names -- -j4 -l4
[17.376s] Invoking command in '/home/ros2/ws01_plumbing/build/cpp05_names': CMAKE_PREFIX_PATH=${CMAKE_PREFIX_PATH}:/home/ros2/ws01_plumbing/install/py04_param:/home/ros2/ws01_plumbing/install/py03_action:/home/ros2/ws01_plumbing/install/py02_service:/home/ros2/ws01_plumbing/install/py01_topic:/opt/ros/humble /usr/bin/cmake --install /home/ros2/ws01_plumbing/build/cpp05_names
[17.436s] -- Install configuration: ""
[17.469s] -- Installing: /home/ros2/ws01_plumbing/install/cpp05_names/lib/cpp05_names/demo01_names
[17.469s] -- Set runtime path of "/home/ros2/ws01_plumbing/install/cpp05_names/lib/cpp05_names/demo01_names" to ""
[17.470s] -- Up-to-date: /home/ros2/ws01_plumbing/install/cpp05_names/share/cpp05_names/launch
[17.470s] -- Up-to-date: /home/ros2/ws01_plumbing/install/cpp05_names/share/cpp05_names/launch/demo03_names_launch.yaml
[17.471s] -- Up-to-date: /home/ros2/ws01_plumbing/install/cpp05_names/share/cpp05_names/launch/demo01_names_launch.py
[17.471s] -- Up-to-date: /home/ros2/ws01_plumbing/install/cpp05_names/share/cpp05_names/launch/demo02_names_launch.xml
[17.471s] -- Up-to-date: /home/ros2/ws01_plumbing/install/cpp05_names/share/ament_index/resource_index/package_run_dependencies/cpp05_names
[17.471s] -- Up-to-date: /home/ros2/ws01_plumbing/install/cpp05_names/share/ament_index/resource_index/parent_prefix_path/cpp05_names
[17.472s] -- Up-to-date: /home/ros2/ws01_plumbing/install/cpp05_names/share/cpp05_names/environment/ament_prefix_path.sh
[17.472s] -- Up-to-date: /home/ros2/ws01_plumbing/install/cpp05_names/share/cpp05_names/environment/ament_prefix_path.dsv
[17.472s] -- Up-to-date: /home/ros2/ws01_plumbing/install/cpp05_names/share/cpp05_names/environment/path.sh
[17.473s] -- Up-to-date: /home/ros2/ws01_plumbing/install/cpp05_names/share/cpp05_names/environment/path.dsv
[17.473s] -- Up-to-date: /home/ros2/ws01_plumbing/install/cpp05_names/share/cpp05_names/local_setup.bash
[17.473s] -- Up-to-date: /home/ros2/ws01_plumbing/install/cpp05_names/share/cpp05_names/local_setup.sh
[17.474s] -- Up-to-date: /home/ros2/ws01_plumbing/install/cpp05_names/share/cpp05_names/local_setup.zsh
[17.474s] -- Up-to-date: /home/ros2/ws01_plumbing/install/cpp05_names/share/cpp05_names/local_setup.dsv
[17.474s] -- Installing: /home/ros2/ws01_plumbing/install/cpp05_names/share/cpp05_names/package.dsv
[17.518s] -- Up-to-date: /home/ros2/ws01_plumbing/install/cpp05_names/share/ament_index/resource_index/packages/cpp05_names
[17.518s] -- Up-to-date: /home/ros2/ws01_plumbing/install/cpp05_names/share/cpp05_names/cmake/cpp05_namesConfig.cmake
[17.518s] -- Up-to-date: /home/ros2/ws01_plumbing/install/cpp05_names/share/cpp05_names/cmake/cpp05_namesConfig-version.cmake
[17.519s] -- Up-to-date: /home/ros2/ws01_plumbing/install/cpp05_names/share/cpp05_names/package.xml
[17.527s] Invoked command in '/home/ros2/ws01_plumbing/build/cpp05_names' returned '0': CMAKE_PREFIX_PATH=${CMAKE_PREFIX_PATH}:/home/ros2/ws01_plumbing/install/py04_param:/home/ros2/ws01_plumbing/install/py03_action:/home/ros2/ws01_plumbing/install/py02_service:/home/ros2/ws01_plumbing/install/py01_topic:/opt/ros/humble /usr/bin/cmake --install /home/ros2/ws01_plumbing/build/cpp05_names
