[1.068s] DEBUG:colcon:Command line arguments: ['/usr/bin/colcon', 'build', '--packages-select', 'py03_action']
[1.068s] DEBUG:colcon:Parsed command line arguments: Namespace(log_base=None, log_level=None, verb_name='build', build_base='build', install_base='install', merge_install=False, symlink_install=False, test_result_base=None, continue_on_error=False, executor='parallel', parallel_workers=4, event_handlers=None, ignore_user_meta=False, metas=['./colcon.meta'], base_paths=['.'], packages_ignore=None, packages_ignore_regex=None, paths=None, packages_up_to=None, packages_up_to_regex=None, packages_above=None, packages_above_and_dependencies=None, packages_above_depth=None, packages_select_by_dep=None, packages_skip_by_dep=None, packages_skip_up_to=None, packages_select_build_failed=False, packages_skip_build_finished=False, packages_select_test_failures=False, packages_skip_test_passed=False, packages_select=['py03_action'], packages_skip=None, packages_select_regex=None, packages_skip_regex=None, packages_start=None, packages_end=None, allow_overriding=[], cmake_args=None, cmake_target=None, cmake_target_skip_unavailable=False, cmake_clean_cache=False, cmake_clean_first=False, cmake_force_configure=False, ament_cmake_args=None, catkin_cmake_args=None, catkin_skip_building_tests=False, verb_parser=<colcon_defaults.argument_parser.defaults.DefaultArgumentsDecorator object at 0x7fd8d8c003a0>, verb_extension=<colcon_core.verb.build.BuildVerb object at 0x7fd8d958ce20>, main=<bound method BuildVerb.main of <colcon_core.verb.build.BuildVerb object at 0x7fd8d958ce20>>)
[1.146s] Level 1:colcon.colcon_core.package_discovery:discover_packages(colcon_meta) check parameters
[1.147s] Level 1:colcon.colcon_core.package_discovery:discover_packages(recursive) check parameters
[1.148s] Level 1:colcon.colcon_core.package_discovery:discover_packages(ignore) check parameters
[1.148s] Level 1:colcon.colcon_core.package_discovery:discover_packages(path) check parameters
[1.148s] Level 1:colcon.colcon_core.package_discovery:discover_packages(colcon_meta) discover
[1.148s] Level 1:colcon.colcon_core.package_discovery:discover_packages(recursive) discover
[1.148s] INFO:colcon.colcon_core.package_discovery:Crawling recursively for packages in '/home/ros2/ws01_plumbing'
[1.148s] Level 1:colcon.colcon_core.package_identification:_identify(.) by extensions ['ignore', 'ignore_ament_install']
[1.149s] Level 1:colcon.colcon_core.package_identification:_identify(.) by extension 'ignore'
[1.149s] Level 1:colcon.colcon_core.package_identification:_identify(.) by extension 'ignore_ament_install'
[1.149s] Level 1:colcon.colcon_core.package_identification:_identify(.) by extensions ['colcon_pkg']
[1.149s] Level 1:colcon.colcon_core.package_identification:_identify(.) by extension 'colcon_pkg'
[1.149s] Level 1:colcon.colcon_core.package_identification:_identify(.) by extensions ['colcon_meta']
[1.149s] Level 1:colcon.colcon_core.package_identification:_identify(.) by extension 'colcon_meta'
[1.149s] Level 1:colcon.colcon_core.package_identification:_identify(.) by extensions ['ros']
[1.150s] Level 1:colcon.colcon_core.package_identification:_identify(.) by extension 'ros'
[1.185s] Level 1:colcon.colcon_core.package_identification:_identify(.) by extensions ['cmake', 'python']
[1.186s] Level 1:colcon.colcon_core.package_identification:_identify(.) by extension 'cmake'
[1.186s] Level 1:colcon.colcon_core.package_identification:_identify(.) by extension 'python'
[1.186s] Level 1:colcon.colcon_core.package_identification:_identify(.) by extensions ['python_setup_py']
[1.186s] Level 1:colcon.colcon_core.package_identification:_identify(.) by extension 'python_setup_py'
[1.186s] Level 1:colcon.colcon_core.package_identification:_identify(build) by extensions ['ignore', 'ignore_ament_install']
[1.187s] Level 1:colcon.colcon_core.package_identification:_identify(build) by extension 'ignore'
[1.187s] Level 1:colcon.colcon_core.package_identification:_identify(build) ignored
[1.188s] Level 1:colcon.colcon_core.package_identification:_identify(install) by extensions ['ignore', 'ignore_ament_install']
[1.188s] Level 1:colcon.colcon_core.package_identification:_identify(install) by extension 'ignore'
[1.188s] Level 1:colcon.colcon_core.package_identification:_identify(install) ignored
[1.189s] Level 1:colcon.colcon_core.package_identification:_identify(log) by extensions ['ignore', 'ignore_ament_install']
[1.189s] Level 1:colcon.colcon_core.package_identification:_identify(log) by extension 'ignore'
[1.189s] Level 1:colcon.colcon_core.package_identification:_identify(log) ignored
[1.189s] Level 1:colcon.colcon_core.package_identification:_identify(src) by extensions ['ignore', 'ignore_ament_install']
[1.190s] Level 1:colcon.colcon_core.package_identification:_identify(src) by extension 'ignore'
[1.190s] Level 1:colcon.colcon_core.package_identification:_identify(src) by extension 'ignore_ament_install'
[1.190s] Level 1:colcon.colcon_core.package_identification:_identify(src) by extensions ['colcon_pkg']
[1.190s] Level 1:colcon.colcon_core.package_identification:_identify(src) by extension 'colcon_pkg'
[1.190s] Level 1:colcon.colcon_core.package_identification:_identify(src) by extensions ['colcon_meta']
[1.191s] Level 1:colcon.colcon_core.package_identification:_identify(src) by extension 'colcon_meta'
[1.191s] Level 1:colcon.colcon_core.package_identification:_identify(src) by extensions ['ros']
[1.191s] Level 1:colcon.colcon_core.package_identification:_identify(src) by extension 'ros'
[1.192s] Level 1:colcon.colcon_core.package_identification:_identify(src) by extensions ['cmake', 'python']
[1.192s] Level 1:colcon.colcon_core.package_identification:_identify(src) by extension 'cmake'
[1.192s] Level 1:colcon.colcon_core.package_identification:_identify(src) by extension 'python'
[1.192s] Level 1:colcon.colcon_core.package_identification:_identify(src) by extensions ['python_setup_py']
[1.192s] Level 1:colcon.colcon_core.package_identification:_identify(src) by extension 'python_setup_py'
[1.192s] Level 1:colcon.colcon_core.package_identification:_identify(src/base_interfaces_demo) by extensions ['ignore', 'ignore_ament_install']
[1.193s] Level 1:colcon.colcon_core.package_identification:_identify(src/base_interfaces_demo) by extension 'ignore'
[1.193s] Level 1:colcon.colcon_core.package_identification:_identify(src/base_interfaces_demo) by extension 'ignore_ament_install'
[1.193s] Level 1:colcon.colcon_core.package_identification:_identify(src/base_interfaces_demo) by extensions ['colcon_pkg']
[1.193s] Level 1:colcon.colcon_core.package_identification:_identify(src/base_interfaces_demo) by extension 'colcon_pkg'
[1.193s] Level 1:colcon.colcon_core.package_identification:_identify(src/base_interfaces_demo) by extensions ['colcon_meta']
[1.193s] Level 1:colcon.colcon_core.package_identification:_identify(src/base_interfaces_demo) by extension 'colcon_meta'
[1.194s] Level 1:colcon.colcon_core.package_identification:_identify(src/base_interfaces_demo) by extensions ['ros']
[1.194s] Level 1:colcon.colcon_core.package_identification:_identify(src/base_interfaces_demo) by extension 'ros'
[1.201s] DEBUG:colcon.colcon_core.package_identification:Package 'src/base_interfaces_demo' with type 'ros.ament_cmake' and name 'base_interfaces_demo'
[1.202s] Level 1:colcon.colcon_core.package_identification:_identify(src/cpp01_topic) by extensions ['ignore', 'ignore_ament_install']
[1.203s] Level 1:colcon.colcon_core.package_identification:_identify(src/cpp01_topic) by extension 'ignore'
[1.203s] Level 1:colcon.colcon_core.package_identification:_identify(src/cpp01_topic) by extension 'ignore_ament_install'
[1.204s] Level 1:colcon.colcon_core.package_identification:_identify(src/cpp01_topic) by extensions ['colcon_pkg']
[1.204s] Level 1:colcon.colcon_core.package_identification:_identify(src/cpp01_topic) by extension 'colcon_pkg'
[1.204s] Level 1:colcon.colcon_core.package_identification:_identify(src/cpp01_topic) by extensions ['colcon_meta']
[1.205s] Level 1:colcon.colcon_core.package_identification:_identify(src/cpp01_topic) by extension 'colcon_meta'
[1.205s] Level 1:colcon.colcon_core.package_identification:_identify(src/cpp01_topic) by extensions ['ros']
[1.205s] Level 1:colcon.colcon_core.package_identification:_identify(src/cpp01_topic) by extension 'ros'
[1.234s] DEBUG:colcon.colcon_core.package_identification:Package 'src/cpp01_topic' with type 'ros.ament_cmake' and name 'cpp01_topic'
[1.235s] Level 1:colcon.colcon_core.package_identification:_identify(src/cpp02_service) by extensions ['ignore', 'ignore_ament_install']
[1.236s] Level 1:colcon.colcon_core.package_identification:_identify(src/cpp02_service) by extension 'ignore'
[1.236s] Level 1:colcon.colcon_core.package_identification:_identify(src/cpp02_service) by extension 'ignore_ament_install'
[1.236s] Level 1:colcon.colcon_core.package_identification:_identify(src/cpp02_service) by extensions ['colcon_pkg']
[1.236s] Level 1:colcon.colcon_core.package_identification:_identify(src/cpp02_service) by extension 'colcon_pkg'
[1.236s] Level 1:colcon.colcon_core.package_identification:_identify(src/cpp02_service) by extensions ['colcon_meta']
[1.237s] Level 1:colcon.colcon_core.package_identification:_identify(src/cpp02_service) by extension 'colcon_meta'
[1.237s] Level 1:colcon.colcon_core.package_identification:_identify(src/cpp02_service) by extensions ['ros']
[1.237s] Level 1:colcon.colcon_core.package_identification:_identify(src/cpp02_service) by extension 'ros'
[1.238s] DEBUG:colcon.colcon_core.package_identification:Package 'src/cpp02_service' with type 'ros.ament_cmake' and name 'cpp02_service'
[1.239s] Level 1:colcon.colcon_core.package_identification:_identify(src/cpp03_action) by extensions ['ignore', 'ignore_ament_install']
[1.240s] Level 1:colcon.colcon_core.package_identification:_identify(src/cpp03_action) by extension 'ignore'
[1.240s] Level 1:colcon.colcon_core.package_identification:_identify(src/cpp03_action) by extension 'ignore_ament_install'
[1.240s] Level 1:colcon.colcon_core.package_identification:_identify(src/cpp03_action) by extensions ['colcon_pkg']
[1.240s] Level 1:colcon.colcon_core.package_identification:_identify(src/cpp03_action) by extension 'colcon_pkg'
[1.240s] Level 1:colcon.colcon_core.package_identification:_identify(src/cpp03_action) by extensions ['colcon_meta']
[1.240s] Level 1:colcon.colcon_core.package_identification:_identify(src/cpp03_action) by extension 'colcon_meta'
[1.241s] Level 1:colcon.colcon_core.package_identification:_identify(src/cpp03_action) by extensions ['ros']
[1.241s] Level 1:colcon.colcon_core.package_identification:_identify(src/cpp03_action) by extension 'ros'
[1.243s] DEBUG:colcon.colcon_core.package_identification:Package 'src/cpp03_action' with type 'ros.ament_cmake' and name 'cpp03_action'
[1.243s] Level 1:colcon.colcon_core.package_identification:_identify(src/py01_topic) by extensions ['ignore', 'ignore_ament_install']
[1.244s] Level 1:colcon.colcon_core.package_identification:_identify(src/py01_topic) by extension 'ignore'
[1.244s] Level 1:colcon.colcon_core.package_identification:_identify(src/py01_topic) by extension 'ignore_ament_install'
[1.244s] Level 1:colcon.colcon_core.package_identification:_identify(src/py01_topic) by extensions ['colcon_pkg']
[1.245s] Level 1:colcon.colcon_core.package_identification:_identify(src/py01_topic) by extension 'colcon_pkg'
[1.245s] Level 1:colcon.colcon_core.package_identification:_identify(src/py01_topic) by extensions ['colcon_meta']
[1.245s] Level 1:colcon.colcon_core.package_identification:_identify(src/py01_topic) by extension 'colcon_meta'
[1.245s] Level 1:colcon.colcon_core.package_identification:_identify(src/py01_topic) by extensions ['ros']
[1.245s] Level 1:colcon.colcon_core.package_identification:_identify(src/py01_topic) by extension 'ros'
[1.249s] DEBUG:colcon.colcon_core.package_identification:Package 'src/py01_topic' with type 'ros.ament_python' and name 'py01_topic'
[1.249s] Level 1:colcon.colcon_core.package_identification:_identify(src/py02_service) by extensions ['ignore', 'ignore_ament_install']
[1.250s] Level 1:colcon.colcon_core.package_identification:_identify(src/py02_service) by extension 'ignore'
[1.250s] Level 1:colcon.colcon_core.package_identification:_identify(src/py02_service) by extension 'ignore_ament_install'
[1.250s] Level 1:colcon.colcon_core.package_identification:_identify(src/py02_service) by extensions ['colcon_pkg']
[1.250s] Level 1:colcon.colcon_core.package_identification:_identify(src/py02_service) by extension 'colcon_pkg'
[1.251s] Level 1:colcon.colcon_core.package_identification:_identify(src/py02_service) by extensions ['colcon_meta']
[1.251s] Level 1:colcon.colcon_core.package_identification:_identify(src/py02_service) by extension 'colcon_meta'
[1.252s] Level 1:colcon.colcon_core.package_identification:_identify(src/py02_service) by extensions ['ros']
[1.252s] Level 1:colcon.colcon_core.package_identification:_identify(src/py02_service) by extension 'ros'
[1.256s] DEBUG:colcon.colcon_core.package_identification:Package 'src/py02_service' with type 'ros.ament_python' and name 'py02_service'
[1.256s] Level 1:colcon.colcon_core.package_identification:_identify(src/py03_action) by extensions ['ignore', 'ignore_ament_install']
[1.257s] Level 1:colcon.colcon_core.package_identification:_identify(src/py03_action) by extension 'ignore'
[1.257s] Level 1:colcon.colcon_core.package_identification:_identify(src/py03_action) by extension 'ignore_ament_install'
[1.258s] Level 1:colcon.colcon_core.package_identification:_identify(src/py03_action) by extensions ['colcon_pkg']
[1.259s] Level 1:colcon.colcon_core.package_identification:_identify(src/py03_action) by extension 'colcon_pkg'
[1.260s] Level 1:colcon.colcon_core.package_identification:_identify(src/py03_action) by extensions ['colcon_meta']
[1.260s] Level 1:colcon.colcon_core.package_identification:_identify(src/py03_action) by extension 'colcon_meta'
[1.261s] Level 1:colcon.colcon_core.package_identification:_identify(src/py03_action) by extensions ['ros']
[1.261s] Level 1:colcon.colcon_core.package_identification:_identify(src/py03_action) by extension 'ros'
[1.264s] DEBUG:colcon.colcon_core.package_identification:Package 'src/py03_action' with type 'ros.ament_python' and name 'py03_action'
[1.264s] Level 1:colcon.colcon_core.package_discovery:discover_packages(recursive) using defaults
[1.265s] Level 1:colcon.colcon_core.package_discovery:discover_packages(ignore) discover
[1.265s] Level 1:colcon.colcon_core.package_discovery:discover_packages(ignore) using defaults
[1.265s] Level 1:colcon.colcon_core.package_discovery:discover_packages(path) discover
[1.265s] Level 1:colcon.colcon_core.package_discovery:discover_packages(path) using defaults
[1.353s] INFO:colcon.colcon_core.package_selection:Skipping not selected package 'base_interfaces_demo' in 'src/base_interfaces_demo'
[1.353s] INFO:colcon.colcon_core.package_selection:Skipping not selected package 'py02_service' in 'src/py02_service'
[1.353s] INFO:colcon.colcon_core.package_selection:Skipping not selected package 'cpp01_topic' in 'src/cpp01_topic'
[1.353s] INFO:colcon.colcon_core.package_selection:Skipping not selected package 'cpp02_service' in 'src/cpp02_service'
[1.353s] INFO:colcon.colcon_core.package_selection:Skipping not selected package 'cpp03_action' in 'src/cpp03_action'
[1.353s] INFO:colcon.colcon_core.package_selection:Skipping not selected package 'py01_topic' in 'src/py01_topic'
[1.356s] Level 1:colcon.colcon_core.package_discovery:discover_packages(prefix_path) check parameters
[1.356s] Level 1:colcon.colcon_core.package_discovery:discover_packages(prefix_path) discover
[1.366s] DEBUG:colcon.colcon_installed_package_information.package_discovery:Found 7 installed packages in /home/ros2/ws01_plumbing/install
[1.372s] DEBUG:colcon.colcon_installed_package_information.package_discovery:Found 277 installed packages in /opt/ros/humble
[1.376s] Level 1:colcon.colcon_core.package_discovery:discover_packages(prefix_path) using defaults
[1.560s] Level 5:colcon.colcon_core.verb:set package 'py03_action' build argument 'cmake_args' from command line to 'None'
[1.561s] Level 5:colcon.colcon_core.verb:set package 'py03_action' build argument 'cmake_target' from command line to 'None'
[1.561s] Level 5:colcon.colcon_core.verb:set package 'py03_action' build argument 'cmake_target_skip_unavailable' from command line to 'False'
[1.561s] Level 5:colcon.colcon_core.verb:set package 'py03_action' build argument 'cmake_clean_cache' from command line to 'False'
[1.561s] Level 5:colcon.colcon_core.verb:set package 'py03_action' build argument 'cmake_clean_first' from command line to 'False'
[1.561s] Level 5:colcon.colcon_core.verb:set package 'py03_action' build argument 'cmake_force_configure' from command line to 'False'
[1.561s] Level 5:colcon.colcon_core.verb:set package 'py03_action' build argument 'ament_cmake_args' from command line to 'None'
[1.561s] Level 5:colcon.colcon_core.verb:set package 'py03_action' build argument 'catkin_cmake_args' from command line to 'None'
[1.561s] Level 5:colcon.colcon_core.verb:set package 'py03_action' build argument 'catkin_skip_building_tests' from command line to 'False'
[1.561s] DEBUG:colcon.colcon_core.verb:Building package 'py03_action' with the following arguments: {'ament_cmake_args': None, 'build_base': '/home/ros2/ws01_plumbing/build/py03_action', 'catkin_cmake_args': None, 'catkin_skip_building_tests': False, 'cmake_args': None, 'cmake_clean_cache': False, 'cmake_clean_first': False, 'cmake_force_configure': False, 'cmake_target': None, 'cmake_target_skip_unavailable': False, 'install_base': '/home/ros2/ws01_plumbing/install/py03_action', 'merge_install': False, 'path': '/home/ros2/ws01_plumbing/src/py03_action', 'symlink_install': False, 'test_result_base': None}
[1.563s] INFO:colcon.colcon_core.executor:Executing jobs using 'parallel' executor
[1.577s] DEBUG:colcon.colcon_parallel_executor.executor.parallel:run_until_complete
[1.578s] INFO:colcon.colcon_ros.task.ament_python.build:Building ROS package in '/home/ros2/ws01_plumbing/src/py03_action' with build type 'ament_python'
[1.588s] Level 1:colcon.colcon_core.shell:create_environment_hook('py03_action', 'ament_prefix_path')
[1.607s] INFO:colcon.colcon_core.plugin_system:Skipping extension 'colcon_core.shell.bat': Not used on non-Windows systems
[1.608s] INFO:colcon.colcon_core.shell:Creating environment hook '/home/ros2/ws01_plumbing/install/py03_action/share/py03_action/hook/ament_prefix_path.ps1'
[1.612s] INFO:colcon.colcon_core.shell:Creating environment descriptor '/home/ros2/ws01_plumbing/install/py03_action/share/py03_action/hook/ament_prefix_path.dsv'
[1.614s] INFO:colcon.colcon_core.shell:Creating environment hook '/home/ros2/ws01_plumbing/install/py03_action/share/py03_action/hook/ament_prefix_path.sh'
[1.621s] INFO:colcon.colcon_core.shell:Skip shell extension 'powershell' for command environment: Not usable outside of PowerShell
[1.622s] DEBUG:colcon.colcon_core.shell:Skip shell extension 'dsv' for command environment
[2.734s] INFO:colcon.colcon_core.task.python.build:Building Python package in '/home/ros2/ws01_plumbing/src/py03_action'
[2.740s] INFO:colcon.colcon_core.shell:Skip shell extension 'powershell' for command environment: Not usable outside of PowerShell
[2.741s] DEBUG:colcon.colcon_core.shell:Skip shell extension 'dsv' for command environment
[4.250s] DEBUG:colcon.colcon_core.event_handler.log_command:Invoking command in '/home/ros2/ws01_plumbing/src/py03_action': CMAKE_PREFIX_PATH=/home/ros2/ws01_plumbing/install/base_interfaces_demo:/home/ros2/ws01_plumbing/install/cpp03_action:/home/ros2/ws01_plumbing/install/cpp02_service:/home/ros2/ws01_plumbing/install/cpp01_topic PYTHONPATH=/home/ros2/ws01_plumbing/install/py03_action/lib/python3.10/site-packages:${PYTHONPATH} /usr/bin/python3 setup.py egg_info --egg-base ../../build/py03_action build --build-base /home/ros2/ws01_plumbing/build/py03_action/build install --prefix /home/ros2/ws01_plumbing/install/py03_action --record /home/ros2/ws01_plumbing/build/py03_action/install.log --single-version-externally-managed
[5.609s] DEBUG:colcon.colcon_core.event_handler.log_command:Invoked command in '/home/ros2/ws01_plumbing/src/py03_action' returned '0': CMAKE_PREFIX_PATH=/home/ros2/ws01_plumbing/install/base_interfaces_demo:/home/ros2/ws01_plumbing/install/cpp03_action:/home/ros2/ws01_plumbing/install/cpp02_service:/home/ros2/ws01_plumbing/install/cpp01_topic PYTHONPATH=/home/ros2/ws01_plumbing/install/py03_action/lib/python3.10/site-packages:${PYTHONPATH} /usr/bin/python3 setup.py egg_info --egg-base ../../build/py03_action build --build-base /home/ros2/ws01_plumbing/build/py03_action/build install --prefix /home/ros2/ws01_plumbing/install/py03_action --record /home/ros2/ws01_plumbing/build/py03_action/install.log --single-version-externally-managed
[5.620s] Level 1:colcon.colcon_core.environment:checking '/home/ros2/ws01_plumbing/install/py03_action' for CMake module files
[5.622s] Level 1:colcon.colcon_core.environment:checking '/home/ros2/ws01_plumbing/install/py03_action' for CMake config files
[5.626s] Level 1:colcon.colcon_core.environment:checking '/home/ros2/ws01_plumbing/install/py03_action/lib'
[5.627s] Level 1:colcon.colcon_core.environment:checking '/home/ros2/ws01_plumbing/install/py03_action/bin'
[5.627s] Level 1:colcon.colcon_core.environment:checking '/home/ros2/ws01_plumbing/install/py03_action/lib/pkgconfig/py03_action.pc'
[5.628s] Level 1:colcon.colcon_core.environment:checking '/home/ros2/ws01_plumbing/install/py03_action/lib/python3.10/site-packages'
[5.628s] Level 1:colcon.colcon_core.shell:create_environment_hook('py03_action', 'pythonpath')
[5.632s] INFO:colcon.colcon_core.shell:Creating environment hook '/home/ros2/ws01_plumbing/install/py03_action/share/py03_action/hook/pythonpath.ps1'
[5.635s] INFO:colcon.colcon_core.shell:Creating environment descriptor '/home/ros2/ws01_plumbing/install/py03_action/share/py03_action/hook/pythonpath.dsv'
[5.639s] INFO:colcon.colcon_core.shell:Creating environment hook '/home/ros2/ws01_plumbing/install/py03_action/share/py03_action/hook/pythonpath.sh'
[5.644s] Level 1:colcon.colcon_core.environment:checking '/home/ros2/ws01_plumbing/install/py03_action/bin'
[5.644s] Level 1:colcon.colcon_core.environment:create_environment_scripts_only(py03_action)
[5.649s] INFO:colcon.colcon_core.shell:Creating package script '/home/ros2/ws01_plumbing/install/py03_action/share/py03_action/package.ps1'
[5.653s] INFO:colcon.colcon_core.shell:Creating package descriptor '/home/ros2/ws01_plumbing/install/py03_action/share/py03_action/package.dsv'
[5.656s] INFO:colcon.colcon_core.shell:Creating package script '/home/ros2/ws01_plumbing/install/py03_action/share/py03_action/package.sh'
[5.660s] INFO:colcon.colcon_core.shell:Creating package script '/home/ros2/ws01_plumbing/install/py03_action/share/py03_action/package.bash'
[5.663s] INFO:colcon.colcon_core.shell:Creating package script '/home/ros2/ws01_plumbing/install/py03_action/share/py03_action/package.zsh'
[5.666s] Level 1:colcon.colcon_core.environment:create_file_with_runtime_dependencies(/home/ros2/ws01_plumbing/install/py03_action/share/colcon-core/packages/py03_action)
[5.669s] DEBUG:colcon.colcon_parallel_executor.executor.parallel:closing loop
[5.670s] DEBUG:colcon.colcon_parallel_executor.executor.parallel:loop closed
[5.670s] DEBUG:colcon.colcon_parallel_executor.executor.parallel:run_until_complete finished with '0'
[5.670s] DEBUG:colcon.colcon_core.event_reactor:joining thread
[5.708s] INFO:colcon.colcon_core.plugin_system:Skipping extension 'colcon_notification.desktop_notification.terminal_notifier': Not used on non-Darwin systems
[5.708s] INFO:colcon.colcon_core.plugin_system:Skipping extension 'colcon_notification.desktop_notification.win32': Not used on non-Windows systems
[5.708s] INFO:colcon.colcon_notification.desktop_notification:Sending desktop notification using 'notify2'
[5.763s] DEBUG:colcon.colcon_core.event_reactor:joined thread
[5.775s] INFO:colcon.colcon_core.shell:Creating prefix script '/home/ros2/ws01_plumbing/install/local_setup.ps1'
[5.780s] INFO:colcon.colcon_core.shell:Creating prefix util module '/home/ros2/ws01_plumbing/install/_local_setup_util_ps1.py'
[5.791s] INFO:colcon.colcon_core.shell:Creating prefix chain script '/home/ros2/ws01_plumbing/install/setup.ps1'
[5.796s] INFO:colcon.colcon_core.shell:Creating prefix script '/home/ros2/ws01_plumbing/install/local_setup.sh'
[5.797s] INFO:colcon.colcon_core.shell:Creating prefix util module '/home/ros2/ws01_plumbing/install/_local_setup_util_sh.py'
[5.799s] INFO:colcon.colcon_core.shell:Creating prefix chain script '/home/ros2/ws01_plumbing/install/setup.sh'
[5.804s] INFO:colcon.colcon_core.shell:Creating prefix script '/home/ros2/ws01_plumbing/install/local_setup.bash'
[5.806s] INFO:colcon.colcon_core.shell:Creating prefix chain script '/home/ros2/ws01_plumbing/install/setup.bash'
[5.820s] INFO:colcon.colcon_core.shell:Creating prefix script '/home/ros2/ws01_plumbing/install/local_setup.zsh'
[5.824s] INFO:colcon.colcon_core.shell:Creating prefix chain script '/home/ros2/ws01_plumbing/install/setup.zsh'
