[1.580s] Invoking command in '/home/ros2/ws01_plumbing/src/py01_topic': CMAKE_PREFIX_PATH=/home/ros2/ws01_plumbing/install/base_interfaces_demo:/home/ros2/ws01_plumbing/install/cpp01_topic PYTHONPATH=/home/ros2/ws01_plumbing/install/py01_topic/lib/python3.10/site-packages:${PYTHONPATH} /usr/bin/python3 setup.py egg_info --egg-base ../../build/py01_topic build --build-base /home/ros2/ws01_plumbing/build/py01_topic/build install --prefix /home/ros2/ws01_plumbing/install/py01_topic --record /home/ros2/ws01_plumbing/build/py01_topic/install.log --single-version-externally-managed
[2.204s] running egg_info
[2.206s] writing ../../build/py01_topic/py01_topic.egg-info/PKG-INFO
[2.207s] writing dependency_links to ../../build/py01_topic/py01_topic.egg-info/dependency_links.txt
[2.208s] writing entry points to ../../build/py01_topic/py01_topic.egg-info/entry_points.txt
[2.209s] writing requirements to ../../build/py01_topic/py01_topic.egg-info/requires.txt
[2.210s] writing top-level names to ../../build/py01_topic/py01_topic.egg-info/top_level.txt
[2.216s] reading manifest file '../../build/py01_topic/py01_topic.egg-info/SOURCES.txt'
[2.219s] writing manifest file '../../build/py01_topic/py01_topic.egg-info/SOURCES.txt'
[2.220s] running build
[2.221s] running build_py
[2.222s] /usr/lib/python3/dist-packages/setuptools/command/install.py:34: SetuptoolsDeprecationWarning: setup.py install is deprecated. Use build and pip and other standards-based tools.
[2.222s]   warnings.warn(
[2.222s] copying py01_topic/demo01_talker_str_py.py -> /home/ros2/ws01_plumbing/build/py01_topic/build/lib/py01_topic
[2.223s] running install
[2.223s] running install_lib
[2.225s] copying /home/ros2/ws01_plumbing/build/py01_topic/build/lib/py01_topic/demo01_talker_str_py.py -> /home/ros2/ws01_plumbing/install/py01_topic/lib/python3.10/site-packages/py01_topic
[2.227s] byte-compiling /home/ros2/ws01_plumbing/install/py01_topic/lib/python3.10/site-packages/py01_topic/demo01_talker_str_py.py to demo01_talker_str_py.cpython-310.pyc
[2.227s] running install_data
[2.228s] running install_egg_info
[2.233s] removing '/home/ros2/ws01_plumbing/install/py01_topic/lib/python3.10/site-packages/py01_topic-0.0.0-py3.10.egg-info' (and everything under it)
[2.234s] Copying ../../build/py01_topic/py01_topic.egg-info to /home/ros2/ws01_plumbing/install/py01_topic/lib/python3.10/site-packages/py01_topic-0.0.0-py3.10.egg-info
[2.236s] running install_scripts
[2.293s] Installing demo01_talker_str_py script to /home/ros2/ws01_plumbing/install/py01_topic/lib/py01_topic
[2.294s] writing list of installed files to '/home/ros2/ws01_plumbing/build/py01_topic/install.log'
[2.361s] Invoked command in '/home/ros2/ws01_plumbing/src/py01_topic' returned '0': CMAKE_PREFIX_PATH=/home/ros2/ws01_plumbing/install/base_interfaces_demo:/home/ros2/ws01_plumbing/install/cpp01_topic PYTHONPATH=/home/ros2/ws01_plumbing/install/py01_topic/lib/python3.10/site-packages:${PYTHONPATH} /usr/bin/python3 setup.py egg_info --egg-base ../../build/py01_topic build --build-base /home/ros2/ws01_plumbing/build/py01_topic/build install --prefix /home/ros2/ws01_plumbing/install/py01_topic --record /home/ros2/ws01_plumbing/build/py01_topic/install.log --single-version-externally-managed
