[0.049s] Invoking command in '/home/ros2/ws01_plumbing/build/cpp01_topic': CMAKE_PREFIX_PATH=/home/ros2/ws01_plumbing/install/base_interfaces_demo:/home/ros2/ws01_plumbing/install/cpp02_service:/home/ros2/ws01_plumbing/install/cpp01_topic:/home/ros2/ws01_plumbing/install/py02_service:/home/ros2/ws01_plumbing/install/py01_topic:/opt/ros/humble /usr/bin/cmake --build /home/ros2/ws01_plumbing/build/cpp01_topic -- -j4 -l4
[0.215s] [35m[1mConsolidate compiler generated dependencies of target demo01_talker_str[0m
[0.238s] [ 25%] Built target demo02_listener_str
[0.283s] [ 50%] Built target demo04_listener_stu
[0.303s] [ 75%] Built target demo03_talker_stu
[0.310s] [ 87%] [32mBuilding CXX object CMakeFiles/demo01_talker_str.dir/src/demo01_talker_str.cpp.o[0m
[12.369s] [100%] [32m[1mLinking CXX executable demo01_talker_str[0m
[12.862s] [100%] Built target demo01_talker_str
[12.895s] Invoked command in '/home/ros2/ws01_plumbing/build/cpp01_topic' returned '0': CMAKE_PREFIX_PATH=/home/ros2/ws01_plumbing/install/base_interfaces_demo:/home/ros2/ws01_plumbing/install/cpp02_service:/home/ros2/ws01_plumbing/install/cpp01_topic:/home/ros2/ws01_plumbing/install/py02_service:/home/ros2/ws01_plumbing/install/py01_topic:/opt/ros/humble /usr/bin/cmake --build /home/ros2/ws01_plumbing/build/cpp01_topic -- -j4 -l4
[13.078s] Invoking command in '/home/ros2/ws01_plumbing/build/cpp01_topic': CMAKE_PREFIX_PATH=/home/ros2/ws01_plumbing/install/base_interfaces_demo:/home/ros2/ws01_plumbing/install/cpp02_service:/home/ros2/ws01_plumbing/install/cpp01_topic:/home/ros2/ws01_plumbing/install/py02_service:/home/ros2/ws01_plumbing/install/py01_topic:/opt/ros/humble /usr/bin/cmake --install /home/ros2/ws01_plumbing/build/cpp01_topic
[13.099s] -- Install configuration: ""
[13.101s] -- Installing: /home/ros2/ws01_plumbing/install/cpp01_topic/lib/cpp01_topic/demo01_talker_str
[13.104s] -- Set runtime path of "/home/ros2/ws01_plumbing/install/cpp01_topic/lib/cpp01_topic/demo01_talker_str" to ""
[13.106s] -- Up-to-date: /home/ros2/ws01_plumbing/install/cpp01_topic/lib/cpp01_topic/demo02_listener_str
[13.107s] -- Up-to-date: /home/ros2/ws01_plumbing/install/cpp01_topic/lib/cpp01_topic/demo03_talker_stu
[13.107s] -- Up-to-date: /home/ros2/ws01_plumbing/install/cpp01_topic/lib/cpp01_topic/demo04_listener_stu
[13.108s] -- Up-to-date: /home/ros2/ws01_plumbing/install/cpp01_topic/share/ament_index/resource_index/package_run_dependencies/cpp01_topic
[13.109s] -- Up-to-date: /home/ros2/ws01_plumbing/install/cpp01_topic/share/ament_index/resource_index/parent_prefix_path/cpp01_topic
[13.109s] -- Up-to-date: /home/ros2/ws01_plumbing/install/cpp01_topic/share/cpp01_topic/environment/ament_prefix_path.sh
[13.110s] -- Up-to-date: /home/ros2/ws01_plumbing/install/cpp01_topic/share/cpp01_topic/environment/ament_prefix_path.dsv
[13.110s] -- Up-to-date: /home/ros2/ws01_plumbing/install/cpp01_topic/share/cpp01_topic/environment/path.sh
[13.111s] -- Up-to-date: /home/ros2/ws01_plumbing/install/cpp01_topic/share/cpp01_topic/environment/path.dsv
[13.111s] -- Up-to-date: /home/ros2/ws01_plumbing/install/cpp01_topic/share/cpp01_topic/local_setup.bash
[13.112s] -- Up-to-date: /home/ros2/ws01_plumbing/install/cpp01_topic/share/cpp01_topic/local_setup.sh
[13.112s] -- Up-to-date: /home/ros2/ws01_plumbing/install/cpp01_topic/share/cpp01_topic/local_setup.zsh
[13.114s] -- Up-to-date: /home/ros2/ws01_plumbing/install/cpp01_topic/share/cpp01_topic/local_setup.dsv
[13.114s] -- Installing: /home/ros2/ws01_plumbing/install/cpp01_topic/share/cpp01_topic/package.dsv
[13.114s] -- Up-to-date: /home/ros2/ws01_plumbing/install/cpp01_topic/share/ament_index/resource_index/packages/cpp01_topic
[13.114s] -- Up-to-date: /home/ros2/ws01_plumbing/install/cpp01_topic/share/cpp01_topic/cmake/cpp01_topicConfig.cmake
[13.115s] -- Up-to-date: /home/ros2/ws01_plumbing/install/cpp01_topic/share/cpp01_topic/cmake/cpp01_topicConfig-version.cmake
[13.115s] -- Up-to-date: /home/ros2/ws01_plumbing/install/cpp01_topic/share/cpp01_topic/package.xml
[13.123s] Invoked command in '/home/ros2/ws01_plumbing/build/cpp01_topic' returned '0': CMAKE_PREFIX_PATH=/home/ros2/ws01_plumbing/install/base_interfaces_demo:/home/ros2/ws01_plumbing/install/cpp02_service:/home/ros2/ws01_plumbing/install/cpp01_topic:/home/ros2/ws01_plumbing/install/py02_service:/home/ros2/ws01_plumbing/install/py01_topic:/opt/ros/humble /usr/bin/cmake --install /home/ros2/ws01_plumbing/build/cpp01_topic
