[0.126s] Invoking command in '/home/ros2/ws01_plumbing/build/cpp07_exercise': CMAKE_PREFIX_PATH=/home/ros2/ws01_plumbing/install/turtlesim:/home/ros2/ws01_plumbing/install/base_interfaces_demo:/home/ros2/ws01_plumbing/install/tutorails_plumbing:/home/ros2/ws01_plumbing/install/cpp07_exercise:/home/ros2/ws01_plumbing/install/cpp06_time:/home/ros2/ws01_plumbing/install/cpp05_names:/home/ros2/ws01_plumbing/install/cpp04_param:/home/ros2/ws01_plumbing/install/cpp03_action:/home/ros2/ws01_plumbing/install/cpp02_service:/home/ros2/ws01_plumbing/install/cpp01_topic:/home/ros2/ws01_plumbing/install/py06_time:/home/ros2/ws01_plumbing/install/py05_names:/home/ros2/ws01_plumbing/install/py04_param:/home/ros2/ws01_plumbing/install/py03_action:/home/ros2/ws01_plumbing/install/py02_service:/home/ros2/ws01_plumbing/install/py01_topic:/opt/ros/humble /usr/bin/cmake --build /home/ros2/ws01_plumbing/build/cpp07_exercise -- -j4 -l4
[0.408s] [35m[1mConsolidate compiler generated dependencies of target exer04_action_server[0m
[0.435s] [ 20%] Built target exer01_pub_sub
[0.510s] [ 40%] Built target exer02_server
[0.510s] [ 60%] Built target exer03_client
[0.594s] [ 80%] Built target exer05_action_client
[0.605s] [ 90%] [32mBuilding CXX object CMakeFiles/exer04_action_server.dir/src/exer04_action_server.cpp.o[0m
[43.542s] [100%] [32m[1mLinking CXX executable exer04_action_server[0m
[45.710s] [100%] Built target exer04_action_server
[45.757s] Invoked command in '/home/ros2/ws01_plumbing/build/cpp07_exercise' returned '0': CMAKE_PREFIX_PATH=/home/ros2/ws01_plumbing/install/turtlesim:/home/ros2/ws01_plumbing/install/base_interfaces_demo:/home/ros2/ws01_plumbing/install/tutorails_plumbing:/home/ros2/ws01_plumbing/install/cpp07_exercise:/home/ros2/ws01_plumbing/install/cpp06_time:/home/ros2/ws01_plumbing/install/cpp05_names:/home/ros2/ws01_plumbing/install/cpp04_param:/home/ros2/ws01_plumbing/install/cpp03_action:/home/ros2/ws01_plumbing/install/cpp02_service:/home/ros2/ws01_plumbing/install/cpp01_topic:/home/ros2/ws01_plumbing/install/py06_time:/home/ros2/ws01_plumbing/install/py05_names:/home/ros2/ws01_plumbing/install/py04_param:/home/ros2/ws01_plumbing/install/py03_action:/home/ros2/ws01_plumbing/install/py02_service:/home/ros2/ws01_plumbing/install/py01_topic:/opt/ros/humble /usr/bin/cmake --build /home/ros2/ws01_plumbing/build/cpp07_exercise -- -j4 -l4
[46.026s] Invoking command in '/home/ros2/ws01_plumbing/build/cpp07_exercise': CMAKE_PREFIX_PATH=/home/ros2/ws01_plumbing/install/turtlesim:/home/ros2/ws01_plumbing/install/base_interfaces_demo:/home/ros2/ws01_plumbing/install/tutorails_plumbing:/home/ros2/ws01_plumbing/install/cpp07_exercise:/home/ros2/ws01_plumbing/install/cpp06_time:/home/ros2/ws01_plumbing/install/cpp05_names:/home/ros2/ws01_plumbing/install/cpp04_param:/home/ros2/ws01_plumbing/install/cpp03_action:/home/ros2/ws01_plumbing/install/cpp02_service:/home/ros2/ws01_plumbing/install/cpp01_topic:/home/ros2/ws01_plumbing/install/py06_time:/home/ros2/ws01_plumbing/install/py05_names:/home/ros2/ws01_plumbing/install/py04_param:/home/ros2/ws01_plumbing/install/py03_action:/home/ros2/ws01_plumbing/install/py02_service:/home/ros2/ws01_plumbing/install/py01_topic:/opt/ros/humble /usr/bin/cmake --install /home/ros2/ws01_plumbing/build/cpp07_exercise
[46.057s] -- Install configuration: ""
[46.060s] -- Up-to-date: /home/ros2/ws01_plumbing/install/cpp07_exercise/lib/cpp07_exercise/exer01_pub_sub
[46.061s] -- Up-to-date: /home/ros2/ws01_plumbing/install/cpp07_exercise/lib/cpp07_exercise/exer02_server
[46.062s] -- Up-to-date: /home/ros2/ws01_plumbing/install/cpp07_exercise/lib/cpp07_exercise/exer03_client
[46.062s] -- Installing: /home/ros2/ws01_plumbing/install/cpp07_exercise/lib/cpp07_exercise/exer04_action_server
[46.083s] -- Set runtime path of "/home/ros2/ws01_plumbing/install/cpp07_exercise/lib/cpp07_exercise/exer04_action_server" to ""
[46.084s] -- Up-to-date: /home/ros2/ws01_plumbing/install/cpp07_exercise/lib/cpp07_exercise/exer05_action_client
[46.086s] -- Up-to-date: /home/ros2/ws01_plumbing/install/cpp07_exercise/share/cpp07_exercise/launch
[46.092s] -- Up-to-date: /home/ros2/ws01_plumbing/install/cpp07_exercise/share/cpp07_exercise/launch/exer04_server_launch.py
[46.093s] -- Up-to-date: /home/ros2/ws01_plumbing/install/cpp07_exercise/share/cpp07_exercise/launch/exer02_server_launch.py
[46.095s] -- Up-to-date: /home/ros2/ws01_plumbing/install/cpp07_exercise/share/cpp07_exercise/launch/exer05_client_launch.py
[46.095s] -- Up-to-date: /home/ros2/ws01_plumbing/install/cpp07_exercise/share/cpp07_exercise/launch/exer03_client_launch.py
[46.097s] -- Up-to-date: /home/ros2/ws01_plumbing/install/cpp07_exercise/share/cpp07_exercise/launch/exer01_pub_sub_launch.py
[46.099s] -- Up-to-date: /home/ros2/ws01_plumbing/install/cpp07_exercise/share/ament_index/resource_index/package_run_dependencies/cpp07_exercise
[46.102s] -- Up-to-date: /home/ros2/ws01_plumbing/install/cpp07_exercise/share/ament_index/resource_index/parent_prefix_path/cpp07_exercise
[46.102s] -- Up-to-date: /home/ros2/ws01_plumbing/install/cpp07_exercise/share/cpp07_exercise/environment/ament_prefix_path.sh
[46.102s] -- Up-to-date: /home/ros2/ws01_plumbing/install/cpp07_exercise/share/cpp07_exercise/environment/ament_prefix_path.dsv
[46.118s] -- Up-to-date: /home/ros2/ws01_plumbing/install/cpp07_exercise/share/cpp07_exercise/environment/path.sh
[46.118s] -- Up-to-date: /home/ros2/ws01_plumbing/install/cpp07_exercise/share/cpp07_exercise/environment/path.dsv
[46.118s] -- Up-to-date: /home/ros2/ws01_plumbing/install/cpp07_exercise/share/cpp07_exercise/local_setup.bash
[46.119s] -- Up-to-date: /home/ros2/ws01_plumbing/install/cpp07_exercise/share/cpp07_exercise/local_setup.sh
[46.119s] -- Up-to-date: /home/ros2/ws01_plumbing/install/cpp07_exercise/share/cpp07_exercise/local_setup.zsh
[46.119s] -- Up-to-date: /home/ros2/ws01_plumbing/install/cpp07_exercise/share/cpp07_exercise/local_setup.dsv
[46.119s] -- Installing: /home/ros2/ws01_plumbing/install/cpp07_exercise/share/cpp07_exercise/package.dsv
[46.120s] -- Up-to-date: /home/ros2/ws01_plumbing/install/cpp07_exercise/share/ament_index/resource_index/packages/cpp07_exercise
[46.121s] -- Up-to-date: /home/ros2/ws01_plumbing/install/cpp07_exercise/share/cpp07_exercise/cmake/cpp07_exerciseConfig.cmake
[46.121s] -- Up-to-date: /home/ros2/ws01_plumbing/install/cpp07_exercise/share/cpp07_exercise/cmake/cpp07_exerciseConfig-version.cmake
[46.122s] -- Up-to-date: /home/ros2/ws01_plumbing/install/cpp07_exercise/share/cpp07_exercise/package.xml
[46.122s] Invoked command in '/home/ros2/ws01_plumbing/build/cpp07_exercise' returned '0': CMAKE_PREFIX_PATH=/home/ros2/ws01_plumbing/install/turtlesim:/home/ros2/ws01_plumbing/install/base_interfaces_demo:/home/ros2/ws01_plumbing/install/tutorails_plumbing:/home/ros2/ws01_plumbing/install/cpp07_exercise:/home/ros2/ws01_plumbing/install/cpp06_time:/home/ros2/ws01_plumbing/install/cpp05_names:/home/ros2/ws01_plumbing/install/cpp04_param:/home/ros2/ws01_plumbing/install/cpp03_action:/home/ros2/ws01_plumbing/install/cpp02_service:/home/ros2/ws01_plumbing/install/cpp01_topic:/home/ros2/ws01_plumbing/install/py06_time:/home/ros2/ws01_plumbing/install/py05_names:/home/ros2/ws01_plumbing/install/py04_param:/home/ros2/ws01_plumbing/install/py03_action:/home/ros2/ws01_plumbing/install/py02_service:/home/ros2/ws01_plumbing/install/py01_topic:/opt/ros/humble /usr/bin/cmake --install /home/ros2/ws01_plumbing/build/cpp07_exercise
