[0.051s] Invoking command in '/home/ros2/ws01_plumbing/build/cpp04_param': CMAKE_PREFIX_PATH=${CMAKE_PREFIX_PATH}:/home/ros2/ws01_plumbing/install/py04_param:/home/ros2/ws01_plumbing/install/py03_action:/home/ros2/ws01_plumbing/install/py02_service:/home/ros2/ws01_plumbing/install/py01_topic:/opt/ros/humble /usr/bin/cmake --build /home/ros2/ws01_plumbing/build/cpp04_param -- -j4 -l4
[0.231s] [ 16%] [32mBuilding CXX object CMakeFiles/demo01_param_server.dir/src/demo01_param_server.cpp.o[0m
[0.283s] [ 50%] Built target demo00_param
[0.318s] [ 83%] Built target demo02_param_client
[8.514s] [100%] [32m[1mLinking CXX executable demo01_param_server[0m
[8.838s] [100%] Built target demo01_param_server
[8.889s] Invoked command in '/home/ros2/ws01_plumbing/build/cpp04_param' returned '0': CMAKE_PREFIX_PATH=${CMAKE_PREFIX_PATH}:/home/ros2/ws01_plumbing/install/py04_param:/home/ros2/ws01_plumbing/install/py03_action:/home/ros2/ws01_plumbing/install/py02_service:/home/ros2/ws01_plumbing/install/py01_topic:/opt/ros/humble /usr/bin/cmake --build /home/ros2/ws01_plumbing/build/cpp04_param -- -j4 -l4
[9.061s] Invoking command in '/home/ros2/ws01_plumbing/build/cpp04_param': CMAKE_PREFIX_PATH=${CMAKE_PREFIX_PATH}:/home/ros2/ws01_plumbing/install/py04_param:/home/ros2/ws01_plumbing/install/py03_action:/home/ros2/ws01_plumbing/install/py02_service:/home/ros2/ws01_plumbing/install/py01_topic:/opt/ros/humble /usr/bin/cmake --install /home/ros2/ws01_plumbing/build/cpp04_param
[9.081s] -- Install configuration: ""
[9.082s] -- Up-to-date: /home/ros2/ws01_plumbing/install/cpp04_param/lib/cpp04_param/demo00_param
[9.082s] -- Installing: /home/ros2/ws01_plumbing/install/cpp04_param/lib/cpp04_param/demo01_param_server
[9.084s] -- Set runtime path of "/home/ros2/ws01_plumbing/install/cpp04_param/lib/cpp04_param/demo01_param_server" to ""
[9.084s] -- Up-to-date: /home/ros2/ws01_plumbing/install/cpp04_param/lib/cpp04_param/demo02_param_client
[9.086s] -- Up-to-date: /home/ros2/ws01_plumbing/install/cpp04_param/share/ament_index/resource_index/package_run_dependencies/cpp04_param
[9.086s] -- Up-to-date: /home/ros2/ws01_plumbing/install/cpp04_param/share/ament_index/resource_index/parent_prefix_path/cpp04_param
[9.088s] -- Up-to-date: /home/ros2/ws01_plumbing/install/cpp04_param/share/cpp04_param/environment/ament_prefix_path.sh
[9.088s] -- Up-to-date: /home/ros2/ws01_plumbing/install/cpp04_param/share/cpp04_param/environment/ament_prefix_path.dsv
[9.088s] -- Up-to-date: /home/ros2/ws01_plumbing/install/cpp04_param/share/cpp04_param/environment/path.sh
[9.089s] -- Up-to-date: /home/ros2/ws01_plumbing/install/cpp04_param/share/cpp04_param/environment/path.dsv
[9.089s] -- Up-to-date: /home/ros2/ws01_plumbing/install/cpp04_param/share/cpp04_param/local_setup.bash
[9.089s] -- Up-to-date: /home/ros2/ws01_plumbing/install/cpp04_param/share/cpp04_param/local_setup.sh
[9.089s] -- Up-to-date: /home/ros2/ws01_plumbing/install/cpp04_param/share/cpp04_param/local_setup.zsh
[9.090s] -- Up-to-date: /home/ros2/ws01_plumbing/install/cpp04_param/share/cpp04_param/local_setup.dsv
[9.092s] -- Installing: /home/ros2/ws01_plumbing/install/cpp04_param/share/cpp04_param/package.dsv
[9.094s] -- Up-to-date: /home/ros2/ws01_plumbing/install/cpp04_param/share/ament_index/resource_index/packages/cpp04_param
[9.094s] -- Up-to-date: /home/ros2/ws01_plumbing/install/cpp04_param/share/cpp04_param/cmake/cpp04_paramConfig.cmake
[9.095s] -- Up-to-date: /home/ros2/ws01_plumbing/install/cpp04_param/share/cpp04_param/cmake/cpp04_paramConfig-version.cmake
[9.095s] -- Up-to-date: /home/ros2/ws01_plumbing/install/cpp04_param/share/cpp04_param/package.xml
[9.101s] Invoked command in '/home/ros2/ws01_plumbing/build/cpp04_param' returned '0': CMAKE_PREFIX_PATH=${CMAKE_PREFIX_PATH}:/home/ros2/ws01_plumbing/install/py04_param:/home/ros2/ws01_plumbing/install/py03_action:/home/ros2/ws01_plumbing/install/py02_service:/home/ros2/ws01_plumbing/install/py01_topic:/opt/ros/humble /usr/bin/cmake --install /home/ros2/ws01_plumbing/build/cpp04_param
