[2.701s] Invoking command in '/home/ros2/ws01_plumbing/src/py01_topic': CMAKE_PREFIX_PATH=/home/ros2/ws01_plumbing/install/base_interfaces_demo:/home/ros2/ws01_plumbing/install/cpp01_topic PYTHONPATH=/home/ros2/ws01_plumbing/install/py01_topic/lib/python3.10/site-packages:${PYTHONPATH} /usr/bin/python3 setup.py egg_info --egg-base ../../build/py01_topic build --build-base /home/ros2/ws01_plumbing/build/py01_topic/build install --prefix /home/ros2/ws01_plumbing/install/py01_topic --record /home/ros2/ws01_plumbing/build/py01_topic/install.log --single-version-externally-managed
[3.624s] running egg_info
[3.627s] writing ../../build/py01_topic/py01_topic.egg-info/PKG-INFO
[3.629s] writing dependency_links to ../../build/py01_topic/py01_topic.egg-info/dependency_links.txt
[3.630s] writing entry points to ../../build/py01_topic/py01_topic.egg-info/entry_points.txt
[3.632s] writing requirements to ../../build/py01_topic/py01_topic.egg-info/requires.txt
[3.633s] writing top-level names to ../../build/py01_topic/py01_topic.egg-info/top_level.txt
[3.641s] reading manifest file '../../build/py01_topic/py01_topic.egg-info/SOURCES.txt'
[3.642s] writing manifest file '../../build/py01_topic/py01_topic.egg-info/SOURCES.txt'
[3.644s] running build
[3.644s] running build_py
[3.645s] copying py01_topic/demo01_talker_str_py.py -> /home/ros2/ws01_plumbing/build/py01_topic/build/lib/py01_topic
[3.645s] copying py01_topic/demo02_listener_str_py.py -> /home/ros2/ws01_plumbing/build/py01_topic/build/lib/py01_topic
[3.648s] running install
[3.649s] /usr/lib/python3/dist-packages/setuptools/command/install.py:34: SetuptoolsDeprecationWarning: setup.py install is deprecated. Use build and pip and other standards-based tools.
[3.650s]   warnings.warn(
[3.650s] running install_lib
[3.651s] copying /home/ros2/ws01_plumbing/build/py01_topic/build/lib/py01_topic/demo01_talker_str_py.py -> /home/ros2/ws01_plumbing/install/py01_topic/lib/python3.10/site-packages/py01_topic
[3.652s] copying /home/ros2/ws01_plumbing/build/py01_topic/build/lib/py01_topic/demo02_listener_str_py.py -> /home/ros2/ws01_plumbing/install/py01_topic/lib/python3.10/site-packages/py01_topic
[3.653s] byte-compiling /home/ros2/ws01_plumbing/install/py01_topic/lib/python3.10/site-packages/py01_topic/demo01_talker_str_py.py to demo01_talker_str_py.cpython-310.pyc
[3.655s] byte-compiling /home/ros2/ws01_plumbing/install/py01_topic/lib/python3.10/site-packages/py01_topic/demo02_listener_str_py.py to demo02_listener_str_py.cpython-310.pyc
[3.657s] running install_data
[3.659s] running install_egg_info
[3.665s] removing '/home/ros2/ws01_plumbing/install/py01_topic/lib/python3.10/site-packages/py01_topic-0.0.0-py3.10.egg-info' (and everything under it)
[3.665s] Copying ../../build/py01_topic/py01_topic.egg-info to /home/ros2/ws01_plumbing/install/py01_topic/lib/python3.10/site-packages/py01_topic-0.0.0-py3.10.egg-info
[3.670s] running install_scripts
[3.746s] Installing demo01_talker_str_py script to /home/ros2/ws01_plumbing/install/py01_topic/lib/py01_topic
[3.747s] Installing demo02_listener_str_py script to /home/ros2/ws01_plumbing/install/py01_topic/lib/py01_topic
[3.748s] writing list of installed files to '/home/ros2/ws01_plumbing/build/py01_topic/install.log'
[3.854s] Invoked command in '/home/ros2/ws01_plumbing/src/py01_topic' returned '0': CMAKE_PREFIX_PATH=/home/ros2/ws01_plumbing/install/base_interfaces_demo:/home/ros2/ws01_plumbing/install/cpp01_topic PYTHONPATH=/home/ros2/ws01_plumbing/install/py01_topic/lib/python3.10/site-packages:${PYTHONPATH} /usr/bin/python3 setup.py egg_info --egg-base ../../build/py01_topic build --build-base /home/ros2/ws01_plumbing/build/py01_topic/build install --prefix /home/ros2/ws01_plumbing/install/py01_topic --record /home/ros2/ws01_plumbing/build/py01_topic/install.log --single-version-externally-managed
