[0.689s] Invoking command in '/home/ros2/ws00_helloworld/src/pkg02_helloworld_py': PYTHONPATH=/home/ros2/ws00_helloworld/install/pkg02_helloworld_py/lib/python3.10/site-packages:${PYTHONPATH} /usr/bin/python3 setup.py egg_info --egg-base ../../build/pkg02_helloworld_py build --build-base /home/ros2/ws00_helloworld/build/pkg02_helloworld_py/build install --prefix /home/ros2/ws00_helloworld/install/pkg02_helloworld_py --record /home/ros2/ws00_helloworld/build/pkg02_helloworld_py/install.log --single-version-externally-managed
[0.959s] running egg_info
[0.960s] writing ../../build/pkg02_helloworld_py/pkg02_helloworld_py.egg-info/PKG-INFO
[0.961s] writing dependency_links to ../../build/pkg02_helloworld_py/pkg02_helloworld_py.egg-info/dependency_links.txt
[0.962s] writing entry points to ../../build/pkg02_helloworld_py/pkg02_helloworld_py.egg-info/entry_points.txt
[0.962s] writing requirements to ../../build/pkg02_helloworld_py/pkg02_helloworld_py.egg-info/requires.txt
[0.963s] writing top-level names to ../../build/pkg02_helloworld_py/pkg02_helloworld_py.egg-info/top_level.txt
[0.966s] reading manifest file '../../build/pkg02_helloworld_py/pkg02_helloworld_py.egg-info/SOURCES.txt'
[0.966s] writing manifest file '../../build/pkg02_helloworld_py/pkg02_helloworld_py.egg-info/SOURCES.txt'
[0.967s] running build
[0.967s] running build_py
[0.967s] copying pkg02_helloworld_py/helloworld.py -> /home/ros2/ws00_helloworld/build/pkg02_helloworld_py/build/lib/pkg02_helloworld_py
[0.967s] running install
[0.968s] /usr/lib/python3/dist-packages/setuptools/command/install.py:34: SetuptoolsDeprecationWarning: setup.py install is deprecated. Use build and pip and other standards-based tools.
[0.968s]   warnings.warn(
[0.968s] running install_lib
[0.969s] copying /home/ros2/ws00_helloworld/build/pkg02_helloworld_py/build/lib/pkg02_helloworld_py/helloworld.py -> /home/ros2/ws00_helloworld/install/pkg02_helloworld_py/lib/python3.10/site-packages/pkg02_helloworld_py
[0.970s] byte-compiling /home/ros2/ws00_helloworld/install/pkg02_helloworld_py/lib/python3.10/site-packages/pkg02_helloworld_py/helloworld.py to helloworld.cpython-310.pyc
[0.970s] running install_data
[0.971s] running install_egg_info
[0.972s] removing '/home/ros2/ws00_helloworld/install/pkg02_helloworld_py/lib/python3.10/site-packages/pkg02_helloworld_py-0.0.0-py3.10.egg-info' (and everything under it)
[0.985s] Copying ../../build/pkg02_helloworld_py/pkg02_helloworld_py.egg-info to /home/ros2/ws00_helloworld/install/pkg02_helloworld_py/lib/python3.10/site-packages/pkg02_helloworld_py-0.0.0-py3.10.egg-info
[0.986s] running install_scripts
[1.011s] Installing helloworld script to /home/ros2/ws00_helloworld/install/pkg02_helloworld_py/lib/pkg02_helloworld_py
[1.013s] writing list of installed files to '/home/ros2/ws00_helloworld/build/pkg02_helloworld_py/install.log'
[1.044s] Invoked command in '/home/ros2/ws00_helloworld/src/pkg02_helloworld_py' returned '0': PYTHONPATH=/home/ros2/ws00_helloworld/install/pkg02_helloworld_py/lib/python3.10/site-packages:${PYTHONPATH} /usr/bin/python3 setup.py egg_info --egg-base ../../build/pkg02_helloworld_py build --build-base /home/ros2/ws00_helloworld/build/pkg02_helloworld_py/build install --prefix /home/ros2/ws00_helloworld/install/pkg02_helloworld_py --record /home/ros2/ws00_helloworld/build/pkg02_helloworld_py/install.log --single-version-externally-managed
