[2.518s] Invoking command in '/home/ros2/ws01_plumbing/src/py03_action': CMAKE_PREFIX_PATH=/home/ros2/ws01_plumbing/install/base_interfaces_demo:/home/ros2/ws01_plumbing/install/cpp03_action:/home/ros2/ws01_plumbing/install/cpp02_service:/home/ros2/ws01_plumbing/install/cpp01_topic PYTHONPATH=/home/ros2/ws01_plumbing/install/py03_action/lib/python3.10/site-packages:${PYTHONPATH} /usr/bin/python3 setup.py egg_info --egg-base ../../build/py03_action build --build-base /home/ros2/ws01_plumbing/build/py03_action/build install --prefix /home/ros2/ws01_plumbing/install/py03_action --record /home/ros2/ws01_plumbing/build/py03_action/install.log --single-version-externally-managed
[3.601s] running egg_info
[3.604s] writing ../../build/py03_action/py03_action.egg-info/PKG-INFO
[3.606s] writing dependency_links to ../../build/py03_action/py03_action.egg-info/dependency_links.txt
[3.608s] writing entry points to ../../build/py03_action/py03_action.egg-info/entry_points.txt
[3.609s] writing requirements to ../../build/py03_action/py03_action.egg-info/requires.txt
[3.611s] writing top-level names to ../../build/py03_action/py03_action.egg-info/top_level.txt
[3.619s] reading manifest file '../../build/py03_action/py03_action.egg-info/SOURCES.txt'
[3.624s] writing manifest file '../../build/py03_action/py03_action.egg-info/SOURCES.txt'
[3.626s] running build
[3.626s] running build_py
[3.628s] copying py03_action/demo02_action_client_py.py -> /home/ros2/ws01_plumbing/build/py03_action/build/lib/py03_action
[3.630s] running install
[3.631s] /usr/lib/python3/dist-packages/setuptools/command/install.py:34: SetuptoolsDeprecationWarning: setup.py install is deprecated. Use build and pip and other standards-based tools.
[3.631s]   warnings.warn(
[3.633s] running install_lib
[3.637s] copying /home/ros2/ws01_plumbing/build/py03_action/build/lib/py03_action/demo02_action_client_py.py -> /home/ros2/ws01_plumbing/install/py03_action/lib/python3.10/site-packages/py03_action
[3.642s] byte-compiling /home/ros2/ws01_plumbing/install/py03_action/lib/python3.10/site-packages/py03_action/demo02_action_client_py.py to demo02_action_client_py.cpython-310.pyc
[3.644s] running install_data
[3.647s] running install_egg_info
[3.651s] removing '/home/ros2/ws01_plumbing/install/py03_action/lib/python3.10/site-packages/py03_action-0.0.0-py3.10.egg-info' (and everything under it)
[3.652s] Copying ../../build/py03_action/py03_action.egg-info to /home/ros2/ws01_plumbing/install/py03_action/lib/python3.10/site-packages/py03_action-0.0.0-py3.10.egg-info
[3.654s] running install_scripts
[3.735s] Installing demo01_action_server_py script to /home/ros2/ws01_plumbing/install/py03_action/lib/py03_action
[3.737s] Installing demo02_action_client_py script to /home/ros2/ws01_plumbing/install/py03_action/lib/py03_action
[3.739s] writing list of installed files to '/home/ros2/ws01_plumbing/build/py03_action/install.log'
[3.879s] Invoked command in '/home/ros2/ws01_plumbing/src/py03_action' returned '0': CMAKE_PREFIX_PATH=/home/ros2/ws01_plumbing/install/base_interfaces_demo:/home/ros2/ws01_plumbing/install/cpp03_action:/home/ros2/ws01_plumbing/install/cpp02_service:/home/ros2/ws01_plumbing/install/cpp01_topic PYTHONPATH=/home/ros2/ws01_plumbing/install/py03_action/lib/python3.10/site-packages:${PYTHONPATH} /usr/bin/python3 setup.py egg_info --egg-base ../../build/py03_action build --build-base /home/ros2/ws01_plumbing/build/py03_action/build install --prefix /home/ros2/ws01_plumbing/install/py03_action --record /home/ros2/ws01_plumbing/build/py03_action/install.log --single-version-externally-managed
