[0.064s] Invoking command in '/home/ros2/ws01_plumbing/build/cpp03_action': CMAKE_PREFIX_PATH=/home/ros2/ws01_plumbing/install/base_interfaces_demo:/home/ros2/ws01_plumbing/install/tutorails_plumbing:/home/ros2/ws01_plumbing/install/cpp07_exercise:/home/ros2/ws01_plumbing/install/turtlesim:/home/ros2/ws01_plumbing/install/cpp06_time:/home/ros2/ws01_plumbing/install/cpp05_names:/home/ros2/ws01_plumbing/install/cpp04_param:/home/ros2/ws01_plumbing/install/cpp03_action:/home/ros2/ws01_plumbing/install/cpp02_service:/home/ros2/ws01_plumbing/install/cpp01_topic:/home/ros2/ws01_plumbing/install/py06_time:/home/ros2/ws01_plumbing/install/py05_names:/home/ros2/ws01_plumbing/install/py04_param:/home/ros2/ws01_plumbing/install/py03_action:/home/ros2/ws01_plumbing/install/py02_service:/home/ros2/ws01_plumbing/install/py01_topic:/opt/ros/humble LD_LIBRARY_PATH=/home/ros2/ws01_plumbing/install/base_interfaces_demo/lib:/home/ros2/ws01_plumbing/install/turtlesim/lib:/opt/ros/humble/opt/rviz_ogre_vendor/lib:/opt/ros/humble/lib/x86_64-linux-gnu:/opt/ros/humble/lib /usr/bin/cmake --build /home/ros2/ws01_plumbing/build/cpp03_action -- -j4 -l4
[0.226s] [35m[1mConsolidate compiler generated dependencies of target demo02_action_client[0m
[0.256s] [ 50%] Built target demo01_action_server
[0.271s] [ 75%] [32mBuilding CXX object CMakeFiles/demo02_action_client.dir/src/demo02_action_client.cpp.o[0m
[14.581s] [100%] [32m[1mLinking CXX executable demo02_action_client[0m
[15.075s] [100%] Built target demo02_action_client
[15.110s] Invoked command in '/home/ros2/ws01_plumbing/build/cpp03_action' returned '0': CMAKE_PREFIX_PATH=/home/ros2/ws01_plumbing/install/base_interfaces_demo:/home/ros2/ws01_plumbing/install/tutorails_plumbing:/home/ros2/ws01_plumbing/install/cpp07_exercise:/home/ros2/ws01_plumbing/install/turtlesim:/home/ros2/ws01_plumbing/install/cpp06_time:/home/ros2/ws01_plumbing/install/cpp05_names:/home/ros2/ws01_plumbing/install/cpp04_param:/home/ros2/ws01_plumbing/install/cpp03_action:/home/ros2/ws01_plumbing/install/cpp02_service:/home/ros2/ws01_plumbing/install/cpp01_topic:/home/ros2/ws01_plumbing/install/py06_time:/home/ros2/ws01_plumbing/install/py05_names:/home/ros2/ws01_plumbing/install/py04_param:/home/ros2/ws01_plumbing/install/py03_action:/home/ros2/ws01_plumbing/install/py02_service:/home/ros2/ws01_plumbing/install/py01_topic:/opt/ros/humble LD_LIBRARY_PATH=/home/ros2/ws01_plumbing/install/base_interfaces_demo/lib:/home/ros2/ws01_plumbing/install/turtlesim/lib:/opt/ros/humble/opt/rviz_ogre_vendor/lib:/opt/ros/humble/lib/x86_64-linux-gnu:/opt/ros/humble/lib /usr/bin/cmake --build /home/ros2/ws01_plumbing/build/cpp03_action -- -j4 -l4
[15.273s] Invoking command in '/home/ros2/ws01_plumbing/build/cpp03_action': CMAKE_PREFIX_PATH=/home/ros2/ws01_plumbing/install/base_interfaces_demo:/home/ros2/ws01_plumbing/install/tutorails_plumbing:/home/ros2/ws01_plumbing/install/cpp07_exercise:/home/ros2/ws01_plumbing/install/turtlesim:/home/ros2/ws01_plumbing/install/cpp06_time:/home/ros2/ws01_plumbing/install/cpp05_names:/home/ros2/ws01_plumbing/install/cpp04_param:/home/ros2/ws01_plumbing/install/cpp03_action:/home/ros2/ws01_plumbing/install/cpp02_service:/home/ros2/ws01_plumbing/install/cpp01_topic:/home/ros2/ws01_plumbing/install/py06_time:/home/ros2/ws01_plumbing/install/py05_names:/home/ros2/ws01_plumbing/install/py04_param:/home/ros2/ws01_plumbing/install/py03_action:/home/ros2/ws01_plumbing/install/py02_service:/home/ros2/ws01_plumbing/install/py01_topic:/opt/ros/humble LD_LIBRARY_PATH=/home/ros2/ws01_plumbing/install/base_interfaces_demo/lib:/home/ros2/ws01_plumbing/install/turtlesim/lib:/opt/ros/humble/opt/rviz_ogre_vendor/lib:/opt/ros/humble/lib/x86_64-linux-gnu:/opt/ros/humble/lib /usr/bin/cmake --install /home/ros2/ws01_plumbing/build/cpp03_action
[15.298s] -- Install configuration: ""
[15.302s] -- Up-to-date: /home/ros2/ws01_plumbing/install/cpp03_action/lib/cpp03_action/demo01_action_server
[15.302s] -- Installing: /home/ros2/ws01_plumbing/install/cpp03_action/lib/cpp03_action/demo02_action_client
[15.305s] -- Set runtime path of "/home/ros2/ws01_plumbing/install/cpp03_action/lib/cpp03_action/demo02_action_client" to ""
[15.305s] -- Up-to-date: /home/ros2/ws01_plumbing/install/cpp03_action/share/ament_index/resource_index/package_run_dependencies/cpp03_action
[15.306s] -- Up-to-date: /home/ros2/ws01_plumbing/install/cpp03_action/share/ament_index/resource_index/parent_prefix_path/cpp03_action
[15.307s] -- Up-to-date: /home/ros2/ws01_plumbing/install/cpp03_action/share/cpp03_action/environment/ament_prefix_path.sh
[15.308s] -- Up-to-date: /home/ros2/ws01_plumbing/install/cpp03_action/share/cpp03_action/environment/ament_prefix_path.dsv
[15.309s] -- Up-to-date: /home/ros2/ws01_plumbing/install/cpp03_action/share/cpp03_action/environment/path.sh
[15.309s] -- Up-to-date: /home/ros2/ws01_plumbing/install/cpp03_action/share/cpp03_action/environment/path.dsv
[15.309s] -- Up-to-date: /home/ros2/ws01_plumbing/install/cpp03_action/share/cpp03_action/local_setup.bash
[15.310s] -- Up-to-date: /home/ros2/ws01_plumbing/install/cpp03_action/share/cpp03_action/local_setup.sh
[15.311s] -- Up-to-date: /home/ros2/ws01_plumbing/install/cpp03_action/share/cpp03_action/local_setup.zsh
[15.311s] -- Up-to-date: /home/ros2/ws01_plumbing/install/cpp03_action/share/cpp03_action/local_setup.dsv
[15.311s] -- Installing: /home/ros2/ws01_plumbing/install/cpp03_action/share/cpp03_action/package.dsv
[15.311s] -- Up-to-date: /home/ros2/ws01_plumbing/install/cpp03_action/share/ament_index/resource_index/packages/cpp03_action
[15.312s] -- Up-to-date: /home/ros2/ws01_plumbing/install/cpp03_action/share/cpp03_action/cmake/cpp03_actionConfig.cmake
[15.312s] -- Up-to-date: /home/ros2/ws01_plumbing/install/cpp03_action/share/cpp03_action/cmake/cpp03_actionConfig-version.cmake
[15.312s] -- Up-to-date: /home/ros2/ws01_plumbing/install/cpp03_action/share/cpp03_action/package.xml
[15.321s] Invoked command in '/home/ros2/ws01_plumbing/build/cpp03_action' returned '0': CMAKE_PREFIX_PATH=/home/ros2/ws01_plumbing/install/base_interfaces_demo:/home/ros2/ws01_plumbing/install/tutorails_plumbing:/home/ros2/ws01_plumbing/install/cpp07_exercise:/home/ros2/ws01_plumbing/install/turtlesim:/home/ros2/ws01_plumbing/install/cpp06_time:/home/ros2/ws01_plumbing/install/cpp05_names:/home/ros2/ws01_plumbing/install/cpp04_param:/home/ros2/ws01_plumbing/install/cpp03_action:/home/ros2/ws01_plumbing/install/cpp02_service:/home/ros2/ws01_plumbing/install/cpp01_topic:/home/ros2/ws01_plumbing/install/py06_time:/home/ros2/ws01_plumbing/install/py05_names:/home/ros2/ws01_plumbing/install/py04_param:/home/ros2/ws01_plumbing/install/py03_action:/home/ros2/ws01_plumbing/install/py02_service:/home/ros2/ws01_plumbing/install/py01_topic:/opt/ros/humble LD_LIBRARY_PATH=/home/ros2/ws01_plumbing/install/base_interfaces_demo/lib:/home/ros2/ws01_plumbing/install/turtlesim/lib:/opt/ros/humble/opt/rviz_ogre_vendor/lib:/opt/ros/humble/lib/x86_64-linux-gnu:/opt/ros/humble/lib /usr/bin/cmake --install /home/ros2/ws01_plumbing/build/cpp03_action
