[0.637s] Invoking command in '/home/ros2/ws01_plumbing/build/cpp02_service': CMAKE_PREFIX_PATH=/home/ros2/ws01_plumbing/install/base_interfaces_demo:/home/ros2/ws01_plumbing/install/cpp02_service:/home/ros2/ws01_plumbing/install/cpp01_topic:/home/ros2/ws01_plumbing/install/py01_topic:/opt/ros/humble /usr/bin/cmake --build /home/ros2/ws01_plumbing/build/cpp02_service -- -j4 -l4
[1.414s] [35m[1mConsolidate compiler generated dependencies of target demo02_client[0m
[1.466s] [ 50%] Built target demo01_server
[1.495s] [ 75%] [32mBuilding CXX object CMakeFiles/demo02_client.dir/src/demo02_client.cpp.o[0m
[16.680s] [100%] [32m[1mLinking CXX executable demo02_client[0m
[17.414s] [100%] Built target demo02_client
[17.454s] Invoked command in '/home/ros2/ws01_plumbing/build/cpp02_service' returned '0': CMAKE_PREFIX_PATH=/home/ros2/ws01_plumbing/install/base_interfaces_demo:/home/ros2/ws01_plumbing/install/cpp02_service:/home/ros2/ws01_plumbing/install/cpp01_topic:/home/ros2/ws01_plumbing/install/py01_topic:/opt/ros/humble /usr/bin/cmake --build /home/ros2/ws01_plumbing/build/cpp02_service -- -j4 -l4
[17.641s] Invoking command in '/home/ros2/ws01_plumbing/build/cpp02_service': CMAKE_PREFIX_PATH=/home/ros2/ws01_plumbing/install/base_interfaces_demo:/home/ros2/ws01_plumbing/install/cpp02_service:/home/ros2/ws01_plumbing/install/cpp01_topic:/home/ros2/ws01_plumbing/install/py01_topic:/opt/ros/humble /usr/bin/cmake --install /home/ros2/ws01_plumbing/build/cpp02_service
[17.663s] -- Install configuration: ""
[17.665s] -- Up-to-date: /home/ros2/ws01_plumbing/install/cpp02_service/lib/cpp02_service/demo01_server
[17.666s] -- Installing: /home/ros2/ws01_plumbing/install/cpp02_service/lib/cpp02_service/demo02_client
[17.667s] -- Set runtime path of "/home/ros2/ws01_plumbing/install/cpp02_service/lib/cpp02_service/demo02_client" to ""
[17.668s] -- Up-to-date: /home/ros2/ws01_plumbing/install/cpp02_service/share/ament_index/resource_index/package_run_dependencies/cpp02_service
[17.670s] -- Up-to-date: /home/ros2/ws01_plumbing/install/cpp02_service/share/ament_index/resource_index/parent_prefix_path/cpp02_service
[17.670s] -- Up-to-date: /home/ros2/ws01_plumbing/install/cpp02_service/share/cpp02_service/environment/ament_prefix_path.sh
[17.670s] -- Up-to-date: /home/ros2/ws01_plumbing/install/cpp02_service/share/cpp02_service/environment/ament_prefix_path.dsv
[17.671s] -- Up-to-date: /home/ros2/ws01_plumbing/install/cpp02_service/share/cpp02_service/environment/path.sh
[17.671s] -- Up-to-date: /home/ros2/ws01_plumbing/install/cpp02_service/share/cpp02_service/environment/path.dsv
[17.672s] -- Up-to-date: /home/ros2/ws01_plumbing/install/cpp02_service/share/cpp02_service/local_setup.bash
[17.672s] -- Up-to-date: /home/ros2/ws01_plumbing/install/cpp02_service/share/cpp02_service/local_setup.sh
[17.683s] -- Up-to-date: /home/ros2/ws01_plumbing/install/cpp02_service/share/cpp02_service/local_setup.zsh
[17.684s] -- Up-to-date: /home/ros2/ws01_plumbing/install/cpp02_service/share/cpp02_service/local_setup.dsv
[17.684s] -- Installing: /home/ros2/ws01_plumbing/install/cpp02_service/share/cpp02_service/package.dsv
[17.684s] -- Up-to-date: /home/ros2/ws01_plumbing/install/cpp02_service/share/ament_index/resource_index/packages/cpp02_service
[17.685s] -- Up-to-date: /home/ros2/ws01_plumbing/install/cpp02_service/share/cpp02_service/cmake/cpp02_serviceConfig.cmake
[17.685s] -- Up-to-date: /home/ros2/ws01_plumbing/install/cpp02_service/share/cpp02_service/cmake/cpp02_serviceConfig-version.cmake
[17.685s] -- Up-to-date: /home/ros2/ws01_plumbing/install/cpp02_service/share/cpp02_service/package.xml
[17.685s] Invoked command in '/home/ros2/ws01_plumbing/build/cpp02_service' returned '0': CMAKE_PREFIX_PATH=/home/ros2/ws01_plumbing/install/base_interfaces_demo:/home/ros2/ws01_plumbing/install/cpp02_service:/home/ros2/ws01_plumbing/install/cpp01_topic:/home/ros2/ws01_plumbing/install/py01_topic:/opt/ros/humble /usr/bin/cmake --install /home/ros2/ws01_plumbing/build/cpp02_service
