[0.078s] Invoking command in '/home/ros2/ws01_plumbing/build/haha': CMAKE_PREFIX_PATH=${CMAKE_PREFIX_PATH}:/home/ros2/ws01_plumbing/install/py02_service:/home/ros2/ws01_plumbing/install/py01_topic:/opt/ros/humble /usr/bin/cmake --build /home/ros2/ws01_plumbing/build/haha -- -j4 -l4
[0.493s] [  3%] Built target haha__cpp
[0.601s] [ 12%] Built target haha__rosidl_generator_c
[0.694s] [ 22%] Built target haha__rosidl_typesupport_fastrtps_cpp
[0.695s] [ 32%] Built target haha__rosidl_typesupport_introspection_cpp
[0.740s] [ 32%] Built target ament_cmake_python_copy_haha
[0.807s] [ 41%] Built target haha__rosidl_typesupport_cpp
[0.843s] [ 51%] Built target haha__rosidl_typesupport_fastrtps_c
[0.899s] [ 61%] Built target haha__rosidl_typesupport_c
[0.958s] [ 70%] Built target haha__rosidl_typesupport_introspection_c
[1.107s] [ 70%] Built target haha
[1.282s] [ 74%] Built target haha__py
[1.534s] [ 80%] Built target haha__rosidl_generator_py
[1.775s] [ 87%] Built target haha__rosidl_typesupport_fastrtps_c__pyext
[1.838s] [ 93%] Built target haha__rosidl_typesupport_introspection_c__pyext
[1.858s] [100%] Built target haha__rosidl_typesupport_c__pyext
[2.343s] running egg_info
[2.346s] writing haha.egg-info/PKG-INFO
[2.346s] writing dependency_links to haha.egg-info/dependency_links.txt
[2.346s] writing top-level names to haha.egg-info/top_level.txt
[2.363s] reading manifest file 'haha.egg-info/SOURCES.txt'
[2.364s] writing manifest file 'haha.egg-info/SOURCES.txt'
[2.498s] [100%] Built target ament_cmake_python_build_haha_egg
[2.533s] Invoked command in '/home/ros2/ws01_plumbing/build/haha' returned '0': CMAKE_PREFIX_PATH=${CMAKE_PREFIX_PATH}:/home/ros2/ws01_plumbing/install/py02_service:/home/ros2/ws01_plumbing/install/py01_topic:/opt/ros/humble /usr/bin/cmake --build /home/ros2/ws01_plumbing/build/haha -- -j4 -l4
[3.099s] Invoking command in '/home/ros2/ws01_plumbing/build/haha': CMAKE_PREFIX_PATH=${CMAKE_PREFIX_PATH}:/home/ros2/ws01_plumbing/install/py02_service:/home/ros2/ws01_plumbing/install/py01_topic:/opt/ros/humble /usr/bin/cmake --install /home/ros2/ws01_plumbing/build/haha
[3.159s] -- Install configuration: ""
[3.159s] -- Installing: /home/ros2/ws01_plumbing/install/haha/share/ament_index/resource_index/rosidl_interfaces/haha
[3.182s] -- Installing: /home/ros2/ws01_plumbing/install/haha/include/haha/haha
[3.182s] -- Installing: /home/ros2/ws01_plumbing/install/haha/include/haha/haha/action
[3.182s] -- Installing: /home/ros2/ws01_plumbing/install/haha/include/haha/haha/action/detail
[3.183s] -- Installing: /home/ros2/ws01_plumbing/install/haha/include/haha/haha/action/detail/progress__type_support.h
[3.184s] -- Installing: /home/ros2/ws01_plumbing/install/haha/include/haha/haha/action/detail/progress__functions.h
[3.218s] -- Installing: /home/ros2/ws01_plumbing/install/haha/include/haha/haha/action/detail/progress__functions.c
[3.219s] -- Installing: /home/ros2/ws01_plumbing/install/haha/include/haha/haha/action/detail/progress__struct.h
[3.220s] -- Installing: /home/ros2/ws01_plumbing/install/haha/include/haha/haha/action/progress.h
[3.220s] -- Installing: /home/ros2/ws01_plumbing/install/haha/include/haha/haha/msg
[3.221s] -- Installing: /home/ros2/ws01_plumbing/install/haha/include/haha/haha/msg/rosidl_generator_c__visibility_control.h
[3.223s] -- Installing: /home/ros2/ws01_plumbing/install/haha/share/haha/environment/library_path.sh
[3.224s] -- Installing: /home/ros2/ws01_plumbing/install/haha/share/haha/environment/library_path.dsv
[3.239s] -- Installing: /home/ros2/ws01_plumbing/install/haha/lib/libhaha__rosidl_generator_c.so
[3.239s] -- Set runtime path of "/home/ros2/ws01_plumbing/install/haha/lib/libhaha__rosidl_generator_c.so" to ""
[3.240s] -- Up-to-date: /home/ros2/ws01_plumbing/install/haha/include/haha/haha
[3.240s] -- Up-to-date: /home/ros2/ws01_plumbing/install/haha/include/haha/haha/action
[3.241s] -- Up-to-date: /home/ros2/ws01_plumbing/install/haha/include/haha/haha/action/detail
[3.242s] -- Installing: /home/ros2/ws01_plumbing/install/haha/include/haha/haha/action/detail/progress__rosidl_typesupport_fastrtps_c.h
[3.242s] -- Up-to-date: /home/ros2/ws01_plumbing/install/haha/include/haha/haha/msg
[3.242s] -- Installing: /home/ros2/ws01_plumbing/install/haha/include/haha/haha/msg/rosidl_typesupport_fastrtps_c__visibility_control.h
[3.243s] -- Installing: /home/ros2/ws01_plumbing/install/haha/lib/libhaha__rosidl_typesupport_fastrtps_c.so
[3.276s] -- Set runtime path of "/home/ros2/ws01_plumbing/install/haha/lib/libhaha__rosidl_typesupport_fastrtps_c.so" to ""
[3.277s] -- Up-to-date: /home/ros2/ws01_plumbing/install/haha/include/haha/haha
[3.278s] -- Up-to-date: /home/ros2/ws01_plumbing/install/haha/include/haha/haha/action
[3.278s] -- Up-to-date: /home/ros2/ws01_plumbing/install/haha/include/haha/haha/action/detail
[3.278s] -- Installing: /home/ros2/ws01_plumbing/install/haha/include/haha/haha/action/detail/progress__rosidl_typesupport_introspection_c.h
[3.278s] -- Installing: /home/ros2/ws01_plumbing/install/haha/include/haha/haha/action/detail/progress__type_support.c
[3.279s] -- Up-to-date: /home/ros2/ws01_plumbing/install/haha/include/haha/haha/msg
[3.279s] -- Installing: /home/ros2/ws01_plumbing/install/haha/include/haha/haha/msg/rosidl_typesupport_introspection_c__visibility_control.h
[3.279s] -- Installing: /home/ros2/ws01_plumbing/install/haha/lib/libhaha__rosidl_typesupport_introspection_c.so
[3.286s] -- Set runtime path of "/home/ros2/ws01_plumbing/install/haha/lib/libhaha__rosidl_typesupport_introspection_c.so" to ""
[3.287s] -- Installing: /home/ros2/ws01_plumbing/install/haha/lib/libhaha__rosidl_typesupport_c.so
[3.287s] -- Set runtime path of "/home/ros2/ws01_plumbing/install/haha/lib/libhaha__rosidl_typesupport_c.so" to ""
[3.287s] -- Up-to-date: /home/ros2/ws01_plumbing/install/haha/include/haha/haha
[3.288s] -- Up-to-date: /home/ros2/ws01_plumbing/install/haha/include/haha/haha/action
[3.289s] -- Up-to-date: /home/ros2/ws01_plumbing/install/haha/include/haha/haha/action/detail
[3.289s] -- Installing: /home/ros2/ws01_plumbing/install/haha/include/haha/haha/action/detail/progress__builder.hpp
[3.289s] -- Installing: /home/ros2/ws01_plumbing/install/haha/include/haha/haha/action/detail/progress__traits.hpp
[3.302s] -- Installing: /home/ros2/ws01_plumbing/install/haha/include/haha/haha/action/detail/progress__struct.hpp
[3.302s] -- Installing: /home/ros2/ws01_plumbing/install/haha/include/haha/haha/action/progress.hpp
[3.303s] -- Up-to-date: /home/ros2/ws01_plumbing/install/haha/include/haha/haha
[3.303s] -- Up-to-date: /home/ros2/ws01_plumbing/install/haha/include/haha/haha/action
[3.303s] -- Up-to-date: /home/ros2/ws01_plumbing/install/haha/include/haha/haha/action/detail
[3.303s] -- Installing: /home/ros2/ws01_plumbing/install/haha/include/haha/haha/action/detail/progress__rosidl_typesupport_fastrtps_cpp.hpp
[3.303s] -- Installing: /home/ros2/ws01_plumbing/install/haha/include/haha/haha/action/detail/dds_fastrtps
[3.303s] -- Up-to-date: /home/ros2/ws01_plumbing/install/haha/include/haha/haha/msg
[3.304s] -- Installing: /home/ros2/ws01_plumbing/install/haha/include/haha/haha/msg/rosidl_typesupport_fastrtps_cpp__visibility_control.h
[3.304s] -- Installing: /home/ros2/ws01_plumbing/install/haha/lib/libhaha__rosidl_typesupport_fastrtps_cpp.so
[3.304s] -- Set runtime path of "/home/ros2/ws01_plumbing/install/haha/lib/libhaha__rosidl_typesupport_fastrtps_cpp.so" to ""
[3.304s] -- Up-to-date: /home/ros2/ws01_plumbing/install/haha/include/haha/haha
[3.304s] -- Up-to-date: /home/ros2/ws01_plumbing/install/haha/include/haha/haha/action
[3.304s] -- Up-to-date: /home/ros2/ws01_plumbing/install/haha/include/haha/haha/action/detail
[3.305s] -- Installing: /home/ros2/ws01_plumbing/install/haha/include/haha/haha/action/detail/progress__type_support.cpp
[3.305s] -- Installing: /home/ros2/ws01_plumbing/install/haha/include/haha/haha/action/detail/progress__rosidl_typesupport_introspection_cpp.hpp
[3.309s] -- Installing: /home/ros2/ws01_plumbing/install/haha/lib/libhaha__rosidl_typesupport_introspection_cpp.so
[3.318s] -- Set runtime path of "/home/ros2/ws01_plumbing/install/haha/lib/libhaha__rosidl_typesupport_introspection_cpp.so" to ""
[3.318s] -- Installing: /home/ros2/ws01_plumbing/install/haha/lib/libhaha__rosidl_typesupport_cpp.so
[3.330s] -- Set runtime path of "/home/ros2/ws01_plumbing/install/haha/lib/libhaha__rosidl_typesupport_cpp.so" to ""
[3.330s] -- Installing: /home/ros2/ws01_plumbing/install/haha/share/haha/environment/pythonpath.sh
[3.343s] -- Installing: /home/ros2/ws01_plumbing/install/haha/share/haha/environment/pythonpath.dsv
[3.343s] -- Installing: /home/ros2/ws01_plumbing/install/haha/local/lib/python3.10/dist-packages/haha-0.0.0-py3.10.egg-info
[3.344s] -- Installing: /home/ros2/ws01_plumbing/install/haha/local/lib/python3.10/dist-packages/haha-0.0.0-py3.10.egg-info/top_level.txt
[3.344s] -- Installing: /home/ros2/ws01_plumbing/install/haha/local/lib/python3.10/dist-packages/haha-0.0.0-py3.10.egg-info/dependency_links.txt
[3.345s] -- Installing: /home/ros2/ws01_plumbing/install/haha/local/lib/python3.10/dist-packages/haha-0.0.0-py3.10.egg-info/SOURCES.txt
[3.345s] -- Installing: /home/ros2/ws01_plumbing/install/haha/local/lib/python3.10/dist-packages/haha-0.0.0-py3.10.egg-info/PKG-INFO
[3.345s] -- Installing: /home/ros2/ws01_plumbing/install/haha/local/lib/python3.10/dist-packages/haha
[3.346s] -- Installing: /home/ros2/ws01_plumbing/install/haha/local/lib/python3.10/dist-packages/haha/_haha_s.ep.rosidl_typesupport_fastrtps_c.c
[3.346s] -- Installing: /home/ros2/ws01_plumbing/install/haha/local/lib/python3.10/dist-packages/haha/haha_s__rosidl_typesupport_c.cpython-310-x86_64-linux-gnu.so
[3.346s] -- Installing: /home/ros2/ws01_plumbing/install/haha/local/lib/python3.10/dist-packages/haha/action
[3.347s] -- Installing: /home/ros2/ws01_plumbing/install/haha/local/lib/python3.10/dist-packages/haha/action/__init__.py
[3.347s] -- Installing: /home/ros2/ws01_plumbing/install/haha/local/lib/python3.10/dist-packages/haha/action/_progress_s.c
[3.347s] -- Installing: /home/ros2/ws01_plumbing/install/haha/local/lib/python3.10/dist-packages/haha/action/_progress.py
[3.348s] -- Installing: /home/ros2/ws01_plumbing/install/haha/local/lib/python3.10/dist-packages/haha/haha_s__rosidl_typesupport_introspection_c.cpython-310-x86_64-linux-gnu.so
[3.348s] -- Installing: /home/ros2/ws01_plumbing/install/haha/local/lib/python3.10/dist-packages/haha/__init__.py
[3.349s] -- Installing: /home/ros2/ws01_plumbing/install/haha/local/lib/python3.10/dist-packages/haha/_haha_s.ep.rosidl_typesupport_introspection_c.c
[3.349s] -- Installing: /home/ros2/ws01_plumbing/install/haha/local/lib/python3.10/dist-packages/haha/_haha_s.ep.rosidl_typesupport_c.c
[3.349s] -- Installing: /home/ros2/ws01_plumbing/install/haha/local/lib/python3.10/dist-packages/haha/haha_s__rosidl_typesupport_fastrtps_c.cpython-310-x86_64-linux-gnu.so
[3.349s] -- Installing: /home/ros2/ws01_plumbing/install/haha/local/lib/python3.10/dist-packages/haha/libhaha__rosidl_generator_py.so
[3.535s] Listing '/home/ros2/ws01_plumbing/install/haha/local/lib/python3.10/dist-packages/haha'...
[3.535s] Compiling '/home/ros2/ws01_plumbing/install/haha/local/lib/python3.10/dist-packages/haha/__init__.py'...
[3.535s] Listing '/home/ros2/ws01_plumbing/install/haha/local/lib/python3.10/dist-packages/haha/action'...
[3.535s] Compiling '/home/ros2/ws01_plumbing/install/haha/local/lib/python3.10/dist-packages/haha/action/__init__.py'...
[3.536s] Compiling '/home/ros2/ws01_plumbing/install/haha/local/lib/python3.10/dist-packages/haha/action/_progress.py'...
[3.560s] -- Installing: /home/ros2/ws01_plumbing/install/haha/local/lib/python3.10/dist-packages/haha/haha_s__rosidl_typesupport_fastrtps_c.cpython-310-x86_64-linux-gnu.so
[3.560s] -- Set runtime path of "/home/ros2/ws01_plumbing/install/haha/local/lib/python3.10/dist-packages/haha/haha_s__rosidl_typesupport_fastrtps_c.cpython-310-x86_64-linux-gnu.so" to ""
[3.562s] -- Installing: /home/ros2/ws01_plumbing/install/haha/local/lib/python3.10/dist-packages/haha/haha_s__rosidl_typesupport_introspection_c.cpython-310-x86_64-linux-gnu.so
[3.562s] -- Set runtime path of "/home/ros2/ws01_plumbing/install/haha/local/lib/python3.10/dist-packages/haha/haha_s__rosidl_typesupport_introspection_c.cpython-310-x86_64-linux-gnu.so" to ""
[3.562s] -- Installing: /home/ros2/ws01_plumbing/install/haha/local/lib/python3.10/dist-packages/haha/haha_s__rosidl_typesupport_c.cpython-310-x86_64-linux-gnu.so
[3.562s] -- Set runtime path of "/home/ros2/ws01_plumbing/install/haha/local/lib/python3.10/dist-packages/haha/haha_s__rosidl_typesupport_c.cpython-310-x86_64-linux-gnu.so" to ""
[3.571s] -- Installing: /home/ros2/ws01_plumbing/install/haha/lib/libhaha__rosidl_generator_py.so
[3.572s] -- Set runtime path of "/home/ros2/ws01_plumbing/install/haha/lib/libhaha__rosidl_generator_py.so" to ""
[3.572s] -- Installing: /home/ros2/ws01_plumbing/install/haha/share/haha/action/Progress.idl
[3.588s] -- Installing: /home/ros2/ws01_plumbing/install/haha/share/haha/action/Progress.action
[3.602s] -- Installing: /home/ros2/ws01_plumbing/install/haha/share/ament_index/resource_index/package_run_dependencies/haha
[3.610s] -- Installing: /home/ros2/ws01_plumbing/install/haha/share/ament_index/resource_index/parent_prefix_path/haha
[3.627s] -- Installing: /home/ros2/ws01_plumbing/install/haha/share/haha/environment/ament_prefix_path.sh
[3.628s] -- Installing: /home/ros2/ws01_plumbing/install/haha/share/haha/environment/ament_prefix_path.dsv
[3.639s] -- Installing: /home/ros2/ws01_plumbing/install/haha/share/haha/environment/path.sh
[3.639s] -- Installing: /home/ros2/ws01_plumbing/install/haha/share/haha/environment/path.dsv
[3.639s] -- Installing: /home/ros2/ws01_plumbing/install/haha/share/haha/local_setup.bash
[3.647s] -- Installing: /home/ros2/ws01_plumbing/install/haha/share/haha/local_setup.sh
[3.651s] -- Installing: /home/ros2/ws01_plumbing/install/haha/share/haha/local_setup.zsh
[3.668s] -- Installing: /home/ros2/ws01_plumbing/install/haha/share/haha/local_setup.dsv
[3.668s] -- Installing: /home/ros2/ws01_plumbing/install/haha/share/haha/package.dsv
[3.682s] -- Installing: /home/ros2/ws01_plumbing/install/haha/share/ament_index/resource_index/packages/haha
[3.682s] -- Installing: /home/ros2/ws01_plumbing/install/haha/share/haha/cmake/export_haha__rosidl_generator_cExport.cmake
[3.687s] -- Installing: /home/ros2/ws01_plumbing/install/haha/share/haha/cmake/export_haha__rosidl_generator_cExport-noconfig.cmake
[3.695s] -- Installing: /home/ros2/ws01_plumbing/install/haha/share/haha/cmake/export_haha__rosidl_typesupport_fastrtps_cExport.cmake
[3.699s] -- Installing: /home/ros2/ws01_plumbing/install/haha/share/haha/cmake/export_haha__rosidl_typesupport_fastrtps_cExport-noconfig.cmake
[3.702s] -- Installing: /home/ros2/ws01_plumbing/install/haha/share/haha/cmake/haha__rosidl_typesupport_introspection_cExport.cmake
[3.706s] -- Installing: /home/ros2/ws01_plumbing/install/haha/share/haha/cmake/haha__rosidl_typesupport_introspection_cExport-noconfig.cmake
[3.708s] -- Installing: /home/ros2/ws01_plumbing/install/haha/share/haha/cmake/haha__rosidl_typesupport_cExport.cmake
[3.710s] -- Installing: /home/ros2/ws01_plumbing/install/haha/share/haha/cmake/haha__rosidl_typesupport_cExport-noconfig.cmake
[3.715s] -- Installing: /home/ros2/ws01_plumbing/install/haha/share/haha/cmake/export_haha__rosidl_generator_cppExport.cmake
[3.718s] -- Installing: /home/ros2/ws01_plumbing/install/haha/share/haha/cmake/export_haha__rosidl_typesupport_fastrtps_cppExport.cmake
[3.726s] -- Installing: /home/ros2/ws01_plumbing/install/haha/share/haha/cmake/export_haha__rosidl_typesupport_fastrtps_cppExport-noconfig.cmake
[3.726s] -- Installing: /home/ros2/ws01_plumbing/install/haha/share/haha/cmake/haha__rosidl_typesupport_introspection_cppExport.cmake
[3.727s] -- Installing: /home/ros2/ws01_plumbing/install/haha/share/haha/cmake/haha__rosidl_typesupport_introspection_cppExport-noconfig.cmake
[3.734s] -- Installing: /home/ros2/ws01_plumbing/install/haha/share/haha/cmake/haha__rosidl_typesupport_cppExport.cmake
[3.743s] -- Installing: /home/ros2/ws01_plumbing/install/haha/share/haha/cmake/haha__rosidl_typesupport_cppExport-noconfig.cmake
[3.750s] -- Installing: /home/ros2/ws01_plumbing/install/haha/share/haha/cmake/export_haha__rosidl_generator_pyExport.cmake
[3.753s] -- Installing: /home/ros2/ws01_plumbing/install/haha/share/haha/cmake/export_haha__rosidl_generator_pyExport-noconfig.cmake
[3.755s] -- Installing: /home/ros2/ws01_plumbing/install/haha/share/haha/cmake/rosidl_cmake-extras.cmake
[3.774s] -- Installing: /home/ros2/ws01_plumbing/install/haha/share/haha/cmake/ament_cmake_export_dependencies-extras.cmake
[3.775s] -- Installing: /home/ros2/ws01_plumbing/install/haha/share/haha/cmake/ament_cmake_export_include_directories-extras.cmake
[3.775s] -- Installing: /home/ros2/ws01_plumbing/install/haha/share/haha/cmake/ament_cmake_export_libraries-extras.cmake
[3.792s] -- Installing: /home/ros2/ws01_plumbing/install/haha/share/haha/cmake/ament_cmake_export_targets-extras.cmake
[3.792s] -- Installing: /home/ros2/ws01_plumbing/install/haha/share/haha/cmake/rosidl_cmake_export_typesupport_targets-extras.cmake
[3.793s] -- Installing: /home/ros2/ws01_plumbing/install/haha/share/haha/cmake/rosidl_cmake_export_typesupport_libraries-extras.cmake
[3.795s] -- Installing: /home/ros2/ws01_plumbing/install/haha/share/haha/cmake/hahaConfig.cmake
[3.796s] -- Installing: /home/ros2/ws01_plumbing/install/haha/share/haha/cmake/hahaConfig-version.cmake
[3.801s] -- Installing: /home/ros2/ws01_plumbing/install/haha/share/haha/package.xml
[3.831s] Invoked command in '/home/ros2/ws01_plumbing/build/haha' returned '0': CMAKE_PREFIX_PATH=${CMAKE_PREFIX_PATH}:/home/ros2/ws01_plumbing/install/py02_service:/home/ros2/ws01_plumbing/install/py01_topic:/opt/ros/humble /usr/bin/cmake --install /home/ros2/ws01_plumbing/build/haha
