[2.153s] Invoking command in '/home/ros2/ws00_helloworld/src/pkg02_helloworld_py': PYTHONPATH=/home/ros2/ws00_helloworld/install/pkg02_helloworld_py/lib/python3.10/site-packages:${PYTHONPATH} /usr/bin/python3 setup.py egg_info --egg-base ../../build/pkg02_helloworld_py build --build-base /home/ros2/ws00_helloworld/build/pkg02_helloworld_py/build install --prefix /home/ros2/ws00_helloworld/install/pkg02_helloworld_py --record /home/ros2/ws00_helloworld/build/pkg02_helloworld_py/install.log --single-version-externally-managed
[2.822s] running egg_info
[2.825s] creating ../../build/pkg02_helloworld_py/pkg02_helloworld_py.egg-info
[2.826s] writing ../../build/pkg02_helloworld_py/pkg02_helloworld_py.egg-info/PKG-INFO
[2.827s] writing dependency_links to ../../build/pkg02_helloworld_py/pkg02_helloworld_py.egg-info/dependency_links.txt
[2.828s] writing entry points to ../../build/pkg02_helloworld_py/pkg02_helloworld_py.egg-info/entry_points.txt
[2.830s] writing requirements to ../../build/pkg02_helloworld_py/pkg02_helloworld_py.egg-info/requires.txt
[2.830s] writing top-level names to ../../build/pkg02_helloworld_py/pkg02_helloworld_py.egg-info/top_level.txt
[2.831s] writing manifest file '../../build/pkg02_helloworld_py/pkg02_helloworld_py.egg-info/SOURCES.txt'
[2.837s] reading manifest file '../../build/pkg02_helloworld_py/pkg02_helloworld_py.egg-info/SOURCES.txt'
[2.840s] writing manifest file '../../build/pkg02_helloworld_py/pkg02_helloworld_py.egg-info/SOURCES.txt'
[2.841s] running build
[2.841s] running build_py
[2.842s] creating /home/ros2/ws00_helloworld/build/pkg02_helloworld_py/build
[2.842s] creating /home/ros2/ws00_helloworld/build/pkg02_helloworld_py/build/lib
[2.842s] creating /home/ros2/ws00_helloworld/build/pkg02_helloworld_py/build/lib/pkg02_helloworld_py
[2.842s] copying pkg02_helloworld_py/helloworld.py -> /home/ros2/ws00_helloworld/build/pkg02_helloworld_py/build/lib/pkg02_helloworld_py
[2.843s] copying pkg02_helloworld_py/__init__.py -> /home/ros2/ws00_helloworld/build/pkg02_helloworld_py/build/lib/pkg02_helloworld_py
[2.843s] running install
[2.940s] /usr/lib/python3/dist-packages/setuptools/command/install.py:34: SetuptoolsDeprecationWarning: setup.py install is deprecated. Use build and pip and other standards-based tools.
[2.940s]   warnings.warn(
[2.940s] running install_lib
[2.944s] creating /home/ros2/ws00_helloworld/install/pkg02_helloworld_py/lib/python3.10/site-packages/pkg02_helloworld_py
[2.944s] copying /home/ros2/ws00_helloworld/build/pkg02_helloworld_py/build/lib/pkg02_helloworld_py/helloworld.py -> /home/ros2/ws00_helloworld/install/pkg02_helloworld_py/lib/python3.10/site-packages/pkg02_helloworld_py
[2.945s] copying /home/ros2/ws00_helloworld/build/pkg02_helloworld_py/build/lib/pkg02_helloworld_py/__init__.py -> /home/ros2/ws00_helloworld/install/pkg02_helloworld_py/lib/python3.10/site-packages/pkg02_helloworld_py
[2.946s] byte-compiling /home/ros2/ws00_helloworld/install/pkg02_helloworld_py/lib/python3.10/site-packages/pkg02_helloworld_py/helloworld.py to helloworld.cpython-310.pyc
[2.948s] byte-compiling /home/ros2/ws00_helloworld/install/pkg02_helloworld_py/lib/python3.10/site-packages/pkg02_helloworld_py/__init__.py to __init__.cpython-310.pyc
[2.948s] running install_data
[2.950s] creating /home/ros2/ws00_helloworld/install/pkg02_helloworld_py/share/ament_index
[2.951s] creating /home/ros2/ws00_helloworld/install/pkg02_helloworld_py/share/ament_index/resource_index
[2.951s] creating /home/ros2/ws00_helloworld/install/pkg02_helloworld_py/share/ament_index/resource_index/packages
[2.951s] copying resource/pkg02_helloworld_py -> /home/ros2/ws00_helloworld/install/pkg02_helloworld_py/share/ament_index/resource_index/packages
[2.952s] copying package.xml -> /home/ros2/ws00_helloworld/install/pkg02_helloworld_py/share/pkg02_helloworld_py
[2.952s] running install_egg_info
[2.955s] Copying ../../build/pkg02_helloworld_py/pkg02_helloworld_py.egg-info to /home/ros2/ws00_helloworld/install/pkg02_helloworld_py/lib/python3.10/site-packages/pkg02_helloworld_py-0.0.0-py3.10.egg-info
[2.958s] running install_scripts
[3.040s] Installing helloworld script to /home/ros2/ws00_helloworld/install/pkg02_helloworld_py/lib/pkg02_helloworld_py
[3.041s] writing list of installed files to '/home/ros2/ws00_helloworld/build/pkg02_helloworld_py/install.log'
[3.121s] Invoked command in '/home/ros2/ws00_helloworld/src/pkg02_helloworld_py' returned '0': PYTHONPATH=/home/ros2/ws00_helloworld/install/pkg02_helloworld_py/lib/python3.10/site-packages:${PYTHONPATH} /usr/bin/python3 setup.py egg_info --egg-base ../../build/pkg02_helloworld_py build --build-base /home/ros2/ws00_helloworld/build/pkg02_helloworld_py/build install --prefix /home/ros2/ws00_helloworld/install/pkg02_helloworld_py --record /home/ros2/ws00_helloworld/build/pkg02_helloworld_py/install.log --single-version-externally-managed
