[2.567s] Invoking command in '/home/ros2/ws01_plumbing/src/py04_param': PYTHONPATH=/home/ros2/ws01_plumbing/install/py04_param/lib/python3.10/site-packages:${PYTHONPATH} /usr/bin/python3 setup.py egg_info --egg-base ../../build/py04_param build --build-base /home/ros2/ws01_plumbing/build/py04_param/build install --prefix /home/ros2/ws01_plumbing/install/py04_param --record /home/ros2/ws01_plumbing/build/py04_param/install.log --single-version-externally-managed
[3.554s] running egg_info
[3.556s] writing ../../build/py04_param/py04_param.egg-info/PKG-INFO
[3.557s] writing dependency_links to ../../build/py04_param/py04_param.egg-info/dependency_links.txt
[3.559s] writing entry points to ../../build/py04_param/py04_param.egg-info/entry_points.txt
[3.560s] writing requirements to ../../build/py04_param/py04_param.egg-info/requires.txt
[3.561s] writing top-level names to ../../build/py04_param/py04_param.egg-info/top_level.txt
[3.574s] reading manifest file '../../build/py04_param/py04_param.egg-info/SOURCES.txt'
[3.578s] writing manifest file '../../build/py04_param/py04_param.egg-info/SOURCES.txt'
[3.580s] running build
[3.581s] running build_py
[3.581s] copying py04_param/demo01_param_server_py.py -> /home/ros2/ws01_plumbing/build/py04_param/build/lib/py04_param
[3.583s] running install
[3.588s] /usr/lib/python3/dist-packages/setuptools/command/install.py:34: SetuptoolsDeprecationWarning: setup.py install is deprecated. Use build and pip and other standards-based tools.
[3.590s]   warnings.warn(
[3.590s] running install_lib
[3.594s] copying /home/ros2/ws01_plumbing/build/py04_param/build/lib/py04_param/demo01_param_server_py.py -> /home/ros2/ws01_plumbing/install/py04_param/lib/python3.10/site-packages/py04_param
[3.595s] byte-compiling /home/ros2/ws01_plumbing/install/py04_param/lib/python3.10/site-packages/py04_param/demo01_param_server_py.py to demo01_param_server_py.cpython-310.pyc
[3.597s] running install_data
[3.599s] running install_egg_info
[3.603s] removing '/home/ros2/ws01_plumbing/install/py04_param/lib/python3.10/site-packages/py04_param-0.0.0-py3.10.egg-info' (and everything under it)
[3.604s] Copying ../../build/py04_param/py04_param.egg-info to /home/ros2/ws01_plumbing/install/py04_param/lib/python3.10/site-packages/py04_param-0.0.0-py3.10.egg-info
[3.608s] running install_scripts
[3.698s] Installing demo00_param_py script to /home/ros2/ws01_plumbing/install/py04_param/lib/py04_param
[3.699s] Installing demo01_param_server_py script to /home/ros2/ws01_plumbing/install/py04_param/lib/py04_param
[3.702s] writing list of installed files to '/home/ros2/ws01_plumbing/build/py04_param/install.log'
[3.815s] Invoked command in '/home/ros2/ws01_plumbing/src/py04_param' returned '0': PYTHONPATH=/home/ros2/ws01_plumbing/install/py04_param/lib/python3.10/site-packages:${PYTHONPATH} /usr/bin/python3 setup.py egg_info --egg-base ../../build/py04_param build --build-base /home/ros2/ws01_plumbing/build/py04_param/build install --prefix /home/ros2/ws01_plumbing/install/py04_param --record /home/ros2/ws01_plumbing/build/py04_param/install.log --single-version-externally-managed
