[0.042s] Invoking command in '/home/ros2/ws01_plumbing/build/haha': CMAKE_PREFIX_PATH=${CMAKE_PREFIX_PATH}:/home/ros2/ws01_plumbing/install/py02_service:/home/ros2/ws01_plumbing/install/py01_topic:/opt/ros/humble /usr/bin/cmake --build /home/ros2/ws01_plumbing/build/haha -- -j4 -l4
[0.215s] [  9%] Built target haha__rosidl_generator_c
[0.225s] [ 12%] Built target haha__cpp
[0.259s] [ 12%] Built target ament_cmake_python_copy_haha
[0.322s] [ 22%] Built target haha__rosidl_typesupport_introspection_c
[0.334s] [ 32%] Built target haha__rosidl_typesupport_fastrtps_c
[0.370s] [ 41%] Built target haha__rosidl_typesupport_c
[0.370s] [ 51%] Built target haha__rosidl_typesupport_fastrtps_cpp
[0.420s] [ 61%] Built target haha__rosidl_typesupport_introspection_cpp
[0.427s] [ 70%] Built target haha__rosidl_typesupport_cpp
[0.497s] [ 70%] Built target haha
[0.568s] [ 74%] Built target haha__py
[0.664s] [ 80%] Built target haha__rosidl_generator_py
[0.803s] [ 87%] Built target haha__rosidl_typesupport_fastrtps_c__pyext
[0.819s] [ 93%] Built target haha__rosidl_typesupport_introspection_c__pyext
[0.829s] [100%] Built target haha__rosidl_typesupport_c__pyext
[1.180s] running egg_info
[1.182s] writing haha.egg-info/PKG-INFO
[1.310s] writing dependency_links to haha.egg-info/dependency_links.txt
[1.311s] writing top-level names to haha.egg-info/top_level.txt
[1.317s] reading manifest file 'haha.egg-info/SOURCES.txt'
[1.319s] writing manifest file 'haha.egg-info/SOURCES.txt'
[1.393s] [100%] Built target ament_cmake_python_build_haha_egg
[1.429s] Invoked command in '/home/ros2/ws01_plumbing/build/haha' returned '0': CMAKE_PREFIX_PATH=${CMAKE_PREFIX_PATH}:/home/ros2/ws01_plumbing/install/py02_service:/home/ros2/ws01_plumbing/install/py01_topic:/opt/ros/humble /usr/bin/cmake --build /home/ros2/ws01_plumbing/build/haha -- -j4 -l4
[1.770s] Invoking command in '/home/ros2/ws01_plumbing/build/haha': CMAKE_PREFIX_PATH=${CMAKE_PREFIX_PATH}:/home/ros2/ws01_plumbing/install/py02_service:/home/ros2/ws01_plumbing/install/py01_topic:/opt/ros/humble /usr/bin/cmake --install /home/ros2/ws01_plumbing/build/haha
[1.790s] -- Install configuration: ""
[1.791s] -- Installing: /home/ros2/ws01_plumbing/install/haha/share/ament_index/resource_index/rosidl_interfaces/haha
[1.791s] -- Installing: /home/ros2/ws01_plumbing/install/haha/include/haha/haha
[1.792s] -- Installing: /home/ros2/ws01_plumbing/install/haha/include/haha/haha/action
[1.793s] -- Installing: /home/ros2/ws01_plumbing/install/haha/include/haha/haha/action/detail
[1.794s] -- Installing: /home/ros2/ws01_plumbing/install/haha/include/haha/haha/action/detail/progress__type_support.h
[1.794s] -- Installing: /home/ros2/ws01_plumbing/install/haha/include/haha/haha/action/detail/progress__functions.h
[1.794s] -- Installing: /home/ros2/ws01_plumbing/install/haha/include/haha/haha/action/detail/progress__functions.c
[1.795s] -- Installing: /home/ros2/ws01_plumbing/install/haha/include/haha/haha/action/detail/progress__struct.h
[1.796s] -- Installing: /home/ros2/ws01_plumbing/install/haha/include/haha/haha/action/progress.h
[1.799s] -- Installing: /home/ros2/ws01_plumbing/install/haha/include/haha/haha/msg
[1.799s] -- Installing: /home/ros2/ws01_plumbing/install/haha/include/haha/haha/msg/rosidl_generator_c__visibility_control.h
[1.800s] -- Installing: /home/ros2/ws01_plumbing/install/haha/share/haha/environment/library_path.sh
[1.801s] -- Installing: /home/ros2/ws01_plumbing/install/haha/share/haha/environment/library_path.dsv
[1.801s] -- Installing: /home/ros2/ws01_plumbing/install/haha/lib/libhaha__rosidl_generator_c.so
[1.802s] -- Set runtime path of "/home/ros2/ws01_plumbing/install/haha/lib/libhaha__rosidl_generator_c.so" to ""
[1.802s] -- Up-to-date: /home/ros2/ws01_plumbing/install/haha/include/haha/haha
[1.802s] -- Up-to-date: /home/ros2/ws01_plumbing/install/haha/include/haha/haha/action
[1.802s] -- Up-to-date: /home/ros2/ws01_plumbing/install/haha/include/haha/haha/action/detail
[1.802s] -- Installing: /home/ros2/ws01_plumbing/install/haha/include/haha/haha/action/detail/progress__rosidl_typesupport_fastrtps_c.h
[1.803s] -- Up-to-date: /home/ros2/ws01_plumbing/install/haha/include/haha/haha/msg
[1.803s] -- Installing: /home/ros2/ws01_plumbing/install/haha/include/haha/haha/msg/rosidl_typesupport_fastrtps_c__visibility_control.h
[1.804s] -- Installing: /home/ros2/ws01_plumbing/install/haha/lib/libhaha__rosidl_typesupport_fastrtps_c.so
[1.804s] -- Set runtime path of "/home/ros2/ws01_plumbing/install/haha/lib/libhaha__rosidl_typesupport_fastrtps_c.so" to ""
[1.805s] -- Up-to-date: /home/ros2/ws01_plumbing/install/haha/include/haha/haha
[1.805s] -- Up-to-date: /home/ros2/ws01_plumbing/install/haha/include/haha/haha/action
[1.806s] -- Up-to-date: /home/ros2/ws01_plumbing/install/haha/include/haha/haha/action/detail
[1.806s] -- Installing: /home/ros2/ws01_plumbing/install/haha/include/haha/haha/action/detail/progress__rosidl_typesupport_introspection_c.h
[1.806s] -- Installing: /home/ros2/ws01_plumbing/install/haha/include/haha/haha/action/detail/progress__type_support.c
[1.808s] -- Up-to-date: /home/ros2/ws01_plumbing/install/haha/include/haha/haha/msg
[1.808s] -- Installing: /home/ros2/ws01_plumbing/install/haha/include/haha/haha/msg/rosidl_typesupport_introspection_c__visibility_control.h
[1.808s] -- Installing: /home/ros2/ws01_plumbing/install/haha/lib/libhaha__rosidl_typesupport_introspection_c.so
[1.809s] -- Set runtime path of "/home/ros2/ws01_plumbing/install/haha/lib/libhaha__rosidl_typesupport_introspection_c.so" to ""
[1.810s] -- Installing: /home/ros2/ws01_plumbing/install/haha/lib/libhaha__rosidl_typesupport_c.so
[1.810s] -- Set runtime path of "/home/ros2/ws01_plumbing/install/haha/lib/libhaha__rosidl_typesupport_c.so" to ""
[1.812s] -- Up-to-date: /home/ros2/ws01_plumbing/install/haha/include/haha/haha
[1.815s] -- Up-to-date: /home/ros2/ws01_plumbing/install/haha/include/haha/haha/action
[1.815s] -- Up-to-date: /home/ros2/ws01_plumbing/install/haha/include/haha/haha/action/detail
[1.816s] -- Installing: /home/ros2/ws01_plumbing/install/haha/include/haha/haha/action/detail/progress__builder.hpp
[1.816s] -- Installing: /home/ros2/ws01_plumbing/install/haha/include/haha/haha/action/detail/progress__traits.hpp
[1.821s] -- Installing: /home/ros2/ws01_plumbing/install/haha/include/haha/haha/action/detail/progress__struct.hpp
[1.822s] -- Installing: /home/ros2/ws01_plumbing/install/haha/include/haha/haha/action/progress.hpp
[1.822s] -- Up-to-date: /home/ros2/ws01_plumbing/install/haha/include/haha/haha
[1.822s] -- Up-to-date: /home/ros2/ws01_plumbing/install/haha/include/haha/haha/action
[1.822s] -- Up-to-date: /home/ros2/ws01_plumbing/install/haha/include/haha/haha/action/detail
[1.823s] -- Installing: /home/ros2/ws01_plumbing/install/haha/include/haha/haha/action/detail/progress__rosidl_typesupport_fastrtps_cpp.hpp
[1.823s] -- Installing: /home/ros2/ws01_plumbing/install/haha/include/haha/haha/action/detail/dds_fastrtps
[1.824s] -- Up-to-date: /home/ros2/ws01_plumbing/install/haha/include/haha/haha/msg
[1.824s] -- Installing: /home/ros2/ws01_plumbing/install/haha/include/haha/haha/msg/rosidl_typesupport_fastrtps_cpp__visibility_control.h
[1.824s] -- Installing: /home/ros2/ws01_plumbing/install/haha/lib/libhaha__rosidl_typesupport_fastrtps_cpp.so
[1.824s] -- Set runtime path of "/home/ros2/ws01_plumbing/install/haha/lib/libhaha__rosidl_typesupport_fastrtps_cpp.so" to ""
[1.825s] -- Up-to-date: /home/ros2/ws01_plumbing/install/haha/include/haha/haha
[1.825s] -- Up-to-date: /home/ros2/ws01_plumbing/install/haha/include/haha/haha/action
[1.825s] -- Up-to-date: /home/ros2/ws01_plumbing/install/haha/include/haha/haha/action/detail
[1.825s] -- Installing: /home/ros2/ws01_plumbing/install/haha/include/haha/haha/action/detail/progress__type_support.cpp
[1.825s] -- Installing: /home/ros2/ws01_plumbing/install/haha/include/haha/haha/action/detail/progress__rosidl_typesupport_introspection_cpp.hpp
[1.825s] -- Installing: /home/ros2/ws01_plumbing/install/haha/lib/libhaha__rosidl_typesupport_introspection_cpp.so
[1.826s] -- Set runtime path of "/home/ros2/ws01_plumbing/install/haha/lib/libhaha__rosidl_typesupport_introspection_cpp.so" to ""
[1.826s] -- Installing: /home/ros2/ws01_plumbing/install/haha/lib/libhaha__rosidl_typesupport_cpp.so
[1.826s] -- Set runtime path of "/home/ros2/ws01_plumbing/install/haha/lib/libhaha__rosidl_typesupport_cpp.so" to ""
[1.828s] -- Installing: /home/ros2/ws01_plumbing/install/haha/share/haha/environment/pythonpath.sh
[1.828s] -- Installing: /home/ros2/ws01_plumbing/install/haha/share/haha/environment/pythonpath.dsv
[1.830s] -- Installing: /home/ros2/ws01_plumbing/install/haha/local/lib/python3.10/dist-packages/haha-0.0.0-py3.10.egg-info
[1.831s] -- Installing: /home/ros2/ws01_plumbing/install/haha/local/lib/python3.10/dist-packages/haha-0.0.0-py3.10.egg-info/top_level.txt
[1.831s] -- Installing: /home/ros2/ws01_plumbing/install/haha/local/lib/python3.10/dist-packages/haha-0.0.0-py3.10.egg-info/dependency_links.txt
[1.832s] -- Installing: /home/ros2/ws01_plumbing/install/haha/local/lib/python3.10/dist-packages/haha-0.0.0-py3.10.egg-info/SOURCES.txt
[1.832s] -- Installing: /home/ros2/ws01_plumbing/install/haha/local/lib/python3.10/dist-packages/haha-0.0.0-py3.10.egg-info/PKG-INFO
[1.832s] -- Installing: /home/ros2/ws01_plumbing/install/haha/local/lib/python3.10/dist-packages/haha
[1.837s] -- Installing: /home/ros2/ws01_plumbing/install/haha/local/lib/python3.10/dist-packages/haha/_haha_s.ep.rosidl_typesupport_fastrtps_c.c
[1.837s] -- Installing: /home/ros2/ws01_plumbing/install/haha/local/lib/python3.10/dist-packages/haha/haha_s__rosidl_typesupport_c.cpython-310-x86_64-linux-gnu.so
[1.838s] -- Installing: /home/ros2/ws01_plumbing/install/haha/local/lib/python3.10/dist-packages/haha/action
[1.838s] -- Installing: /home/ros2/ws01_plumbing/install/haha/local/lib/python3.10/dist-packages/haha/action/__init__.py
[1.838s] -- Installing: /home/ros2/ws01_plumbing/install/haha/local/lib/python3.10/dist-packages/haha/action/_progress_s.c
[1.838s] -- Installing: /home/ros2/ws01_plumbing/install/haha/local/lib/python3.10/dist-packages/haha/action/_progress.py
[1.838s] -- Installing: /home/ros2/ws01_plumbing/install/haha/local/lib/python3.10/dist-packages/haha/haha_s__rosidl_typesupport_introspection_c.cpython-310-x86_64-linux-gnu.so
[1.838s] -- Installing: /home/ros2/ws01_plumbing/install/haha/local/lib/python3.10/dist-packages/haha/__init__.py
[1.839s] -- Installing: /home/ros2/ws01_plumbing/install/haha/local/lib/python3.10/dist-packages/haha/_haha_s.ep.rosidl_typesupport_introspection_c.c
[1.839s] -- Installing: /home/ros2/ws01_plumbing/install/haha/local/lib/python3.10/dist-packages/haha/_haha_s.ep.rosidl_typesupport_c.c
[1.839s] -- Installing: /home/ros2/ws01_plumbing/install/haha/local/lib/python3.10/dist-packages/haha/haha_s__rosidl_typesupport_fastrtps_c.cpython-310-x86_64-linux-gnu.so
[1.839s] -- Installing: /home/ros2/ws01_plumbing/install/haha/local/lib/python3.10/dist-packages/haha/libhaha__rosidl_generator_py.so
[1.947s] Listing '/home/ros2/ws01_plumbing/install/haha/local/lib/python3.10/dist-packages/haha'...
[1.948s] Compiling '/home/ros2/ws01_plumbing/install/haha/local/lib/python3.10/dist-packages/haha/__init__.py'...
[1.948s] Listing '/home/ros2/ws01_plumbing/install/haha/local/lib/python3.10/dist-packages/haha/action'...
[1.948s] Compiling '/home/ros2/ws01_plumbing/install/haha/local/lib/python3.10/dist-packages/haha/action/__init__.py'...
[1.949s] Compiling '/home/ros2/ws01_plumbing/install/haha/local/lib/python3.10/dist-packages/haha/action/_progress.py'...
[1.961s] -- Installing: /home/ros2/ws01_plumbing/install/haha/local/lib/python3.10/dist-packages/haha/haha_s__rosidl_typesupport_fastrtps_c.cpython-310-x86_64-linux-gnu.so
[1.962s] -- Set runtime path of "/home/ros2/ws01_plumbing/install/haha/local/lib/python3.10/dist-packages/haha/haha_s__rosidl_typesupport_fastrtps_c.cpython-310-x86_64-linux-gnu.so" to ""
[1.964s] -- Installing: /home/ros2/ws01_plumbing/install/haha/local/lib/python3.10/dist-packages/haha/haha_s__rosidl_typesupport_introspection_c.cpython-310-x86_64-linux-gnu.so
[1.964s] -- Set runtime path of "/home/ros2/ws01_plumbing/install/haha/local/lib/python3.10/dist-packages/haha/haha_s__rosidl_typesupport_introspection_c.cpython-310-x86_64-linux-gnu.so" to ""
[1.966s] -- Installing: /home/ros2/ws01_plumbing/install/haha/local/lib/python3.10/dist-packages/haha/haha_s__rosidl_typesupport_c.cpython-310-x86_64-linux-gnu.so
[1.966s] -- Set runtime path of "/home/ros2/ws01_plumbing/install/haha/local/lib/python3.10/dist-packages/haha/haha_s__rosidl_typesupport_c.cpython-310-x86_64-linux-gnu.so" to ""
[1.967s] -- Installing: /home/ros2/ws01_plumbing/install/haha/lib/libhaha__rosidl_generator_py.so
[1.968s] -- Set runtime path of "/home/ros2/ws01_plumbing/install/haha/lib/libhaha__rosidl_generator_py.so" to ""
[1.968s] -- Installing: /home/ros2/ws01_plumbing/install/haha/share/haha/action/Progress.idl
[1.970s] -- Installing: /home/ros2/ws01_plumbing/install/haha/share/haha/action/Progress.action
[1.970s] -- Installing: /home/ros2/ws01_plumbing/install/haha/share/ament_index/resource_index/package_run_dependencies/haha
[1.971s] -- Installing: /home/ros2/ws01_plumbing/install/haha/share/ament_index/resource_index/parent_prefix_path/haha
[1.972s] -- Installing: /home/ros2/ws01_plumbing/install/haha/share/haha/environment/ament_prefix_path.sh
[1.973s] -- Installing: /home/ros2/ws01_plumbing/install/haha/share/haha/environment/ament_prefix_path.dsv
[1.974s] -- Installing: /home/ros2/ws01_plumbing/install/haha/share/haha/environment/path.sh
[1.974s] -- Installing: /home/ros2/ws01_plumbing/install/haha/share/haha/environment/path.dsv
[1.975s] -- Installing: /home/ros2/ws01_plumbing/install/haha/share/haha/local_setup.bash
[1.976s] -- Installing: /home/ros2/ws01_plumbing/install/haha/share/haha/local_setup.sh
[1.976s] -- Installing: /home/ros2/ws01_plumbing/install/haha/share/haha/local_setup.zsh
[1.976s] -- Installing: /home/ros2/ws01_plumbing/install/haha/share/haha/local_setup.dsv
[1.977s] -- Installing: /home/ros2/ws01_plumbing/install/haha/share/haha/package.dsv
[1.978s] -- Installing: /home/ros2/ws01_plumbing/install/haha/share/ament_index/resource_index/packages/haha
[1.979s] -- Installing: /home/ros2/ws01_plumbing/install/haha/share/haha/cmake/export_haha__rosidl_generator_cExport.cmake
[1.979s] -- Installing: /home/ros2/ws01_plumbing/install/haha/share/haha/cmake/export_haha__rosidl_generator_cExport-noconfig.cmake
[1.980s] -- Installing: /home/ros2/ws01_plumbing/install/haha/share/haha/cmake/export_haha__rosidl_typesupport_fastrtps_cExport.cmake
[1.980s] -- Installing: /home/ros2/ws01_plumbing/install/haha/share/haha/cmake/export_haha__rosidl_typesupport_fastrtps_cExport-noconfig.cmake
[1.982s] -- Installing: /home/ros2/ws01_plumbing/install/haha/share/haha/cmake/haha__rosidl_typesupport_introspection_cExport.cmake
[1.983s] -- Installing: /home/ros2/ws01_plumbing/install/haha/share/haha/cmake/haha__rosidl_typesupport_introspection_cExport-noconfig.cmake
[1.983s] -- Installing: /home/ros2/ws01_plumbing/install/haha/share/haha/cmake/haha__rosidl_typesupport_cExport.cmake
[1.983s] -- Installing: /home/ros2/ws01_plumbing/install/haha/share/haha/cmake/haha__rosidl_typesupport_cExport-noconfig.cmake
[1.984s] -- Installing: /home/ros2/ws01_plumbing/install/haha/share/haha/cmake/export_haha__rosidl_generator_cppExport.cmake
[1.984s] -- Installing: /home/ros2/ws01_plumbing/install/haha/share/haha/cmake/export_haha__rosidl_typesupport_fastrtps_cppExport.cmake
[1.985s] -- Installing: /home/ros2/ws01_plumbing/install/haha/share/haha/cmake/export_haha__rosidl_typesupport_fastrtps_cppExport-noconfig.cmake
[1.986s] -- Installing: /home/ros2/ws01_plumbing/install/haha/share/haha/cmake/haha__rosidl_typesupport_introspection_cppExport.cmake
[1.986s] -- Installing: /home/ros2/ws01_plumbing/install/haha/share/haha/cmake/haha__rosidl_typesupport_introspection_cppExport-noconfig.cmake
[1.987s] -- Installing: /home/ros2/ws01_plumbing/install/haha/share/haha/cmake/haha__rosidl_typesupport_cppExport.cmake
[1.988s] -- Installing: /home/ros2/ws01_plumbing/install/haha/share/haha/cmake/haha__rosidl_typesupport_cppExport-noconfig.cmake
[1.989s] -- Installing: /home/ros2/ws01_plumbing/install/haha/share/haha/cmake/export_haha__rosidl_generator_pyExport.cmake
[1.989s] -- Installing: /home/ros2/ws01_plumbing/install/haha/share/haha/cmake/export_haha__rosidl_generator_pyExport-noconfig.cmake
[1.989s] -- Installing: /home/ros2/ws01_plumbing/install/haha/share/haha/cmake/rosidl_cmake-extras.cmake
[1.990s] -- Installing: /home/ros2/ws01_plumbing/install/haha/share/haha/cmake/ament_cmake_export_dependencies-extras.cmake
[1.991s] -- Installing: /home/ros2/ws01_plumbing/install/haha/share/haha/cmake/ament_cmake_export_include_directories-extras.cmake
[1.991s] -- Installing: /home/ros2/ws01_plumbing/install/haha/share/haha/cmake/ament_cmake_export_libraries-extras.cmake
[1.992s] -- Installing: /home/ros2/ws01_plumbing/install/haha/share/haha/cmake/ament_cmake_export_targets-extras.cmake
[1.992s] -- Installing: /home/ros2/ws01_plumbing/install/haha/share/haha/cmake/rosidl_cmake_export_typesupport_targets-extras.cmake
[1.993s] -- Installing: /home/ros2/ws01_plumbing/install/haha/share/haha/cmake/rosidl_cmake_export_typesupport_libraries-extras.cmake
[1.994s] -- Installing: /home/ros2/ws01_plumbing/install/haha/share/haha/cmake/hahaConfig.cmake
[1.995s] -- Installing: /home/ros2/ws01_plumbing/install/haha/share/haha/cmake/hahaConfig-version.cmake
[1.995s] -- Installing: /home/ros2/ws01_plumbing/install/haha/share/haha/package.xml
[2.001s] Invoked command in '/home/ros2/ws01_plumbing/build/haha' returned '0': CMAKE_PREFIX_PATH=${CMAKE_PREFIX_PATH}:/home/ros2/ws01_plumbing/install/py02_service:/home/ros2/ws01_plumbing/install/py01_topic:/opt/ros/humble /usr/bin/cmake --install /home/ros2/ws01_plumbing/build/haha
