[0.051s] Invoking command in '/home/ros2/ws01_plumbing/build/cpp03_action': CMAKE_PREFIX_PATH=/home/ros2/ws01_plumbing/install/base_interfaces_demo:/home/ros2/ws01_plumbing/install/cpp02_service:/home/ros2/ws01_plumbing/install/cpp01_topic:/home/ros2/ws01_plumbing/install/py02_service:/home/ros2/ws01_plumbing/install/py01_topic:/opt/ros/humble /usr/bin/cmake --build /home/ros2/ws01_plumbing/build/cpp03_action -- -j4 -l4
[0.220s] [35m[1mConsolidate compiler generated dependencies of target demo02_action_client[0m
[0.257s] [35m[1mConsolidate compiler generated dependencies of target demo01_action_server[0m
[0.306s] [ 50%] Built target demo02_action_client
[0.333s] [100%] Built target demo01_action_server
[0.377s] Invoked command in '/home/ros2/ws01_plumbing/build/cpp03_action' returned '0': CMAKE_PREFIX_PATH=/home/ros2/ws01_plumbing/install/base_interfaces_demo:/home/ros2/ws01_plumbing/install/cpp02_service:/home/ros2/ws01_plumbing/install/cpp01_topic:/home/ros2/ws01_plumbing/install/py02_service:/home/ros2/ws01_plumbing/install/py01_topic:/opt/ros/humble /usr/bin/cmake --build /home/ros2/ws01_plumbing/build/cpp03_action -- -j4 -l4
[0.579s] Invoking command in '/home/ros2/ws01_plumbing/build/cpp03_action': CMAKE_PREFIX_PATH=/home/ros2/ws01_plumbing/install/base_interfaces_demo:/home/ros2/ws01_plumbing/install/cpp02_service:/home/ros2/ws01_plumbing/install/cpp01_topic:/home/ros2/ws01_plumbing/install/py02_service:/home/ros2/ws01_plumbing/install/py01_topic:/opt/ros/humble /usr/bin/cmake --install /home/ros2/ws01_plumbing/build/cpp03_action
[0.615s] -- Install configuration: ""
[0.617s] -- Up-to-date: /home/ros2/ws01_plumbing/install/cpp03_action/lib/cpp03_action/demo01_action_server
[0.617s] -- Up-to-date: /home/ros2/ws01_plumbing/install/cpp03_action/lib/cpp03_action/demo02_action_client
[0.618s] -- Up-to-date: /home/ros2/ws01_plumbing/install/cpp03_action/share/ament_index/resource_index/package_run_dependencies/cpp03_action
[0.618s] -- Up-to-date: /home/ros2/ws01_plumbing/install/cpp03_action/share/ament_index/resource_index/parent_prefix_path/cpp03_action
[0.623s] -- Up-to-date: /home/ros2/ws01_plumbing/install/cpp03_action/share/cpp03_action/environment/ament_prefix_path.sh
[0.624s] -- Up-to-date: /home/ros2/ws01_plumbing/install/cpp03_action/share/cpp03_action/environment/ament_prefix_path.dsv
[0.624s] -- Up-to-date: /home/ros2/ws01_plumbing/install/cpp03_action/share/cpp03_action/environment/path.sh
[0.624s] -- Up-to-date: /home/ros2/ws01_plumbing/install/cpp03_action/share/cpp03_action/environment/path.dsv
[0.625s] -- Up-to-date: /home/ros2/ws01_plumbing/install/cpp03_action/share/cpp03_action/local_setup.bash
[0.644s] -- Up-to-date: /home/ros2/ws01_plumbing/install/cpp03_action/share/cpp03_action/local_setup.sh
[0.644s] -- Up-to-date: /home/ros2/ws01_plumbing/install/cpp03_action/share/cpp03_action/local_setup.zsh
[0.645s] -- Up-to-date: /home/ros2/ws01_plumbing/install/cpp03_action/share/cpp03_action/local_setup.dsv
[0.645s] -- Installing: /home/ros2/ws01_plumbing/install/cpp03_action/share/cpp03_action/package.dsv
[0.645s] -- Up-to-date: /home/ros2/ws01_plumbing/install/cpp03_action/share/ament_index/resource_index/packages/cpp03_action
[0.646s] -- Up-to-date: /home/ros2/ws01_plumbing/install/cpp03_action/share/cpp03_action/cmake/cpp03_actionConfig.cmake
[0.646s] -- Up-to-date: /home/ros2/ws01_plumbing/install/cpp03_action/share/cpp03_action/cmake/cpp03_actionConfig-version.cmake
[0.646s] -- Up-to-date: /home/ros2/ws01_plumbing/install/cpp03_action/share/cpp03_action/package.xml
[0.647s] Invoked command in '/home/ros2/ws01_plumbing/build/cpp03_action' returned '0': CMAKE_PREFIX_PATH=/home/ros2/ws01_plumbing/install/base_interfaces_demo:/home/ros2/ws01_plumbing/install/cpp02_service:/home/ros2/ws01_plumbing/install/cpp01_topic:/home/ros2/ws01_plumbing/install/py02_service:/home/ros2/ws01_plumbing/install/py01_topic:/opt/ros/humble /usr/bin/cmake --install /home/ros2/ws01_plumbing/build/cpp03_action
