[0.050s] Invoking command in '/home/ros2/ws01_plumbing/build/turtlesim': CMAKE_PREFIX_PATH=${CMAKE_PREFIX_PATH}:/home/ros2/ws01_plumbing/install/py06_time:/home/ros2/ws01_plumbing/install/py05_names:/home/ros2/ws01_plumbing/install/py04_param:/home/ros2/ws01_plumbing/install/py03_action:/home/ros2/ws01_plumbing/install/py02_service:/home/ros2/ws01_plumbing/install/py01_topic:/opt/ros/humble /usr/bin/cmake --build /home/ros2/ws01_plumbing/build/turtlesim -- -j4 -l4
[0.339s] [  1%] Built target turtlesim__cpp
[0.376s] [ 11%] Built target turtlesim__rosidl_generator_c
[0.421s] [ 11%] Built target ament_cmake_python_copy_turtlesim
[0.555s] [ 21%] Built target turtlesim__rosidl_typesupport_cpp
[0.598s] [ 41%] Built target turtlesim__rosidl_typesupport_fastrtps_cpp
[0.601s] [ 41%] Built target turtlesim__rosidl_typesupport_introspection_cpp
[0.669s] [ 51%] Built target turtlesim__rosidl_typesupport_fastrtps_c
[0.731s] [ 61%] Built target turtlesim__rosidl_typesupport_introspection_c
[0.859s] [ 71%] Built target turtlesim__rosidl_typesupport_c
[0.990s] [ 73%] Built target turtle_teleop_key
[1.004s] [ 79%] Built target turtlesim_node
[1.103s] [ 81%] Built target draw_square
[1.141s] [ 83%] Built target mimic
[1.175s] [ 83%] Built target turtlesim
[1.256s] [ 84%] Built target turtlesim__py
[1.357s] [ 93%] Built target turtlesim__rosidl_generator_py
[1.493s] [ 95%] Built target turtlesim__rosidl_typesupport_introspection_c__pyext
[1.572s] [ 97%] Built target turtlesim__rosidl_typesupport_c__pyext
[1.584s] [100%] Built target turtlesim__rosidl_typesupport_fastrtps_c__pyext
[2.165s] running egg_info
[2.169s] writing turtlesim.egg-info/PKG-INFO
[2.172s] writing dependency_links to turtlesim.egg-info/dependency_links.txt
[2.180s] writing top-level names to turtlesim.egg-info/top_level.txt
[2.189s] reading manifest file 'turtlesim.egg-info/SOURCES.txt'
[2.193s] writing manifest file 'turtlesim.egg-info/SOURCES.txt'
[2.300s] [100%] Built target ament_cmake_python_build_turtlesim_egg
[2.369s] Invoked command in '/home/ros2/ws01_plumbing/build/turtlesim' returned '0': CMAKE_PREFIX_PATH=${CMAKE_PREFIX_PATH}:/home/ros2/ws01_plumbing/install/py06_time:/home/ros2/ws01_plumbing/install/py05_names:/home/ros2/ws01_plumbing/install/py04_param:/home/ros2/ws01_plumbing/install/py03_action:/home/ros2/ws01_plumbing/install/py02_service:/home/ros2/ws01_plumbing/install/py01_topic:/opt/ros/humble /usr/bin/cmake --build /home/ros2/ws01_plumbing/build/turtlesim -- -j4 -l4
[3.916s] Invoking command in '/home/ros2/ws01_plumbing/build/turtlesim': CMAKE_PREFIX_PATH=${CMAKE_PREFIX_PATH}:/home/ros2/ws01_plumbing/install/py06_time:/home/ros2/ws01_plumbing/install/py05_names:/home/ros2/ws01_plumbing/install/py04_param:/home/ros2/ws01_plumbing/install/py03_action:/home/ros2/ws01_plumbing/install/py02_service:/home/ros2/ws01_plumbing/install/py01_topic:/opt/ros/humble /usr/bin/cmake --install /home/ros2/ws01_plumbing/build/turtlesim
[3.954s] -- Install configuration: ""
[3.955s] -- Up-to-date: /home/ros2/ws01_plumbing/install/turtlesim/share/ament_index/resource_index/rosidl_interfaces/turtlesim
[3.960s] -- Up-to-date: /home/ros2/ws01_plumbing/install/turtlesim/include/turtlesim/turtlesim
[3.962s] -- Up-to-date: /home/ros2/ws01_plumbing/install/turtlesim/include/turtlesim/turtlesim/action
[3.963s] -- Up-to-date: /home/ros2/ws01_plumbing/install/turtlesim/include/turtlesim/turtlesim/action/detail
[3.968s] -- Up-to-date: /home/ros2/ws01_plumbing/install/turtlesim/include/turtlesim/turtlesim/action/detail/rotate_absolute__struct.h
[3.971s] -- Up-to-date: /home/ros2/ws01_plumbing/install/turtlesim/include/turtlesim/turtlesim/action/detail/rotate_absolute__type_support.h
[3.972s] -- Up-to-date: /home/ros2/ws01_plumbing/install/turtlesim/include/turtlesim/turtlesim/action/detail/rotate_absolute__functions.c
[3.972s] -- Up-to-date: /home/ros2/ws01_plumbing/install/turtlesim/include/turtlesim/turtlesim/action/detail/rotate_absolute__functions.h
[3.979s] -- Up-to-date: /home/ros2/ws01_plumbing/install/turtlesim/include/turtlesim/turtlesim/action/rotate_absolute.h
[3.985s] -- Up-to-date: /home/ros2/ws01_plumbing/install/turtlesim/include/turtlesim/turtlesim/msg
[3.986s] -- Up-to-date: /home/ros2/ws01_plumbing/install/turtlesim/include/turtlesim/turtlesim/msg/detail
[3.986s] -- Up-to-date: /home/ros2/ws01_plumbing/install/turtlesim/include/turtlesim/turtlesim/msg/detail/color__functions.h
[3.986s] -- Up-to-date: /home/ros2/ws01_plumbing/install/turtlesim/include/turtlesim/turtlesim/msg/detail/pose__struct.h
[3.987s] -- Up-to-date: /home/ros2/ws01_plumbing/install/turtlesim/include/turtlesim/turtlesim/msg/detail/color__type_support.h
[3.987s] -- Up-to-date: /home/ros2/ws01_plumbing/install/turtlesim/include/turtlesim/turtlesim/msg/detail/color__struct.h
[3.988s] -- Up-to-date: /home/ros2/ws01_plumbing/install/turtlesim/include/turtlesim/turtlesim/msg/detail/pose__functions.c
[3.988s] -- Up-to-date: /home/ros2/ws01_plumbing/install/turtlesim/include/turtlesim/turtlesim/msg/detail/color__functions.c
[3.988s] -- Up-to-date: /home/ros2/ws01_plumbing/install/turtlesim/include/turtlesim/turtlesim/msg/detail/pose__type_support.h
[3.989s] -- Up-to-date: /home/ros2/ws01_plumbing/install/turtlesim/include/turtlesim/turtlesim/msg/detail/pose__functions.h
[3.989s] -- Up-to-date: /home/ros2/ws01_plumbing/install/turtlesim/include/turtlesim/turtlesim/msg/pose.h
[3.989s] -- Up-to-date: /home/ros2/ws01_plumbing/install/turtlesim/include/turtlesim/turtlesim/msg/color.h
[3.989s] -- Up-to-date: /home/ros2/ws01_plumbing/install/turtlesim/include/turtlesim/turtlesim/msg/rosidl_generator_c__visibility_control.h
[3.989s] -- Up-to-date: /home/ros2/ws01_plumbing/install/turtlesim/include/turtlesim/turtlesim/srv
[3.989s] -- Up-to-date: /home/ros2/ws01_plumbing/install/turtlesim/include/turtlesim/turtlesim/srv/kill.h
[3.990s] -- Up-to-date: /home/ros2/ws01_plumbing/install/turtlesim/include/turtlesim/turtlesim/srv/set_pen.h
[3.990s] -- Up-to-date: /home/ros2/ws01_plumbing/install/turtlesim/include/turtlesim/turtlesim/srv/detail
[3.995s] -- Up-to-date: /home/ros2/ws01_plumbing/install/turtlesim/include/turtlesim/turtlesim/srv/detail/set_pen__functions.h
[3.996s] -- Up-to-date: /home/ros2/ws01_plumbing/install/turtlesim/include/turtlesim/turtlesim/srv/detail/teleport_absolute__type_support.h
[3.996s] -- Up-to-date: /home/ros2/ws01_plumbing/install/turtlesim/include/turtlesim/turtlesim/srv/detail/teleport_absolute__functions.h
[3.996s] -- Up-to-date: /home/ros2/ws01_plumbing/install/turtlesim/include/turtlesim/turtlesim/srv/detail/spawn__functions.h
[3.997s] -- Up-to-date: /home/ros2/ws01_plumbing/install/turtlesim/include/turtlesim/turtlesim/srv/detail/spawn__functions.c
[3.997s] -- Up-to-date: /home/ros2/ws01_plumbing/install/turtlesim/include/turtlesim/turtlesim/srv/detail/teleport_absolute__struct.h
[3.997s] -- Up-to-date: /home/ros2/ws01_plumbing/install/turtlesim/include/turtlesim/turtlesim/srv/detail/kill__functions.c
[3.997s] -- Up-to-date: /home/ros2/ws01_plumbing/install/turtlesim/include/turtlesim/turtlesim/srv/detail/set_pen__functions.c
[3.998s] -- Up-to-date: /home/ros2/ws01_plumbing/install/turtlesim/include/turtlesim/turtlesim/srv/detail/teleport_absolute__functions.c
[3.998s] -- Up-to-date: /home/ros2/ws01_plumbing/install/turtlesim/include/turtlesim/turtlesim/srv/detail/teleport_relative__functions.h
[3.998s] -- Up-to-date: /home/ros2/ws01_plumbing/install/turtlesim/include/turtlesim/turtlesim/srv/detail/teleport_relative__struct.h
[3.998s] -- Up-to-date: /home/ros2/ws01_plumbing/install/turtlesim/include/turtlesim/turtlesim/srv/detail/spawn__struct.h
[4.005s] -- Up-to-date: /home/ros2/ws01_plumbing/install/turtlesim/include/turtlesim/turtlesim/srv/detail/teleport_relative__functions.c
[4.006s] -- Up-to-date: /home/ros2/ws01_plumbing/install/turtlesim/include/turtlesim/turtlesim/srv/detail/spawn__type_support.h
[4.006s] -- Up-to-date: /home/ros2/ws01_plumbing/install/turtlesim/include/turtlesim/turtlesim/srv/detail/set_pen__struct.h
[4.006s] -- Up-to-date: /home/ros2/ws01_plumbing/install/turtlesim/include/turtlesim/turtlesim/srv/detail/kill__struct.h
[4.006s] -- Up-to-date: /home/ros2/ws01_plumbing/install/turtlesim/include/turtlesim/turtlesim/srv/detail/set_pen__type_support.h
[4.006s] -- Up-to-date: /home/ros2/ws01_plumbing/install/turtlesim/include/turtlesim/turtlesim/srv/detail/kill__functions.h
[4.007s] -- Up-to-date: /home/ros2/ws01_plumbing/install/turtlesim/include/turtlesim/turtlesim/srv/detail/teleport_relative__type_support.h
[4.007s] -- Up-to-date: /home/ros2/ws01_plumbing/install/turtlesim/include/turtlesim/turtlesim/srv/detail/kill__type_support.h
[4.007s] -- Up-to-date: /home/ros2/ws01_plumbing/install/turtlesim/include/turtlesim/turtlesim/srv/teleport_relative.h
[4.009s] -- Up-to-date: /home/ros2/ws01_plumbing/install/turtlesim/include/turtlesim/turtlesim/srv/teleport_absolute.h
[4.009s] -- Up-to-date: /home/ros2/ws01_plumbing/install/turtlesim/include/turtlesim/turtlesim/srv/spawn.h
[4.010s] -- Up-to-date: /home/ros2/ws01_plumbing/install/turtlesim/share/turtlesim/environment/library_path.sh
[4.010s] -- Up-to-date: /home/ros2/ws01_plumbing/install/turtlesim/share/turtlesim/environment/library_path.dsv
[4.011s] -- Up-to-date: /home/ros2/ws01_plumbing/install/turtlesim/lib/libturtlesim__rosidl_generator_c.so
[4.011s] -- Up-to-date: /home/ros2/ws01_plumbing/install/turtlesim/include/turtlesim/turtlesim
[4.012s] -- Up-to-date: /home/ros2/ws01_plumbing/install/turtlesim/include/turtlesim/turtlesim/action
[4.013s] -- Up-to-date: /home/ros2/ws01_plumbing/install/turtlesim/include/turtlesim/turtlesim/action/detail
[4.013s] -- Up-to-date: /home/ros2/ws01_plumbing/install/turtlesim/include/turtlesim/turtlesim/action/detail/rotate_absolute__rosidl_typesupport_fastrtps_c.h
[4.014s] -- Up-to-date: /home/ros2/ws01_plumbing/install/turtlesim/include/turtlesim/turtlesim/msg
[4.029s] -- Up-to-date: /home/ros2/ws01_plumbing/install/turtlesim/include/turtlesim/turtlesim/msg/detail
[4.030s] -- Up-to-date: /home/ros2/ws01_plumbing/install/turtlesim/include/turtlesim/turtlesim/msg/detail/color__rosidl_typesupport_fastrtps_c.h
[4.030s] -- Up-to-date: /home/ros2/ws01_plumbing/install/turtlesim/include/turtlesim/turtlesim/msg/detail/pose__rosidl_typesupport_fastrtps_c.h
[4.031s] -- Up-to-date: /home/ros2/ws01_plumbing/install/turtlesim/include/turtlesim/turtlesim/msg/rosidl_typesupport_fastrtps_c__visibility_control.h
[4.031s] -- Up-to-date: /home/ros2/ws01_plumbing/install/turtlesim/include/turtlesim/turtlesim/srv
[4.031s] -- Up-to-date: /home/ros2/ws01_plumbing/install/turtlesim/include/turtlesim/turtlesim/srv/detail
[4.031s] -- Up-to-date: /home/ros2/ws01_plumbing/install/turtlesim/include/turtlesim/turtlesim/srv/detail/teleport_absolute__rosidl_typesupport_fastrtps_c.h
[4.032s] -- Up-to-date: /home/ros2/ws01_plumbing/install/turtlesim/include/turtlesim/turtlesim/srv/detail/kill__rosidl_typesupport_fastrtps_c.h
[4.032s] -- Up-to-date: /home/ros2/ws01_plumbing/install/turtlesim/include/turtlesim/turtlesim/srv/detail/set_pen__rosidl_typesupport_fastrtps_c.h
[4.032s] -- Up-to-date: /home/ros2/ws01_plumbing/install/turtlesim/include/turtlesim/turtlesim/srv/detail/teleport_relative__rosidl_typesupport_fastrtps_c.h
[4.032s] -- Up-to-date: /home/ros2/ws01_plumbing/install/turtlesim/include/turtlesim/turtlesim/srv/detail/spawn__rosidl_typesupport_fastrtps_c.h
[4.033s] -- Up-to-date: /home/ros2/ws01_plumbing/install/turtlesim/lib/libturtlesim__rosidl_typesupport_fastrtps_c.so
[4.033s] -- Up-to-date: /home/ros2/ws01_plumbing/install/turtlesim/include/turtlesim/turtlesim
[4.033s] -- Up-to-date: /home/ros2/ws01_plumbing/install/turtlesim/include/turtlesim/turtlesim/action
[4.034s] -- Up-to-date: /home/ros2/ws01_plumbing/install/turtlesim/include/turtlesim/turtlesim/action/detail
[4.035s] -- Up-to-date: /home/ros2/ws01_plumbing/install/turtlesim/include/turtlesim/turtlesim/action/detail/rotate_absolute__traits.hpp
[4.037s] -- Up-to-date: /home/ros2/ws01_plumbing/install/turtlesim/include/turtlesim/turtlesim/action/detail/rotate_absolute__struct.hpp
[4.038s] -- Up-to-date: /home/ros2/ws01_plumbing/install/turtlesim/include/turtlesim/turtlesim/action/detail/rotate_absolute__builder.hpp
[4.038s] -- Up-to-date: /home/ros2/ws01_plumbing/install/turtlesim/include/turtlesim/turtlesim/action/rotate_absolute.hpp
[4.038s] -- Up-to-date: /home/ros2/ws01_plumbing/install/turtlesim/include/turtlesim/turtlesim/msg
[4.038s] -- Up-to-date: /home/ros2/ws01_plumbing/install/turtlesim/include/turtlesim/turtlesim/msg/detail
[4.039s] -- Up-to-date: /home/ros2/ws01_plumbing/install/turtlesim/include/turtlesim/turtlesim/msg/detail/pose__builder.hpp
[4.039s] -- Up-to-date: /home/ros2/ws01_plumbing/install/turtlesim/include/turtlesim/turtlesim/msg/detail/color__builder.hpp
[4.039s] -- Up-to-date: /home/ros2/ws01_plumbing/install/turtlesim/include/turtlesim/turtlesim/msg/detail/pose__traits.hpp
[4.040s] -- Up-to-date: /home/ros2/ws01_plumbing/install/turtlesim/include/turtlesim/turtlesim/msg/detail/color__traits.hpp
[4.040s] -- Up-to-date: /home/ros2/ws01_plumbing/install/turtlesim/include/turtlesim/turtlesim/msg/detail/pose__struct.hpp
[4.040s] -- Up-to-date: /home/ros2/ws01_plumbing/install/turtlesim/include/turtlesim/turtlesim/msg/detail/color__struct.hpp
[4.040s] -- Up-to-date: /home/ros2/ws01_plumbing/install/turtlesim/include/turtlesim/turtlesim/msg/color.hpp
[4.040s] -- Up-to-date: /home/ros2/ws01_plumbing/install/turtlesim/include/turtlesim/turtlesim/msg/pose.hpp
[4.041s] -- Up-to-date: /home/ros2/ws01_plumbing/install/turtlesim/include/turtlesim/turtlesim/srv
[4.042s] -- Up-to-date: /home/ros2/ws01_plumbing/install/turtlesim/include/turtlesim/turtlesim/srv/detail
[4.043s] -- Up-to-date: /home/ros2/ws01_plumbing/install/turtlesim/include/turtlesim/turtlesim/srv/detail/set_pen__traits.hpp
[4.044s] -- Up-to-date: /home/ros2/ws01_plumbing/install/turtlesim/include/turtlesim/turtlesim/srv/detail/teleport_absolute__struct.hpp
[4.045s] -- Up-to-date: /home/ros2/ws01_plumbing/install/turtlesim/include/turtlesim/turtlesim/srv/detail/teleport_relative__traits.hpp
[4.046s] -- Up-to-date: /home/ros2/ws01_plumbing/install/turtlesim/include/turtlesim/turtlesim/srv/detail/set_pen__struct.hpp
[4.048s] -- Up-to-date: /home/ros2/ws01_plumbing/install/turtlesim/include/turtlesim/turtlesim/srv/detail/teleport_absolute__traits.hpp
[4.049s] -- Up-to-date: /home/ros2/ws01_plumbing/install/turtlesim/include/turtlesim/turtlesim/srv/detail/kill__builder.hpp
[4.049s] -- Up-to-date: /home/ros2/ws01_plumbing/install/turtlesim/include/turtlesim/turtlesim/srv/detail/spawn__builder.hpp
[4.049s] -- Up-to-date: /home/ros2/ws01_plumbing/install/turtlesim/include/turtlesim/turtlesim/srv/detail/spawn__traits.hpp
[4.050s] -- Up-to-date: /home/ros2/ws01_plumbing/install/turtlesim/include/turtlesim/turtlesim/srv/detail/kill__traits.hpp
[4.051s] -- Up-to-date: /home/ros2/ws01_plumbing/install/turtlesim/include/turtlesim/turtlesim/srv/detail/teleport_absolute__builder.hpp
[4.052s] -- Up-to-date: /home/ros2/ws01_plumbing/install/turtlesim/include/turtlesim/turtlesim/srv/detail/teleport_relative__struct.hpp
[4.052s] -- Up-to-date: /home/ros2/ws01_plumbing/install/turtlesim/include/turtlesim/turtlesim/srv/detail/kill__struct.hpp
[4.053s] -- Up-to-date: /home/ros2/ws01_plumbing/install/turtlesim/include/turtlesim/turtlesim/srv/detail/set_pen__builder.hpp
[4.053s] -- Up-to-date: /home/ros2/ws01_plumbing/install/turtlesim/include/turtlesim/turtlesim/srv/detail/spawn__struct.hpp
[4.054s] -- Up-to-date: /home/ros2/ws01_plumbing/install/turtlesim/include/turtlesim/turtlesim/srv/detail/teleport_relative__builder.hpp
[4.054s] -- Up-to-date: /home/ros2/ws01_plumbing/install/turtlesim/include/turtlesim/turtlesim/srv/kill.hpp
[4.054s] -- Up-to-date: /home/ros2/ws01_plumbing/install/turtlesim/include/turtlesim/turtlesim/srv/teleport_absolute.hpp
[4.055s] -- Up-to-date: /home/ros2/ws01_plumbing/install/turtlesim/include/turtlesim/turtlesim/srv/set_pen.hpp
[4.056s] -- Up-to-date: /home/ros2/ws01_plumbing/install/turtlesim/include/turtlesim/turtlesim/srv/spawn.hpp
[4.056s] -- Up-to-date: /home/ros2/ws01_plumbing/install/turtlesim/include/turtlesim/turtlesim/srv/teleport_relative.hpp
[4.057s] -- Up-to-date: /home/ros2/ws01_plumbing/install/turtlesim/include/turtlesim/turtlesim
[4.057s] -- Up-to-date: /home/ros2/ws01_plumbing/install/turtlesim/include/turtlesim/turtlesim/action
[4.058s] -- Up-to-date: /home/ros2/ws01_plumbing/install/turtlesim/include/turtlesim/turtlesim/action/detail
[4.059s] -- Up-to-date: /home/ros2/ws01_plumbing/install/turtlesim/include/turtlesim/turtlesim/action/detail/rotate_absolute__rosidl_typesupport_fastrtps_cpp.hpp
[4.059s] -- Up-to-date: /home/ros2/ws01_plumbing/install/turtlesim/include/turtlesim/turtlesim/action/detail/dds_fastrtps
[4.060s] -- Up-to-date: /home/ros2/ws01_plumbing/install/turtlesim/include/turtlesim/turtlesim/msg
[4.060s] -- Up-to-date: /home/ros2/ws01_plumbing/install/turtlesim/include/turtlesim/turtlesim/msg/detail
[4.061s] -- Up-to-date: /home/ros2/ws01_plumbing/install/turtlesim/include/turtlesim/turtlesim/msg/detail/pose__rosidl_typesupport_fastrtps_cpp.hpp
[4.061s] -- Up-to-date: /home/ros2/ws01_plumbing/install/turtlesim/include/turtlesim/turtlesim/msg/detail/dds_fastrtps
[4.061s] -- Up-to-date: /home/ros2/ws01_plumbing/install/turtlesim/include/turtlesim/turtlesim/msg/detail/color__rosidl_typesupport_fastrtps_cpp.hpp
[4.062s] -- Up-to-date: /home/ros2/ws01_plumbing/install/turtlesim/include/turtlesim/turtlesim/msg/rosidl_typesupport_fastrtps_cpp__visibility_control.h
[4.062s] -- Up-to-date: /home/ros2/ws01_plumbing/install/turtlesim/include/turtlesim/turtlesim/srv
[4.069s] -- Up-to-date: /home/ros2/ws01_plumbing/install/turtlesim/include/turtlesim/turtlesim/srv/detail
[4.070s] -- Up-to-date: /home/ros2/ws01_plumbing/install/turtlesim/include/turtlesim/turtlesim/srv/detail/teleport_absolute__rosidl_typesupport_fastrtps_cpp.hpp
[4.070s] -- Up-to-date: /home/ros2/ws01_plumbing/install/turtlesim/include/turtlesim/turtlesim/srv/detail/kill__rosidl_typesupport_fastrtps_cpp.hpp
[4.071s] -- Up-to-date: /home/ros2/ws01_plumbing/install/turtlesim/include/turtlesim/turtlesim/srv/detail/set_pen__rosidl_typesupport_fastrtps_cpp.hpp
[4.071s] -- Up-to-date: /home/ros2/ws01_plumbing/install/turtlesim/include/turtlesim/turtlesim/srv/detail/spawn__rosidl_typesupport_fastrtps_cpp.hpp
[4.072s] -- Up-to-date: /home/ros2/ws01_plumbing/install/turtlesim/include/turtlesim/turtlesim/srv/detail/dds_fastrtps
[4.072s] -- Up-to-date: /home/ros2/ws01_plumbing/install/turtlesim/include/turtlesim/turtlesim/srv/detail/teleport_relative__rosidl_typesupport_fastrtps_cpp.hpp
[4.072s] -- Up-to-date: /home/ros2/ws01_plumbing/install/turtlesim/lib/libturtlesim__rosidl_typesupport_fastrtps_cpp.so
[4.073s] -- Up-to-date: /home/ros2/ws01_plumbing/install/turtlesim/include/turtlesim/turtlesim
[4.073s] -- Up-to-date: /home/ros2/ws01_plumbing/install/turtlesim/include/turtlesim/turtlesim/action
[4.074s] -- Up-to-date: /home/ros2/ws01_plumbing/install/turtlesim/include/turtlesim/turtlesim/action/detail
[4.074s] -- Up-to-date: /home/ros2/ws01_plumbing/install/turtlesim/include/turtlesim/turtlesim/action/detail/rotate_absolute__type_support.c
[4.074s] -- Up-to-date: /home/ros2/ws01_plumbing/install/turtlesim/include/turtlesim/turtlesim/action/detail/rotate_absolute__rosidl_typesupport_introspection_c.h
[4.075s] -- Up-to-date: /home/ros2/ws01_plumbing/install/turtlesim/include/turtlesim/turtlesim/msg
[4.075s] -- Up-to-date: /home/ros2/ws01_plumbing/install/turtlesim/include/turtlesim/turtlesim/msg/detail
[4.075s] -- Up-to-date: /home/ros2/ws01_plumbing/install/turtlesim/include/turtlesim/turtlesim/msg/detail/pose__rosidl_typesupport_introspection_c.h
[4.075s] -- Up-to-date: /home/ros2/ws01_plumbing/install/turtlesim/include/turtlesim/turtlesim/msg/detail/color__rosidl_typesupport_introspection_c.h
[4.075s] -- Up-to-date: /home/ros2/ws01_plumbing/install/turtlesim/include/turtlesim/turtlesim/msg/detail/color__type_support.c
[4.076s] -- Up-to-date: /home/ros2/ws01_plumbing/install/turtlesim/include/turtlesim/turtlesim/msg/detail/pose__type_support.c
[4.076s] -- Up-to-date: /home/ros2/ws01_plumbing/install/turtlesim/include/turtlesim/turtlesim/msg/rosidl_typesupport_introspection_c__visibility_control.h
[4.076s] -- Up-to-date: /home/ros2/ws01_plumbing/install/turtlesim/include/turtlesim/turtlesim/srv
[4.077s] -- Up-to-date: /home/ros2/ws01_plumbing/install/turtlesim/include/turtlesim/turtlesim/srv/detail
[4.077s] -- Up-to-date: /home/ros2/ws01_plumbing/install/turtlesim/include/turtlesim/turtlesim/srv/detail/set_pen__rosidl_typesupport_introspection_c.h
[4.077s] -- Up-to-date: /home/ros2/ws01_plumbing/install/turtlesim/include/turtlesim/turtlesim/srv/detail/teleport_absolute__type_support.c
[4.077s] -- Up-to-date: /home/ros2/ws01_plumbing/install/turtlesim/include/turtlesim/turtlesim/srv/detail/kill__type_support.c
[4.077s] -- Up-to-date: /home/ros2/ws01_plumbing/install/turtlesim/include/turtlesim/turtlesim/srv/detail/teleport_absolute__rosidl_typesupport_introspection_c.h
[4.078s] -- Up-to-date: /home/ros2/ws01_plumbing/install/turtlesim/include/turtlesim/turtlesim/srv/detail/set_pen__type_support.c
[4.078s] -- Up-to-date: /home/ros2/ws01_plumbing/install/turtlesim/include/turtlesim/turtlesim/srv/detail/kill__rosidl_typesupport_introspection_c.h
[4.078s] -- Up-to-date: /home/ros2/ws01_plumbing/install/turtlesim/include/turtlesim/turtlesim/srv/detail/teleport_relative__type_support.c
[4.078s] -- Up-to-date: /home/ros2/ws01_plumbing/install/turtlesim/include/turtlesim/turtlesim/srv/detail/spawn__rosidl_typesupport_introspection_c.h
[4.078s] -- Up-to-date: /home/ros2/ws01_plumbing/install/turtlesim/include/turtlesim/turtlesim/srv/detail/spawn__type_support.c
[4.079s] -- Up-to-date: /home/ros2/ws01_plumbing/install/turtlesim/include/turtlesim/turtlesim/srv/detail/teleport_relative__rosidl_typesupport_introspection_c.h
[4.079s] -- Up-to-date: /home/ros2/ws01_plumbing/install/turtlesim/lib/libturtlesim__rosidl_typesupport_introspection_c.so
[4.079s] -- Up-to-date: /home/ros2/ws01_plumbing/install/turtlesim/lib/libturtlesim__rosidl_typesupport_c.so
[4.079s] -- Up-to-date: /home/ros2/ws01_plumbing/install/turtlesim/include/turtlesim/turtlesim
[4.080s] -- Up-to-date: /home/ros2/ws01_plumbing/install/turtlesim/include/turtlesim/turtlesim/action
[4.080s] -- Up-to-date: /home/ros2/ws01_plumbing/install/turtlesim/include/turtlesim/turtlesim/action/detail
[4.080s] -- Up-to-date: /home/ros2/ws01_plumbing/install/turtlesim/include/turtlesim/turtlesim/action/detail/rotate_absolute__rosidl_typesupport_introspection_cpp.hpp
[4.080s] -- Up-to-date: /home/ros2/ws01_plumbing/install/turtlesim/include/turtlesim/turtlesim/action/detail/rotate_absolute__type_support.cpp
[4.080s] -- Up-to-date: /home/ros2/ws01_plumbing/install/turtlesim/include/turtlesim/turtlesim/msg
[4.080s] -- Up-to-date: /home/ros2/ws01_plumbing/install/turtlesim/include/turtlesim/turtlesim/msg/detail
[4.081s] -- Up-to-date: /home/ros2/ws01_plumbing/install/turtlesim/include/turtlesim/turtlesim/msg/detail/pose__rosidl_typesupport_introspection_cpp.hpp
[4.081s] -- Up-to-date: /home/ros2/ws01_plumbing/install/turtlesim/include/turtlesim/turtlesim/msg/detail/color__rosidl_typesupport_introspection_cpp.hpp
[4.081s] -- Up-to-date: /home/ros2/ws01_plumbing/install/turtlesim/include/turtlesim/turtlesim/msg/detail/color__type_support.cpp
[4.087s] -- Up-to-date: /home/ros2/ws01_plumbing/install/turtlesim/include/turtlesim/turtlesim/msg/detail/pose__type_support.cpp
[4.088s] -- Up-to-date: /home/ros2/ws01_plumbing/install/turtlesim/include/turtlesim/turtlesim/srv
[4.088s] -- Up-to-date: /home/ros2/ws01_plumbing/install/turtlesim/include/turtlesim/turtlesim/srv/detail
[4.088s] -- Up-to-date: /home/ros2/ws01_plumbing/install/turtlesim/include/turtlesim/turtlesim/srv/detail/kill__type_support.cpp
[4.088s] -- Up-to-date: /home/ros2/ws01_plumbing/install/turtlesim/include/turtlesim/turtlesim/srv/detail/teleport_absolute__type_support.cpp
[4.089s] -- Up-to-date: /home/ros2/ws01_plumbing/install/turtlesim/include/turtlesim/turtlesim/srv/detail/kill__rosidl_typesupport_introspection_cpp.hpp
[4.089s] -- Up-to-date: /home/ros2/ws01_plumbing/install/turtlesim/include/turtlesim/turtlesim/srv/detail/set_pen__type_support.cpp
[4.089s] -- Up-to-date: /home/ros2/ws01_plumbing/install/turtlesim/include/turtlesim/turtlesim/srv/detail/teleport_relative__rosidl_typesupport_introspection_cpp.hpp
[4.089s] -- Up-to-date: /home/ros2/ws01_plumbing/install/turtlesim/include/turtlesim/turtlesim/srv/detail/teleport_relative__type_support.cpp
[4.090s] -- Up-to-date: /home/ros2/ws01_plumbing/install/turtlesim/include/turtlesim/turtlesim/srv/detail/set_pen__rosidl_typesupport_introspection_cpp.hpp
[4.090s] -- Up-to-date: /home/ros2/ws01_plumbing/install/turtlesim/include/turtlesim/turtlesim/srv/detail/teleport_absolute__rosidl_typesupport_introspection_cpp.hpp
[4.090s] -- Up-to-date: /home/ros2/ws01_plumbing/install/turtlesim/include/turtlesim/turtlesim/srv/detail/spawn__type_support.cpp
[4.091s] -- Up-to-date: /home/ros2/ws01_plumbing/install/turtlesim/include/turtlesim/turtlesim/srv/detail/spawn__rosidl_typesupport_introspection_cpp.hpp
[4.091s] -- Up-to-date: /home/ros2/ws01_plumbing/install/turtlesim/lib/libturtlesim__rosidl_typesupport_introspection_cpp.so
[4.091s] -- Up-to-date: /home/ros2/ws01_plumbing/install/turtlesim/lib/libturtlesim__rosidl_typesupport_cpp.so
[4.092s] -- Up-to-date: /home/ros2/ws01_plumbing/install/turtlesim/share/turtlesim/environment/pythonpath.sh
[4.092s] -- Up-to-date: /home/ros2/ws01_plumbing/install/turtlesim/share/turtlesim/environment/pythonpath.dsv
[4.092s] -- Up-to-date: /home/ros2/ws01_plumbing/install/turtlesim/local/lib/python3.10/dist-packages/turtlesim-1.4.2-py3.10.egg-info
[4.092s] -- Installing: /home/ros2/ws01_plumbing/install/turtlesim/local/lib/python3.10/dist-packages/turtlesim-1.4.2-py3.10.egg-info/top_level.txt
[4.092s] -- Installing: /home/ros2/ws01_plumbing/install/turtlesim/local/lib/python3.10/dist-packages/turtlesim-1.4.2-py3.10.egg-info/dependency_links.txt
[4.093s] -- Installing: /home/ros2/ws01_plumbing/install/turtlesim/local/lib/python3.10/dist-packages/turtlesim-1.4.2-py3.10.egg-info/SOURCES.txt
[4.093s] -- Installing: /home/ros2/ws01_plumbing/install/turtlesim/local/lib/python3.10/dist-packages/turtlesim-1.4.2-py3.10.egg-info/PKG-INFO
[4.093s] -- Up-to-date: /home/ros2/ws01_plumbing/install/turtlesim/local/lib/python3.10/dist-packages/turtlesim
[4.093s] -- Up-to-date: /home/ros2/ws01_plumbing/install/turtlesim/local/lib/python3.10/dist-packages/turtlesim/_turtlesim_s.ep.rosidl_typesupport_c.c
[4.093s] -- Up-to-date: /home/ros2/ws01_plumbing/install/turtlesim/local/lib/python3.10/dist-packages/turtlesim/action
[4.094s] -- Up-to-date: /home/ros2/ws01_plumbing/install/turtlesim/local/lib/python3.10/dist-packages/turtlesim/action/_rotate_absolute.py
[4.094s] -- Up-to-date: /home/ros2/ws01_plumbing/install/turtlesim/local/lib/python3.10/dist-packages/turtlesim/action/_rotate_absolute_s.c
[4.094s] -- Up-to-date: /home/ros2/ws01_plumbing/install/turtlesim/local/lib/python3.10/dist-packages/turtlesim/action/__init__.py
[4.094s] -- Up-to-date: /home/ros2/ws01_plumbing/install/turtlesim/local/lib/python3.10/dist-packages/turtlesim/msg
[4.095s] -- Up-to-date: /home/ros2/ws01_plumbing/install/turtlesim/local/lib/python3.10/dist-packages/turtlesim/msg/_pose_s.c
[4.095s] -- Up-to-date: /home/ros2/ws01_plumbing/install/turtlesim/local/lib/python3.10/dist-packages/turtlesim/msg/__init__.py
[4.095s] -- Up-to-date: /home/ros2/ws01_plumbing/install/turtlesim/local/lib/python3.10/dist-packages/turtlesim/msg/_color.py
[4.096s] -- Up-to-date: /home/ros2/ws01_plumbing/install/turtlesim/local/lib/python3.10/dist-packages/turtlesim/msg/_pose.py
[4.096s] -- Up-to-date: /home/ros2/ws01_plumbing/install/turtlesim/local/lib/python3.10/dist-packages/turtlesim/msg/_color_s.c
[4.096s] -- Up-to-date: /home/ros2/ws01_plumbing/install/turtlesim/local/lib/python3.10/dist-packages/turtlesim/__init__.py
[4.096s] -- Up-to-date: /home/ros2/ws01_plumbing/install/turtlesim/local/lib/python3.10/dist-packages/turtlesim/libturtlesim__rosidl_generator_py.so
[4.096s] -- Up-to-date: /home/ros2/ws01_plumbing/install/turtlesim/local/lib/python3.10/dist-packages/turtlesim/turtlesim_s__rosidl_typesupport_c.cpython-310-x86_64-linux-gnu.so
[4.097s] -- Up-to-date: /home/ros2/ws01_plumbing/install/turtlesim/local/lib/python3.10/dist-packages/turtlesim/srv
[4.097s] -- Up-to-date: /home/ros2/ws01_plumbing/install/turtlesim/local/lib/python3.10/dist-packages/turtlesim/srv/_teleport_absolute.py
[4.097s] -- Up-to-date: /home/ros2/ws01_plumbing/install/turtlesim/local/lib/python3.10/dist-packages/turtlesim/srv/__init__.py
[4.097s] -- Up-to-date: /home/ros2/ws01_plumbing/install/turtlesim/local/lib/python3.10/dist-packages/turtlesim/srv/_teleport_relative.py
[4.098s] -- Up-to-date: /home/ros2/ws01_plumbing/install/turtlesim/local/lib/python3.10/dist-packages/turtlesim/srv/_kill.py
[4.098s] -- Up-to-date: /home/ros2/ws01_plumbing/install/turtlesim/local/lib/python3.10/dist-packages/turtlesim/srv/_set_pen.py
[4.098s] -- Up-to-date: /home/ros2/ws01_plumbing/install/turtlesim/local/lib/python3.10/dist-packages/turtlesim/srv/_spawn_s.c
[4.104s] -- Up-to-date: /home/ros2/ws01_plumbing/install/turtlesim/local/lib/python3.10/dist-packages/turtlesim/srv/_kill_s.c
[4.105s] -- Up-to-date: /home/ros2/ws01_plumbing/install/turtlesim/local/lib/python3.10/dist-packages/turtlesim/srv/_set_pen_s.c
[4.105s] -- Up-to-date: /home/ros2/ws01_plumbing/install/turtlesim/local/lib/python3.10/dist-packages/turtlesim/srv/_teleport_relative_s.c
[4.105s] -- Up-to-date: /home/ros2/ws01_plumbing/install/turtlesim/local/lib/python3.10/dist-packages/turtlesim/srv/_teleport_absolute_s.c
[4.106s] -- Up-to-date: /home/ros2/ws01_plumbing/install/turtlesim/local/lib/python3.10/dist-packages/turtlesim/srv/_spawn.py
[4.106s] -- Up-to-date: /home/ros2/ws01_plumbing/install/turtlesim/local/lib/python3.10/dist-packages/turtlesim/_turtlesim_s.ep.rosidl_typesupport_fastrtps_c.c
[4.106s] -- Up-to-date: /home/ros2/ws01_plumbing/install/turtlesim/local/lib/python3.10/dist-packages/turtlesim/turtlesim_s__rosidl_typesupport_introspection_c.cpython-310-x86_64-linux-gnu.so
[4.106s] -- Up-to-date: /home/ros2/ws01_plumbing/install/turtlesim/local/lib/python3.10/dist-packages/turtlesim/turtlesim_s__rosidl_typesupport_fastrtps_c.cpython-310-x86_64-linux-gnu.so
[4.107s] -- Up-to-date: /home/ros2/ws01_plumbing/install/turtlesim/local/lib/python3.10/dist-packages/turtlesim/_turtlesim_s.ep.rosidl_typesupport_introspection_c.c
[4.118s] Listing '/home/ros2/ws01_plumbing/install/turtlesim/local/lib/python3.10/dist-packages/turtlesim'...
[4.120s] Listing '/home/ros2/ws01_plumbing/install/turtlesim/local/lib/python3.10/dist-packages/turtlesim/action'...
[4.120s] Listing '/home/ros2/ws01_plumbing/install/turtlesim/local/lib/python3.10/dist-packages/turtlesim/msg'...
[4.121s] Listing '/home/ros2/ws01_plumbing/install/turtlesim/local/lib/python3.10/dist-packages/turtlesim/srv'...
[4.139s] -- Up-to-date: /home/ros2/ws01_plumbing/install/turtlesim/local/lib/python3.10/dist-packages/turtlesim/turtlesim_s__rosidl_typesupport_fastrtps_c.cpython-310-x86_64-linux-gnu.so
[4.140s] -- Up-to-date: /home/ros2/ws01_plumbing/install/turtlesim/local/lib/python3.10/dist-packages/turtlesim/turtlesim_s__rosidl_typesupport_introspection_c.cpython-310-x86_64-linux-gnu.so
[4.141s] -- Up-to-date: /home/ros2/ws01_plumbing/install/turtlesim/local/lib/python3.10/dist-packages/turtlesim/turtlesim_s__rosidl_typesupport_c.cpython-310-x86_64-linux-gnu.so
[4.144s] -- Up-to-date: /home/ros2/ws01_plumbing/install/turtlesim/lib/libturtlesim__rosidl_generator_py.so
[4.145s] -- Up-to-date: /home/ros2/ws01_plumbing/install/turtlesim/share/turtlesim/action/RotateAbsolute.idl
[4.148s] -- Up-to-date: /home/ros2/ws01_plumbing/install/turtlesim/share/turtlesim/msg/Color.idl
[4.149s] -- Up-to-date: /home/ros2/ws01_plumbing/install/turtlesim/share/turtlesim/msg/Pose.idl
[4.150s] -- Up-to-date: /home/ros2/ws01_plumbing/install/turtlesim/share/turtlesim/srv/Kill.idl
[4.154s] -- Up-to-date: /home/ros2/ws01_plumbing/install/turtlesim/share/turtlesim/srv/SetPen.idl
[4.156s] -- Up-to-date: /home/ros2/ws01_plumbing/install/turtlesim/share/turtlesim/srv/Spawn.idl
[4.158s] -- Up-to-date: /home/ros2/ws01_plumbing/install/turtlesim/share/turtlesim/srv/TeleportAbsolute.idl
[4.158s] -- Up-to-date: /home/ros2/ws01_plumbing/install/turtlesim/share/turtlesim/srv/TeleportRelative.idl
[4.159s] -- Up-to-date: /home/ros2/ws01_plumbing/install/turtlesim/share/turtlesim/action/RotateAbsolute.action
[4.160s] -- Up-to-date: /home/ros2/ws01_plumbing/install/turtlesim/share/turtlesim/msg/Color.msg
[4.161s] -- Up-to-date: /home/ros2/ws01_plumbing/install/turtlesim/share/turtlesim/msg/Pose.msg
[4.163s] -- Up-to-date: /home/ros2/ws01_plumbing/install/turtlesim/share/turtlesim/srv/Kill.srv
[4.172s] -- Up-to-date: /home/ros2/ws01_plumbing/install/turtlesim/share/turtlesim/srv/Kill_Request.msg
[4.172s] -- Up-to-date: /home/ros2/ws01_plumbing/install/turtlesim/share/turtlesim/srv/Kill_Response.msg
[4.172s] -- Up-to-date: /home/ros2/ws01_plumbing/install/turtlesim/share/turtlesim/srv/SetPen.srv
[4.173s] -- Up-to-date: /home/ros2/ws01_plumbing/install/turtlesim/share/turtlesim/srv/SetPen_Request.msg
[4.173s] -- Up-to-date: /home/ros2/ws01_plumbing/install/turtlesim/share/turtlesim/srv/SetPen_Response.msg
[4.173s] -- Up-to-date: /home/ros2/ws01_plumbing/install/turtlesim/share/turtlesim/srv/Spawn.srv
[4.173s] -- Up-to-date: /home/ros2/ws01_plumbing/install/turtlesim/share/turtlesim/srv/Spawn_Request.msg
[4.174s] -- Up-to-date: /home/ros2/ws01_plumbing/install/turtlesim/share/turtlesim/srv/Spawn_Response.msg
[4.174s] -- Up-to-date: /home/ros2/ws01_plumbing/install/turtlesim/share/turtlesim/srv/TeleportAbsolute.srv
[4.174s] -- Up-to-date: /home/ros2/ws01_plumbing/install/turtlesim/share/turtlesim/srv/TeleportAbsolute_Request.msg
[4.174s] -- Up-to-date: /home/ros2/ws01_plumbing/install/turtlesim/share/turtlesim/srv/TeleportAbsolute_Response.msg
[4.175s] -- Up-to-date: /home/ros2/ws01_plumbing/install/turtlesim/share/turtlesim/srv/TeleportRelative.srv
[4.176s] -- Up-to-date: /home/ros2/ws01_plumbing/install/turtlesim/share/turtlesim/srv/TeleportRelative_Request.msg
[4.176s] -- Up-to-date: /home/ros2/ws01_plumbing/install/turtlesim/share/turtlesim/srv/TeleportRelative_Response.msg
[4.177s] -- Up-to-date: /home/ros2/ws01_plumbing/install/turtlesim/lib/turtlesim/turtlesim_node
[4.177s] -- Up-to-date: /home/ros2/ws01_plumbing/install/turtlesim/lib/turtlesim/turtle_teleop_key
[4.178s] -- Up-to-date: /home/ros2/ws01_plumbing/install/turtlesim/lib/turtlesim/draw_square
[4.178s] -- Up-to-date: /home/ros2/ws01_plumbing/install/turtlesim/lib/turtlesim/mimic
[4.178s] -- Up-to-date: /home/ros2/ws01_plumbing/install/turtlesim/share/turtlesim/images
[4.179s] -- Up-to-date: /home/ros2/ws01_plumbing/install/turtlesim/share/turtlesim/images/eloquent.png
[4.179s] -- Up-to-date: /home/ros2/ws01_plumbing/install/turtlesim/share/turtlesim/images/galactic.png
[4.179s] -- Up-to-date: /home/ros2/ws01_plumbing/install/turtlesim/share/turtlesim/images/bouncy.png
[4.179s] -- Up-to-date: /home/ros2/ws01_plumbing/install/turtlesim/share/turtlesim/images/foxy.png
[4.180s] -- Up-to-date: /home/ros2/ws01_plumbing/install/turtlesim/share/turtlesim/images/ardent.png
[4.180s] -- Up-to-date: /home/ros2/ws01_plumbing/install/turtlesim/share/turtlesim/images/humble.png
[4.180s] -- Up-to-date: /home/ros2/ws01_plumbing/install/turtlesim/share/turtlesim/images/dashing.png
[4.181s] -- Up-to-date: /home/ros2/ws01_plumbing/install/turtlesim/share/turtlesim/images/rolling.png
[4.181s] -- Up-to-date: /home/ros2/ws01_plumbing/install/turtlesim/share/turtlesim/images/crystal.png
[4.186s] -- Up-to-date: /home/ros2/ws01_plumbing/install/turtlesim/share/turtlesim/launch
[4.186s] -- Up-to-date: /home/ros2/ws01_plumbing/install/turtlesim/share/turtlesim/launch/multisim.launch.py
[4.187s] -- Up-to-date: /home/ros2/ws01_plumbing/install/turtlesim/share/ament_index/resource_index/package_run_dependencies/turtlesim
[4.187s] -- Up-to-date: /home/ros2/ws01_plumbing/install/turtlesim/share/ament_index/resource_index/parent_prefix_path/turtlesim
[4.187s] -- Up-to-date: /home/ros2/ws01_plumbing/install/turtlesim/share/turtlesim/environment/ament_prefix_path.sh
[4.188s] -- Up-to-date: /home/ros2/ws01_plumbing/install/turtlesim/share/turtlesim/environment/ament_prefix_path.dsv
[4.216s] -- Up-to-date: /home/ros2/ws01_plumbing/install/turtlesim/share/turtlesim/environment/path.sh
[4.220s] -- Up-to-date: /home/ros2/ws01_plumbing/install/turtlesim/share/turtlesim/environment/path.dsv
[4.220s] -- Up-to-date: /home/ros2/ws01_plumbing/install/turtlesim/share/turtlesim/local_setup.bash
[4.221s] -- Up-to-date: /home/ros2/ws01_plumbing/install/turtlesim/share/turtlesim/local_setup.sh
[4.221s] -- Up-to-date: /home/ros2/ws01_plumbing/install/turtlesim/share/turtlesim/local_setup.zsh
[4.221s] -- Up-to-date: /home/ros2/ws01_plumbing/install/turtlesim/share/turtlesim/local_setup.dsv
[4.221s] -- Installing: /home/ros2/ws01_plumbing/install/turtlesim/share/turtlesim/package.dsv
[4.222s] -- Up-to-date: /home/ros2/ws01_plumbing/install/turtlesim/share/ament_index/resource_index/packages/turtlesim
[4.222s] -- Up-to-date: /home/ros2/ws01_plumbing/install/turtlesim/share/turtlesim/cmake/export_turtlesim__rosidl_generator_cExport.cmake
[4.223s] -- Up-to-date: /home/ros2/ws01_plumbing/install/turtlesim/share/turtlesim/cmake/export_turtlesim__rosidl_generator_cExport-noconfig.cmake
[4.223s] -- Up-to-date: /home/ros2/ws01_plumbing/install/turtlesim/share/turtlesim/cmake/export_turtlesim__rosidl_typesupport_fastrtps_cExport.cmake
[4.224s] -- Up-to-date: /home/ros2/ws01_plumbing/install/turtlesim/share/turtlesim/cmake/export_turtlesim__rosidl_typesupport_fastrtps_cExport-noconfig.cmake
[4.227s] -- Up-to-date: /home/ros2/ws01_plumbing/install/turtlesim/share/turtlesim/cmake/export_turtlesim__rosidl_generator_cppExport.cmake
[4.230s] -- Up-to-date: /home/ros2/ws01_plumbing/install/turtlesim/share/turtlesim/cmake/export_turtlesim__rosidl_typesupport_fastrtps_cppExport.cmake
[4.230s] -- Up-to-date: /home/ros2/ws01_plumbing/install/turtlesim/share/turtlesim/cmake/export_turtlesim__rosidl_typesupport_fastrtps_cppExport-noconfig.cmake
[4.232s] -- Up-to-date: /home/ros2/ws01_plumbing/install/turtlesim/share/turtlesim/cmake/turtlesim__rosidl_typesupport_introspection_cExport.cmake
[4.239s] -- Up-to-date: /home/ros2/ws01_plumbing/install/turtlesim/share/turtlesim/cmake/turtlesim__rosidl_typesupport_introspection_cExport-noconfig.cmake
[4.240s] -- Up-to-date: /home/ros2/ws01_plumbing/install/turtlesim/share/turtlesim/cmake/turtlesim__rosidl_typesupport_cExport.cmake
[4.241s] -- Up-to-date: /home/ros2/ws01_plumbing/install/turtlesim/share/turtlesim/cmake/turtlesim__rosidl_typesupport_cExport-noconfig.cmake
[4.244s] -- Up-to-date: /home/ros2/ws01_plumbing/install/turtlesim/share/turtlesim/cmake/turtlesim__rosidl_typesupport_introspection_cppExport.cmake
[4.244s] -- Up-to-date: /home/ros2/ws01_plumbing/install/turtlesim/share/turtlesim/cmake/turtlesim__rosidl_typesupport_introspection_cppExport-noconfig.cmake
[4.246s] -- Up-to-date: /home/ros2/ws01_plumbing/install/turtlesim/share/turtlesim/cmake/turtlesim__rosidl_typesupport_cppExport.cmake
[4.247s] -- Up-to-date: /home/ros2/ws01_plumbing/install/turtlesim/share/turtlesim/cmake/turtlesim__rosidl_typesupport_cppExport-noconfig.cmake
[4.250s] -- Up-to-date: /home/ros2/ws01_plumbing/install/turtlesim/share/turtlesim/cmake/export_turtlesim__rosidl_generator_pyExport.cmake
[4.250s] -- Up-to-date: /home/ros2/ws01_plumbing/install/turtlesim/share/turtlesim/cmake/export_turtlesim__rosidl_generator_pyExport-noconfig.cmake
[4.255s] -- Up-to-date: /home/ros2/ws01_plumbing/install/turtlesim/share/turtlesim/cmake/rosidl_cmake-extras.cmake
[4.257s] -- Up-to-date: /home/ros2/ws01_plumbing/install/turtlesim/share/turtlesim/cmake/ament_cmake_export_dependencies-extras.cmake
[4.258s] -- Up-to-date: /home/ros2/ws01_plumbing/install/turtlesim/share/turtlesim/cmake/ament_cmake_export_include_directories-extras.cmake
[4.260s] -- Up-to-date: /home/ros2/ws01_plumbing/install/turtlesim/share/turtlesim/cmake/ament_cmake_export_libraries-extras.cmake
[4.260s] -- Up-to-date: /home/ros2/ws01_plumbing/install/turtlesim/share/turtlesim/cmake/ament_cmake_export_targets-extras.cmake
[4.260s] -- Up-to-date: /home/ros2/ws01_plumbing/install/turtlesim/share/turtlesim/cmake/rosidl_cmake_export_typesupport_targets-extras.cmake
[4.270s] -- Up-to-date: /home/ros2/ws01_plumbing/install/turtlesim/share/turtlesim/cmake/rosidl_cmake_export_typesupport_libraries-extras.cmake
[4.272s] -- Up-to-date: /home/ros2/ws01_plumbing/install/turtlesim/share/turtlesim/cmake/turtlesimConfig.cmake
[4.274s] -- Up-to-date: /home/ros2/ws01_plumbing/install/turtlesim/share/turtlesim/cmake/turtlesimConfig-version.cmake
[4.277s] -- Up-to-date: /home/ros2/ws01_plumbing/install/turtlesim/share/turtlesim/package.xml
[4.278s] Invoked command in '/home/ros2/ws01_plumbing/build/turtlesim' returned '0': CMAKE_PREFIX_PATH=${CMAKE_PREFIX_PATH}:/home/ros2/ws01_plumbing/install/py06_time:/home/ros2/ws01_plumbing/install/py05_names:/home/ros2/ws01_plumbing/install/py04_param:/home/ros2/ws01_plumbing/install/py03_action:/home/ros2/ws01_plumbing/install/py02_service:/home/ros2/ws01_plumbing/install/py01_topic:/opt/ros/humble /usr/bin/cmake --install /home/ros2/ws01_plumbing/build/turtlesim
