[3.718s] Invoking command in '/home/ros2/ws01_plumbing/src/py03_action': CMAKE_PREFIX_PATH=/home/ros2/ws01_plumbing/install/base_interfaces_demo:/home/ros2/ws01_plumbing/install/cpp03_action:/home/ros2/ws01_plumbing/install/cpp02_service:/home/ros2/ws01_plumbing/install/cpp01_topic PYTHONPATH=/home/ros2/ws01_plumbing/install/py03_action/lib/python3.10/site-packages:${PYTHONPATH} /usr/bin/python3 setup.py egg_info --egg-base ../../build/py03_action build --build-base /home/ros2/ws01_plumbing/build/py03_action/build install --prefix /home/ros2/ws01_plumbing/install/py03_action --record /home/ros2/ws01_plumbing/build/py03_action/install.log --single-version-externally-managed
[4.768s] running egg_info
[4.771s] writing ../../build/py03_action/py03_action.egg-info/PKG-INFO
[4.772s] writing dependency_links to ../../build/py03_action/py03_action.egg-info/dependency_links.txt
[4.775s] writing entry points to ../../build/py03_action/py03_action.egg-info/entry_points.txt
[4.775s] writing requirements to ../../build/py03_action/py03_action.egg-info/requires.txt
[4.776s] writing top-level names to ../../build/py03_action/py03_action.egg-info/top_level.txt
[4.834s] reading manifest file '../../build/py03_action/py03_action.egg-info/SOURCES.txt'
[4.860s] writing manifest file '../../build/py03_action/py03_action.egg-info/SOURCES.txt'
[4.862s] running build
[4.865s] running build_py
[4.866s] copying py03_action/demo01_action_server_py.py -> /home/ros2/ws01_plumbing/build/py03_action/build/lib/py03_action
[4.866s] running install
[4.887s] /usr/lib/python3/dist-packages/setuptools/command/install.py:34: SetuptoolsDeprecationWarning: setup.py install is deprecated. Use build and pip and other standards-based tools.
[4.888s]   warnings.warn(
[4.891s] running install_lib
[4.892s] copying /home/ros2/ws01_plumbing/build/py03_action/build/lib/py03_action/demo01_action_server_py.py -> /home/ros2/ws01_plumbing/install/py03_action/lib/python3.10/site-packages/py03_action
[4.894s] byte-compiling /home/ros2/ws01_plumbing/install/py03_action/lib/python3.10/site-packages/py03_action/demo01_action_server_py.py to demo01_action_server_py.cpython-310.pyc
[4.899s] running install_data
[4.901s] running install_egg_info
[4.916s] removing '/home/ros2/ws01_plumbing/install/py03_action/lib/python3.10/site-packages/py03_action-0.0.0-py3.10.egg-info' (and everything under it)
[4.919s] Copying ../../build/py03_action/py03_action.egg-info to /home/ros2/ws01_plumbing/install/py03_action/lib/python3.10/site-packages/py03_action-0.0.0-py3.10.egg-info
[4.938s] running install_scripts
[5.037s] Installing demo01_action_server_py script to /home/ros2/ws01_plumbing/install/py03_action/lib/py03_action
[5.038s] Installing demo02_action_client_py script to /home/ros2/ws01_plumbing/install/py03_action/lib/py03_action
[5.040s] writing list of installed files to '/home/ros2/ws01_plumbing/build/py03_action/install.log'
[5.157s] Invoked command in '/home/ros2/ws01_plumbing/src/py03_action' returned '0': CMAKE_PREFIX_PATH=/home/ros2/ws01_plumbing/install/base_interfaces_demo:/home/ros2/ws01_plumbing/install/cpp03_action:/home/ros2/ws01_plumbing/install/cpp02_service:/home/ros2/ws01_plumbing/install/cpp01_topic PYTHONPATH=/home/ros2/ws01_plumbing/install/py03_action/lib/python3.10/site-packages:${PYTHONPATH} /usr/bin/python3 setup.py egg_info --egg-base ../../build/py03_action build --build-base /home/ros2/ws01_plumbing/build/py03_action/build install --prefix /home/ros2/ws01_plumbing/install/py03_action --record /home/ros2/ws01_plumbing/build/py03_action/install.log --single-version-externally-managed
