[0.074s] Invoking command in '/home/ros2/ws01_plumbing/build/cpp07_exercise': CMAKE_PREFIX_PATH=/home/ros2/ws01_plumbing/install/turtlesim:/home/ros2/ws01_plumbing/install/base_interfaces_demo:/home/ros2/ws01_plumbing/install/tutorails_plumbing:/home/ros2/ws01_plumbing/install/cpp07_exercise:/home/ros2/ws01_plumbing/install/cpp06_time:/home/ros2/ws01_plumbing/install/cpp05_names:/home/ros2/ws01_plumbing/install/cpp04_param:/home/ros2/ws01_plumbing/install/cpp03_action:/home/ros2/ws01_plumbing/install/cpp02_service:/home/ros2/ws01_plumbing/install/cpp01_topic:/home/ros2/ws01_plumbing/install/py06_time:/home/ros2/ws01_plumbing/install/py05_names:/home/ros2/ws01_plumbing/install/py04_param:/home/ros2/ws01_plumbing/install/py03_action:/home/ros2/ws01_plumbing/install/py02_service:/home/ros2/ws01_plumbing/install/py01_topic:/opt/ros/humble /usr/bin/cmake --build /home/ros2/ws01_plumbing/build/cpp07_exercise -- -j4 -l4
[0.338s] [ 20%] Built target exer03_client
[0.353s] [ 40%] Built target exer04_action_server
[0.432s] [35m[1mConsolidate compiler generated dependencies of target exer05_action_client[0m
[0.439s] [ 60%] Built target exer01_pub_sub
[0.448s] [ 80%] Built target exer02_server
[0.520s] [ 90%] [32mBuilding CXX object CMakeFiles/exer05_action_client.dir/src/exer05_action_client.cpp.o[0m
[13.790s] [100%] [32m[1mLinking CXX executable exer05_action_client[0m
[14.341s] [100%] Built target exer05_action_client
[14.383s] Invoked command in '/home/ros2/ws01_plumbing/build/cpp07_exercise' returned '0': CMAKE_PREFIX_PATH=/home/ros2/ws01_plumbing/install/turtlesim:/home/ros2/ws01_plumbing/install/base_interfaces_demo:/home/ros2/ws01_plumbing/install/tutorails_plumbing:/home/ros2/ws01_plumbing/install/cpp07_exercise:/home/ros2/ws01_plumbing/install/cpp06_time:/home/ros2/ws01_plumbing/install/cpp05_names:/home/ros2/ws01_plumbing/install/cpp04_param:/home/ros2/ws01_plumbing/install/cpp03_action:/home/ros2/ws01_plumbing/install/cpp02_service:/home/ros2/ws01_plumbing/install/cpp01_topic:/home/ros2/ws01_plumbing/install/py06_time:/home/ros2/ws01_plumbing/install/py05_names:/home/ros2/ws01_plumbing/install/py04_param:/home/ros2/ws01_plumbing/install/py03_action:/home/ros2/ws01_plumbing/install/py02_service:/home/ros2/ws01_plumbing/install/py01_topic:/opt/ros/humble /usr/bin/cmake --build /home/ros2/ws01_plumbing/build/cpp07_exercise -- -j4 -l4
[14.634s] Invoking command in '/home/ros2/ws01_plumbing/build/cpp07_exercise': CMAKE_PREFIX_PATH=/home/ros2/ws01_plumbing/install/turtlesim:/home/ros2/ws01_plumbing/install/base_interfaces_demo:/home/ros2/ws01_plumbing/install/tutorails_plumbing:/home/ros2/ws01_plumbing/install/cpp07_exercise:/home/ros2/ws01_plumbing/install/cpp06_time:/home/ros2/ws01_plumbing/install/cpp05_names:/home/ros2/ws01_plumbing/install/cpp04_param:/home/ros2/ws01_plumbing/install/cpp03_action:/home/ros2/ws01_plumbing/install/cpp02_service:/home/ros2/ws01_plumbing/install/cpp01_topic:/home/ros2/ws01_plumbing/install/py06_time:/home/ros2/ws01_plumbing/install/py05_names:/home/ros2/ws01_plumbing/install/py04_param:/home/ros2/ws01_plumbing/install/py03_action:/home/ros2/ws01_plumbing/install/py02_service:/home/ros2/ws01_plumbing/install/py01_topic:/opt/ros/humble /usr/bin/cmake --install /home/ros2/ws01_plumbing/build/cpp07_exercise
[14.670s] -- Install configuration: ""
[14.673s] -- Up-to-date: /home/ros2/ws01_plumbing/install/cpp07_exercise/lib/cpp07_exercise/exer01_pub_sub
[14.677s] -- Up-to-date: /home/ros2/ws01_plumbing/install/cpp07_exercise/lib/cpp07_exercise/exer02_server
[14.681s] -- Up-to-date: /home/ros2/ws01_plumbing/install/cpp07_exercise/lib/cpp07_exercise/exer03_client
[14.683s] -- Up-to-date: /home/ros2/ws01_plumbing/install/cpp07_exercise/lib/cpp07_exercise/exer04_action_server
[14.685s] -- Installing: /home/ros2/ws01_plumbing/install/cpp07_exercise/lib/cpp07_exercise/exer05_action_client
[14.691s] -- Set runtime path of "/home/ros2/ws01_plumbing/install/cpp07_exercise/lib/cpp07_exercise/exer05_action_client" to ""
[14.691s] -- Up-to-date: /home/ros2/ws01_plumbing/install/cpp07_exercise/share/cpp07_exercise/launch
[14.692s] -- Up-to-date: /home/ros2/ws01_plumbing/install/cpp07_exercise/share/cpp07_exercise/launch/exer04_server_launch.py
[14.693s] -- Up-to-date: /home/ros2/ws01_plumbing/install/cpp07_exercise/share/cpp07_exercise/launch/exer02_server_launch.py
[14.693s] -- Up-to-date: /home/ros2/ws01_plumbing/install/cpp07_exercise/share/cpp07_exercise/launch/exer05_client_launch.py
[14.694s] -- Up-to-date: /home/ros2/ws01_plumbing/install/cpp07_exercise/share/cpp07_exercise/launch/exer03_client_launch.py
[14.694s] -- Up-to-date: /home/ros2/ws01_plumbing/install/cpp07_exercise/share/cpp07_exercise/launch/exer01_pub_sub_launch.py
[14.695s] -- Up-to-date: /home/ros2/ws01_plumbing/install/cpp07_exercise/share/ament_index/resource_index/package_run_dependencies/cpp07_exercise
[14.696s] -- Up-to-date: /home/ros2/ws01_plumbing/install/cpp07_exercise/share/ament_index/resource_index/parent_prefix_path/cpp07_exercise
[14.697s] -- Up-to-date: /home/ros2/ws01_plumbing/install/cpp07_exercise/share/cpp07_exercise/environment/ament_prefix_path.sh
[14.698s] -- Up-to-date: /home/ros2/ws01_plumbing/install/cpp07_exercise/share/cpp07_exercise/environment/ament_prefix_path.dsv
[14.699s] -- Up-to-date: /home/ros2/ws01_plumbing/install/cpp07_exercise/share/cpp07_exercise/environment/path.sh
[14.700s] -- Up-to-date: /home/ros2/ws01_plumbing/install/cpp07_exercise/share/cpp07_exercise/environment/path.dsv
[14.701s] -- Up-to-date: /home/ros2/ws01_plumbing/install/cpp07_exercise/share/cpp07_exercise/local_setup.bash
[14.701s] -- Up-to-date: /home/ros2/ws01_plumbing/install/cpp07_exercise/share/cpp07_exercise/local_setup.sh
[14.702s] -- Up-to-date: /home/ros2/ws01_plumbing/install/cpp07_exercise/share/cpp07_exercise/local_setup.zsh
[14.702s] -- Up-to-date: /home/ros2/ws01_plumbing/install/cpp07_exercise/share/cpp07_exercise/local_setup.dsv
[14.704s] -- Installing: /home/ros2/ws01_plumbing/install/cpp07_exercise/share/cpp07_exercise/package.dsv
[14.705s] -- Up-to-date: /home/ros2/ws01_plumbing/install/cpp07_exercise/share/ament_index/resource_index/packages/cpp07_exercise
[14.706s] -- Up-to-date: /home/ros2/ws01_plumbing/install/cpp07_exercise/share/cpp07_exercise/cmake/cpp07_exerciseConfig.cmake
[14.706s] -- Up-to-date: /home/ros2/ws01_plumbing/install/cpp07_exercise/share/cpp07_exercise/cmake/cpp07_exerciseConfig-version.cmake
[14.707s] -- Up-to-date: /home/ros2/ws01_plumbing/install/cpp07_exercise/share/cpp07_exercise/package.xml
[14.717s] Invoked command in '/home/ros2/ws01_plumbing/build/cpp07_exercise' returned '0': CMAKE_PREFIX_PATH=/home/ros2/ws01_plumbing/install/turtlesim:/home/ros2/ws01_plumbing/install/base_interfaces_demo:/home/ros2/ws01_plumbing/install/tutorails_plumbing:/home/ros2/ws01_plumbing/install/cpp07_exercise:/home/ros2/ws01_plumbing/install/cpp06_time:/home/ros2/ws01_plumbing/install/cpp05_names:/home/ros2/ws01_plumbing/install/cpp04_param:/home/ros2/ws01_plumbing/install/cpp03_action:/home/ros2/ws01_plumbing/install/cpp02_service:/home/ros2/ws01_plumbing/install/cpp01_topic:/home/ros2/ws01_plumbing/install/py06_time:/home/ros2/ws01_plumbing/install/py05_names:/home/ros2/ws01_plumbing/install/py04_param:/home/ros2/ws01_plumbing/install/py03_action:/home/ros2/ws01_plumbing/install/py02_service:/home/ros2/ws01_plumbing/install/py01_topic:/opt/ros/humble /usr/bin/cmake --install /home/ros2/ws01_plumbing/build/cpp07_exercise
