[0.094s] Invoking command in '/home/ros2/ws00_helloworld/build/turtlesim': CMAKE_PREFIX_PATH=/opt/ros/humble /usr/bin/cmake --build /home/ros2/ws00_helloworld/build/turtlesim -- -j4 -l4
[0.396s] -- Found ament_cmake: 1.3.2 (/opt/ros/humble/share/ament_cmake/cmake)
[1.293s] -- Found ament_index_cpp: 1.4.0 (/opt/ros/humble/share/ament_index_cpp/cmake)
[1.309s] -- Found geometry_msgs: 4.2.2 (/opt/ros/humble/share/geometry_msgs/cmake)
[1.530s] -- Found rosidl_generator_c: 3.1.3 (/opt/ros/humble/share/rosidl_generator_c/cmake)
[1.584s] -- Found rosidl_adapter: 3.1.3 (/opt/ros/humble/share/rosidl_adapter/cmake)
[1.620s] -- Found rosidl_generator_cpp: 3.1.3 (/opt/ros/humble/share/rosidl_generator_cpp/cmake)
[1.715s] -- Using all available rosidl_typesupport_c: rosidl_typesupport_fastrtps_c;rosidl_typesupport_introspection_c
[1.833s] -- Using all available rosidl_typesupport_cpp: rosidl_typesupport_fastrtps_cpp;rosidl_typesupport_introspection_cpp
[2.655s] -- Found rclcpp: 16.0.1 (/opt/ros/humble/share/rclcpp/cmake)
[3.025s] -- Found rmw_implementation_cmake: 6.1.0 (/opt/ros/humble/share/rmw_implementation_cmake/cmake)
[3.052s] -- Found rmw_fastrtps_cpp: 6.2.1 (/opt/ros/humble/share/rmw_fastrtps_cpp/cmake)
[3.605s] -- Using RMW implementation 'rmw_fastrtps_cpp' as default
[4.199s] -- Found rclcpp_action: 16.0.1 (/opt/ros/humble/share/rclcpp_action/cmake)
[4.701s] -- Found rosidl_default_generators: 1.2.0 (/opt/ros/humble/share/rosidl_default_generators/cmake)
[4.753s] -- Found std_srvs: 4.2.2 (/opt/ros/humble/share/std_srvs/cmake)
[6.214s] -- Found ament_cmake_ros: 0.10.0 (/opt/ros/humble/share/ament_cmake_ros/cmake)
[7.431s] -- Using all available rosidl_typesupport_c: rosidl_typesupport_fastrtps_c;rosidl_typesupport_introspection_c
[7.862s] -- Using all available rosidl_typesupport_cpp: rosidl_typesupport_fastrtps_cpp;rosidl_typesupport_introspection_cpp
[7.973s] -- Found python_cmake_module: 0.10.0 (/opt/ros/humble/share/python_cmake_module/cmake)
[8.095s] -- Using PYTHON_EXECUTABLE: /usr/bin/python3
[8.097s] -- Using PYTHON_INCLUDE_DIRS: /usr/include/python3.10
[8.097s] -- Using PYTHON_LIBRARIES: /usr/lib/x86_64-linux-gnu/libpython3.10.so
[8.352s] -- Configuring done
[8.707s] -- Generating done
[8.732s] -- Build files have been written to: /home/ros2/ws00_helloworld/build/turtlesim
[8.903s] [  1%] Built target turtlesim__cpp
[8.918s] [35m[1mConsolidate compiler generated dependencies of target turtlesim__rosidl_generator_c[0m
[8.987s] [35m[1mConsolidate compiler generated dependencies of target turtlesim__rosidl_typesupport_fastrtps_cpp[0m
[9.004s] [35m[1mConsolidate compiler generated dependencies of target turtlesim__rosidl_typesupport_cpp[0m
[9.035s] [ 11%] Built target turtlesim__rosidl_generator_c
[9.070s] [ 11%] Built target ament_cmake_python_copy_turtlesim
[9.143s] [ 21%] Built target turtlesim__rosidl_typesupport_fastrtps_cpp
[9.159s] [35m[1mConsolidate compiler generated dependencies of target turtlesim__rosidl_typesupport_fastrtps_c[0m
[9.195s] [ 31%] Built target turtlesim__rosidl_typesupport_cpp
[9.208s] [35m[1mConsolidate compiler generated dependencies of target turtlesim__rosidl_typesupport_introspection_cpp[0m
[9.222s] [35m[1mConsolidate compiler generated dependencies of target turtlesim__rosidl_typesupport_introspection_c[0m
[9.263s] [ 41%] Built target turtlesim__rosidl_typesupport_introspection_c
[9.275s] [35m[1mConsolidate compiler generated dependencies of target turtlesim__rosidl_typesupport_c[0m
[9.333s] [ 51%] Built target turtlesim__rosidl_typesupport_fastrtps_c
[9.383s] [ 61%] Built target turtlesim__rosidl_typesupport_c
[9.394s] [ 71%] Built target turtlesim__rosidl_typesupport_introspection_cpp
[9.423s] [ 72%] [34m[1mGenerating include/turtlesim/moc_turtle_frame.cpp[0m
[9.447s] [35m[1mConsolidate compiler generated dependencies of target draw_square[0m
[9.473s] [35m[1mConsolidate compiler generated dependencies of target turtle_teleop_key[0m
[9.624s] [ 74%] [32mBuilding CXX object CMakeFiles/turtle_teleop_key.dir/tutorials/teleop_turtle_key.cpp.o[0m
[9.625s] [ 74%] [32mBuilding CXX object CMakeFiles/draw_square.dir/tutorials/draw_square.cpp.o[0m
[9.842s] [35m[1mConsolidate compiler generated dependencies of target turtlesim_node[0m
[10.080s] [ 75%] [32mBuilding CXX object CMakeFiles/turtlesim_node.dir/src/turtlesim.cpp.o[0m
[11.144s] running egg_info
[11.160s] writing turtlesim.egg-info/PKG-INFO
[11.162s] writing dependency_links to turtlesim.egg-info/dependency_links.txt
[11.162s] writing top-level names to turtlesim.egg-info/top_level.txt
[11.178s] reading manifest file 'turtlesim.egg-info/SOURCES.txt'
[11.190s] writing manifest file 'turtlesim.egg-info/SOURCES.txt'
[11.411s] [ 75%] Built target ament_cmake_python_build_turtlesim_egg
[11.499s] [35m[1mConsolidate compiler generated dependencies of target mimic[0m
[11.594s] [ 76%] [32mBuilding CXX object CMakeFiles/mimic.dir/tutorials/mimic.cpp.o[0m
[48.857s] gmake[2]: *** [CMakeFiles/turtlesim_node.dir/build.make:93: CMakeFiles/turtlesim_node.dir/src/turtle.cpp.o] 中断
[48.978s] gmake[2]: *** [CMakeFiles/draw_square.dir/build.make:76: CMakeFiles/draw_square.dir/tutorials/draw_square.cpp.o] 中断
[48.979s] gmake[2]: *** [CMakeFiles/turtle_teleop_key.dir/build.make:76: CMakeFiles/turtle_teleop_key.dir/tutorials/teleop_turtle_key.cpp.o] 中断
[48.979s] gmake[1]: *** [CMakeFiles/Makefile2:653: CMakeFiles/draw_square.dir/all] 中断
[48.979s] gmake[1]: *** [CMakeFiles/Makefile2:626: CMakeFiles/turtle_teleop_key.dir/all] 中断
[48.979s] gmake[1]: *** [CMakeFiles/Makefile2:599: CMakeFiles/turtlesim_node.dir/all] 中断
[48.979s] gmake[2]: *** wait: 没有子进程。 停止。
[48.979s] gmake[2]: *** 正在等待未完成的任务....
[48.980s] gmake[2]: *** wait: 没有子进程。 停止。
[48.980s] gmake[1]: *** [CMakeFiles/Makefile2:680：CMakeFiles/mimic.dir/all] 错误 2
[48.980s] gmake: *** [Makefile:146: all] 中断
[49.082s] Invoked command in '/home/ros2/ws00_helloworld/build/turtlesim' returned '-2': CMAKE_PREFIX_PATH=/opt/ros/humble /usr/bin/cmake --build /home/ros2/ws00_helloworld/build/turtlesim -- -j4 -l4
