[0.232s] Invoking command in '/home/ros2/ws01_plumbing/build/cpp05_names': CMAKE_PREFIX_PATH=${CMAKE_PREFIX_PATH}:/home/ros2/ws01_plumbing/install/py05_names:/home/ros2/ws01_plumbing/install/py04_param:/home/ros2/ws01_plumbing/install/py03_action:/home/ros2/ws01_plumbing/install/py02_service:/home/ros2/ws01_plumbing/install/py01_topic:/opt/ros/humble /usr/bin/cmake --build /home/ros2/ws01_plumbing/build/cpp05_names -- -j4 -l4
[1.804s] -- Found ament_cmake: 1.3.2 (/opt/ros/humble/share/ament_cmake/cmake)
[3.479s] -- Found rclcpp: 16.0.1 (/opt/ros/humble/share/rclcpp/cmake)
[4.117s] -- Found rosidl_generator_c: 3.1.3 (/opt/ros/humble/share/rosidl_generator_c/cmake)
[4.144s] -- Found rosidl_adapter: 3.1.3 (/opt/ros/humble/share/rosidl_adapter/cmake)
[4.205s] -- Found rosidl_generator_cpp: 3.1.3 (/opt/ros/humble/share/rosidl_generator_cpp/cmake)
[4.329s] -- Using all available rosidl_typesupport_c: rosidl_typesupport_fastrtps_c;rosidl_typesupport_introspection_c
[4.479s] -- Using all available rosidl_typesupport_cpp: rosidl_typesupport_fastrtps_cpp;rosidl_typesupport_introspection_cpp
[4.885s] -- Found rmw_implementation_cmake: 6.1.0 (/opt/ros/humble/share/rmw_implementation_cmake/cmake)
[4.911s] -- Found rmw_fastrtps_cpp: 6.2.1 (/opt/ros/humble/share/rmw_fastrtps_cpp/cmake)
[5.766s] -- Using RMW implementation 'rmw_fastrtps_cpp' as default
[6.657s] -- Found ament_lint_auto: 0.12.4 (/opt/ros/humble/share/ament_lint_auto/cmake)
[7.153s] -- Added test 'cppcheck' to perform static code analysis on C / C++ code
[7.154s] -- Configured cppcheck include dirs: $<BUILD_INTERFACE:/home/ros2/ws01_plumbing/src/cpp05_names/include>
[7.155s] -- Configured cppcheck exclude dirs and/or files: 
[7.160s] -- Added test 'flake8' to check Python code syntax and style conventions
[7.168s] -- Added test 'lint_cmake' to check CMake code style
[7.172s] -- Added test 'pep257' to check Python code against some of the docstring style conventions in PEP 257
[7.185s] -- Added test 'uncrustify' to check C / C++ code style
[7.185s] -- Configured uncrustify additional arguments: 
[7.192s] -- Added test 'xmllint' to check XML markup files
[7.213s] -- Configuring done
[7.606s] -- Generating done
[7.632s] -- Build files have been written to: /home/ros2/ws01_plumbing/build/cpp05_names
[7.822s] [35m[1mConsolidate compiler generated dependencies of target demo01_names[0m
[7.932s] [ 50%] [32mBuilding CXX object CMakeFiles/demo01_names.dir/src/demo01_names.cpp.o[0m
[27.991s] [100%] [32m[1mLinking CXX executable demo01_names[0m
[29.688s] [100%] Built target demo01_names
[29.740s] Invoked command in '/home/ros2/ws01_plumbing/build/cpp05_names' returned '0': CMAKE_PREFIX_PATH=${CMAKE_PREFIX_PATH}:/home/ros2/ws01_plumbing/install/py05_names:/home/ros2/ws01_plumbing/install/py04_param:/home/ros2/ws01_plumbing/install/py03_action:/home/ros2/ws01_plumbing/install/py02_service:/home/ros2/ws01_plumbing/install/py01_topic:/opt/ros/humble /usr/bin/cmake --build /home/ros2/ws01_plumbing/build/cpp05_names -- -j4 -l4
[29.896s] Invoking command in '/home/ros2/ws01_plumbing/build/cpp05_names': CMAKE_PREFIX_PATH=${CMAKE_PREFIX_PATH}:/home/ros2/ws01_plumbing/install/py05_names:/home/ros2/ws01_plumbing/install/py04_param:/home/ros2/ws01_plumbing/install/py03_action:/home/ros2/ws01_plumbing/install/py02_service:/home/ros2/ws01_plumbing/install/py01_topic:/opt/ros/humble /usr/bin/cmake --install /home/ros2/ws01_plumbing/build/cpp05_names
[29.922s] -- Install configuration: ""
[29.942s] -- Installing: /home/ros2/ws01_plumbing/install/cpp05_names/lib/cpp05_names/demo01_names
[29.946s] -- Set runtime path of "/home/ros2/ws01_plumbing/install/cpp05_names/lib/cpp05_names/demo01_names" to ""
[29.947s] -- Up-to-date: /home/ros2/ws01_plumbing/install/cpp05_names/share/cpp05_names/launch
[29.947s] -- Installing: /home/ros2/ws01_plumbing/install/cpp05_names/share/cpp05_names/launch/demo03_names_launch.yaml
[29.960s] -- Installing: /home/ros2/ws01_plumbing/install/cpp05_names/share/cpp05_names/launch/demo01_names_launch.py
[29.961s] -- Installing: /home/ros2/ws01_plumbing/install/cpp05_names/share/cpp05_names/launch/demo02_names_launch.xml
[29.970s] -- Installing: /home/ros2/ws01_plumbing/install/cpp05_names/share/ament_index/resource_index/package_run_dependencies/cpp05_names
[29.971s] -- Installing: /home/ros2/ws01_plumbing/install/cpp05_names/share/ament_index/resource_index/parent_prefix_path/cpp05_names
[29.972s] -- Up-to-date: /home/ros2/ws01_plumbing/install/cpp05_names/share/cpp05_names/environment/ament_prefix_path.sh
[29.972s] -- Installing: /home/ros2/ws01_plumbing/install/cpp05_names/share/cpp05_names/environment/ament_prefix_path.dsv
[29.973s] -- Up-to-date: /home/ros2/ws01_plumbing/install/cpp05_names/share/cpp05_names/environment/path.sh
[29.974s] -- Installing: /home/ros2/ws01_plumbing/install/cpp05_names/share/cpp05_names/environment/path.dsv
[29.975s] -- Up-to-date: /home/ros2/ws01_plumbing/install/cpp05_names/share/cpp05_names/local_setup.bash
[29.975s] -- Up-to-date: /home/ros2/ws01_plumbing/install/cpp05_names/share/cpp05_names/local_setup.sh
[29.976s] -- Up-to-date: /home/ros2/ws01_plumbing/install/cpp05_names/share/cpp05_names/local_setup.zsh
[29.976s] -- Installing: /home/ros2/ws01_plumbing/install/cpp05_names/share/cpp05_names/local_setup.dsv
[29.976s] -- Installing: /home/ros2/ws01_plumbing/install/cpp05_names/share/cpp05_names/package.dsv
[29.978s] -- Up-to-date: /home/ros2/ws01_plumbing/install/cpp05_names/share/ament_index/resource_index/packages/cpp05_names
[29.979s] -- Up-to-date: /home/ros2/ws01_plumbing/install/cpp05_names/share/cpp05_names/cmake/cpp05_namesConfig.cmake
[29.981s] -- Up-to-date: /home/ros2/ws01_plumbing/install/cpp05_names/share/cpp05_names/cmake/cpp05_namesConfig-version.cmake
[29.982s] -- Installing: /home/ros2/ws01_plumbing/install/cpp05_names/share/cpp05_names/package.xml
[29.988s] Invoked command in '/home/ros2/ws01_plumbing/build/cpp05_names' returned '0': CMAKE_PREFIX_PATH=${CMAKE_PREFIX_PATH}:/home/ros2/ws01_plumbing/install/py05_names:/home/ros2/ws01_plumbing/install/py04_param:/home/ros2/ws01_plumbing/install/py03_action:/home/ros2/ws01_plumbing/install/py02_service:/home/ros2/ws01_plumbing/install/py01_topic:/opt/ros/humble /usr/bin/cmake --install /home/ros2/ws01_plumbing/build/cpp05_names
