[0.060s] Invoking command in '/home/ros2/ws01_plumbing/build/cpp06_time': CMAKE_PREFIX_PATH=${CMAKE_PREFIX_PATH}:/home/ros2/ws01_plumbing/install/py06_time:/home/ros2/ws01_plumbing/install/py05_names:/home/ros2/ws01_plumbing/install/py04_param:/home/ros2/ws01_plumbing/install/py03_action:/home/ros2/ws01_plumbing/install/py02_service:/home/ros2/ws01_plumbing/install/py01_topic:/opt/ros/humble /usr/bin/cmake --build /home/ros2/ws01_plumbing/build/cpp06_time -- -j4 -l4
[0.236s] [35m[1mConsolidate compiler generated dependencies of target demo01_time[0m
[0.297s] [ 50%] [32mBuilding CXX object CMakeFiles/demo01_time.dir/src/demo01_time.cpp.o[0m
[15.156s] [100%] [32m[1mLinking CXX executable demo01_time[0m
[15.570s] [100%] Built target demo01_time
[15.607s] Invoked command in '/home/ros2/ws01_plumbing/build/cpp06_time' returned '0': CMAKE_PREFIX_PATH=${CMAKE_PREFIX_PATH}:/home/ros2/ws01_plumbing/install/py06_time:/home/ros2/ws01_plumbing/install/py05_names:/home/ros2/ws01_plumbing/install/py04_param:/home/ros2/ws01_plumbing/install/py03_action:/home/ros2/ws01_plumbing/install/py02_service:/home/ros2/ws01_plumbing/install/py01_topic:/opt/ros/humble /usr/bin/cmake --build /home/ros2/ws01_plumbing/build/cpp06_time -- -j4 -l4
[15.764s] Invoking command in '/home/ros2/ws01_plumbing/build/cpp06_time': CMAKE_PREFIX_PATH=${CMAKE_PREFIX_PATH}:/home/ros2/ws01_plumbing/install/py06_time:/home/ros2/ws01_plumbing/install/py05_names:/home/ros2/ws01_plumbing/install/py04_param:/home/ros2/ws01_plumbing/install/py03_action:/home/ros2/ws01_plumbing/install/py02_service:/home/ros2/ws01_plumbing/install/py01_topic:/opt/ros/humble /usr/bin/cmake --install /home/ros2/ws01_plumbing/build/cpp06_time
[15.790s] -- Install configuration: ""
[15.792s] -- Installing: /home/ros2/ws01_plumbing/install/cpp06_time/lib/cpp06_time/demo01_time
[15.794s] -- Set runtime path of "/home/ros2/ws01_plumbing/install/cpp06_time/lib/cpp06_time/demo01_time" to ""
[15.794s] -- Up-to-date: /home/ros2/ws01_plumbing/install/cpp06_time/share/ament_index/resource_index/package_run_dependencies/cpp06_time
[15.796s] -- Up-to-date: /home/ros2/ws01_plumbing/install/cpp06_time/share/ament_index/resource_index/parent_prefix_path/cpp06_time
[15.797s] -- Up-to-date: /home/ros2/ws01_plumbing/install/cpp06_time/share/cpp06_time/environment/ament_prefix_path.sh
[15.797s] -- Up-to-date: /home/ros2/ws01_plumbing/install/cpp06_time/share/cpp06_time/environment/ament_prefix_path.dsv
[15.798s] -- Up-to-date: /home/ros2/ws01_plumbing/install/cpp06_time/share/cpp06_time/environment/path.sh
[15.798s] -- Up-to-date: /home/ros2/ws01_plumbing/install/cpp06_time/share/cpp06_time/environment/path.dsv
[15.800s] -- Up-to-date: /home/ros2/ws01_plumbing/install/cpp06_time/share/cpp06_time/local_setup.bash
[15.800s] -- Up-to-date: /home/ros2/ws01_plumbing/install/cpp06_time/share/cpp06_time/local_setup.sh
[15.801s] -- Up-to-date: /home/ros2/ws01_plumbing/install/cpp06_time/share/cpp06_time/local_setup.zsh
[15.801s] -- Up-to-date: /home/ros2/ws01_plumbing/install/cpp06_time/share/cpp06_time/local_setup.dsv
[15.802s] -- Installing: /home/ros2/ws01_plumbing/install/cpp06_time/share/cpp06_time/package.dsv
[15.803s] -- Up-to-date: /home/ros2/ws01_plumbing/install/cpp06_time/share/ament_index/resource_index/packages/cpp06_time
[15.803s] -- Up-to-date: /home/ros2/ws01_plumbing/install/cpp06_time/share/cpp06_time/cmake/cpp06_timeConfig.cmake
[15.820s] -- Up-to-date: /home/ros2/ws01_plumbing/install/cpp06_time/share/cpp06_time/cmake/cpp06_timeConfig-version.cmake
[15.820s] -- Up-to-date: /home/ros2/ws01_plumbing/install/cpp06_time/share/cpp06_time/package.xml
[15.820s] Invoked command in '/home/ros2/ws01_plumbing/build/cpp06_time' returned '0': CMAKE_PREFIX_PATH=${CMAKE_PREFIX_PATH}:/home/ros2/ws01_plumbing/install/py06_time:/home/ros2/ws01_plumbing/install/py05_names:/home/ros2/ws01_plumbing/install/py04_param:/home/ros2/ws01_plumbing/install/py03_action:/home/ros2/ws01_plumbing/install/py02_service:/home/ros2/ws01_plumbing/install/py01_topic:/opt/ros/humble /usr/bin/cmake --install /home/ros2/ws01_plumbing/build/cpp06_time
