[4.050s] Invoking command in '/home/ros2/ws00_helloworld/src/pkg02_helloworld_py': PYTHONPATH=/home/ros2/ws00_helloworld/install/pkg02_helloworld_py/lib/python3.10/site-packages:${PYTHONPATH} /usr/bin/python3 setup.py egg_info --egg-base ../../build/pkg02_helloworld_py build --build-base /home/ros2/ws00_helloworld/build/pkg02_helloworld_py/build install --prefix /home/ros2/ws00_helloworld/install/pkg02_helloworld_py --record /home/ros2/ws00_helloworld/build/pkg02_helloworld_py/install.log --single-version-externally-managed
[4.816s] running egg_info
[4.822s] writing ../../build/pkg02_helloworld_py/pkg02_helloworld_py.egg-info/PKG-INFO
[4.822s] writing dependency_links to ../../build/pkg02_helloworld_py/pkg02_helloworld_py.egg-info/dependency_links.txt
[4.823s] writing entry points to ../../build/pkg02_helloworld_py/pkg02_helloworld_py.egg-info/entry_points.txt
[4.827s] writing requirements to ../../build/pkg02_helloworld_py/pkg02_helloworld_py.egg-info/requires.txt
[4.827s] writing top-level names to ../../build/pkg02_helloworld_py/pkg02_helloworld_py.egg-info/top_level.txt
[4.828s] reading manifest file '../../build/pkg02_helloworld_py/pkg02_helloworld_py.egg-info/SOURCES.txt'
[4.862s] writing manifest file '../../build/pkg02_helloworld_py/pkg02_helloworld_py.egg-info/SOURCES.txt'
[4.863s] running build
[4.863s] running build_py
[4.864s] running install
[4.887s] /usr/lib/python3/dist-packages/setuptools/command/install.py:34: SetuptoolsDeprecationWarning: setup.py install is deprecated. Use build and pip and other standards-based tools.
[4.888s]   warnings.warn(
[4.888s] running install_lib
[4.888s] running install_data
[4.895s] running install_egg_info
[4.898s] removing '/home/ros2/ws00_helloworld/install/pkg02_helloworld_py/lib/python3.10/site-packages/pkg02_helloworld_py-0.0.0-py3.10.egg-info' (and everything under it)
[4.899s] Copying ../../build/pkg02_helloworld_py/pkg02_helloworld_py.egg-info to /home/ros2/ws00_helloworld/install/pkg02_helloworld_py/lib/python3.10/site-packages/pkg02_helloworld_py-0.0.0-py3.10.egg-info
[5.088s] running install_scripts
[5.156s] Installing helloworld script to /home/ros2/ws00_helloworld/install/pkg02_helloworld_py/lib/pkg02_helloworld_py
[5.160s] writing list of installed files to '/home/ros2/ws00_helloworld/build/pkg02_helloworld_py/install.log'
[5.248s] Invoked command in '/home/ros2/ws00_helloworld/src/pkg02_helloworld_py' returned '0': PYTHONPATH=/home/ros2/ws00_helloworld/install/pkg02_helloworld_py/lib/python3.10/site-packages:${PYTHONPATH} /usr/bin/python3 setup.py egg_info --egg-base ../../build/pkg02_helloworld_py build --build-base /home/ros2/ws00_helloworld/build/pkg02_helloworld_py/build install --prefix /home/ros2/ws00_helloworld/install/pkg02_helloworld_py --record /home/ros2/ws00_helloworld/build/pkg02_helloworld_py/install.log --single-version-externally-managed
