[0.055s] Invoking command in '/home/ros2/ws01_plumbing/build/haha': CMAKE_PREFIX_PATH=${CMAKE_PREFIX_PATH}:/home/ros2/ws01_plumbing/install/py02_service:/home/ros2/ws01_plumbing/install/py01_topic:/opt/ros/humble /usr/bin/cmake --build /home/ros2/ws01_plumbing/build/haha -- -j4 -l4
[0.231s] [  9%] Built target haha__rosidl_generator_c
[0.255s] [ 12%] Built target haha__cpp
[0.293s] [ 12%] Built target ament_cmake_python_copy_haha
[0.331s] [ 22%] Built target haha__rosidl_typesupport_introspection_c
[0.344s] [ 32%] Built target haha__rosidl_typesupport_fastrtps_c
[0.354s] [ 41%] Built target haha__rosidl_typesupport_c
[0.480s] [ 51%] Built target haha__rosidl_typesupport_fastrtps_cpp
[0.496s] [ 61%] Built target haha__rosidl_typesupport_introspection_cpp
[0.501s] [ 70%] Built target haha__rosidl_typesupport_cpp
[0.605s] [ 70%] Built target haha
[0.701s] [ 74%] Built target haha__py
[0.817s] [ 80%] Built target haha__rosidl_generator_py
[0.941s] [ 87%] Built target haha__rosidl_typesupport_c__pyext
[0.969s] [ 93%] Built target haha__rosidl_typesupport_introspection_c__pyext
[0.981s] [100%] Built target haha__rosidl_typesupport_fastrtps_c__pyext
[1.293s] running egg_info
[1.296s] writing haha.egg-info/PKG-INFO
[1.298s] writing dependency_links to haha.egg-info/dependency_links.txt
[1.300s] writing top-level names to haha.egg-info/top_level.txt
[1.307s] reading manifest file 'haha.egg-info/SOURCES.txt'
[1.308s] writing manifest file 'haha.egg-info/SOURCES.txt'
[1.391s] [100%] Built target ament_cmake_python_build_haha_egg
[1.435s] Invoked command in '/home/ros2/ws01_plumbing/build/haha' returned '0': CMAKE_PREFIX_PATH=${CMAKE_PREFIX_PATH}:/home/ros2/ws01_plumbing/install/py02_service:/home/ros2/ws01_plumbing/install/py01_topic:/opt/ros/humble /usr/bin/cmake --build /home/ros2/ws01_plumbing/build/haha -- -j4 -l4
[1.789s] Invoking command in '/home/ros2/ws01_plumbing/build/haha': CMAKE_PREFIX_PATH=${CMAKE_PREFIX_PATH}:/home/ros2/ws01_plumbing/install/py02_service:/home/ros2/ws01_plumbing/install/py01_topic:/opt/ros/humble /usr/bin/cmake --install /home/ros2/ws01_plumbing/build/haha
[1.819s] -- Install configuration: ""
[1.819s] -- Up-to-date: /home/ros2/ws01_plumbing/install/haha/share/ament_index/resource_index/rosidl_interfaces/haha
[1.819s] -- Up-to-date: /home/ros2/ws01_plumbing/install/haha/include/haha/haha
[1.819s] -- Up-to-date: /home/ros2/ws01_plumbing/install/haha/include/haha/haha/action
[1.822s] -- Up-to-date: /home/ros2/ws01_plumbing/install/haha/include/haha/haha/action/detail
[1.823s] -- Up-to-date: /home/ros2/ws01_plumbing/install/haha/include/haha/haha/action/detail/progress__type_support.h
[1.823s] -- Up-to-date: /home/ros2/ws01_plumbing/install/haha/include/haha/haha/action/detail/progress__functions.h
[1.823s] -- Up-to-date: /home/ros2/ws01_plumbing/install/haha/include/haha/haha/action/detail/progress__functions.c
[1.825s] -- Up-to-date: /home/ros2/ws01_plumbing/install/haha/include/haha/haha/action/detail/progress__struct.h
[1.825s] -- Up-to-date: /home/ros2/ws01_plumbing/install/haha/include/haha/haha/action/progress.h
[1.826s] -- Up-to-date: /home/ros2/ws01_plumbing/install/haha/include/haha/haha/msg
[1.826s] -- Up-to-date: /home/ros2/ws01_plumbing/install/haha/include/haha/haha/msg/rosidl_generator_c__visibility_control.h
[1.827s] -- Up-to-date: /home/ros2/ws01_plumbing/install/haha/share/haha/environment/library_path.sh
[1.827s] -- Up-to-date: /home/ros2/ws01_plumbing/install/haha/share/haha/environment/library_path.dsv
[1.827s] -- Up-to-date: /home/ros2/ws01_plumbing/install/haha/lib/libhaha__rosidl_generator_c.so
[1.828s] -- Up-to-date: /home/ros2/ws01_plumbing/install/haha/include/haha/haha
[1.828s] -- Up-to-date: /home/ros2/ws01_plumbing/install/haha/include/haha/haha/action
[1.828s] -- Up-to-date: /home/ros2/ws01_plumbing/install/haha/include/haha/haha/action/detail
[1.828s] -- Up-to-date: /home/ros2/ws01_plumbing/install/haha/include/haha/haha/action/detail/progress__rosidl_typesupport_fastrtps_c.h
[1.835s] -- Up-to-date: /home/ros2/ws01_plumbing/install/haha/include/haha/haha/msg
[1.835s] -- Up-to-date: /home/ros2/ws01_plumbing/install/haha/include/haha/haha/msg/rosidl_typesupport_fastrtps_c__visibility_control.h
[1.838s] -- Up-to-date: /home/ros2/ws01_plumbing/install/haha/lib/libhaha__rosidl_typesupport_fastrtps_c.so
[1.839s] -- Up-to-date: /home/ros2/ws01_plumbing/install/haha/include/haha/haha
[1.839s] -- Up-to-date: /home/ros2/ws01_plumbing/install/haha/include/haha/haha/action
[1.839s] -- Up-to-date: /home/ros2/ws01_plumbing/install/haha/include/haha/haha/action/detail
[1.839s] -- Up-to-date: /home/ros2/ws01_plumbing/install/haha/include/haha/haha/action/detail/progress__rosidl_typesupport_introspection_c.h
[1.840s] -- Up-to-date: /home/ros2/ws01_plumbing/install/haha/include/haha/haha/action/detail/progress__type_support.c
[1.840s] -- Up-to-date: /home/ros2/ws01_plumbing/install/haha/include/haha/haha/msg
[1.840s] -- Up-to-date: /home/ros2/ws01_plumbing/install/haha/include/haha/haha/msg/rosidl_typesupport_introspection_c__visibility_control.h
[1.841s] -- Up-to-date: /home/ros2/ws01_plumbing/install/haha/lib/libhaha__rosidl_typesupport_introspection_c.so
[1.846s] -- Up-to-date: /home/ros2/ws01_plumbing/install/haha/lib/libhaha__rosidl_typesupport_c.so
[1.847s] -- Up-to-date: /home/ros2/ws01_plumbing/install/haha/include/haha/haha
[1.847s] -- Up-to-date: /home/ros2/ws01_plumbing/install/haha/include/haha/haha/action
[1.847s] -- Up-to-date: /home/ros2/ws01_plumbing/install/haha/include/haha/haha/action/detail
[1.847s] -- Up-to-date: /home/ros2/ws01_plumbing/install/haha/include/haha/haha/action/detail/progress__builder.hpp
[1.847s] -- Up-to-date: /home/ros2/ws01_plumbing/install/haha/include/haha/haha/action/detail/progress__traits.hpp
[1.848s] -- Up-to-date: /home/ros2/ws01_plumbing/install/haha/include/haha/haha/action/detail/progress__struct.hpp
[1.848s] -- Up-to-date: /home/ros2/ws01_plumbing/install/haha/include/haha/haha/action/progress.hpp
[1.848s] -- Up-to-date: /home/ros2/ws01_plumbing/install/haha/include/haha/haha
[1.848s] -- Up-to-date: /home/ros2/ws01_plumbing/install/haha/include/haha/haha/action
[1.849s] -- Up-to-date: /home/ros2/ws01_plumbing/install/haha/include/haha/haha/action/detail
[1.849s] -- Up-to-date: /home/ros2/ws01_plumbing/install/haha/include/haha/haha/action/detail/progress__rosidl_typesupport_fastrtps_cpp.hpp
[1.849s] -- Up-to-date: /home/ros2/ws01_plumbing/install/haha/include/haha/haha/action/detail/dds_fastrtps
[1.849s] -- Up-to-date: /home/ros2/ws01_plumbing/install/haha/include/haha/haha/msg
[1.849s] -- Up-to-date: /home/ros2/ws01_plumbing/install/haha/include/haha/haha/msg/rosidl_typesupport_fastrtps_cpp__visibility_control.h
[1.849s] -- Up-to-date: /home/ros2/ws01_plumbing/install/haha/lib/libhaha__rosidl_typesupport_fastrtps_cpp.so
[1.851s] -- Up-to-date: /home/ros2/ws01_plumbing/install/haha/include/haha/haha
[1.851s] -- Up-to-date: /home/ros2/ws01_plumbing/install/haha/include/haha/haha/action
[1.851s] -- Up-to-date: /home/ros2/ws01_plumbing/install/haha/include/haha/haha/action/detail
[1.851s] -- Up-to-date: /home/ros2/ws01_plumbing/install/haha/include/haha/haha/action/detail/progress__type_support.cpp
[1.851s] -- Up-to-date: /home/ros2/ws01_plumbing/install/haha/include/haha/haha/action/detail/progress__rosidl_typesupport_introspection_cpp.hpp
[1.852s] -- Up-to-date: /home/ros2/ws01_plumbing/install/haha/lib/libhaha__rosidl_typesupport_introspection_cpp.so
[1.852s] -- Up-to-date: /home/ros2/ws01_plumbing/install/haha/lib/libhaha__rosidl_typesupport_cpp.so
[1.852s] -- Up-to-date: /home/ros2/ws01_plumbing/install/haha/share/haha/environment/pythonpath.sh
[1.852s] -- Up-to-date: /home/ros2/ws01_plumbing/install/haha/share/haha/environment/pythonpath.dsv
[1.852s] -- Up-to-date: /home/ros2/ws01_plumbing/install/haha/local/lib/python3.10/dist-packages/haha-0.0.0-py3.10.egg-info
[1.852s] -- Installing: /home/ros2/ws01_plumbing/install/haha/local/lib/python3.10/dist-packages/haha-0.0.0-py3.10.egg-info/top_level.txt
[1.853s] -- Installing: /home/ros2/ws01_plumbing/install/haha/local/lib/python3.10/dist-packages/haha-0.0.0-py3.10.egg-info/dependency_links.txt
[1.853s] -- Installing: /home/ros2/ws01_plumbing/install/haha/local/lib/python3.10/dist-packages/haha-0.0.0-py3.10.egg-info/SOURCES.txt
[1.853s] -- Installing: /home/ros2/ws01_plumbing/install/haha/local/lib/python3.10/dist-packages/haha-0.0.0-py3.10.egg-info/PKG-INFO
[1.853s] -- Up-to-date: /home/ros2/ws01_plumbing/install/haha/local/lib/python3.10/dist-packages/haha
[1.854s] -- Up-to-date: /home/ros2/ws01_plumbing/install/haha/local/lib/python3.10/dist-packages/haha/_haha_s.ep.rosidl_typesupport_fastrtps_c.c
[1.861s] -- Up-to-date: /home/ros2/ws01_plumbing/install/haha/local/lib/python3.10/dist-packages/haha/haha_s__rosidl_typesupport_c.cpython-310-x86_64-linux-gnu.so
[1.862s] -- Up-to-date: /home/ros2/ws01_plumbing/install/haha/local/lib/python3.10/dist-packages/haha/action
[1.862s] -- Up-to-date: /home/ros2/ws01_plumbing/install/haha/local/lib/python3.10/dist-packages/haha/action/__init__.py
[1.863s] -- Up-to-date: /home/ros2/ws01_plumbing/install/haha/local/lib/python3.10/dist-packages/haha/action/_progress_s.c
[1.863s] -- Up-to-date: /home/ros2/ws01_plumbing/install/haha/local/lib/python3.10/dist-packages/haha/action/_progress.py
[1.863s] -- Up-to-date: /home/ros2/ws01_plumbing/install/haha/local/lib/python3.10/dist-packages/haha/haha_s__rosidl_typesupport_introspection_c.cpython-310-x86_64-linux-gnu.so
[1.864s] -- Up-to-date: /home/ros2/ws01_plumbing/install/haha/local/lib/python3.10/dist-packages/haha/__init__.py
[1.864s] -- Up-to-date: /home/ros2/ws01_plumbing/install/haha/local/lib/python3.10/dist-packages/haha/_haha_s.ep.rosidl_typesupport_introspection_c.c
[1.864s] -- Up-to-date: /home/ros2/ws01_plumbing/install/haha/local/lib/python3.10/dist-packages/haha/_haha_s.ep.rosidl_typesupport_c.c
[1.864s] -- Up-to-date: /home/ros2/ws01_plumbing/install/haha/local/lib/python3.10/dist-packages/haha/haha_s__rosidl_typesupport_fastrtps_c.cpython-310-x86_64-linux-gnu.so
[1.864s] -- Up-to-date: /home/ros2/ws01_plumbing/install/haha/local/lib/python3.10/dist-packages/haha/libhaha__rosidl_generator_py.so
[1.955s] Listing '/home/ros2/ws01_plumbing/install/haha/local/lib/python3.10/dist-packages/haha'...
[1.956s] Listing '/home/ros2/ws01_plumbing/install/haha/local/lib/python3.10/dist-packages/haha/action'...
[1.971s] -- Up-to-date: /home/ros2/ws01_plumbing/install/haha/local/lib/python3.10/dist-packages/haha/haha_s__rosidl_typesupport_fastrtps_c.cpython-310-x86_64-linux-gnu.so
[1.973s] -- Up-to-date: /home/ros2/ws01_plumbing/install/haha/local/lib/python3.10/dist-packages/haha/haha_s__rosidl_typesupport_introspection_c.cpython-310-x86_64-linux-gnu.so
[1.974s] -- Up-to-date: /home/ros2/ws01_plumbing/install/haha/local/lib/python3.10/dist-packages/haha/haha_s__rosidl_typesupport_c.cpython-310-x86_64-linux-gnu.so
[1.975s] -- Up-to-date: /home/ros2/ws01_plumbing/install/haha/lib/libhaha__rosidl_generator_py.so
[1.976s] -- Up-to-date: /home/ros2/ws01_plumbing/install/haha/share/haha/action/Progress.idl
[1.976s] -- Up-to-date: /home/ros2/ws01_plumbing/install/haha/share/haha/action/Progress.action
[1.976s] -- Up-to-date: /home/ros2/ws01_plumbing/install/haha/share/ament_index/resource_index/package_run_dependencies/haha
[1.977s] -- Up-to-date: /home/ros2/ws01_plumbing/install/haha/share/ament_index/resource_index/parent_prefix_path/haha
[1.977s] -- Up-to-date: /home/ros2/ws01_plumbing/install/haha/share/haha/environment/ament_prefix_path.sh
[1.977s] -- Up-to-date: /home/ros2/ws01_plumbing/install/haha/share/haha/environment/ament_prefix_path.dsv
[1.977s] -- Up-to-date: /home/ros2/ws01_plumbing/install/haha/share/haha/environment/path.sh
[1.977s] -- Up-to-date: /home/ros2/ws01_plumbing/install/haha/share/haha/environment/path.dsv
[1.978s] -- Up-to-date: /home/ros2/ws01_plumbing/install/haha/share/haha/local_setup.bash
[1.978s] -- Up-to-date: /home/ros2/ws01_plumbing/install/haha/share/haha/local_setup.sh
[1.980s] -- Up-to-date: /home/ros2/ws01_plumbing/install/haha/share/haha/local_setup.zsh
[1.981s] -- Up-to-date: /home/ros2/ws01_plumbing/install/haha/share/haha/local_setup.dsv
[1.982s] -- Installing: /home/ros2/ws01_plumbing/install/haha/share/haha/package.dsv
[1.982s] -- Up-to-date: /home/ros2/ws01_plumbing/install/haha/share/ament_index/resource_index/packages/haha
[1.983s] -- Up-to-date: /home/ros2/ws01_plumbing/install/haha/share/haha/cmake/export_haha__rosidl_generator_cExport.cmake
[1.983s] -- Up-to-date: /home/ros2/ws01_plumbing/install/haha/share/haha/cmake/export_haha__rosidl_generator_cExport-noconfig.cmake
[1.983s] -- Up-to-date: /home/ros2/ws01_plumbing/install/haha/share/haha/cmake/export_haha__rosidl_typesupport_fastrtps_cExport.cmake
[1.983s] -- Up-to-date: /home/ros2/ws01_plumbing/install/haha/share/haha/cmake/export_haha__rosidl_typesupport_fastrtps_cExport-noconfig.cmake
[1.983s] -- Up-to-date: /home/ros2/ws01_plumbing/install/haha/share/haha/cmake/haha__rosidl_typesupport_introspection_cExport.cmake
[1.984s] -- Up-to-date: /home/ros2/ws01_plumbing/install/haha/share/haha/cmake/haha__rosidl_typesupport_introspection_cExport-noconfig.cmake
[1.984s] -- Up-to-date: /home/ros2/ws01_plumbing/install/haha/share/haha/cmake/haha__rosidl_typesupport_cExport.cmake
[1.984s] -- Up-to-date: /home/ros2/ws01_plumbing/install/haha/share/haha/cmake/haha__rosidl_typesupport_cExport-noconfig.cmake
[1.984s] -- Up-to-date: /home/ros2/ws01_plumbing/install/haha/share/haha/cmake/export_haha__rosidl_generator_cppExport.cmake
[1.984s] -- Up-to-date: /home/ros2/ws01_plumbing/install/haha/share/haha/cmake/export_haha__rosidl_typesupport_fastrtps_cppExport.cmake
[1.985s] -- Up-to-date: /home/ros2/ws01_plumbing/install/haha/share/haha/cmake/export_haha__rosidl_typesupport_fastrtps_cppExport-noconfig.cmake
[1.985s] -- Up-to-date: /home/ros2/ws01_plumbing/install/haha/share/haha/cmake/haha__rosidl_typesupport_introspection_cppExport.cmake
[1.985s] -- Up-to-date: /home/ros2/ws01_plumbing/install/haha/share/haha/cmake/haha__rosidl_typesupport_introspection_cppExport-noconfig.cmake
[1.985s] -- Up-to-date: /home/ros2/ws01_plumbing/install/haha/share/haha/cmake/haha__rosidl_typesupport_cppExport.cmake
[1.985s] -- Up-to-date: /home/ros2/ws01_plumbing/install/haha/share/haha/cmake/haha__rosidl_typesupport_cppExport-noconfig.cmake
[1.986s] -- Up-to-date: /home/ros2/ws01_plumbing/install/haha/share/haha/cmake/export_haha__rosidl_generator_pyExport.cmake
[1.988s] -- Up-to-date: /home/ros2/ws01_plumbing/install/haha/share/haha/cmake/export_haha__rosidl_generator_pyExport-noconfig.cmake
[1.988s] -- Up-to-date: /home/ros2/ws01_plumbing/install/haha/share/haha/cmake/rosidl_cmake-extras.cmake
[1.997s] -- Up-to-date: /home/ros2/ws01_plumbing/install/haha/share/haha/cmake/ament_cmake_export_dependencies-extras.cmake
[1.998s] -- Up-to-date: /home/ros2/ws01_plumbing/install/haha/share/haha/cmake/ament_cmake_export_include_directories-extras.cmake
[1.999s] -- Up-to-date: /home/ros2/ws01_plumbing/install/haha/share/haha/cmake/ament_cmake_export_libraries-extras.cmake
[1.999s] -- Up-to-date: /home/ros2/ws01_plumbing/install/haha/share/haha/cmake/ament_cmake_export_targets-extras.cmake
[1.999s] -- Up-to-date: /home/ros2/ws01_plumbing/install/haha/share/haha/cmake/rosidl_cmake_export_typesupport_targets-extras.cmake
[2.000s] -- Up-to-date: /home/ros2/ws01_plumbing/install/haha/share/haha/cmake/rosidl_cmake_export_typesupport_libraries-extras.cmake
[2.000s] -- Up-to-date: /home/ros2/ws01_plumbing/install/haha/share/haha/cmake/hahaConfig.cmake
[2.001s] -- Up-to-date: /home/ros2/ws01_plumbing/install/haha/share/haha/cmake/hahaConfig-version.cmake
[2.001s] -- Up-to-date: /home/ros2/ws01_plumbing/install/haha/share/haha/package.xml
[2.002s] Invoked command in '/home/ros2/ws01_plumbing/build/haha' returned '0': CMAKE_PREFIX_PATH=${CMAKE_PREFIX_PATH}:/home/ros2/ws01_plumbing/install/py02_service:/home/ros2/ws01_plumbing/install/py01_topic:/opt/ros/humble /usr/bin/cmake --install /home/ros2/ws01_plumbing/build/haha
