[1.644s] Invoking command in '/home/ros2/ws00_helloworld/src/pkg02_helloworld_py': PYTHONPATH=/home/ros2/ws00_helloworld/install/pkg02_helloworld_py/lib/python3.10/site-packages:${PYTHONPATH} /usr/bin/python3 setup.py egg_info --egg-base ../../build/pkg02_helloworld_py build --build-base /home/ros2/ws00_helloworld/build/pkg02_helloworld_py/build install --prefix /home/ros2/ws00_helloworld/install/pkg02_helloworld_py --record /home/ros2/ws00_helloworld/build/pkg02_helloworld_py/install.log --single-version-externally-managed
[2.328s] running egg_info
[2.331s] writing ../../build/pkg02_helloworld_py/pkg02_helloworld_py.egg-info/PKG-INFO
[2.334s] writing dependency_links to ../../build/pkg02_helloworld_py/pkg02_helloworld_py.egg-info/dependency_links.txt
[2.334s] writing entry points to ../../build/pkg02_helloworld_py/pkg02_helloworld_py.egg-info/entry_points.txt
[2.337s] writing requirements to ../../build/pkg02_helloworld_py/pkg02_helloworld_py.egg-info/requires.txt
[2.340s] writing top-level names to ../../build/pkg02_helloworld_py/pkg02_helloworld_py.egg-info/top_level.txt
[2.347s] reading manifest file '../../build/pkg02_helloworld_py/pkg02_helloworld_py.egg-info/SOURCES.txt'
[2.349s] writing manifest file '../../build/pkg02_helloworld_py/pkg02_helloworld_py.egg-info/SOURCES.txt'
[2.350s] running build
[2.350s] running build_py
[2.350s] copying pkg02_helloworld_py/helloworld.py -> /home/ros2/ws00_helloworld/build/pkg02_helloworld_py/build/lib/pkg02_helloworld_py
[2.351s] running install
[2.352s] /usr/lib/python3/dist-packages/setuptools/command/install.py:34: SetuptoolsDeprecationWarning: setup.py install is deprecated. Use build and pip and other standards-based tools.
[2.353s]   warnings.warn(
[2.353s] running install_lib
[2.354s] copying /home/ros2/ws00_helloworld/build/pkg02_helloworld_py/build/lib/pkg02_helloworld_py/helloworld.py -> /home/ros2/ws00_helloworld/install/pkg02_helloworld_py/lib/python3.10/site-packages/pkg02_helloworld_py
[2.355s] byte-compiling /home/ros2/ws00_helloworld/install/pkg02_helloworld_py/lib/python3.10/site-packages/pkg02_helloworld_py/helloworld.py to helloworld.cpython-310.pyc
[2.358s] running install_data
[2.360s] running install_egg_info
[2.366s] removing '/home/ros2/ws00_helloworld/install/pkg02_helloworld_py/lib/python3.10/site-packages/pkg02_helloworld_py-0.0.0-py3.10.egg-info' (and everything under it)
[2.367s] Copying ../../build/pkg02_helloworld_py/pkg02_helloworld_py.egg-info to /home/ros2/ws00_helloworld/install/pkg02_helloworld_py/lib/python3.10/site-packages/pkg02_helloworld_py-0.0.0-py3.10.egg-info
[2.369s] running install_scripts
[2.428s] Installing helloworld script to /home/ros2/ws00_helloworld/install/pkg02_helloworld_py/lib/pkg02_helloworld_py
[2.431s] writing list of installed files to '/home/ros2/ws00_helloworld/build/pkg02_helloworld_py/install.log'
[2.498s] Invoked command in '/home/ros2/ws00_helloworld/src/pkg02_helloworld_py' returned '0': PYTHONPATH=/home/ros2/ws00_helloworld/install/pkg02_helloworld_py/lib/python3.10/site-packages:${PYTHONPATH} /usr/bin/python3 setup.py egg_info --egg-base ../../build/pkg02_helloworld_py build --build-base /home/ros2/ws00_helloworld/build/pkg02_helloworld_py/build install --prefix /home/ros2/ws00_helloworld/install/pkg02_helloworld_py --record /home/ros2/ws00_helloworld/build/pkg02_helloworld_py/install.log --single-version-externally-managed
