[0.097s] Invoking command in '/home/ros2/ws01_plumbing/build/turtlesim': CMAKE_PREFIX_PATH=${CMAKE_PREFIX_PATH}:/home/ros2/ws01_plumbing/install/py06_time:/home/ros2/ws01_plumbing/install/py05_names:/home/ros2/ws01_plumbing/install/py04_param:/home/ros2/ws01_plumbing/install/py03_action:/home/ros2/ws01_plumbing/install/py02_service:/home/ros2/ws01_plumbing/install/py01_topic:/opt/ros/humble /usr/bin/cmake --build /home/ros2/ws01_plumbing/build/turtlesim -- -j4 -l4
[0.353s] [  1%] Built target turtlesim__cpp
[0.382s] [ 11%] Built target turtlesim__rosidl_generator_c
[0.456s] [ 11%] Built target ament_cmake_python_copy_turtlesim
[0.526s] [ 21%] Built target turtlesim__rosidl_typesupport_cpp
[0.553s] [ 31%] Built target turtlesim__rosidl_typesupport_fastrtps_cpp
[0.561s] [ 41%] Built target turtlesim__rosidl_typesupport_introspection_cpp
[0.703s] [ 51%] Built target turtlesim__rosidl_typesupport_c
[0.719s] [ 61%] Built target turtlesim__rosidl_typesupport_fastrtps_c
[0.753s] [ 71%] Built target turtlesim__rosidl_typesupport_introspection_c
[0.852s] [35m[1mConsolidate compiler generated dependencies of target turtlesim_node[0m
[0.948s] [ 73%] Built target turtle_teleop_key
[1.002s] [ 75%] Built target draw_square
[1.102s] [ 76%] [32mBuilding CXX object CMakeFiles/turtlesim_node.dir/src/turtle.cpp.o[0m
[1.160s] [ 76%] Built target turtlesim
[1.185s] [ 78%] Built target mimic
[1.230s] [ 79%] [32mBuilding CXX object CMakeFiles/turtlesim_node.dir/src/turtle_frame.cpp.o[0m
[1.419s] [ 80%] Built target turtlesim__py
[1.629s] [ 89%] Built target turtlesim__rosidl_generator_py
[1.798s] [ 91%] Built target turtlesim__rosidl_typesupport_fastrtps_c__pyext
[2.076s] [ 93%] Built target turtlesim__rosidl_typesupport_introspection_c__pyext
[2.284s] [ 95%] Built target turtlesim__rosidl_typesupport_c__pyext
[2.659s] running egg_info
[2.664s] writing turtlesim.egg-info/PKG-INFO
[2.664s] writing dependency_links to turtlesim.egg-info/dependency_links.txt
[2.666s] writing top-level names to turtlesim.egg-info/top_level.txt
[2.698s] reading manifest file 'turtlesim.egg-info/SOURCES.txt'
[2.704s] writing manifest file 'turtlesim.egg-info/SOURCES.txt'
[2.928s] [ 95%] Built target ament_cmake_python_build_turtlesim_egg
[65.056s] [ 96%] [32m[1mLinking CXX executable turtlesim_node[0m
[75.076s] [100%] Built target turtlesim_node
[75.314s] Invoked command in '/home/ros2/ws01_plumbing/build/turtlesim' returned '0': CMAKE_PREFIX_PATH=${CMAKE_PREFIX_PATH}:/home/ros2/ws01_plumbing/install/py06_time:/home/ros2/ws01_plumbing/install/py05_names:/home/ros2/ws01_plumbing/install/py04_param:/home/ros2/ws01_plumbing/install/py03_action:/home/ros2/ws01_plumbing/install/py02_service:/home/ros2/ws01_plumbing/install/py01_topic:/opt/ros/humble /usr/bin/cmake --build /home/ros2/ws01_plumbing/build/turtlesim -- -j4 -l4
[76.964s] Invoking command in '/home/ros2/ws01_plumbing/build/turtlesim': CMAKE_PREFIX_PATH=${CMAKE_PREFIX_PATH}:/home/ros2/ws01_plumbing/install/py06_time:/home/ros2/ws01_plumbing/install/py05_names:/home/ros2/ws01_plumbing/install/py04_param:/home/ros2/ws01_plumbing/install/py03_action:/home/ros2/ws01_plumbing/install/py02_service:/home/ros2/ws01_plumbing/install/py01_topic:/opt/ros/humble /usr/bin/cmake --install /home/ros2/ws01_plumbing/build/turtlesim
[77.024s] -- Install configuration: ""
[77.031s] -- Up-to-date: /home/ros2/ws01_plumbing/install/turtlesim/share/ament_index/resource_index/rosidl_interfaces/turtlesim
[77.033s] -- Up-to-date: /home/ros2/ws01_plumbing/install/turtlesim/include/turtlesim/turtlesim
[77.033s] -- Up-to-date: /home/ros2/ws01_plumbing/install/turtlesim/include/turtlesim/turtlesim/action
[77.034s] -- Up-to-date: /home/ros2/ws01_plumbing/install/turtlesim/include/turtlesim/turtlesim/action/detail
[77.034s] -- Up-to-date: /home/ros2/ws01_plumbing/install/turtlesim/include/turtlesim/turtlesim/action/detail/rotate_absolute__struct.h
[77.035s] -- Up-to-date: /home/ros2/ws01_plumbing/install/turtlesim/include/turtlesim/turtlesim/action/detail/rotate_absolute__type_support.h
[77.037s] -- Up-to-date: /home/ros2/ws01_plumbing/install/turtlesim/include/turtlesim/turtlesim/action/detail/rotate_absolute__functions.c
[77.039s] -- Up-to-date: /home/ros2/ws01_plumbing/install/turtlesim/include/turtlesim/turtlesim/action/detail/rotate_absolute__functions.h
[77.039s] -- Up-to-date: /home/ros2/ws01_plumbing/install/turtlesim/include/turtlesim/turtlesim/action/rotate_absolute.h
[77.040s] -- Up-to-date: /home/ros2/ws01_plumbing/install/turtlesim/include/turtlesim/turtlesim/msg
[77.041s] -- Up-to-date: /home/ros2/ws01_plumbing/install/turtlesim/include/turtlesim/turtlesim/msg/detail
[77.043s] -- Up-to-date: /home/ros2/ws01_plumbing/install/turtlesim/include/turtlesim/turtlesim/msg/detail/color__functions.h
[77.044s] -- Up-to-date: /home/ros2/ws01_plumbing/install/turtlesim/include/turtlesim/turtlesim/msg/detail/pose__struct.h
[77.044s] -- Up-to-date: /home/ros2/ws01_plumbing/install/turtlesim/include/turtlesim/turtlesim/msg/detail/color__type_support.h
[77.044s] -- Up-to-date: /home/ros2/ws01_plumbing/install/turtlesim/include/turtlesim/turtlesim/msg/detail/color__struct.h
[77.045s] -- Up-to-date: /home/ros2/ws01_plumbing/install/turtlesim/include/turtlesim/turtlesim/msg/detail/pose__functions.c
[77.045s] -- Up-to-date: /home/ros2/ws01_plumbing/install/turtlesim/include/turtlesim/turtlesim/msg/detail/color__functions.c
[77.045s] -- Up-to-date: /home/ros2/ws01_plumbing/install/turtlesim/include/turtlesim/turtlesim/msg/detail/pose__type_support.h
[77.045s] -- Up-to-date: /home/ros2/ws01_plumbing/install/turtlesim/include/turtlesim/turtlesim/msg/detail/pose__functions.h
[77.046s] -- Up-to-date: /home/ros2/ws01_plumbing/install/turtlesim/include/turtlesim/turtlesim/msg/pose.h
[77.046s] -- Up-to-date: /home/ros2/ws01_plumbing/install/turtlesim/include/turtlesim/turtlesim/msg/color.h
[77.047s] -- Up-to-date: /home/ros2/ws01_plumbing/install/turtlesim/include/turtlesim/turtlesim/msg/rosidl_generator_c__visibility_control.h
[77.047s] -- Up-to-date: /home/ros2/ws01_plumbing/install/turtlesim/include/turtlesim/turtlesim/srv
[77.047s] -- Up-to-date: /home/ros2/ws01_plumbing/install/turtlesim/include/turtlesim/turtlesim/srv/kill.h
[77.048s] -- Up-to-date: /home/ros2/ws01_plumbing/install/turtlesim/include/turtlesim/turtlesim/srv/set_pen.h
[77.048s] -- Up-to-date: /home/ros2/ws01_plumbing/install/turtlesim/include/turtlesim/turtlesim/srv/detail
[77.048s] -- Up-to-date: /home/ros2/ws01_plumbing/install/turtlesim/include/turtlesim/turtlesim/srv/detail/set_pen__functions.h
[77.048s] -- Up-to-date: /home/ros2/ws01_plumbing/install/turtlesim/include/turtlesim/turtlesim/srv/detail/teleport_absolute__type_support.h
[77.049s] -- Up-to-date: /home/ros2/ws01_plumbing/install/turtlesim/include/turtlesim/turtlesim/srv/detail/teleport_absolute__functions.h
[77.050s] -- Up-to-date: /home/ros2/ws01_plumbing/install/turtlesim/include/turtlesim/turtlesim/srv/detail/spawn__functions.h
[77.050s] -- Up-to-date: /home/ros2/ws01_plumbing/install/turtlesim/include/turtlesim/turtlesim/srv/detail/spawn__functions.c
[77.050s] -- Up-to-date: /home/ros2/ws01_plumbing/install/turtlesim/include/turtlesim/turtlesim/srv/detail/teleport_absolute__struct.h
[77.051s] -- Up-to-date: /home/ros2/ws01_plumbing/install/turtlesim/include/turtlesim/turtlesim/srv/detail/kill__functions.c
[77.051s] -- Up-to-date: /home/ros2/ws01_plumbing/install/turtlesim/include/turtlesim/turtlesim/srv/detail/set_pen__functions.c
[77.052s] -- Up-to-date: /home/ros2/ws01_plumbing/install/turtlesim/include/turtlesim/turtlesim/srv/detail/teleport_absolute__functions.c
[77.053s] -- Up-to-date: /home/ros2/ws01_plumbing/install/turtlesim/include/turtlesim/turtlesim/srv/detail/teleport_relative__functions.h
[77.053s] -- Up-to-date: /home/ros2/ws01_plumbing/install/turtlesim/include/turtlesim/turtlesim/srv/detail/teleport_relative__struct.h
[77.053s] -- Up-to-date: /home/ros2/ws01_plumbing/install/turtlesim/include/turtlesim/turtlesim/srv/detail/spawn__struct.h
[77.054s] -- Up-to-date: /home/ros2/ws01_plumbing/install/turtlesim/include/turtlesim/turtlesim/srv/detail/teleport_relative__functions.c
[77.054s] -- Up-to-date: /home/ros2/ws01_plumbing/install/turtlesim/include/turtlesim/turtlesim/srv/detail/spawn__type_support.h
[77.055s] -- Up-to-date: /home/ros2/ws01_plumbing/install/turtlesim/include/turtlesim/turtlesim/srv/detail/set_pen__struct.h
[77.055s] -- Up-to-date: /home/ros2/ws01_plumbing/install/turtlesim/include/turtlesim/turtlesim/srv/detail/kill__struct.h
[77.055s] -- Up-to-date: /home/ros2/ws01_plumbing/install/turtlesim/include/turtlesim/turtlesim/srv/detail/set_pen__type_support.h
[77.055s] -- Up-to-date: /home/ros2/ws01_plumbing/install/turtlesim/include/turtlesim/turtlesim/srv/detail/kill__functions.h
[77.056s] -- Up-to-date: /home/ros2/ws01_plumbing/install/turtlesim/include/turtlesim/turtlesim/srv/detail/teleport_relative__type_support.h
[77.056s] -- Up-to-date: /home/ros2/ws01_plumbing/install/turtlesim/include/turtlesim/turtlesim/srv/detail/kill__type_support.h
[77.056s] -- Up-to-date: /home/ros2/ws01_plumbing/install/turtlesim/include/turtlesim/turtlesim/srv/teleport_relative.h
[77.056s] -- Up-to-date: /home/ros2/ws01_plumbing/install/turtlesim/include/turtlesim/turtlesim/srv/teleport_absolute.h
[77.057s] -- Up-to-date: /home/ros2/ws01_plumbing/install/turtlesim/include/turtlesim/turtlesim/srv/spawn.h
[77.059s] -- Up-to-date: /home/ros2/ws01_plumbing/install/turtlesim/share/turtlesim/environment/library_path.sh
[77.059s] -- Up-to-date: /home/ros2/ws01_plumbing/install/turtlesim/share/turtlesim/environment/library_path.dsv
[77.059s] -- Up-to-date: /home/ros2/ws01_plumbing/install/turtlesim/lib/libturtlesim__rosidl_generator_c.so
[77.061s] -- Up-to-date: /home/ros2/ws01_plumbing/install/turtlesim/include/turtlesim/turtlesim
[77.063s] -- Up-to-date: /home/ros2/ws01_plumbing/install/turtlesim/include/turtlesim/turtlesim/action
[77.063s] -- Up-to-date: /home/ros2/ws01_plumbing/install/turtlesim/include/turtlesim/turtlesim/action/detail
[77.063s] -- Up-to-date: /home/ros2/ws01_plumbing/install/turtlesim/include/turtlesim/turtlesim/action/detail/rotate_absolute__rosidl_typesupport_fastrtps_c.h
[77.063s] -- Up-to-date: /home/ros2/ws01_plumbing/install/turtlesim/include/turtlesim/turtlesim/msg
[77.064s] -- Up-to-date: /home/ros2/ws01_plumbing/install/turtlesim/include/turtlesim/turtlesim/msg/detail
[77.064s] -- Up-to-date: /home/ros2/ws01_plumbing/install/turtlesim/include/turtlesim/turtlesim/msg/detail/color__rosidl_typesupport_fastrtps_c.h
[77.064s] -- Up-to-date: /home/ros2/ws01_plumbing/install/turtlesim/include/turtlesim/turtlesim/msg/detail/pose__rosidl_typesupport_fastrtps_c.h
[77.065s] -- Up-to-date: /home/ros2/ws01_plumbing/install/turtlesim/include/turtlesim/turtlesim/msg/rosidl_typesupport_fastrtps_c__visibility_control.h
[77.065s] -- Up-to-date: /home/ros2/ws01_plumbing/install/turtlesim/include/turtlesim/turtlesim/srv
[77.065s] -- Up-to-date: /home/ros2/ws01_plumbing/install/turtlesim/include/turtlesim/turtlesim/srv/detail
[77.066s] -- Up-to-date: /home/ros2/ws01_plumbing/install/turtlesim/include/turtlesim/turtlesim/srv/detail/teleport_absolute__rosidl_typesupport_fastrtps_c.h
[77.066s] -- Up-to-date: /home/ros2/ws01_plumbing/install/turtlesim/include/turtlesim/turtlesim/srv/detail/kill__rosidl_typesupport_fastrtps_c.h
[77.067s] -- Up-to-date: /home/ros2/ws01_plumbing/install/turtlesim/include/turtlesim/turtlesim/srv/detail/set_pen__rosidl_typesupport_fastrtps_c.h
[77.067s] -- Up-to-date: /home/ros2/ws01_plumbing/install/turtlesim/include/turtlesim/turtlesim/srv/detail/teleport_relative__rosidl_typesupport_fastrtps_c.h
[77.067s] -- Up-to-date: /home/ros2/ws01_plumbing/install/turtlesim/include/turtlesim/turtlesim/srv/detail/spawn__rosidl_typesupport_fastrtps_c.h
[77.068s] -- Up-to-date: /home/ros2/ws01_plumbing/install/turtlesim/lib/libturtlesim__rosidl_typesupport_fastrtps_c.so
[77.072s] -- Up-to-date: /home/ros2/ws01_plumbing/install/turtlesim/include/turtlesim/turtlesim
[77.073s] -- Up-to-date: /home/ros2/ws01_plumbing/install/turtlesim/include/turtlesim/turtlesim/action
[77.074s] -- Up-to-date: /home/ros2/ws01_plumbing/install/turtlesim/include/turtlesim/turtlesim/action/detail
[77.075s] -- Up-to-date: /home/ros2/ws01_plumbing/install/turtlesim/include/turtlesim/turtlesim/action/detail/rotate_absolute__traits.hpp
[77.079s] -- Up-to-date: /home/ros2/ws01_plumbing/install/turtlesim/include/turtlesim/turtlesim/action/detail/rotate_absolute__struct.hpp
[77.080s] -- Up-to-date: /home/ros2/ws01_plumbing/install/turtlesim/include/turtlesim/turtlesim/action/detail/rotate_absolute__builder.hpp
[77.080s] -- Up-to-date: /home/ros2/ws01_plumbing/install/turtlesim/include/turtlesim/turtlesim/action/rotate_absolute.hpp
[77.082s] -- Up-to-date: /home/ros2/ws01_plumbing/install/turtlesim/include/turtlesim/turtlesim/msg
[77.082s] -- Up-to-date: /home/ros2/ws01_plumbing/install/turtlesim/include/turtlesim/turtlesim/msg/detail
[77.083s] -- Up-to-date: /home/ros2/ws01_plumbing/install/turtlesim/include/turtlesim/turtlesim/msg/detail/pose__builder.hpp
[77.085s] -- Up-to-date: /home/ros2/ws01_plumbing/install/turtlesim/include/turtlesim/turtlesim/msg/detail/color__builder.hpp
[77.086s] -- Up-to-date: /home/ros2/ws01_plumbing/install/turtlesim/include/turtlesim/turtlesim/msg/detail/pose__traits.hpp
[77.089s] -- Up-to-date: /home/ros2/ws01_plumbing/install/turtlesim/include/turtlesim/turtlesim/msg/detail/color__traits.hpp
[77.091s] -- Up-to-date: /home/ros2/ws01_plumbing/install/turtlesim/include/turtlesim/turtlesim/msg/detail/pose__struct.hpp
[77.091s] -- Up-to-date: /home/ros2/ws01_plumbing/install/turtlesim/include/turtlesim/turtlesim/msg/detail/color__struct.hpp
[77.091s] -- Up-to-date: /home/ros2/ws01_plumbing/install/turtlesim/include/turtlesim/turtlesim/msg/color.hpp
[77.091s] -- Up-to-date: /home/ros2/ws01_plumbing/install/turtlesim/include/turtlesim/turtlesim/msg/pose.hpp
[77.092s] -- Up-to-date: /home/ros2/ws01_plumbing/install/turtlesim/include/turtlesim/turtlesim/srv
[77.092s] -- Up-to-date: /home/ros2/ws01_plumbing/install/turtlesim/include/turtlesim/turtlesim/srv/detail
[77.092s] -- Up-to-date: /home/ros2/ws01_plumbing/install/turtlesim/include/turtlesim/turtlesim/srv/detail/set_pen__traits.hpp
[77.092s] -- Up-to-date: /home/ros2/ws01_plumbing/install/turtlesim/include/turtlesim/turtlesim/srv/detail/teleport_absolute__struct.hpp
[77.092s] -- Up-to-date: /home/ros2/ws01_plumbing/install/turtlesim/include/turtlesim/turtlesim/srv/detail/teleport_relative__traits.hpp
[77.092s] -- Up-to-date: /home/ros2/ws01_plumbing/install/turtlesim/include/turtlesim/turtlesim/srv/detail/set_pen__struct.hpp
[77.093s] -- Up-to-date: /home/ros2/ws01_plumbing/install/turtlesim/include/turtlesim/turtlesim/srv/detail/teleport_absolute__traits.hpp
[77.093s] -- Up-to-date: /home/ros2/ws01_plumbing/install/turtlesim/include/turtlesim/turtlesim/srv/detail/kill__builder.hpp
[77.093s] -- Up-to-date: /home/ros2/ws01_plumbing/install/turtlesim/include/turtlesim/turtlesim/srv/detail/spawn__builder.hpp
[77.093s] -- Up-to-date: /home/ros2/ws01_plumbing/install/turtlesim/include/turtlesim/turtlesim/srv/detail/spawn__traits.hpp
[77.094s] -- Up-to-date: /home/ros2/ws01_plumbing/install/turtlesim/include/turtlesim/turtlesim/srv/detail/kill__traits.hpp
[77.094s] -- Up-to-date: /home/ros2/ws01_plumbing/install/turtlesim/include/turtlesim/turtlesim/srv/detail/teleport_absolute__builder.hpp
[77.094s] -- Up-to-date: /home/ros2/ws01_plumbing/install/turtlesim/include/turtlesim/turtlesim/srv/detail/teleport_relative__struct.hpp
[77.094s] -- Up-to-date: /home/ros2/ws01_plumbing/install/turtlesim/include/turtlesim/turtlesim/srv/detail/kill__struct.hpp
[77.095s] -- Up-to-date: /home/ros2/ws01_plumbing/install/turtlesim/include/turtlesim/turtlesim/srv/detail/set_pen__builder.hpp
[77.095s] -- Up-to-date: /home/ros2/ws01_plumbing/install/turtlesim/include/turtlesim/turtlesim/srv/detail/spawn__struct.hpp
[77.095s] -- Up-to-date: /home/ros2/ws01_plumbing/install/turtlesim/include/turtlesim/turtlesim/srv/detail/teleport_relative__builder.hpp
[77.095s] -- Up-to-date: /home/ros2/ws01_plumbing/install/turtlesim/include/turtlesim/turtlesim/srv/kill.hpp
[77.095s] -- Up-to-date: /home/ros2/ws01_plumbing/install/turtlesim/include/turtlesim/turtlesim/srv/teleport_absolute.hpp
[77.095s] -- Up-to-date: /home/ros2/ws01_plumbing/install/turtlesim/include/turtlesim/turtlesim/srv/set_pen.hpp
[77.095s] -- Up-to-date: /home/ros2/ws01_plumbing/install/turtlesim/include/turtlesim/turtlesim/srv/spawn.hpp
[77.096s] -- Up-to-date: /home/ros2/ws01_plumbing/install/turtlesim/include/turtlesim/turtlesim/srv/teleport_relative.hpp
[77.096s] -- Up-to-date: /home/ros2/ws01_plumbing/install/turtlesim/include/turtlesim/turtlesim
[77.096s] -- Up-to-date: /home/ros2/ws01_plumbing/install/turtlesim/include/turtlesim/turtlesim/action
[77.096s] -- Up-to-date: /home/ros2/ws01_plumbing/install/turtlesim/include/turtlesim/turtlesim/action/detail
[77.096s] -- Up-to-date: /home/ros2/ws01_plumbing/install/turtlesim/include/turtlesim/turtlesim/action/detail/rotate_absolute__rosidl_typesupport_fastrtps_cpp.hpp
[77.096s] -- Up-to-date: /home/ros2/ws01_plumbing/install/turtlesim/include/turtlesim/turtlesim/action/detail/dds_fastrtps
[77.097s] -- Up-to-date: /home/ros2/ws01_plumbing/install/turtlesim/include/turtlesim/turtlesim/msg
[77.097s] -- Up-to-date: /home/ros2/ws01_plumbing/install/turtlesim/include/turtlesim/turtlesim/msg/detail
[77.097s] -- Up-to-date: /home/ros2/ws01_plumbing/install/turtlesim/include/turtlesim/turtlesim/msg/detail/pose__rosidl_typesupport_fastrtps_cpp.hpp
[77.098s] -- Up-to-date: /home/ros2/ws01_plumbing/install/turtlesim/include/turtlesim/turtlesim/msg/detail/dds_fastrtps
[77.098s] -- Up-to-date: /home/ros2/ws01_plumbing/install/turtlesim/include/turtlesim/turtlesim/msg/detail/color__rosidl_typesupport_fastrtps_cpp.hpp
[77.098s] -- Up-to-date: /home/ros2/ws01_plumbing/install/turtlesim/include/turtlesim/turtlesim/msg/rosidl_typesupport_fastrtps_cpp__visibility_control.h
[77.098s] -- Up-to-date: /home/ros2/ws01_plumbing/install/turtlesim/include/turtlesim/turtlesim/srv
[77.098s] -- Up-to-date: /home/ros2/ws01_plumbing/install/turtlesim/include/turtlesim/turtlesim/srv/detail
[77.099s] -- Up-to-date: /home/ros2/ws01_plumbing/install/turtlesim/include/turtlesim/turtlesim/srv/detail/teleport_absolute__rosidl_typesupport_fastrtps_cpp.hpp
[77.099s] -- Up-to-date: /home/ros2/ws01_plumbing/install/turtlesim/include/turtlesim/turtlesim/srv/detail/kill__rosidl_typesupport_fastrtps_cpp.hpp
[77.099s] -- Up-to-date: /home/ros2/ws01_plumbing/install/turtlesim/include/turtlesim/turtlesim/srv/detail/set_pen__rosidl_typesupport_fastrtps_cpp.hpp
[77.099s] -- Up-to-date: /home/ros2/ws01_plumbing/install/turtlesim/include/turtlesim/turtlesim/srv/detail/spawn__rosidl_typesupport_fastrtps_cpp.hpp
[77.099s] -- Up-to-date: /home/ros2/ws01_plumbing/install/turtlesim/include/turtlesim/turtlesim/srv/detail/dds_fastrtps
[77.100s] -- Up-to-date: /home/ros2/ws01_plumbing/install/turtlesim/include/turtlesim/turtlesim/srv/detail/teleport_relative__rosidl_typesupport_fastrtps_cpp.hpp
[77.100s] -- Up-to-date: /home/ros2/ws01_plumbing/install/turtlesim/lib/libturtlesim__rosidl_typesupport_fastrtps_cpp.so
[77.100s] -- Up-to-date: /home/ros2/ws01_plumbing/install/turtlesim/include/turtlesim/turtlesim
[77.100s] -- Up-to-date: /home/ros2/ws01_plumbing/install/turtlesim/include/turtlesim/turtlesim/action
[77.101s] -- Up-to-date: /home/ros2/ws01_plumbing/install/turtlesim/include/turtlesim/turtlesim/action/detail
[77.101s] -- Up-to-date: /home/ros2/ws01_plumbing/install/turtlesim/include/turtlesim/turtlesim/action/detail/rotate_absolute__type_support.c
[77.101s] -- Up-to-date: /home/ros2/ws01_plumbing/install/turtlesim/include/turtlesim/turtlesim/action/detail/rotate_absolute__rosidl_typesupport_introspection_c.h
[77.101s] -- Up-to-date: /home/ros2/ws01_plumbing/install/turtlesim/include/turtlesim/turtlesim/msg
[77.101s] -- Up-to-date: /home/ros2/ws01_plumbing/install/turtlesim/include/turtlesim/turtlesim/msg/detail
[77.102s] -- Up-to-date: /home/ros2/ws01_plumbing/install/turtlesim/include/turtlesim/turtlesim/msg/detail/pose__rosidl_typesupport_introspection_c.h
[77.105s] -- Up-to-date: /home/ros2/ws01_plumbing/install/turtlesim/include/turtlesim/turtlesim/msg/detail/color__rosidl_typesupport_introspection_c.h
[77.108s] -- Up-to-date: /home/ros2/ws01_plumbing/install/turtlesim/include/turtlesim/turtlesim/msg/detail/color__type_support.c
[77.108s] -- Up-to-date: /home/ros2/ws01_plumbing/install/turtlesim/include/turtlesim/turtlesim/msg/detail/pose__type_support.c
[77.108s] -- Up-to-date: /home/ros2/ws01_plumbing/install/turtlesim/include/turtlesim/turtlesim/msg/rosidl_typesupport_introspection_c__visibility_control.h
[77.109s] -- Up-to-date: /home/ros2/ws01_plumbing/install/turtlesim/include/turtlesim/turtlesim/srv
[77.109s] -- Up-to-date: /home/ros2/ws01_plumbing/install/turtlesim/include/turtlesim/turtlesim/srv/detail
[77.109s] -- Up-to-date: /home/ros2/ws01_plumbing/install/turtlesim/include/turtlesim/turtlesim/srv/detail/set_pen__rosidl_typesupport_introspection_c.h
[77.109s] -- Up-to-date: /home/ros2/ws01_plumbing/install/turtlesim/include/turtlesim/turtlesim/srv/detail/teleport_absolute__type_support.c
[77.110s] -- Up-to-date: /home/ros2/ws01_plumbing/install/turtlesim/include/turtlesim/turtlesim/srv/detail/kill__type_support.c
[77.111s] -- Up-to-date: /home/ros2/ws01_plumbing/install/turtlesim/include/turtlesim/turtlesim/srv/detail/teleport_absolute__rosidl_typesupport_introspection_c.h
[77.111s] -- Up-to-date: /home/ros2/ws01_plumbing/install/turtlesim/include/turtlesim/turtlesim/srv/detail/set_pen__type_support.c
[77.111s] -- Up-to-date: /home/ros2/ws01_plumbing/install/turtlesim/include/turtlesim/turtlesim/srv/detail/kill__rosidl_typesupport_introspection_c.h
[77.113s] -- Up-to-date: /home/ros2/ws01_plumbing/install/turtlesim/include/turtlesim/turtlesim/srv/detail/teleport_relative__type_support.c
[77.113s] -- Up-to-date: /home/ros2/ws01_plumbing/install/turtlesim/include/turtlesim/turtlesim/srv/detail/spawn__rosidl_typesupport_introspection_c.h
[77.113s] -- Up-to-date: /home/ros2/ws01_plumbing/install/turtlesim/include/turtlesim/turtlesim/srv/detail/spawn__type_support.c
[77.113s] -- Up-to-date: /home/ros2/ws01_plumbing/install/turtlesim/include/turtlesim/turtlesim/srv/detail/teleport_relative__rosidl_typesupport_introspection_c.h
[77.114s] -- Up-to-date: /home/ros2/ws01_plumbing/install/turtlesim/lib/libturtlesim__rosidl_typesupport_introspection_c.so
[77.118s] -- Up-to-date: /home/ros2/ws01_plumbing/install/turtlesim/lib/libturtlesim__rosidl_typesupport_c.so
[77.118s] -- Up-to-date: /home/ros2/ws01_plumbing/install/turtlesim/include/turtlesim/turtlesim
[77.122s] -- Up-to-date: /home/ros2/ws01_plumbing/install/turtlesim/include/turtlesim/turtlesim/action
[77.127s] -- Up-to-date: /home/ros2/ws01_plumbing/install/turtlesim/include/turtlesim/turtlesim/action/detail
[77.128s] -- Up-to-date: /home/ros2/ws01_plumbing/install/turtlesim/include/turtlesim/turtlesim/action/detail/rotate_absolute__rosidl_typesupport_introspection_cpp.hpp
[77.128s] -- Up-to-date: /home/ros2/ws01_plumbing/install/turtlesim/include/turtlesim/turtlesim/action/detail/rotate_absolute__type_support.cpp
[77.128s] -- Up-to-date: /home/ros2/ws01_plumbing/install/turtlesim/include/turtlesim/turtlesim/msg
[77.133s] -- Up-to-date: /home/ros2/ws01_plumbing/install/turtlesim/include/turtlesim/turtlesim/msg/detail
[77.134s] -- Up-to-date: /home/ros2/ws01_plumbing/install/turtlesim/include/turtlesim/turtlesim/msg/detail/pose__rosidl_typesupport_introspection_cpp.hpp
[77.137s] -- Up-to-date: /home/ros2/ws01_plumbing/install/turtlesim/include/turtlesim/turtlesim/msg/detail/color__rosidl_typesupport_introspection_cpp.hpp
[77.137s] -- Up-to-date: /home/ros2/ws01_plumbing/install/turtlesim/include/turtlesim/turtlesim/msg/detail/color__type_support.cpp
[77.138s] -- Up-to-date: /home/ros2/ws01_plumbing/install/turtlesim/include/turtlesim/turtlesim/msg/detail/pose__type_support.cpp
[77.138s] -- Up-to-date: /home/ros2/ws01_plumbing/install/turtlesim/include/turtlesim/turtlesim/srv
[77.138s] -- Up-to-date: /home/ros2/ws01_plumbing/install/turtlesim/include/turtlesim/turtlesim/srv/detail
[77.139s] -- Up-to-date: /home/ros2/ws01_plumbing/install/turtlesim/include/turtlesim/turtlesim/srv/detail/kill__type_support.cpp
[77.139s] -- Up-to-date: /home/ros2/ws01_plumbing/install/turtlesim/include/turtlesim/turtlesim/srv/detail/teleport_absolute__type_support.cpp
[77.139s] -- Up-to-date: /home/ros2/ws01_plumbing/install/turtlesim/include/turtlesim/turtlesim/srv/detail/kill__rosidl_typesupport_introspection_cpp.hpp
[77.139s] -- Up-to-date: /home/ros2/ws01_plumbing/install/turtlesim/include/turtlesim/turtlesim/srv/detail/set_pen__type_support.cpp
[77.140s] -- Up-to-date: /home/ros2/ws01_plumbing/install/turtlesim/include/turtlesim/turtlesim/srv/detail/teleport_relative__rosidl_typesupport_introspection_cpp.hpp
[77.140s] -- Up-to-date: /home/ros2/ws01_plumbing/install/turtlesim/include/turtlesim/turtlesim/srv/detail/teleport_relative__type_support.cpp
[77.140s] -- Up-to-date: /home/ros2/ws01_plumbing/install/turtlesim/include/turtlesim/turtlesim/srv/detail/set_pen__rosidl_typesupport_introspection_cpp.hpp
[77.140s] -- Up-to-date: /home/ros2/ws01_plumbing/install/turtlesim/include/turtlesim/turtlesim/srv/detail/teleport_absolute__rosidl_typesupport_introspection_cpp.hpp
[77.140s] -- Up-to-date: /home/ros2/ws01_plumbing/install/turtlesim/include/turtlesim/turtlesim/srv/detail/spawn__type_support.cpp
[77.141s] -- Up-to-date: /home/ros2/ws01_plumbing/install/turtlesim/include/turtlesim/turtlesim/srv/detail/spawn__rosidl_typesupport_introspection_cpp.hpp
[77.141s] -- Up-to-date: /home/ros2/ws01_plumbing/install/turtlesim/lib/libturtlesim__rosidl_typesupport_introspection_cpp.so
[77.141s] -- Up-to-date: /home/ros2/ws01_plumbing/install/turtlesim/lib/libturtlesim__rosidl_typesupport_cpp.so
[77.142s] -- Up-to-date: /home/ros2/ws01_plumbing/install/turtlesim/share/turtlesim/environment/pythonpath.sh
[77.142s] -- Up-to-date: /home/ros2/ws01_plumbing/install/turtlesim/share/turtlesim/environment/pythonpath.dsv
[77.142s] -- Up-to-date: /home/ros2/ws01_plumbing/install/turtlesim/local/lib/python3.10/dist-packages/turtlesim-1.4.2-py3.10.egg-info
[77.142s] -- Installing: /home/ros2/ws01_plumbing/install/turtlesim/local/lib/python3.10/dist-packages/turtlesim-1.4.2-py3.10.egg-info/top_level.txt
[77.143s] -- Installing: /home/ros2/ws01_plumbing/install/turtlesim/local/lib/python3.10/dist-packages/turtlesim-1.4.2-py3.10.egg-info/dependency_links.txt
[77.143s] -- Installing: /home/ros2/ws01_plumbing/install/turtlesim/local/lib/python3.10/dist-packages/turtlesim-1.4.2-py3.10.egg-info/SOURCES.txt
[77.143s] -- Installing: /home/ros2/ws01_plumbing/install/turtlesim/local/lib/python3.10/dist-packages/turtlesim-1.4.2-py3.10.egg-info/PKG-INFO
[77.143s] -- Up-to-date: /home/ros2/ws01_plumbing/install/turtlesim/local/lib/python3.10/dist-packages/turtlesim
[77.143s] -- Up-to-date: /home/ros2/ws01_plumbing/install/turtlesim/local/lib/python3.10/dist-packages/turtlesim/_turtlesim_s.ep.rosidl_typesupport_c.c
[77.143s] -- Up-to-date: /home/ros2/ws01_plumbing/install/turtlesim/local/lib/python3.10/dist-packages/turtlesim/action
[77.143s] -- Up-to-date: /home/ros2/ws01_plumbing/install/turtlesim/local/lib/python3.10/dist-packages/turtlesim/action/_rotate_absolute.py
[77.144s] -- Up-to-date: /home/ros2/ws01_plumbing/install/turtlesim/local/lib/python3.10/dist-packages/turtlesim/action/_rotate_absolute_s.c
[77.144s] -- Up-to-date: /home/ros2/ws01_plumbing/install/turtlesim/local/lib/python3.10/dist-packages/turtlesim/action/__init__.py
[77.144s] -- Up-to-date: /home/ros2/ws01_plumbing/install/turtlesim/local/lib/python3.10/dist-packages/turtlesim/msg
[77.144s] -- Up-to-date: /home/ros2/ws01_plumbing/install/turtlesim/local/lib/python3.10/dist-packages/turtlesim/msg/_pose_s.c
[77.144s] -- Up-to-date: /home/ros2/ws01_plumbing/install/turtlesim/local/lib/python3.10/dist-packages/turtlesim/msg/__init__.py
[77.144s] -- Up-to-date: /home/ros2/ws01_plumbing/install/turtlesim/local/lib/python3.10/dist-packages/turtlesim/msg/_color.py
[77.145s] -- Up-to-date: /home/ros2/ws01_plumbing/install/turtlesim/local/lib/python3.10/dist-packages/turtlesim/msg/_pose.py
[77.145s] -- Up-to-date: /home/ros2/ws01_plumbing/install/turtlesim/local/lib/python3.10/dist-packages/turtlesim/msg/_color_s.c
[77.145s] -- Up-to-date: /home/ros2/ws01_plumbing/install/turtlesim/local/lib/python3.10/dist-packages/turtlesim/__init__.py
[77.145s] -- Up-to-date: /home/ros2/ws01_plumbing/install/turtlesim/local/lib/python3.10/dist-packages/turtlesim/libturtlesim__rosidl_generator_py.so
[77.146s] -- Up-to-date: /home/ros2/ws01_plumbing/install/turtlesim/local/lib/python3.10/dist-packages/turtlesim/turtlesim_s__rosidl_typesupport_c.cpython-310-x86_64-linux-gnu.so
[77.146s] -- Up-to-date: /home/ros2/ws01_plumbing/install/turtlesim/local/lib/python3.10/dist-packages/turtlesim/srv
[77.146s] -- Up-to-date: /home/ros2/ws01_plumbing/install/turtlesim/local/lib/python3.10/dist-packages/turtlesim/srv/_teleport_absolute.py
[77.146s] -- Up-to-date: /home/ros2/ws01_plumbing/install/turtlesim/local/lib/python3.10/dist-packages/turtlesim/srv/__init__.py
[77.146s] -- Up-to-date: /home/ros2/ws01_plumbing/install/turtlesim/local/lib/python3.10/dist-packages/turtlesim/srv/_teleport_relative.py
[77.146s] -- Up-to-date: /home/ros2/ws01_plumbing/install/turtlesim/local/lib/python3.10/dist-packages/turtlesim/srv/_kill.py
[77.147s] -- Up-to-date: /home/ros2/ws01_plumbing/install/turtlesim/local/lib/python3.10/dist-packages/turtlesim/srv/_set_pen.py
[77.147s] -- Up-to-date: /home/ros2/ws01_plumbing/install/turtlesim/local/lib/python3.10/dist-packages/turtlesim/srv/_spawn_s.c
[77.147s] -- Up-to-date: /home/ros2/ws01_plumbing/install/turtlesim/local/lib/python3.10/dist-packages/turtlesim/srv/_kill_s.c
[77.148s] -- Up-to-date: /home/ros2/ws01_plumbing/install/turtlesim/local/lib/python3.10/dist-packages/turtlesim/srv/_set_pen_s.c
[77.148s] -- Up-to-date: /home/ros2/ws01_plumbing/install/turtlesim/local/lib/python3.10/dist-packages/turtlesim/srv/_teleport_relative_s.c
[77.148s] -- Up-to-date: /home/ros2/ws01_plumbing/install/turtlesim/local/lib/python3.10/dist-packages/turtlesim/srv/_teleport_absolute_s.c
[77.148s] -- Up-to-date: /home/ros2/ws01_plumbing/install/turtlesim/local/lib/python3.10/dist-packages/turtlesim/srv/_spawn.py
[77.149s] -- Up-to-date: /home/ros2/ws01_plumbing/install/turtlesim/local/lib/python3.10/dist-packages/turtlesim/_turtlesim_s.ep.rosidl_typesupport_fastrtps_c.c
[77.151s] -- Up-to-date: /home/ros2/ws01_plumbing/install/turtlesim/local/lib/python3.10/dist-packages/turtlesim/turtlesim_s__rosidl_typesupport_introspection_c.cpython-310-x86_64-linux-gnu.so
[77.151s] -- Up-to-date: /home/ros2/ws01_plumbing/install/turtlesim/local/lib/python3.10/dist-packages/turtlesim/turtlesim_s__rosidl_typesupport_fastrtps_c.cpython-310-x86_64-linux-gnu.so
[77.151s] -- Up-to-date: /home/ros2/ws01_plumbing/install/turtlesim/local/lib/python3.10/dist-packages/turtlesim/_turtlesim_s.ep.rosidl_typesupport_introspection_c.c
[77.408s] Listing '/home/ros2/ws01_plumbing/install/turtlesim/local/lib/python3.10/dist-packages/turtlesim'...
[77.408s] Listing '/home/ros2/ws01_plumbing/install/turtlesim/local/lib/python3.10/dist-packages/turtlesim/action'...
[77.408s] Listing '/home/ros2/ws01_plumbing/install/turtlesim/local/lib/python3.10/dist-packages/turtlesim/msg'...
[77.408s] Listing '/home/ros2/ws01_plumbing/install/turtlesim/local/lib/python3.10/dist-packages/turtlesim/srv'...
[77.428s] -- Up-to-date: /home/ros2/ws01_plumbing/install/turtlesim/local/lib/python3.10/dist-packages/turtlesim/turtlesim_s__rosidl_typesupport_fastrtps_c.cpython-310-x86_64-linux-gnu.so
[77.429s] -- Up-to-date: /home/ros2/ws01_plumbing/install/turtlesim/local/lib/python3.10/dist-packages/turtlesim/turtlesim_s__rosidl_typesupport_introspection_c.cpython-310-x86_64-linux-gnu.so
[77.430s] -- Up-to-date: /home/ros2/ws01_plumbing/install/turtlesim/local/lib/python3.10/dist-packages/turtlesim/turtlesim_s__rosidl_typesupport_c.cpython-310-x86_64-linux-gnu.so
[77.431s] -- Up-to-date: /home/ros2/ws01_plumbing/install/turtlesim/lib/libturtlesim__rosidl_generator_py.so
[77.432s] -- Up-to-date: /home/ros2/ws01_plumbing/install/turtlesim/share/turtlesim/action/RotateAbsolute.idl
[77.432s] -- Up-to-date: /home/ros2/ws01_plumbing/install/turtlesim/share/turtlesim/msg/Color.idl
[77.434s] -- Up-to-date: /home/ros2/ws01_plumbing/install/turtlesim/share/turtlesim/msg/Pose.idl
[77.436s] -- Up-to-date: /home/ros2/ws01_plumbing/install/turtlesim/share/turtlesim/srv/Kill.idl
[77.436s] -- Up-to-date: /home/ros2/ws01_plumbing/install/turtlesim/share/turtlesim/srv/SetPen.idl
[77.436s] -- Up-to-date: /home/ros2/ws01_plumbing/install/turtlesim/share/turtlesim/srv/Spawn.idl
[77.437s] -- Up-to-date: /home/ros2/ws01_plumbing/install/turtlesim/share/turtlesim/srv/TeleportAbsolute.idl
[77.437s] -- Up-to-date: /home/ros2/ws01_plumbing/install/turtlesim/share/turtlesim/srv/TeleportRelative.idl
[77.438s] -- Up-to-date: /home/ros2/ws01_plumbing/install/turtlesim/share/turtlesim/action/RotateAbsolute.action
[77.438s] -- Up-to-date: /home/ros2/ws01_plumbing/install/turtlesim/share/turtlesim/msg/Color.msg
[77.439s] -- Up-to-date: /home/ros2/ws01_plumbing/install/turtlesim/share/turtlesim/msg/Pose.msg
[77.439s] -- Up-to-date: /home/ros2/ws01_plumbing/install/turtlesim/share/turtlesim/srv/Kill.srv
[77.439s] -- Up-to-date: /home/ros2/ws01_plumbing/install/turtlesim/share/turtlesim/srv/Kill_Request.msg
[77.439s] -- Up-to-date: /home/ros2/ws01_plumbing/install/turtlesim/share/turtlesim/srv/Kill_Response.msg
[77.439s] -- Up-to-date: /home/ros2/ws01_plumbing/install/turtlesim/share/turtlesim/srv/SetPen.srv
[77.440s] -- Up-to-date: /home/ros2/ws01_plumbing/install/turtlesim/share/turtlesim/srv/SetPen_Request.msg
[77.440s] -- Up-to-date: /home/ros2/ws01_plumbing/install/turtlesim/share/turtlesim/srv/SetPen_Response.msg
[77.440s] -- Up-to-date: /home/ros2/ws01_plumbing/install/turtlesim/share/turtlesim/srv/Spawn.srv
[77.440s] -- Up-to-date: /home/ros2/ws01_plumbing/install/turtlesim/share/turtlesim/srv/Spawn_Request.msg
[77.440s] -- Up-to-date: /home/ros2/ws01_plumbing/install/turtlesim/share/turtlesim/srv/Spawn_Response.msg
[77.440s] -- Up-to-date: /home/ros2/ws01_plumbing/install/turtlesim/share/turtlesim/srv/TeleportAbsolute.srv
[77.440s] -- Up-to-date: /home/ros2/ws01_plumbing/install/turtlesim/share/turtlesim/srv/TeleportAbsolute_Request.msg
[77.441s] -- Up-to-date: /home/ros2/ws01_plumbing/install/turtlesim/share/turtlesim/srv/TeleportAbsolute_Response.msg
[77.441s] -- Up-to-date: /home/ros2/ws01_plumbing/install/turtlesim/share/turtlesim/srv/TeleportRelative.srv
[77.441s] -- Up-to-date: /home/ros2/ws01_plumbing/install/turtlesim/share/turtlesim/srv/TeleportRelative_Request.msg
[77.442s] -- Up-to-date: /home/ros2/ws01_plumbing/install/turtlesim/share/turtlesim/srv/TeleportRelative_Response.msg
[77.442s] -- Installing: /home/ros2/ws01_plumbing/install/turtlesim/lib/turtlesim/turtlesim_node
[77.468s] -- Set runtime path of "/home/ros2/ws01_plumbing/install/turtlesim/lib/turtlesim/turtlesim_node" to ""
[77.469s] -- Up-to-date: /home/ros2/ws01_plumbing/install/turtlesim/lib/turtlesim/turtle_teleop_key
[77.472s] -- Up-to-date: /home/ros2/ws01_plumbing/install/turtlesim/lib/turtlesim/draw_square
[77.475s] -- Up-to-date: /home/ros2/ws01_plumbing/install/turtlesim/lib/turtlesim/mimic
[77.476s] -- Up-to-date: /home/ros2/ws01_plumbing/install/turtlesim/share/turtlesim/images
[77.477s] -- Up-to-date: /home/ros2/ws01_plumbing/install/turtlesim/share/turtlesim/images/eloquent.png
[77.478s] -- Up-to-date: /home/ros2/ws01_plumbing/install/turtlesim/share/turtlesim/images/galactic.png
[77.478s] -- Up-to-date: /home/ros2/ws01_plumbing/install/turtlesim/share/turtlesim/images/bouncy.png
[77.478s] -- Up-to-date: /home/ros2/ws01_plumbing/install/turtlesim/share/turtlesim/images/foxy.png
[77.478s] -- Up-to-date: /home/ros2/ws01_plumbing/install/turtlesim/share/turtlesim/images/ardent.png
[77.478s] -- Up-to-date: /home/ros2/ws01_plumbing/install/turtlesim/share/turtlesim/images/humble.png
[77.479s] -- Up-to-date: /home/ros2/ws01_plumbing/install/turtlesim/share/turtlesim/images/dashing.png
[77.479s] -- Up-to-date: /home/ros2/ws01_plumbing/install/turtlesim/share/turtlesim/images/rolling.png
[77.480s] -- Up-to-date: /home/ros2/ws01_plumbing/install/turtlesim/share/turtlesim/images/crystal.png
[77.481s] -- Up-to-date: /home/ros2/ws01_plumbing/install/turtlesim/share/turtlesim/launch
[77.481s] -- Up-to-date: /home/ros2/ws01_plumbing/install/turtlesim/share/turtlesim/launch/multisim.launch.py
[77.482s] -- Up-to-date: /home/ros2/ws01_plumbing/install/turtlesim/share/ament_index/resource_index/package_run_dependencies/turtlesim
[77.483s] -- Up-to-date: /home/ros2/ws01_plumbing/install/turtlesim/share/ament_index/resource_index/parent_prefix_path/turtlesim
[77.483s] -- Up-to-date: /home/ros2/ws01_plumbing/install/turtlesim/share/turtlesim/environment/ament_prefix_path.sh
[77.483s] -- Up-to-date: /home/ros2/ws01_plumbing/install/turtlesim/share/turtlesim/environment/ament_prefix_path.dsv
[77.484s] -- Up-to-date: /home/ros2/ws01_plumbing/install/turtlesim/share/turtlesim/environment/path.sh
[77.486s] -- Up-to-date: /home/ros2/ws01_plumbing/install/turtlesim/share/turtlesim/environment/path.dsv
[77.486s] -- Up-to-date: /home/ros2/ws01_plumbing/install/turtlesim/share/turtlesim/local_setup.bash
[77.487s] -- Up-to-date: /home/ros2/ws01_plumbing/install/turtlesim/share/turtlesim/local_setup.sh
[77.488s] -- Up-to-date: /home/ros2/ws01_plumbing/install/turtlesim/share/turtlesim/local_setup.zsh
[77.489s] -- Up-to-date: /home/ros2/ws01_plumbing/install/turtlesim/share/turtlesim/local_setup.dsv
[77.490s] -- Installing: /home/ros2/ws01_plumbing/install/turtlesim/share/turtlesim/package.dsv
[77.491s] -- Up-to-date: /home/ros2/ws01_plumbing/install/turtlesim/share/ament_index/resource_index/packages/turtlesim
[77.492s] -- Up-to-date: /home/ros2/ws01_plumbing/install/turtlesim/share/turtlesim/cmake/export_turtlesim__rosidl_generator_cExport.cmake
[77.492s] -- Up-to-date: /home/ros2/ws01_plumbing/install/turtlesim/share/turtlesim/cmake/export_turtlesim__rosidl_generator_cExport-noconfig.cmake
[77.495s] -- Up-to-date: /home/ros2/ws01_plumbing/install/turtlesim/share/turtlesim/cmake/export_turtlesim__rosidl_typesupport_fastrtps_cExport.cmake
[77.496s] -- Up-to-date: /home/ros2/ws01_plumbing/install/turtlesim/share/turtlesim/cmake/export_turtlesim__rosidl_typesupport_fastrtps_cExport-noconfig.cmake
[77.496s] -- Up-to-date: /home/ros2/ws01_plumbing/install/turtlesim/share/turtlesim/cmake/export_turtlesim__rosidl_generator_cppExport.cmake
[77.496s] -- Up-to-date: /home/ros2/ws01_plumbing/install/turtlesim/share/turtlesim/cmake/export_turtlesim__rosidl_typesupport_fastrtps_cppExport.cmake
[77.496s] -- Up-to-date: /home/ros2/ws01_plumbing/install/turtlesim/share/turtlesim/cmake/export_turtlesim__rosidl_typesupport_fastrtps_cppExport-noconfig.cmake
[77.497s] -- Up-to-date: /home/ros2/ws01_plumbing/install/turtlesim/share/turtlesim/cmake/turtlesim__rosidl_typesupport_introspection_cExport.cmake
[77.497s] -- Up-to-date: /home/ros2/ws01_plumbing/install/turtlesim/share/turtlesim/cmake/turtlesim__rosidl_typesupport_introspection_cExport-noconfig.cmake
[77.497s] -- Up-to-date: /home/ros2/ws01_plumbing/install/turtlesim/share/turtlesim/cmake/turtlesim__rosidl_typesupport_cExport.cmake
[77.497s] -- Up-to-date: /home/ros2/ws01_plumbing/install/turtlesim/share/turtlesim/cmake/turtlesim__rosidl_typesupport_cExport-noconfig.cmake
[77.499s] -- Up-to-date: /home/ros2/ws01_plumbing/install/turtlesim/share/turtlesim/cmake/turtlesim__rosidl_typesupport_introspection_cppExport.cmake
[77.500s] -- Up-to-date: /home/ros2/ws01_plumbing/install/turtlesim/share/turtlesim/cmake/turtlesim__rosidl_typesupport_introspection_cppExport-noconfig.cmake
[77.500s] -- Up-to-date: /home/ros2/ws01_plumbing/install/turtlesim/share/turtlesim/cmake/turtlesim__rosidl_typesupport_cppExport.cmake
[77.501s] -- Up-to-date: /home/ros2/ws01_plumbing/install/turtlesim/share/turtlesim/cmake/turtlesim__rosidl_typesupport_cppExport-noconfig.cmake
[77.501s] -- Up-to-date: /home/ros2/ws01_plumbing/install/turtlesim/share/turtlesim/cmake/export_turtlesim__rosidl_generator_pyExport.cmake
[77.503s] -- Up-to-date: /home/ros2/ws01_plumbing/install/turtlesim/share/turtlesim/cmake/export_turtlesim__rosidl_generator_pyExport-noconfig.cmake
[77.504s] -- Up-to-date: /home/ros2/ws01_plumbing/install/turtlesim/share/turtlesim/cmake/rosidl_cmake-extras.cmake
[77.505s] -- Up-to-date: /home/ros2/ws01_plumbing/install/turtlesim/share/turtlesim/cmake/ament_cmake_export_dependencies-extras.cmake
[77.506s] -- Up-to-date: /home/ros2/ws01_plumbing/install/turtlesim/share/turtlesim/cmake/ament_cmake_export_include_directories-extras.cmake
[77.507s] -- Up-to-date: /home/ros2/ws01_plumbing/install/turtlesim/share/turtlesim/cmake/ament_cmake_export_libraries-extras.cmake
[77.507s] -- Up-to-date: /home/ros2/ws01_plumbing/install/turtlesim/share/turtlesim/cmake/ament_cmake_export_targets-extras.cmake
[77.507s] -- Up-to-date: /home/ros2/ws01_plumbing/install/turtlesim/share/turtlesim/cmake/rosidl_cmake_export_typesupport_targets-extras.cmake
[77.513s] -- Up-to-date: /home/ros2/ws01_plumbing/install/turtlesim/share/turtlesim/cmake/rosidl_cmake_export_typesupport_libraries-extras.cmake
[77.520s] -- Up-to-date: /home/ros2/ws01_plumbing/install/turtlesim/share/turtlesim/cmake/turtlesimConfig.cmake
[77.526s] -- Up-to-date: /home/ros2/ws01_plumbing/install/turtlesim/share/turtlesim/cmake/turtlesimConfig-version.cmake
[77.527s] -- Up-to-date: /home/ros2/ws01_plumbing/install/turtlesim/share/turtlesim/package.xml
[77.527s] Invoked command in '/home/ros2/ws01_plumbing/build/turtlesim' returned '0': CMAKE_PREFIX_PATH=${CMAKE_PREFIX_PATH}:/home/ros2/ws01_plumbing/install/py06_time:/home/ros2/ws01_plumbing/install/py05_names:/home/ros2/ws01_plumbing/install/py04_param:/home/ros2/ws01_plumbing/install/py03_action:/home/ros2/ws01_plumbing/install/py02_service:/home/ros2/ws01_plumbing/install/py01_topic:/opt/ros/humble /usr/bin/cmake --install /home/ros2/ws01_plumbing/build/turtlesim
