[2.641s] Invoking command in '/home/ros2/ws01_plumbing/src/py01_topic': CMAKE_PREFIX_PATH=/home/ros2/ws01_plumbing/install/base_interfaces_demo:/home/ros2/ws01_plumbing/install/cpp01_topic PYTHONPATH=/home/ros2/ws01_plumbing/install/py01_topic/lib/python3.10/site-packages:${PYTHONPATH} /usr/bin/python3 setup.py egg_info --egg-base ../../build/py01_topic build --build-base /home/ros2/ws01_plumbing/build/py01_topic/build install --prefix /home/ros2/ws01_plumbing/install/py01_topic --record /home/ros2/ws01_plumbing/build/py01_topic/install.log --single-version-externally-managed
[3.629s] running egg_info
[3.633s] writing ../../build/py01_topic/py01_topic.egg-info/PKG-INFO
[3.638s] writing dependency_links to ../../build/py01_topic/py01_topic.egg-info/dependency_links.txt
[3.640s] writing entry points to ../../build/py01_topic/py01_topic.egg-info/entry_points.txt
[3.641s] writing requirements to ../../build/py01_topic/py01_topic.egg-info/requires.txt
[3.642s] writing top-level names to ../../build/py01_topic/py01_topic.egg-info/top_level.txt
[3.651s] reading manifest file '../../build/py01_topic/py01_topic.egg-info/SOURCES.txt'
[3.653s] writing manifest file '../../build/py01_topic/py01_topic.egg-info/SOURCES.txt'
[3.655s] running build
[3.656s] running build_py
[3.659s] copying py01_topic/demo01_talker_str_py.py -> /home/ros2/ws01_plumbing/build/py01_topic/build/lib/py01_topic
[3.659s] running install
[3.660s] /usr/lib/python3/dist-packages/setuptools/command/install.py:34: SetuptoolsDeprecationWarning: setup.py install is deprecated. Use build and pip and other standards-based tools.
[3.660s]   warnings.warn(
[3.667s] running install_lib
[3.667s] copying /home/ros2/ws01_plumbing/build/py01_topic/build/lib/py01_topic/demo01_talker_str_py.py -> /home/ros2/ws01_plumbing/install/py01_topic/lib/python3.10/site-packages/py01_topic
[3.667s] byte-compiling /home/ros2/ws01_plumbing/install/py01_topic/lib/python3.10/site-packages/py01_topic/demo01_talker_str_py.py to demo01_talker_str_py.cpython-310.pyc
[3.669s] running install_data
[3.676s] running install_egg_info
[3.681s] removing '/home/ros2/ws01_plumbing/install/py01_topic/lib/python3.10/site-packages/py01_topic-0.0.0-py3.10.egg-info' (and everything under it)
[3.682s] Copying ../../build/py01_topic/py01_topic.egg-info to /home/ros2/ws01_plumbing/install/py01_topic/lib/python3.10/site-packages/py01_topic-0.0.0-py3.10.egg-info
[3.684s] running install_scripts
[3.762s] Installing demo01_talker_str_py script to /home/ros2/ws01_plumbing/install/py01_topic/lib/py01_topic
[3.765s] writing list of installed files to '/home/ros2/ws01_plumbing/build/py01_topic/install.log'
[3.900s] Invoked command in '/home/ros2/ws01_plumbing/src/py01_topic' returned '0': CMAKE_PREFIX_PATH=/home/ros2/ws01_plumbing/install/base_interfaces_demo:/home/ros2/ws01_plumbing/install/cpp01_topic PYTHONPATH=/home/ros2/ws01_plumbing/install/py01_topic/lib/python3.10/site-packages:${PYTHONPATH} /usr/bin/python3 setup.py egg_info --egg-base ../../build/py01_topic build --build-base /home/ros2/ws01_plumbing/build/py01_topic/build install --prefix /home/ros2/ws01_plumbing/install/py01_topic --record /home/ros2/ws01_plumbing/build/py01_topic/install.log --single-version-externally-managed
