[0.042s] Invoking command in '/home/ros2/ws01_plumbing/build/cpp03_action': AMENT_PREFIX_PATH=/home/ros2/ws01_plumbing/install/base_interfaces_demo:${AMENT_PREFIX_PATH} CMAKE_PREFIX_PATH=/home/ros2/ws01_plumbing/install/base_interfaces_demo:/opt/ros/humble LD_LIBRARY_PATH=/home/ros2/ws01_plumbing/install/base_interfaces_demo/lib:${LD_LIBRARY_PATH} PYTHONPATH=/home/ros2/ws01_plumbing/install/base_interfaces_demo/local/lib/python3.10/dist-packages:${PYTHONPATH} /usr/bin/cmake --build /home/ros2/ws01_plumbing/build/cpp03_action -- -j4 -l4
[0.174s] [35m[1mConsolidate compiler generated dependencies of target demo02_action_client[0m
[0.232s] [ 50%] Built target demo01_action_server
[0.238s] [ 75%] [32mBuilding CXX object CMakeFiles/demo02_action_client.dir/src/demo02_action_client.cpp.o[0m
[13.958s] [100%] [32m[1mLinking CXX executable demo02_action_client[0m
[14.399s] [100%] Built target demo02_action_client
[14.430s] Invoked command in '/home/ros2/ws01_plumbing/build/cpp03_action' returned '0': AMENT_PREFIX_PATH=/home/ros2/ws01_plumbing/install/base_interfaces_demo:${AMENT_PREFIX_PATH} CMAKE_PREFIX_PATH=/home/ros2/ws01_plumbing/install/base_interfaces_demo:/opt/ros/humble LD_LIBRARY_PATH=/home/ros2/ws01_plumbing/install/base_interfaces_demo/lib:${LD_LIBRARY_PATH} PYTHONPATH=/home/ros2/ws01_plumbing/install/base_interfaces_demo/local/lib/python3.10/dist-packages:${PYTHONPATH} /usr/bin/cmake --build /home/ros2/ws01_plumbing/build/cpp03_action -- -j4 -l4
[14.589s] Invoking command in '/home/ros2/ws01_plumbing/build/cpp03_action': AMENT_PREFIX_PATH=/home/ros2/ws01_plumbing/install/base_interfaces_demo:${AMENT_PREFIX_PATH} CMAKE_PREFIX_PATH=/home/ros2/ws01_plumbing/install/base_interfaces_demo:/opt/ros/humble LD_LIBRARY_PATH=/home/ros2/ws01_plumbing/install/base_interfaces_demo/lib:${LD_LIBRARY_PATH} PYTHONPATH=/home/ros2/ws01_plumbing/install/base_interfaces_demo/local/lib/python3.10/dist-packages:${PYTHONPATH} /usr/bin/cmake --install /home/ros2/ws01_plumbing/build/cpp03_action
[14.612s] -- Install configuration: ""
[14.613s] -- Up-to-date: /home/ros2/ws01_plumbing/install/cpp03_action/lib/cpp03_action/demo01_action_server
[14.614s] -- Installing: /home/ros2/ws01_plumbing/install/cpp03_action/lib/cpp03_action/demo02_action_client
[14.624s] -- Set runtime path of "/home/ros2/ws01_plumbing/install/cpp03_action/lib/cpp03_action/demo02_action_client" to ""
[14.625s] -- Up-to-date: /home/ros2/ws01_plumbing/install/cpp03_action/share/ament_index/resource_index/package_run_dependencies/cpp03_action
[14.626s] -- Up-to-date: /home/ros2/ws01_plumbing/install/cpp03_action/share/ament_index/resource_index/parent_prefix_path/cpp03_action
[14.626s] -- Up-to-date: /home/ros2/ws01_plumbing/install/cpp03_action/share/cpp03_action/environment/ament_prefix_path.sh
[14.627s] -- Up-to-date: /home/ros2/ws01_plumbing/install/cpp03_action/share/cpp03_action/environment/ament_prefix_path.dsv
[14.627s] -- Up-to-date: /home/ros2/ws01_plumbing/install/cpp03_action/share/cpp03_action/environment/path.sh
[14.627s] -- Up-to-date: /home/ros2/ws01_plumbing/install/cpp03_action/share/cpp03_action/environment/path.dsv
[14.627s] -- Up-to-date: /home/ros2/ws01_plumbing/install/cpp03_action/share/cpp03_action/local_setup.bash
[14.627s] -- Up-to-date: /home/ros2/ws01_plumbing/install/cpp03_action/share/cpp03_action/local_setup.sh
[14.627s] -- Up-to-date: /home/ros2/ws01_plumbing/install/cpp03_action/share/cpp03_action/local_setup.zsh
[14.628s] -- Up-to-date: /home/ros2/ws01_plumbing/install/cpp03_action/share/cpp03_action/local_setup.dsv
[14.628s] -- Installing: /home/ros2/ws01_plumbing/install/cpp03_action/share/cpp03_action/package.dsv
[14.628s] -- Up-to-date: /home/ros2/ws01_plumbing/install/cpp03_action/share/ament_index/resource_index/packages/cpp03_action
[14.628s] -- Up-to-date: /home/ros2/ws01_plumbing/install/cpp03_action/share/cpp03_action/cmake/cpp03_actionConfig.cmake
[14.629s] -- Up-to-date: /home/ros2/ws01_plumbing/install/cpp03_action/share/cpp03_action/cmake/cpp03_actionConfig-version.cmake
[14.629s] -- Up-to-date: /home/ros2/ws01_plumbing/install/cpp03_action/share/cpp03_action/package.xml
[14.635s] Invoked command in '/home/ros2/ws01_plumbing/build/cpp03_action' returned '0': AMENT_PREFIX_PATH=/home/ros2/ws01_plumbing/install/base_interfaces_demo:${AMENT_PREFIX_PATH} CMAKE_PREFIX_PATH=/home/ros2/ws01_plumbing/install/base_interfaces_demo:/opt/ros/humble LD_LIBRARY_PATH=/home/ros2/ws01_plumbing/install/base_interfaces_demo/lib:${LD_LIBRARY_PATH} PYTHONPATH=/home/ros2/ws01_plumbing/install/base_interfaces_demo/local/lib/python3.10/dist-packages:${PYTHONPATH} /usr/bin/cmake --install /home/ros2/ws01_plumbing/build/cpp03_action
