[0.038s] Invoking command in '/home/ros2/ws01_plumbing/build/cpp04_param': CMAKE_PREFIX_PATH=${CMAKE_PREFIX_PATH}:/home/ros2/ws01_plumbing/install/py04_param:/home/ros2/ws01_plumbing/install/py03_action:/home/ros2/ws01_plumbing/install/py02_service:/home/ros2/ws01_plumbing/install/py01_topic:/opt/ros/humble /usr/bin/cmake --build /home/ros2/ws01_plumbing/build/cpp04_param -- -j4 -l4
[0.196s] [35m[1mConsolidate compiler generated dependencies of target demo02_param_client[0m
[0.230s] [ 33%] Built target demo00_param
[0.232s] [ 66%] Built target demo01_param_server
[0.257s] [ 83%] [32mBuilding CXX object CMakeFiles/demo02_param_client.dir/src/demo02_param_client.cpp.o[0m
[6.602s] [01m[K/home/ros2/ws01_plumbing/src/cpp04_param/src/demo02_param_client.cpp:[m[K In constructor ‘[01m[KParamClient::ParamClient()[m[K’:
[6.602s] [01m[K/home/ros2/ws01_plumbing/src/cpp04_param/src/demo02_param_client.cpp:20:97:[m[K [01;31m[Kerror: [m[Kno match for ‘[01m[Koperator=[m[K’ (operand types are ‘[01m[Krclcpp::AsyncParametersClient::SharedPtr[m[K’ {aka ‘[01m[Kstd::shared_ptr<rclcpp::AsyncParametersClient>[m[K’} and ‘[01m[Kstd::shared_ptr<rclcpp::SyncParametersClient>[m[K’)
[6.602s]    20 |         paramClient = std::make_shared<rclcpp::SyncParametersClient>(this,"minimal_param_server"[01;31m[K)[m[K;
[6.602s]       |                                                                                                 [01;31m[K^[m[K
[6.603s] In file included from [01m[K/usr/include/c++/11/memory:77[m[K,
[6.604s]                  from [01m[K/opt/ros/humble/include/rclcpp/rclcpp/rclcpp.hpp:153[m[K,
[6.604s]                  from [01m[K/home/ros2/ws01_plumbing/src/cpp04_param/src/demo02_param_client.cpp:12[m[K:
[6.604s] [01m[K/usr/include/c++/11/bits/shared_ptr.h:363:9:[m[K [01;36m[Knote: [m[Kcandidate: ‘[01m[Ktemplate<class _Yp> std::shared_ptr<_Tp>::_Assignable<const std::shared_ptr<_Yp>&> std::shared_ptr<_Tp>::operator=(const std::shared_ptr<_Yp>&) [with _Yp = _Yp; _Tp = rclcpp::AsyncParametersClient][m[K’
[6.604s]   363 |         [01;36m[Koperator[m[K=(const shared_ptr<_Yp>& __r) noexcept
[6.604s]       |         [01;36m[K^~~~~~~~[m[K
[6.604s] [01m[K/usr/include/c++/11/bits/shared_ptr.h:363:9:[m[K [01;36m[Knote: [m[K  template argument deduction/substitution failed:
[6.604s] /usr/include/c++/11/bits/shared_ptr.h: In substitution of ‘[01m[Ktemplate<class _Tp> template<class _Arg> using _Assignable = typename std::enable_if<std::is_assignable<std::__shared_ptr<_Tp>&, _Arg>::value, std::shared_ptr<_Tp>&>::type [with _Arg = const std::shared_ptr<rclcpp::SyncParametersClient>&; _Tp = rclcpp::AsyncParametersClient][m[K’:
[6.605s] [01m[K/usr/include/c++/11/bits/shared_ptr.h:363:2:[m[K   required by substitution of ‘[01m[Ktemplate<class _Yp> std::shared_ptr<rclcpp::AsyncParametersClient>::_Assignable<const std::shared_ptr<_Tp>&> std::shared_ptr<rclcpp::AsyncParametersClient>::operator=<_Yp>(const std::shared_ptr<_Tp>&) [with _Yp = rclcpp::SyncParametersClient][m[K’
[6.605s] [01m[K/home/ros2/ws01_plumbing/src/cpp04_param/src/demo02_param_client.cpp:20:97:[m[K   required from here
[6.605s] [01m[K/usr/include/c++/11/bits/shared_ptr.h:130:15:[m[K [01;31m[Kerror: [m[Kno type named ‘[01m[Ktype[m[K’ in ‘[01m[Kstruct std::enable_if<false, std::shared_ptr<rclcpp::AsyncParametersClient>&>[m[K’
[6.605s]   130 |         using [01;31m[K_Assignable[m[K = typename enable_if<
[6.605s]       |               [01;31m[K^~~~~~~~~~~[m[K
[6.605s] [01m[K/usr/include/c++/11/bits/shared_ptr.h:374:9:[m[K [01;36m[Knote: [m[Kcandidate: ‘[01m[Ktemplate<class _Yp> std::shared_ptr<_Tp>::_Assignable<std::auto_ptr<_Up> > std::shared_ptr<_Tp>::operator=(std::auto_ptr<_Up>&&) [with _Yp = _Yp; _Tp = rclcpp::AsyncParametersClient][m[K’
[6.605s]   374 |         [01;36m[Koperator[m[K=(auto_ptr<_Yp>&& __r)
[6.606s]       |         [01;36m[K^~~~~~~~[m[K
[6.606s] [01m[K/usr/include/c++/11/bits/shared_ptr.h:374:9:[m[K [01;36m[Knote: [m[K  template argument deduction/substitution failed:
[6.606s] [01m[K/home/ros2/ws01_plumbing/src/cpp04_param/src/demo02_param_client.cpp:20:97:[m[K [01;36m[Knote: [m[K  ‘[01m[Kstd::shared_ptr<rclcpp::SyncParametersClient>[m[K’ is not derived from ‘[01m[Kstd::auto_ptr<_Up>[m[K’
[6.606s]    20 |         paramClient = std::make_shared<rclcpp::SyncParametersClient>(this,"minimal_param_server"[01;36m[K)[m[K;
[6.606s]       |                                                                                                 [01;36m[K^[m[K
[6.607s] In file included from [01m[K/usr/include/c++/11/memory:77[m[K,
[6.607s]                  from [01m[K/opt/ros/humble/include/rclcpp/rclcpp/rclcpp.hpp:153[m[K,
[6.607s]                  from [01m[K/home/ros2/ws01_plumbing/src/cpp04_param/src/demo02_param_client.cpp:12[m[K:
[6.607s] [01m[K/usr/include/c++/11/bits/shared_ptr.h:391:9:[m[K [01;36m[Knote: [m[Kcandidate: ‘[01m[Ktemplate<class _Yp> std::shared_ptr<_Tp>::_Assignable<std::shared_ptr<_Yp> > std::shared_ptr<_Tp>::operator=(std::shared_ptr<_Yp>&&) [with _Yp = _Yp; _Tp = rclcpp::AsyncParametersClient][m[K’
[6.607s]   391 |         [01;36m[Koperator[m[K=(shared_ptr<_Yp>&& __r) noexcept
[6.607s]       |         [01;36m[K^~~~~~~~[m[K
[6.608s] [01m[K/usr/include/c++/11/bits/shared_ptr.h:391:9:[m[K [01;36m[Knote: [m[K  template argument deduction/substitution failed:
[6.608s] /usr/include/c++/11/bits/shared_ptr.h: In substitution of ‘[01m[Ktemplate<class _Tp> template<class _Arg> using _Assignable = typename std::enable_if<std::is_assignable<std::__shared_ptr<_Tp>&, _Arg>::value, std::shared_ptr<_Tp>&>::type [with _Arg = std::shared_ptr<rclcpp::SyncParametersClient>; _Tp = rclcpp::AsyncParametersClient][m[K’:
[6.608s] [01m[K/usr/include/c++/11/bits/shared_ptr.h:391:2:[m[K   required by substitution of ‘[01m[Ktemplate<class _Yp> std::shared_ptr<rclcpp::AsyncParametersClient>::_Assignable<std::shared_ptr<_Tp> > std::shared_ptr<rclcpp::AsyncParametersClient>::operator=<_Yp>(std::shared_ptr<_Tp>&&) [with _Yp = rclcpp::SyncParametersClient][m[K’
[6.608s] [01m[K/home/ros2/ws01_plumbing/src/cpp04_param/src/demo02_param_client.cpp:20:97:[m[K   required from here
[6.608s] [01m[K/usr/include/c++/11/bits/shared_ptr.h:130:15:[m[K [01;31m[Kerror: [m[Kno type named ‘[01m[Ktype[m[K’ in ‘[01m[Kstruct std::enable_if<false, std::shared_ptr<rclcpp::AsyncParametersClient>&>[m[K’
[6.609s]   130 |         using [01;31m[K_Assignable[m[K = typename enable_if<
[6.612s]       |               [01;31m[K^~~~~~~~~~~[m[K
[6.612s] [01m[K/usr/include/c++/11/bits/shared_ptr.h:399:9:[m[K [01;36m[Knote: [m[Kcandidate: ‘[01m[Ktemplate<class _Yp, class _Del> std::shared_ptr<_Tp>::_Assignable<std::unique_ptr<_Up, _Ep> > std::shared_ptr<_Tp>::operator=(std::unique_ptr<_Up, _Ep>&&) [with _Yp = _Yp; _Del = _Del; _Tp = rclcpp::AsyncParametersClient][m[K’
[6.612s]   399 |         [01;36m[Koperator[m[K=(unique_ptr<_Yp, _Del>&& __r)
[6.612s]       |         [01;36m[K^~~~~~~~[m[K
[6.613s] [01m[K/usr/include/c++/11/bits/shared_ptr.h:399:9:[m[K [01;36m[Knote: [m[K  template argument deduction/substitution failed:
[6.613s] [01m[K/home/ros2/ws01_plumbing/src/cpp04_param/src/demo02_param_client.cpp:20:97:[m[K [01;36m[Knote: [m[K  ‘[01m[Kstd::shared_ptr<rclcpp::SyncParametersClient>[m[K’ is not derived from ‘[01m[Kstd::unique_ptr<_Tp, _Dp>[m[K’
[6.613s]    20 |         paramClient = std::make_shared<rclcpp::SyncParametersClient>(this,"minimal_param_server"[01;36m[K)[m[K;
[6.613s]       |                                                                                                 [01;36m[K^[m[K
[6.613s] In file included from [01m[K/usr/include/c++/11/memory:77[m[K,
[6.613s]                  from [01m[K/opt/ros/humble/include/rclcpp/rclcpp/rclcpp.hpp:153[m[K,
[6.614s]                  from [01m[K/home/ros2/ws01_plumbing/src/cpp04_param/src/demo02_param_client.cpp:12[m[K:
[6.614s] [01m[K/usr/include/c++/11/bits/shared_ptr.h:359:19:[m[K [01;36m[Knote: [m[Kcandidate: ‘[01m[Kstd::shared_ptr<_Tp>& std::shared_ptr<_Tp>::operator=(const std::shared_ptr<_Tp>&) [with _Tp = rclcpp::AsyncParametersClient][m[K’
[6.614s]   359 |       shared_ptr& [01;36m[Koperator[m[K=(const shared_ptr&) noexcept = default;
[6.614s]       |                   [01;36m[K^~~~~~~~[m[K
[6.614s] [01m[K/usr/include/c++/11/bits/shared_ptr.h:359:29:[m[K [01;36m[Knote: [m[K  no known conversion for argument 1 from ‘[01m[Kstd::shared_ptr<rclcpp::SyncParametersClient>[m[K’ to ‘[01m[Kconst std::shared_ptr<rclcpp::AsyncParametersClient>&[m[K’
[6.614s]   359 |       shared_ptr& operator=([01;36m[Kconst shared_ptr&[m[K) noexcept = default;
[6.614s]       |                             [01;36m[K^~~~~~~~~~~~~~~~~[m[K
[6.615s] [01m[K/usr/include/c++/11/bits/shared_ptr.h:383:7:[m[K [01;36m[Knote: [m[Kcandidate: ‘[01m[Kstd::shared_ptr<_Tp>& std::shared_ptr<_Tp>::operator=(std::shared_ptr<_Tp>&&) [with _Tp = rclcpp::AsyncParametersClient][m[K’
[6.615s]   383 |       [01;36m[Koperator[m[K=(shared_ptr&& __r) noexcept
[6.616s]       |       [01;36m[K^~~~~~~~[m[K
[6.616s] [01m[K/usr/include/c++/11/bits/shared_ptr.h:383:30:[m[K [01;36m[Knote: [m[K  no known conversion for argument 1 from ‘[01m[Kstd::shared_ptr<rclcpp::SyncParametersClient>[m[K’ to ‘[01m[Kstd::shared_ptr<rclcpp::AsyncParametersClient>&&[m[K’
[6.616s]   383 |       operator=([01;36m[Kshared_ptr&& __r[m[K) noexcept
[6.616s]       |                 [01;36m[K~~~~~~~~~~~~~^~~[m[K
[7.846s] gmake[2]: *** [CMakeFiles/demo02_param_client.dir/build.make:76：CMakeFiles/demo02_param_client.dir/src/demo02_param_client.cpp.o] 错误 1
[7.846s] gmake[1]: *** [CMakeFiles/Makefile2:193：CMakeFiles/demo02_param_client.dir/all] 错误 2
[7.848s] gmake: *** [Makefile:146：all] 错误 2
[7.857s] Invoked command in '/home/ros2/ws01_plumbing/build/cpp04_param' returned '2': CMAKE_PREFIX_PATH=${CMAKE_PREFIX_PATH}:/home/ros2/ws01_plumbing/install/py04_param:/home/ros2/ws01_plumbing/install/py03_action:/home/ros2/ws01_plumbing/install/py02_service:/home/ros2/ws01_plumbing/install/py01_topic:/opt/ros/humble /usr/bin/cmake --build /home/ros2/ws01_plumbing/build/cpp04_param -- -j4 -l4
